<?xml version="1.0" encoding="UTF-8"?>
<!-- Generated by org.testng.reporters.JUnitXMLReporter -->
<testsuite hostname="shanky-Lenovo-B40-70" name="Mobikwik Automation Tests" tests="2" failures="2" timestamp="11 May 2015 11:17:29 GMT" time="133.487" errors="0">
  <testcase name="verifySavedConnectionsFeatures" time="43.303" classname="IntegrationTests.Tests.Payments.SavedConnectionsTest">
    <failure type="org.openqa.selenium.NoSuchElementException" message="An element could not be located on the page using the given search parameters. (WARNING: The server did not provide any stacktrace information)
Command duration or timeout: 26.99 seconds
For documentation on this error, please visit: http://seleniumhq.org/exceptions/no_such_element.html
Build info: version: &amp;apos;2.45.0&amp;apos;, revision: &amp;apos;32a636c&amp;apos;, time: &amp;apos;2015-03-05 22:01:35&amp;apos;
System info: host: &amp;apos;shanky-Lenovo-B40-70&amp;apos;, ip: &amp;apos;127.0.1.1&amp;apos;, os.name: &amp;apos;Linux&amp;apos;, os.arch: &amp;apos;amd64&amp;apos;, os.version: &amp;apos;3.11.0-26-generic&amp;apos;, java.version: &amp;apos;1.8.0_45&amp;apos;
Driver info: io.appium.java_client.android.AndroidDriver
Capabilities [{app=/home/shanky/tests/AutomationTests/UIAutomation/src/app/Mobikwik_beta.apk, networkConnectionEnabled=true, warnings={}, app-package=com.mobikwik_new, app-activity=.MobikwikMain, databaseEnabled=false, deviceName=Android Emulator, platform=LINUX, app-wait-activity=.MobikwikMain, desired={app=/home/shanky/tests/AutomationTests/UIAutomation/src/app/Mobikwik_beta.apk, app-wait-activity=.MobikwikMain, app-package=com.mobikwik_new, app-activity=.MobikwikMain, platformName=Android, deviceName=Android Emulator}, platformVersion=4.1, webStorageEnabled=false, locationContextEnabled=false, browserName=Android, takesScreenshot=true, javascriptEnabled=true, platformName=Android}]
Session ID: 1d4c4b9e-4227-4e9f-b5b8-32fa33728a0d
*** Element info: {Using=-android uiautomator, value=new UiScrollable(new UiSelector().scrollable(true).instance(0)).scrollIntoView(new UiSelector().description(&amp;quot;123&amp;quot;).instance(0));new UiScrollable(new UiSelector().scrollable(true).instance(0)).scrollIntoView(new UiSelector().text(&amp;quot;123&amp;quot;).instance(0));}
For documentation on this error, please visit: http://seleniumhq.org/exceptions/no_such_element.html
Build info: version: &amp;apos;2.45.0&amp;apos;, revision: &amp;apos;32a636c&amp;apos;, time: &amp;apos;2015-03-05 22:01:35&amp;apos;
System info: host: &amp;apos;shanky-Lenovo-B40-70&amp;apos;, ip: &amp;apos;127.0.1.1&amp;apos;, os.name: &amp;apos;Linux&amp;apos;, os.arch: &amp;apos;amd64&amp;apos;, os.version: &amp;apos;3.11.0-26-generic&amp;apos;, java.version: &amp;apos;1.8.0_45&amp;apos;
Driver info: driver.version: unknown">
      <![CDATA[org.openqa.selenium.NoSuchElementException: An element could not be located on the page using the given search parameters. (WARNING: The server did not provide any stacktrace information)
Command duration or timeout: 26.99 seconds
For documentation on this error, please visit: http://seleniumhq.org/exceptions/no_such_element.html
Build info: version: '2.45.0', revision: '32a636c', time: '2015-03-05 22:01:35'
System info: host: 'shanky-Lenovo-B40-70', ip: '127.0.1.1', os.name: 'Linux', os.arch: 'amd64', os.version: '3.11.0-26-generic', java.version: '1.8.0_45'
Driver info: io.appium.java_client.android.AndroidDriver
Capabilities [{app=/home/shanky/tests/AutomationTests/UIAutomation/src/app/Mobikwik_beta.apk, networkConnectionEnabled=true, warnings={}, app-package=com.mobikwik_new, app-activity=.MobikwikMain, databaseEnabled=false, deviceName=Android Emulator, platform=LINUX, app-wait-activity=.MobikwikMain, desired={app=/home/shanky/tests/AutomationTests/UIAutomation/src/app/Mobikwik_beta.apk, app-wait-activity=.MobikwikMain, app-package=com.mobikwik_new, app-activity=.MobikwikMain, platformName=Android, deviceName=Android Emulator}, platformVersion=4.1, webStorageEnabled=false, locationContextEnabled=false, browserName=Android, takesScreenshot=true, javascriptEnabled=true, platformName=Android}]
Session ID: 1d4c4b9e-4227-4e9f-b5b8-32fa33728a0d
*** Element info: {Using=-android uiautomator, value=new UiScrollable(new UiSelector().scrollable(true).instance(0)).scrollIntoView(new UiSelector().description("123").instance(0));new UiScrollable(new UiSelector().scrollable(true).instance(0)).scrollIntoView(new UiSelector().text("123").instance(0));}
For documentation on this error, please visit: http://seleniumhq.org/exceptions/no_such_element.html
Build info: version: '2.45.0', revision: '32a636c', time: '2015-03-05 22:01:35'
System info: host: 'shanky-Lenovo-B40-70', ip: '127.0.1.1', os.name: 'Linux', os.arch: 'amd64', os.version: '3.11.0-26-generic', java.version: '1.8.0_45'
Driver info: driver.version: unknown
	at UITestFramework.MobiKwikScreen.scrollTo(MobiKwikScreen.java:348)
	at IntegrationTests.Payments.helpers.android.AndroidHomeHelper.savedConnectionsScreen(AndroidHomeHelper.java:53)
	at IntegrationTests.Tests.Payments.SavedConnectionsTest.verifySavedConnectionsFeatures(SavedConnectionsTest.java:67)
... Removed 24 stack frames]]>
    </failure>
  </testcase> <!-- verifySavedConnectionsFeatures -->
  <testcase name="verifySavedConnectionsFeatures" time="66.531" classname="IntegrationTests.Tests.Payments.SavedConnectionsTest">
    <failure type="org.openqa.selenium.NoSuchElementException" message="An element could not be located on the page using the given search parameters. (WARNING: The server did not provide any stacktrace information)
Command duration or timeout: 25.21 seconds
For documentation on this error, please visit: http://seleniumhq.org/exceptions/no_such_element.html
Build info: version: &amp;apos;2.45.0&amp;apos;, revision: &amp;apos;32a636c&amp;apos;, time: &amp;apos;2015-03-05 22:01:35&amp;apos;
System info: host: &amp;apos;shanky-Lenovo-B40-70&amp;apos;, ip: &amp;apos;127.0.1.1&amp;apos;, os.name: &amp;apos;Linux&amp;apos;, os.arch: &amp;apos;amd64&amp;apos;, os.version: &amp;apos;3.11.0-26-generic&amp;apos;, java.version: &amp;apos;1.8.0_45&amp;apos;
Driver info: io.appium.java_client.android.AndroidDriver
Capabilities [{app=/home/shanky/tests/AutomationTests/UIAutomation/src/app/Mobikwik_beta.apk, networkConnectionEnabled=true, warnings={}, app-package=com.mobikwik_new, app-activity=.MobikwikMain, databaseEnabled=false, deviceName=Android Emulator, platform=LINUX, app-wait-activity=.MobikwikMain, desired={app=/home/shanky/tests/AutomationTests/UIAutomation/src/app/Mobikwik_beta.apk, app-wait-activity=.MobikwikMain, app-package=com.mobikwik_new, app-activity=.MobikwikMain, platformName=Android, deviceName=Android Emulator}, platformVersion=4.1, webStorageEnabled=false, locationContextEnabled=false, browserName=Android, takesScreenshot=true, javascriptEnabled=true, platformName=Android}]
Session ID: 75715969-154d-48de-900e-cba682e8389a
*** Element info: {Using=-android uiautomator, value=new UiScrollable(new UiSelector().scrollable(true).instance(0)).scrollIntoView(new UiSelector().description(&amp;quot;123&amp;quot;).instance(0));new UiScrollable(new UiSelector().scrollable(true).instance(0)).scrollIntoView(new UiSelector().text(&amp;quot;123&amp;quot;).instance(0));}
For documentation on this error, please visit: http://seleniumhq.org/exceptions/no_such_element.html
Build info: version: &amp;apos;2.45.0&amp;apos;, revision: &amp;apos;32a636c&amp;apos;, time: &amp;apos;2015-03-05 22:01:35&amp;apos;
System info: host: &amp;apos;shanky-Lenovo-B40-70&amp;apos;, ip: &amp;apos;127.0.1.1&amp;apos;, os.name: &amp;apos;Linux&amp;apos;, os.arch: &amp;apos;amd64&amp;apos;, os.version: &amp;apos;3.11.0-26-generic&amp;apos;, java.version: &amp;apos;1.8.0_45&amp;apos;
Driver info: driver.version: unknown">
      <![CDATA[org.openqa.selenium.NoSuchElementException: An element could not be located on the page using the given search parameters. (WARNING: The server did not provide any stacktrace information)
Command duration or timeout: 25.21 seconds
For documentation on this error, please visit: http://seleniumhq.org/exceptions/no_such_element.html
Build info: version: '2.45.0', revision: '32a636c', time: '2015-03-05 22:01:35'
System info: host: 'shanky-Lenovo-B40-70', ip: '127.0.1.1', os.name: 'Linux', os.arch: 'amd64', os.version: '3.11.0-26-generic', java.version: '1.8.0_45'
Driver info: io.appium.java_client.android.AndroidDriver
Capabilities [{app=/home/shanky/tests/AutomationTests/UIAutomation/src/app/Mobikwik_beta.apk, networkConnectionEnabled=true, warnings={}, app-package=com.mobikwik_new, app-activity=.MobikwikMain, databaseEnabled=false, deviceName=Android Emulator, platform=LINUX, app-wait-activity=.MobikwikMain, desired={app=/home/shanky/tests/AutomationTests/UIAutomation/src/app/Mobikwik_beta.apk, app-wait-activity=.MobikwikMain, app-package=com.mobikwik_new, app-activity=.MobikwikMain, platformName=Android, deviceName=Android Emulator}, platformVersion=4.1, webStorageEnabled=false, locationContextEnabled=false, browserName=Android, takesScreenshot=true, javascriptEnabled=true, platformName=Android}]
Session ID: 75715969-154d-48de-900e-cba682e8389a
*** Element info: {Using=-android uiautomator, value=new UiScrollable(new UiSelector().scrollable(true).instance(0)).scrollIntoView(new UiSelector().description("123").instance(0));new UiScrollable(new UiSelector().scrollable(true).instance(0)).scrollIntoView(new UiSelector().text("123").instance(0));}
For documentation on this error, please visit: http://seleniumhq.org/exceptions/no_such_element.html
Build info: version: '2.45.0', revision: '32a636c', time: '2015-03-05 22:01:35'
System info: host: 'shanky-Lenovo-B40-70', ip: '127.0.1.1', os.name: 'Linux', os.arch: 'amd64', os.version: '3.11.0-26-generic', java.version: '1.8.0_45'
Driver info: driver.version: unknown
	at UITestFramework.MobiKwikScreen.scrollTo(MobiKwikScreen.java:348)
	at IntegrationTests.Payments.helpers.android.AndroidHomeHelper.savedConnectionsScreen(AndroidHomeHelper.java:53)
	at IntegrationTests.Tests.Payments.SavedConnectionsTest.verifySavedConnectionsFeatures(SavedConnectionsTest.java:67)
... Removed 24 stack frames]]>
    </failure>
  </testcase> <!-- verifySavedConnectionsFeatures -->
</testsuite> <!-- Mobikwik Automation Tests -->
