<!DOCTYPE html PUBLIC "-//W3C//DTD XHTML 1.1//EN" "http://www.w3.org/TR/xhtml11/DTD/xhtml11.dtd">
<html xmlns="http://www.w3.org/1999/xhtml"><head><title>TestNG Report</title><style type="text/css">table {margin-bottom:10px;border-collapse:collapse;empty-cells:show}th,td {border:1px solid #009;padding:.25em .5em}th {vertical-align:bottom}td {vertical-align:top}table a {font-weight:bold}.stripe td {background-color: #E6EBF9}.num {text-align:right}.passedodd td {background-color: #3F3}.passedeven td {background-color: #0A0}.skippedodd td {background-color: #DDD}.skippedeven td {background-color: #CCC}.failedodd td,.attn {background-color: #F33}.failedeven td,.stripe .attn {background-color: #D00}.stacktrace {white-space:pre;font-family:monospace}.totop {font-size:85%;text-align:center;border-bottom:2px solid #000}</style></head><body><table><tr><th>Test</th><th># Passed</th><th># Skipped</th><th># Failed</th><th>Time (ms)</th><th>Included Groups</th><th>Excluded Groups</th></tr><tr><th colspan="7">Appium-Framework</th></tr><tr><td><a href="#t0">Mobikwik Automation Tests</a></td><td class="num">0</td><td class="num attn">3</td><td class="num">0</td><td class="num">515</td><td>appiumStart, appiumStop, setUp, sanity, instantiateHelpers, tearDown</td><td></td></tr></table><table><thead><tr><th>Class</th><th>Method</th><th>Start</th><th>Time (ms)</th></tr></thead><tbody><tr><th colspan="4">Appium-Framework</th></tr></tbody><tbody id="t0"><tr><th colspan="4">Mobikwik Automation Tests &#8212; failed (configuration methods)</th></tr><tr class="failedeven"><td rowspan="1">IntegrationTests.tests.payments.InvalidLoginTest</td><td><a href="#m0">teardown</a></td><td rowspan="1">1429336623276</td><td rowspan="1">0</td></tr><tr class="failedodd"><td rowspan="1">IntegrationTests.tests.payments.LoginTest</td><td><a href="#m1">teardown</a></td><td rowspan="1">1429336623275</td><td rowspan="1">0</td></tr><tr class="failedeven"><td rowspan="2">IntegrationTests.tests.payments.SavedConnectionsTest</td><td><a href="#m2">createDriver</a></td><td rowspan="1">1429336622781</td><td rowspan="1">0</td></tr><tr class="failedeven"><td><a href="#m3">teardown</a></td><td rowspan="1">1429336623273</td><td rowspan="1">0</td></tr><tr><th colspan="4">Mobikwik Automation Tests &#8212; skipped (configuration methods)</th></tr><tr class="skippedeven"><td rowspan="2">IntegrationTests.tests.payments.InvalidLoginTest</td><td><a href="#m4">createDriver</a></td><td rowspan="1">1429336623276</td><td rowspan="1">0</td></tr><tr class="skippedeven"><td><a href="#m5">instantiateHelpers</a></td><td rowspan="1">1429336623276</td><td rowspan="1">0</td></tr><tr class="skippedodd"><td rowspan="2">IntegrationTests.tests.payments.LoginTest</td><td><a href="#m6">createDriver</a></td><td rowspan="1">1429336623275</td><td rowspan="1">0</td></tr><tr class="skippedodd"><td><a href="#m7">instantiateHelpers</a></td><td rowspan="1">1429336623275</td><td rowspan="1">0</td></tr><tr class="skippedeven"><td rowspan="1">IntegrationTests.tests.payments.SavedConnectionsTest</td><td><a href="#m8">instantiateHelpers</a></td><td rowspan="1">1429336623273</td><td rowspan="1">0</td></tr><tr><th colspan="4">Mobikwik Automation Tests &#8212; skipped</th></tr><tr class="skippedeven"><td rowspan="1">IntegrationTests.tests.payments.InvalidLoginTest</td><td><a href="#m9">verifyInvalidLoginTest</a></td><td rowspan="1">1429336623276</td><td rowspan="1">0</td></tr><tr class="skippedodd"><td rowspan="1">IntegrationTests.tests.payments.LoginTest</td><td><a href="#m10">verifyLoginLogoutTest</a></td><td rowspan="1">1429336623275</td><td rowspan="1">0</td></tr><tr class="skippedeven"><td rowspan="1">IntegrationTests.tests.payments.SavedConnectionsTest</td><td><a href="#m11">verifySavedConnectionsFeatures</a></td><td rowspan="1">1429336623273</td><td rowspan="1">0</td></tr></tbody></table><h2>Mobikwik Automation Tests</h2><h3 id="m0">IntegrationTests.tests.payments.InvalidLoginTest#teardown</h3><table class="result"><tr><th>Exception</th></tr><tr><td><div class="stacktrace">java.lang.NullPointerException
	at UITestFramework.CreateSession.teardown(Unknown Source)
... Removed 25 stack frames</div></td></tr></table><p class="totop"><a href="#summary">back to summary</a></p><h3 id="m1">IntegrationTests.tests.payments.LoginTest#teardown</h3><table class="result"><tr><th>Exception</th></tr><tr><td><div class="stacktrace">java.lang.NullPointerException
	at UITestFramework.CreateSession.teardown(Unknown Source)
... Removed 25 stack frames</div></td></tr></table><p class="totop"><a href="#summary">back to summary</a></p><h3 id="m2">IntegrationTests.tests.payments.SavedConnectionsTest#createDriver</h3><table class="result"><tr class="param"><th>Parameter #1</th></tr><tr class="param stripe"><td>android</td></tr><tr><th>Exception</th></tr><tr><td><div class="stacktrace">org.openqa.selenium.remote.UnreachableBrowserException: Could not start a new session. Possible causes are invalid address of the remote server or browser start-up failure.
Build info: version: &apos;2.43.1&apos;, revision: &apos;5163bce&apos;, time: &apos;2014-09-10 16:27:58&apos;
System info: host: &apos;shanky-Lenovo-B40-70&apos;, ip: &apos;127.0.1.1&apos;, os.name: &apos;Linux&apos;, os.arch: &apos;amd64&apos;, os.version: &apos;3.11.0-26-generic&apos;, java.version: &apos;1.8.0_45&apos;
Driver info: driver.version: AndroidDriver
	at org.openqa.selenium.remote.RemoteWebDriver.execute(RemoteWebDriver.java:593)
	at io.appium.java_client.AppiumDriver.execute(AppiumDriver.java:180)
	at org.openqa.selenium.remote.RemoteWebDriver.startSession(RemoteWebDriver.java:240)
	at org.openqa.selenium.remote.RemoteWebDriver.&lt;init&gt;(RemoteWebDriver.java:126)
	at org.openqa.selenium.remote.RemoteWebDriver.&lt;init&gt;(RemoteWebDriver.java:153)
	at io.appium.java_client.AppiumDriver.&lt;init&gt;(AppiumDriver.java:109)
	at io.appium.java_client.android.AndroidDriver.&lt;init&gt;(AndroidDriver.java:39)
	at UITestFramework.CreateSession.androidDriver(Unknown Source)
	at UITestFramework.CreateSession.createDriver(Unknown Source)
Caused by: org.apache.http.conn.HttpHostConnectException: Connect to localhost:4723 [localhost/127.0.0.1] failed: Connection refused
	at org.apache.http.impl.conn.HttpClientConnectionOperator.connect(HttpClientConnectionOperator.java:140)
	at org.apache.http.impl.conn.PoolingHttpClientConnectionManager.connect(PoolingHttpClientConnectionManager.java:314)
	at org.apache.http.impl.execchain.MainClientExec.establishRoute(MainClientExec.java:363)
	at org.apache.http.impl.execchain.MainClientExec.execute(MainClientExec.java:219)
	at org.apache.http.impl.execchain.ProtocolExec.execute(ProtocolExec.java:195)
	at org.apache.http.impl.execchain.RetryExec.execute(RetryExec.java:86)
	at org.apache.http.impl.execchain.RedirectExec.execute(RedirectExec.java:108)
	at org.apache.http.impl.client.InternalHttpClient.doExecute(InternalHttpClient.java:186)
	at org.apache.http.impl.client.CloseableHttpClient.execute(CloseableHttpClient.java:72)
	at org.apache.http.impl.client.CloseableHttpClient.execute(CloseableHttpClient.java:57)
	at org.openqa.selenium.remote.HttpCommandExecutor.fallBackExecute(HttpCommandExecutor.java:215)
	at org.openqa.selenium.remote.HttpCommandExecutor.execute(HttpCommandExecutor.java:184)
	at org.openqa.selenium.remote.RemoteWebDriver.execute(RemoteWebDriver.java:572)
	... 33 more
Caused by: java.net.ConnectException: Connection refused
	at java.net.PlainSocketImpl.socketConnect(Native Method)
	at java.net.AbstractPlainSocketImpl.doConnect(AbstractPlainSocketImpl.java:345)
	at java.net.AbstractPlainSocketImpl.connectToAddress(AbstractPlainSocketImpl.java:206)
	at java.net.AbstractPlainSocketImpl.connect(AbstractPlainSocketImpl.java:188)
	at java.net.SocksSocketImpl.connect(SocksSocketImpl.java:392)
	at java.net.Socket.connect(Socket.java:589)
	at org.apache.http.conn.socket.PlainConnectionSocketFactory.connectSocket(PlainConnectionSocketFactory.java:72)
	at org.apache.http.impl.conn.HttpClientConnectionOperator.connect(HttpClientConnectionOperator.java:117)
	... 45 more
... Removed 25 stack frames</div></td></tr></table><p class="totop"><a href="#summary">back to summary</a></p><h3 id="m3">IntegrationTests.tests.payments.SavedConnectionsTest#teardown</h3><table class="result"><tr><th>Exception</th></tr><tr><td><div class="stacktrace">java.lang.NullPointerException
	at UITestFramework.CreateSession.teardown(Unknown Source)
... Removed 25 stack frames</div></td></tr></table><p class="totop"><a href="#summary">back to summary</a></p><h3 id="m4">IntegrationTests.tests.payments.InvalidLoginTest#createDriver</h3><table class="result"></table><p class="totop"><a href="#summary">back to summary</a></p><h3 id="m5">IntegrationTests.tests.payments.InvalidLoginTest#instantiateHelpers</h3><table class="result"></table><p class="totop"><a href="#summary">back to summary</a></p><h3 id="m6">IntegrationTests.tests.payments.LoginTest#createDriver</h3><table class="result"></table><p class="totop"><a href="#summary">back to summary</a></p><h3 id="m7">IntegrationTests.tests.payments.LoginTest#instantiateHelpers</h3><table class="result"></table><p class="totop"><a href="#summary">back to summary</a></p><h3 id="m8">IntegrationTests.tests.payments.SavedConnectionsTest#instantiateHelpers</h3><table class="result"></table><p class="totop"><a href="#summary">back to summary</a></p><h3 id="m9">IntegrationTests.tests.payments.InvalidLoginTest#verifyInvalidLoginTest</h3><table class="result"></table><p class="totop"><a href="#summary">back to summary</a></p><h3 id="m10">IntegrationTests.tests.payments.LoginTest#verifyLoginLogoutTest</h3><table class="result"></table><p class="totop"><a href="#summary">back to summary</a></p><h3 id="m11">IntegrationTests.tests.payments.SavedConnectionsTest#verifySavedConnectionsFeatures</h3><table class="result"></table><p class="totop"><a href="#summary">back to summary</a></p></body></html>