<?xml version="1.0" encoding="UTF-8"?>
<!-- Generated by org.testng.reporters.JUnitReportReporter -->
<testsuite hostname="shanky-Lenovo-B40-70" name="IntegrationTests.tests.payments.LoginTest" tests="2" failures="1" timestamp="22 Apr 2015 05:00:53 GMT" time="148.860" errors="0">
  <testcase name="verifyLoginLogoutTest" time="60.035" classname="IntegrationTests.tests.payments.LoginTest"/>
  <testcase name="verifyInvalidLoginTest" time="88.825" classname="IntegrationTests.tests.payments.LoginTest">
    <failure type="org.openqa.selenium.TimeoutException" message="Build info: version: &#039;2.43.1&#039;, revision: &#039;5163bce&#039;, time: &#039;2014-09-10 16:27:58&#039;
System info: host: &#039;shanky-Lenovo-B40-70&#039;, ip: &#039;127.0.1.1&#039;, os.name: &#039;Linux&#039;, os.arch: &#039;amd64&#039;, os.version: &#039;3.11.0-26-generic&#039;, java.version: &#039;1.8.0_45&#039;
Driver info: driver.version: unknown">
      <![CDATA[org.openqa.selenium.TimeoutException: Build info: version: '2.43.1', revision: '5163bce', time: '2014-09-10 16:27:58'
System info: host: 'shanky-Lenovo-B40-70', ip: '127.0.1.1', os.name: 'Linux', os.arch: 'amd64', os.version: '3.11.0-26-generic', java.version: '1.8.0_45'
Driver info: driver.version: unknown
	at UITestFramework.MobiKwikScreen.waitForVisibility(Unknown Source)
	at IntegrationTests.helpers.android.payments.AndroidLoginHelper.mbEmailId(Unknown Source)
	at IntegrationTests.tests.payments.LoginTest.verifyInvalidLoginTest(Unknown Source)
	at sun.reflect.NativeMethodAccessorImpl.invoke0(Native Method)
	at sun.reflect.NativeMethodAccessorImpl.invoke(NativeMethodAccessorImpl.java:62)
	at sun.reflect.DelegatingMethodAccessorImpl.invoke(DelegatingMethodAccessorImpl.java:43)
	at java.lang.reflect.Method.invoke(Method.java:497)
	at org.testng.internal.MethodInvocationHelper.invokeMethod(MethodInvocationHelper.java:84)
	at org.testng.internal.Invoker.invokeMethod(Invoker.java:714)
	at org.testng.internal.Invoker.invokeTestMethod(Invoker.java:901)
	at org.testng.internal.Invoker.invokeTestMethods(Invoker.java:1231)
	at org.testng.internal.TestMethodWorker.invokeTestMethods(TestMethodWorker.java:127)
	at org.testng.internal.TestMethodWorker.run(TestMethodWorker.java:111)
	at org.testng.TestRunner.privateRun(TestRunner.java:767)
	at org.testng.TestRunner.run(TestRunner.java:617)
	at org.testng.SuiteRunner.runTest(SuiteRunner.java:334)
	at org.testng.SuiteRunner.runSequentially(SuiteRunner.java:329)
	at org.testng.SuiteRunner.privateRun(SuiteRunner.java:291)
	at org.testng.SuiteRunner.run(SuiteRunner.java:240)
	at org.testng.SuiteRunnerWorker.runSuite(SuiteRunnerWorker.java:52)
	at org.testng.SuiteRunnerWorker.run(SuiteRunnerWorker.java:86)
	at org.testng.TestNG.runSuitesSequentially(TestNG.java:1224)
	at org.testng.TestNG.runSuitesLocally(TestNG.java:1149)
	at org.testng.TestNG.run(TestNG.java:1057)
	at org.testng.TestNG.privateMain(TestNG.java:1364)
	at org.testng.TestNG.main(TestNG.java:1333)
]]>
    </failure>
  </testcase> <!-- verifyInvalidLoginTest -->
</testsuite> <!-- IntegrationTests.tests.payments.LoginTest -->
