<?xml version="1.0" encoding="UTF-8"?>
<!-- Generated by org.testng.reporters.JUnitXMLReporter -->
<testsuite hostname="shanky-Lenovo-B40-70" name="Mobikwik Automation Tests" tests="127" failures="0" timestamp="7 Jul 2015 16:30:36 GMT" time="0.424" errors="0">
  <testcase name="@BeforeMethod createDriver" time="0.0" classname="IntegrationTests.Tests.Payments.PaybackTest">
    <failure type="org.testng.TestNGException" message="
Parameter &amp;apos;browserName&amp;apos; is required by @Configuration on method createDriver but has not been marked @Optional or defined
in /home/shanky/tests/AutomationTests/UIAutomation/TestNg/Payments/testng_android_payments.xml">
      <![CDATA[org.testng.TestNGException: 
Parameter 'browserName' is required by @Configuration on method createDriver but has not been marked @Optional or defined
in /home/shanky/tests/AutomationTests/UIAutomation/TestNg/Payments/testng_android_payments.xml
... Removed 23 stack frames]]>
    </failure>
  </testcase> <!-- @BeforeMethod createDriver -->
  <testcase name="@BeforeMethod instantiateHelpers" time="0.0" classname="IntegrationTests.Tests.Payments.PaybackTest">
    <skipped/>
  </testcase> <!-- @BeforeMethod instantiateHelpers -->
  <testcase name="@AfterMethod teardown" time="0.0" classname="IntegrationTests.Tests.Payments.PaybackTest">
    <failure type="java.lang.NullPointerException">
      <![CDATA[java.lang.NullPointerException
	at UITestFramework.CreateSession.teardown(CreateSession.java:154)
... Removed 26 stack frames]]>
    </failure>
  </testcase> <!-- @AfterMethod teardown -->
  <testcase name="@BeforeMethod createDriver" time="0.0" classname="IntegrationTests.Tests.Payments.PaybackTest">
    <skipped/>
  </testcase> <!-- @BeforeMethod createDriver -->
  <testcase name="@BeforeMethod instantiateHelpers" time="0.0" classname="IntegrationTests.Tests.Payments.PaybackTest">
    <skipped/>
  </testcase> <!-- @BeforeMethod instantiateHelpers -->
  <testcase name="@AfterMethod teardown" time="0.0" classname="IntegrationTests.Tests.Payments.PaybackTest">
    <failure type="java.lang.NullPointerException">
      <![CDATA[java.lang.NullPointerException
	at UITestFramework.CreateSession.teardown(CreateSession.java:154)
... Removed 26 stack frames]]>
    </failure>
  </testcase> <!-- @AfterMethod teardown -->
  <testcase name="@BeforeMethod createDriver" time="0.0" classname="IntegrationTests.Tests.Payments.PaybackTest">
    <skipped/>
  </testcase> <!-- @BeforeMethod createDriver -->
  <testcase name="@BeforeMethod instantiateHelpers" time="0.0" classname="IntegrationTests.Tests.Payments.PaybackTest">
    <skipped/>
  </testcase> <!-- @BeforeMethod instantiateHelpers -->
  <testcase name="@AfterMethod teardown" time="0.0" classname="IntegrationTests.Tests.Payments.PaybackTest">
    <failure type="java.lang.NullPointerException">
      <![CDATA[java.lang.NullPointerException
	at UITestFramework.CreateSession.teardown(CreateSession.java:154)
... Removed 26 stack frames]]>
    </failure>
  </testcase> <!-- @AfterMethod teardown -->
  <testcase name="@BeforeMethod createDriver" time="0.0" classname="IntegrationTests.Tests.Payments.PaybackTest">
    <skipped/>
  </testcase> <!-- @BeforeMethod createDriver -->
  <testcase name="@BeforeMethod instantiateHelpers" time="0.0" classname="IntegrationTests.Tests.Payments.PaybackTest">
    <skipped/>
  </testcase> <!-- @BeforeMethod instantiateHelpers -->
  <testcase name="@AfterMethod teardown" time="0.0" classname="IntegrationTests.Tests.Payments.PaybackTest">
    <failure type="java.lang.NullPointerException">
      <![CDATA[java.lang.NullPointerException
	at UITestFramework.CreateSession.teardown(CreateSession.java:154)
... Removed 26 stack frames]]>
    </failure>
  </testcase> <!-- @AfterMethod teardown -->
  <testcase name="@BeforeMethod createDriver" time="0.0" classname="IntegrationTests.Tests.Payments.PaybackTest">
    <skipped/>
  </testcase> <!-- @BeforeMethod createDriver -->
  <testcase name="@BeforeMethod instantiateHelpers" time="0.0" classname="IntegrationTests.Tests.Payments.PaybackTest">
    <skipped/>
  </testcase> <!-- @BeforeMethod instantiateHelpers -->
  <testcase name="@AfterMethod teardown" time="0.0" classname="IntegrationTests.Tests.Payments.PaybackTest">
    <failure type="java.lang.NullPointerException">
      <![CDATA[java.lang.NullPointerException
	at UITestFramework.CreateSession.teardown(CreateSession.java:154)
... Removed 26 stack frames]]>
    </failure>
  </testcase> <!-- @AfterMethod teardown -->
  <testcase name="@BeforeMethod createDriver" time="0.0" classname="IntegrationTests.Tests.Payments.Refer_EarnTest">
    <skipped/>
  </testcase> <!-- @BeforeMethod createDriver -->
  <testcase name="@BeforeMethod instantiateHelpers" time="0.0" classname="IntegrationTests.Tests.Payments.Refer_EarnTest">
    <skipped/>
  </testcase> <!-- @BeforeMethod instantiateHelpers -->
  <testcase name="@AfterMethod teardown" time="0.0" classname="IntegrationTests.Tests.Payments.Refer_EarnTest">
    <failure type="java.lang.NullPointerException">
      <![CDATA[java.lang.NullPointerException
	at UITestFramework.CreateSession.teardown(CreateSession.java:154)
... Removed 26 stack frames]]>
    </failure>
  </testcase> <!-- @AfterMethod teardown -->
  <testcase name="@BeforeMethod createDriver" time="0.0" classname="IntegrationTests.Tests.Payments.Refer_EarnTest">
    <skipped/>
  </testcase> <!-- @BeforeMethod createDriver -->
  <testcase name="@BeforeMethod instantiateHelpers" time="0.0" classname="IntegrationTests.Tests.Payments.Refer_EarnTest">
    <skipped/>
  </testcase> <!-- @BeforeMethod instantiateHelpers -->
  <testcase name="@AfterMethod teardown" time="0.0" classname="IntegrationTests.Tests.Payments.Refer_EarnTest">
    <failure type="java.lang.NullPointerException">
      <![CDATA[java.lang.NullPointerException
	at UITestFramework.CreateSession.teardown(CreateSession.java:154)
... Removed 26 stack frames]]>
    </failure>
  </testcase> <!-- @AfterMethod teardown -->
  <testcase name="@BeforeMethod createDriver" time="0.0" classname="IntegrationTests.Tests.Payments.Refer_EarnTest">
    <skipped/>
  </testcase> <!-- @BeforeMethod createDriver -->
  <testcase name="@BeforeMethod instantiateHelpers" time="0.0" classname="IntegrationTests.Tests.Payments.Refer_EarnTest">
    <skipped/>
  </testcase> <!-- @BeforeMethod instantiateHelpers -->
  <testcase name="@AfterMethod teardown" time="0.0" classname="IntegrationTests.Tests.Payments.Refer_EarnTest">
    <failure type="java.lang.NullPointerException">
      <![CDATA[java.lang.NullPointerException
	at UITestFramework.CreateSession.teardown(CreateSession.java:154)
... Removed 26 stack frames]]>
    </failure>
  </testcase> <!-- @AfterMethod teardown -->
  <testcase name="@BeforeMethod createDriver" time="0.0" classname="IntegrationTests.Tests.Payments.Refer_EarnTest">
    <skipped/>
  </testcase> <!-- @BeforeMethod createDriver -->
  <testcase name="@BeforeMethod instantiateHelpers" time="0.0" classname="IntegrationTests.Tests.Payments.Refer_EarnTest">
    <skipped/>
  </testcase> <!-- @BeforeMethod instantiateHelpers -->
  <testcase name="@AfterMethod teardown" time="0.0" classname="IntegrationTests.Tests.Payments.Refer_EarnTest">
    <failure type="java.lang.NullPointerException">
      <![CDATA[java.lang.NullPointerException
	at UITestFramework.CreateSession.teardown(CreateSession.java:154)
... Removed 26 stack frames]]>
    </failure>
  </testcase> <!-- @AfterMethod teardown -->
  <testcase name="@BeforeMethod createDriver" time="0.0" classname="IntegrationTests.Tests.Payments.Refer_EarnTest">
    <skipped/>
  </testcase> <!-- @BeforeMethod createDriver -->
  <testcase name="@BeforeMethod instantiateHelpers" time="0.0" classname="IntegrationTests.Tests.Payments.Refer_EarnTest">
    <skipped/>
  </testcase> <!-- @BeforeMethod instantiateHelpers -->
  <testcase name="@AfterMethod teardown" time="0.0" classname="IntegrationTests.Tests.Payments.Refer_EarnTest">
    <failure type="java.lang.NullPointerException">
      <![CDATA[java.lang.NullPointerException
	at UITestFramework.CreateSession.teardown(CreateSession.java:154)
... Removed 26 stack frames]]>
    </failure>
  </testcase> <!-- @AfterMethod teardown -->
  <testcase name="@BeforeMethod createDriver" time="0.0" classname="IntegrationTests.Tests.Payments.Refer_EarnTest">
    <skipped/>
  </testcase> <!-- @BeforeMethod createDriver -->
  <testcase name="@BeforeMethod instantiateHelpers" time="0.0" classname="IntegrationTests.Tests.Payments.Refer_EarnTest">
    <skipped/>
  </testcase> <!-- @BeforeMethod instantiateHelpers -->
  <testcase name="@AfterMethod teardown" time="0.0" classname="IntegrationTests.Tests.Payments.Refer_EarnTest">
    <failure type="java.lang.NullPointerException">
      <![CDATA[java.lang.NullPointerException
	at UITestFramework.CreateSession.teardown(CreateSession.java:154)
... Removed 26 stack frames]]>
    </failure>
  </testcase> <!-- @AfterMethod teardown -->
  <testcase name="@BeforeMethod createDriver" time="0.0" classname="IntegrationTests.Tests.Payments.Refer_EarnTest">
    <skipped/>
  </testcase> <!-- @BeforeMethod createDriver -->
  <testcase name="@BeforeMethod instantiateHelpers" time="0.0" classname="IntegrationTests.Tests.Payments.Refer_EarnTest">
    <skipped/>
  </testcase> <!-- @BeforeMethod instantiateHelpers -->
  <testcase name="@AfterMethod teardown" time="0.0" classname="IntegrationTests.Tests.Payments.Refer_EarnTest">
    <failure type="java.lang.NullPointerException">
      <![CDATA[java.lang.NullPointerException
	at UITestFramework.CreateSession.teardown(CreateSession.java:154)
... Removed 26 stack frames]]>
    </failure>
  </testcase> <!-- @AfterMethod teardown -->
  <testcase name="@BeforeMethod createDriver" time="0.0" classname="IntegrationTests.Tests.Payments.HomeScreenTest">
    <skipped/>
  </testcase> <!-- @BeforeMethod createDriver -->
  <testcase name="@BeforeMethod instantiateHelpers" time="0.0" classname="IntegrationTests.Tests.Payments.HomeScreenTest">
    <skipped/>
  </testcase> <!-- @BeforeMethod instantiateHelpers -->
  <testcase name="@AfterMethod teardown" time="0.0" classname="IntegrationTests.Tests.Payments.HomeScreenTest">
    <failure type="java.lang.NullPointerException">
      <![CDATA[java.lang.NullPointerException
	at UITestFramework.CreateSession.teardown(CreateSession.java:154)
... Removed 26 stack frames]]>
    </failure>
  </testcase> <!-- @AfterMethod teardown -->
  <testcase name="@BeforeMethod createDriver" time="0.0" classname="IntegrationTests.Tests.Payments.HomeScreenTest">
    <skipped/>
  </testcase> <!-- @BeforeMethod createDriver -->
  <testcase name="@BeforeMethod instantiateHelpers" time="0.0" classname="IntegrationTests.Tests.Payments.HomeScreenTest">
    <skipped/>
  </testcase> <!-- @BeforeMethod instantiateHelpers -->
  <testcase name="@AfterMethod teardown" time="0.0" classname="IntegrationTests.Tests.Payments.HomeScreenTest">
    <failure type="java.lang.NullPointerException">
      <![CDATA[java.lang.NullPointerException
	at UITestFramework.CreateSession.teardown(CreateSession.java:154)
... Removed 26 stack frames]]>
    </failure>
  </testcase> <!-- @AfterMethod teardown -->
  <testcase name="@BeforeMethod createDriver" time="0.0" classname="IntegrationTests.Tests.Payments.HomeScreenTest">
    <skipped/>
  </testcase> <!-- @BeforeMethod createDriver -->
  <testcase name="@BeforeMethod instantiateHelpers" time="0.0" classname="IntegrationTests.Tests.Payments.HomeScreenTest">
    <skipped/>
  </testcase> <!-- @BeforeMethod instantiateHelpers -->
  <testcase name="@AfterMethod teardown" time="0.0" classname="IntegrationTests.Tests.Payments.HomeScreenTest">
    <failure type="java.lang.NullPointerException">
      <![CDATA[java.lang.NullPointerException
	at UITestFramework.CreateSession.teardown(CreateSession.java:154)
... Removed 26 stack frames]]>
    </failure>
  </testcase> <!-- @AfterMethod teardown -->
  <testcase name="@BeforeMethod createDriver" time="0.0" classname="IntegrationTests.Tests.Payments.SecurityTest">
    <skipped/>
  </testcase> <!-- @BeforeMethod createDriver -->
  <testcase name="@BeforeMethod instantiateHelpers" time="0.0" classname="IntegrationTests.Tests.Payments.SecurityTest">
    <skipped/>
  </testcase> <!-- @BeforeMethod instantiateHelpers -->
  <testcase name="@AfterMethod teardown" time="0.0" classname="IntegrationTests.Tests.Payments.SecurityTest">
    <failure type="java.lang.NullPointerException">
      <![CDATA[java.lang.NullPointerException
	at UITestFramework.CreateSession.teardown(CreateSession.java:154)
... Removed 26 stack frames]]>
    </failure>
  </testcase> <!-- @AfterMethod teardown -->
  <testcase name="@BeforeMethod createDriver" time="0.0" classname="IntegrationTests.Tests.Payments.SecurityTest">
    <skipped/>
  </testcase> <!-- @BeforeMethod createDriver -->
  <testcase name="@BeforeMethod instantiateHelpers" time="0.0" classname="IntegrationTests.Tests.Payments.SecurityTest">
    <skipped/>
  </testcase> <!-- @BeforeMethod instantiateHelpers -->
  <testcase name="@AfterMethod teardown" time="0.0" classname="IntegrationTests.Tests.Payments.SecurityTest">
    <failure type="java.lang.NullPointerException">
      <![CDATA[java.lang.NullPointerException
	at UITestFramework.CreateSession.teardown(CreateSession.java:154)
... Removed 25 stack frames]]>
    </failure>
  </testcase> <!-- @AfterMethod teardown -->
  <testcase name="@BeforeMethod createDriver" time="0.0" classname="IntegrationTests.Tests.Payments.SecurityTest">
    <skipped/>
  </testcase> <!-- @BeforeMethod createDriver -->
  <testcase name="@BeforeMethod instantiateHelpers" time="0.0" classname="IntegrationTests.Tests.Payments.SecurityTest">
    <skipped/>
  </testcase> <!-- @BeforeMethod instantiateHelpers -->
  <testcase name="@AfterMethod teardown" time="0.0" classname="IntegrationTests.Tests.Payments.SecurityTest">
    <failure type="java.lang.NullPointerException">
      <![CDATA[java.lang.NullPointerException
	at UITestFramework.CreateSession.teardown(CreateSession.java:154)
... Removed 25 stack frames]]>
    </failure>
  </testcase> <!-- @AfterMethod teardown -->
  <testcase name="@BeforeMethod createDriver" time="0.0" classname="IntegrationTests.Tests.Payments.SecurityTest">
    <skipped/>
  </testcase> <!-- @BeforeMethod createDriver -->
  <testcase name="@BeforeMethod instantiateHelpers" time="0.0" classname="IntegrationTests.Tests.Payments.SecurityTest">
    <skipped/>
  </testcase> <!-- @BeforeMethod instantiateHelpers -->
  <testcase name="@AfterMethod teardown" time="0.0" classname="IntegrationTests.Tests.Payments.SecurityTest">
    <failure type="java.lang.NullPointerException">
      <![CDATA[java.lang.NullPointerException
	at UITestFramework.CreateSession.teardown(CreateSession.java:154)
... Removed 25 stack frames]]>
    </failure>
  </testcase> <!-- @AfterMethod teardown -->
  <testcase name="@BeforeMethod createDriver" time="0.0" classname="IntegrationTests.Tests.Payments.SecurityTest">
    <skipped/>
  </testcase> <!-- @BeforeMethod createDriver -->
  <testcase name="@BeforeMethod instantiateHelpers" time="0.0" classname="IntegrationTests.Tests.Payments.SecurityTest">
    <skipped/>
  </testcase> <!-- @BeforeMethod instantiateHelpers -->
  <testcase name="@AfterMethod teardown" time="0.0" classname="IntegrationTests.Tests.Payments.SecurityTest">
    <failure type="java.lang.NullPointerException">
      <![CDATA[java.lang.NullPointerException
	at UITestFramework.CreateSession.teardown(CreateSession.java:154)
... Removed 25 stack frames]]>
    </failure>
  </testcase> <!-- @AfterMethod teardown -->
  <testcase name="@BeforeMethod createDriver" time="0.0" classname="IntegrationTests.Tests.Payments.SecurityTest">
    <skipped/>
  </testcase> <!-- @BeforeMethod createDriver -->
  <testcase name="@BeforeMethod instantiateHelpers" time="0.0" classname="IntegrationTests.Tests.Payments.SecurityTest">
    <skipped/>
  </testcase> <!-- @BeforeMethod instantiateHelpers -->
  <testcase name="@AfterMethod teardown" time="0.0" classname="IntegrationTests.Tests.Payments.SecurityTest">
    <failure type="java.lang.NullPointerException">
      <![CDATA[java.lang.NullPointerException
	at UITestFramework.CreateSession.teardown(CreateSession.java:154)
... Removed 25 stack frames]]>
    </failure>
  </testcase> <!-- @AfterMethod teardown -->
  <testcase name="@BeforeMethod createDriver" time="0.0" classname="IntegrationTests.Tests.Payments.SecurityTest">
    <skipped/>
  </testcase> <!-- @BeforeMethod createDriver -->
  <testcase name="@BeforeMethod instantiateHelpers" time="0.0" classname="IntegrationTests.Tests.Payments.SecurityTest">
    <skipped/>
  </testcase> <!-- @BeforeMethod instantiateHelpers -->
  <testcase name="@AfterMethod teardown" time="0.0" classname="IntegrationTests.Tests.Payments.SecurityTest">
    <failure type="java.lang.NullPointerException">
      <![CDATA[java.lang.NullPointerException
	at UITestFramework.CreateSession.teardown(CreateSession.java:154)
... Removed 25 stack frames]]>
    </failure>
  </testcase> <!-- @AfterMethod teardown -->
  <testcase name="@BeforeMethod createDriver" time="0.0" classname="IntegrationTests.Tests.Payments.SecurityTest">
    <skipped/>
  </testcase> <!-- @BeforeMethod createDriver -->
  <testcase name="@BeforeMethod instantiateHelpers" time="0.0" classname="IntegrationTests.Tests.Payments.SecurityTest">
    <skipped/>
  </testcase> <!-- @BeforeMethod instantiateHelpers -->
  <testcase name="@AfterMethod teardown" time="0.0" classname="IntegrationTests.Tests.Payments.SecurityTest">
    <failure type="java.lang.NullPointerException">
      <![CDATA[java.lang.NullPointerException
	at UITestFramework.CreateSession.teardown(CreateSession.java:154)
... Removed 25 stack frames]]>
    </failure>
  </testcase> <!-- @AfterMethod teardown -->
  <testcase name="@BeforeMethod createDriver" time="0.0" classname="IntegrationTests.Tests.Payments.SecurityTest">
    <skipped/>
  </testcase> <!-- @BeforeMethod createDriver -->
  <testcase name="@BeforeMethod instantiateHelpers" time="0.0" classname="IntegrationTests.Tests.Payments.SecurityTest">
    <skipped/>
  </testcase> <!-- @BeforeMethod instantiateHelpers -->
  <testcase name="@AfterMethod teardown" time="0.0" classname="IntegrationTests.Tests.Payments.SecurityTest">
    <failure type="java.lang.NullPointerException">
      <![CDATA[java.lang.NullPointerException
	at UITestFramework.CreateSession.teardown(CreateSession.java:154)
... Removed 25 stack frames]]>
    </failure>
  </testcase> <!-- @AfterMethod teardown -->
  <testcase name="@BeforeMethod createDriver" time="0.0" classname="IntegrationTests.Tests.Payments.SecurityTest">
    <skipped/>
  </testcase> <!-- @BeforeMethod createDriver -->
  <testcase name="@BeforeMethod instantiateHelpers" time="0.0" classname="IntegrationTests.Tests.Payments.SecurityTest">
    <skipped/>
  </testcase> <!-- @BeforeMethod instantiateHelpers -->
  <testcase name="@AfterMethod teardown" time="0.007" classname="IntegrationTests.Tests.Payments.SecurityTest">
    <failure type="java.lang.NullPointerException">
      <![CDATA[java.lang.NullPointerException
	at UITestFramework.CreateSession.teardown(CreateSession.java:154)
... Removed 25 stack frames]]>
    </failure>
  </testcase> <!-- @AfterMethod teardown -->
  <testcase name="@BeforeMethod createDriver" time="0.0" classname="IntegrationTests.Tests.Payments.SecurityTest">
    <skipped/>
  </testcase> <!-- @BeforeMethod createDriver -->
  <testcase name="@BeforeMethod instantiateHelpers" time="0.0" classname="IntegrationTests.Tests.Payments.SecurityTest">
    <skipped/>
  </testcase> <!-- @BeforeMethod instantiateHelpers -->
  <testcase name="@AfterMethod teardown" time="0.0" classname="IntegrationTests.Tests.Payments.SecurityTest">
    <failure type="java.lang.NullPointerException">
      <![CDATA[java.lang.NullPointerException
	at UITestFramework.CreateSession.teardown(CreateSession.java:154)
... Removed 25 stack frames]]>
    </failure>
  </testcase> <!-- @AfterMethod teardown -->
  <testcase name="@BeforeMethod createDriver" time="0.0" classname="IntegrationTests.Tests.Payments.SendMoneyTest">
    <skipped/>
  </testcase> <!-- @BeforeMethod createDriver -->
  <testcase name="@BeforeMethod instantiateHelpers" time="0.0" classname="IntegrationTests.Tests.Payments.SendMoneyTest">
    <skipped/>
  </testcase> <!-- @BeforeMethod instantiateHelpers -->
  <testcase name="@AfterMethod teardown" time="0.0" classname="IntegrationTests.Tests.Payments.SendMoneyTest">
    <failure type="java.lang.NullPointerException">
      <![CDATA[java.lang.NullPointerException
	at UITestFramework.CreateSession.teardown(CreateSession.java:154)
... Removed 25 stack frames]]>
    </failure>
  </testcase> <!-- @AfterMethod teardown -->
  <testcase name="@BeforeMethod createDriver" time="0.0" classname="IntegrationTests.Tests.Payments.SendMoneyTest">
    <skipped/>
  </testcase> <!-- @BeforeMethod createDriver -->
  <testcase name="@BeforeMethod instantiateHelpers" time="0.0" classname="IntegrationTests.Tests.Payments.SendMoneyTest">
    <skipped/>
  </testcase> <!-- @BeforeMethod instantiateHelpers -->
  <testcase name="@AfterMethod teardown" time="0.0" classname="IntegrationTests.Tests.Payments.SendMoneyTest">
    <failure type="java.lang.NullPointerException">
      <![CDATA[java.lang.NullPointerException
	at UITestFramework.CreateSession.teardown(CreateSession.java:154)
... Removed 25 stack frames]]>
    </failure>
  </testcase> <!-- @AfterMethod teardown -->
  <testcase name="@BeforeMethod createDriver" time="0.0" classname="IntegrationTests.Tests.Payments.SendMoneyTest">
    <skipped/>
  </testcase> <!-- @BeforeMethod createDriver -->
  <testcase name="@BeforeMethod instantiateHelpers" time="0.0" classname="IntegrationTests.Tests.Payments.SendMoneyTest">
    <skipped/>
  </testcase> <!-- @BeforeMethod instantiateHelpers -->
  <testcase name="@AfterMethod teardown" time="0.0" classname="IntegrationTests.Tests.Payments.SendMoneyTest">
    <failure type="java.lang.NullPointerException">
      <![CDATA[java.lang.NullPointerException
	at UITestFramework.CreateSession.teardown(CreateSession.java:154)
... Removed 25 stack frames]]>
    </failure>
  </testcase> <!-- @AfterMethod teardown -->
  <testcase name="@BeforeMethod createDriver" time="0.0" classname="IntegrationTests.Tests.Payments.SendMoneyTest">
    <skipped/>
  </testcase> <!-- @BeforeMethod createDriver -->
  <testcase name="@BeforeMethod instantiateHelpers" time="0.0" classname="IntegrationTests.Tests.Payments.SendMoneyTest">
    <skipped/>
  </testcase> <!-- @BeforeMethod instantiateHelpers -->
  <testcase name="@AfterMethod teardown" time="0.0" classname="IntegrationTests.Tests.Payments.SendMoneyTest">
    <failure type="java.lang.NullPointerException">
      <![CDATA[java.lang.NullPointerException
	at UITestFramework.CreateSession.teardown(CreateSession.java:154)
... Removed 25 stack frames]]>
    </failure>
  </testcase> <!-- @AfterMethod teardown -->
  <testcase name="@BeforeMethod createDriver" time="0.0" classname="IntegrationTests.Tests.Payments.SendMoneyTest">
    <skipped/>
  </testcase> <!-- @BeforeMethod createDriver -->
  <testcase name="@BeforeMethod instantiateHelpers" time="0.0" classname="IntegrationTests.Tests.Payments.SendMoneyTest">
    <skipped/>
  </testcase> <!-- @BeforeMethod instantiateHelpers -->
  <testcase name="@AfterMethod teardown" time="0.0" classname="IntegrationTests.Tests.Payments.SendMoneyTest">
    <failure type="java.lang.NullPointerException">
      <![CDATA[java.lang.NullPointerException
	at UITestFramework.CreateSession.teardown(CreateSession.java:154)
... Removed 25 stack frames]]>
    </failure>
  </testcase> <!-- @AfterMethod teardown -->
  <testcase name="@BeforeMethod createDriver" time="0.0" classname="IntegrationTests.Tests.Payments.SendMoneyTest">
    <skipped/>
  </testcase> <!-- @BeforeMethod createDriver -->
  <testcase name="@BeforeMethod instantiateHelpers" time="0.0" classname="IntegrationTests.Tests.Payments.SendMoneyTest">
    <skipped/>
  </testcase> <!-- @BeforeMethod instantiateHelpers -->
  <testcase name="@AfterMethod teardown" time="0.0" classname="IntegrationTests.Tests.Payments.SendMoneyTest">
    <failure type="java.lang.NullPointerException">
      <![CDATA[java.lang.NullPointerException
	at UITestFramework.CreateSession.teardown(CreateSession.java:154)
... Removed 25 stack frames]]>
    </failure>
  </testcase> <!-- @AfterMethod teardown -->
  <testcase name="@BeforeMethod createDriver" time="0.0" classname="IntegrationTests.Tests.Payments.SendMoneyTest">
    <skipped/>
  </testcase> <!-- @BeforeMethod createDriver -->
  <testcase name="@BeforeMethod instantiateHelpers" time="0.0" classname="IntegrationTests.Tests.Payments.SendMoneyTest">
    <skipped/>
  </testcase> <!-- @BeforeMethod instantiateHelpers -->
  <testcase name="@AfterMethod teardown" time="0.0" classname="IntegrationTests.Tests.Payments.SendMoneyTest">
    <failure type="java.lang.NullPointerException">
      <![CDATA[java.lang.NullPointerException
	at UITestFramework.CreateSession.teardown(CreateSession.java:154)
... Removed 25 stack frames]]>
    </failure>
  </testcase> <!-- @AfterMethod teardown -->
  <testcase name="@BeforeMethod createDriver" time="0.0" classname="IntegrationTests.Tests.Payments.SendMoneyTest">
    <skipped/>
  </testcase> <!-- @BeforeMethod createDriver -->
  <testcase name="@BeforeMethod instantiateHelpers" time="0.0" classname="IntegrationTests.Tests.Payments.SendMoneyTest">
    <skipped/>
  </testcase> <!-- @BeforeMethod instantiateHelpers -->
  <testcase name="@AfterMethod teardown" time="0.0" classname="IntegrationTests.Tests.Payments.SendMoneyTest">
    <failure type="java.lang.NullPointerException">
      <![CDATA[java.lang.NullPointerException
	at UITestFramework.CreateSession.teardown(CreateSession.java:154)
... Removed 25 stack frames]]>
    </failure>
  </testcase> <!-- @AfterMethod teardown -->
  <testcase name="@BeforeMethod createDriver" time="0.0" classname="IntegrationTests.Tests.Payments.SendMoneyTest">
    <skipped/>
  </testcase> <!-- @BeforeMethod createDriver -->
  <testcase name="@BeforeMethod instantiateHelpers" time="0.0" classname="IntegrationTests.Tests.Payments.SendMoneyTest">
    <skipped/>
  </testcase> <!-- @BeforeMethod instantiateHelpers -->
  <testcase name="@AfterMethod teardown" time="0.0" classname="IntegrationTests.Tests.Payments.SendMoneyTest">
    <failure type="java.lang.NullPointerException">
      <![CDATA[java.lang.NullPointerException
	at UITestFramework.CreateSession.teardown(CreateSession.java:154)
... Removed 25 stack frames]]>
    </failure>
  </testcase> <!-- @AfterMethod teardown -->
  <testcase name="@BeforeMethod createDriver" time="0.0" classname="IntegrationTests.Tests.Payments.SendMoneyTest">
    <skipped/>
  </testcase> <!-- @BeforeMethod createDriver -->
  <testcase name="@BeforeMethod instantiateHelpers" time="0.0" classname="IntegrationTests.Tests.Payments.SendMoneyTest">
    <skipped/>
  </testcase> <!-- @BeforeMethod instantiateHelpers -->
  <testcase name="@AfterMethod teardown" time="0.0" classname="IntegrationTests.Tests.Payments.SendMoneyTest">
    <failure type="java.lang.NullPointerException">
      <![CDATA[java.lang.NullPointerException
	at UITestFramework.CreateSession.teardown(CreateSession.java:154)
... Removed 25 stack frames]]>
    </failure>
  </testcase> <!-- @AfterMethod teardown -->
  <testcase name="@BeforeMethod createDriver" time="0.0" classname="IntegrationTests.Tests.Payments.SendMoneyTest">
    <skipped/>
  </testcase> <!-- @BeforeMethod createDriver -->
  <testcase name="@BeforeMethod instantiateHelpers" time="0.0" classname="IntegrationTests.Tests.Payments.SendMoneyTest">
    <skipped/>
  </testcase> <!-- @BeforeMethod instantiateHelpers -->
  <testcase name="@AfterMethod teardown" time="0.0" classname="IntegrationTests.Tests.Payments.SendMoneyTest">
    <failure type="java.lang.NullPointerException">
      <![CDATA[java.lang.NullPointerException
	at UITestFramework.CreateSession.teardown(CreateSession.java:154)
... Removed 25 stack frames]]>
    </failure>
  </testcase> <!-- @AfterMethod teardown -->
  <testcase name="@BeforeMethod createDriver" time="0.0" classname="IntegrationTests.Tests.Payments.SendMoneyTest">
    <skipped/>
  </testcase> <!-- @BeforeMethod createDriver -->
  <testcase name="@BeforeMethod instantiateHelpers" time="0.0" classname="IntegrationTests.Tests.Payments.SendMoneyTest">
    <skipped/>
  </testcase> <!-- @BeforeMethod instantiateHelpers -->
  <testcase name="@AfterMethod teardown" time="0.0" classname="IntegrationTests.Tests.Payments.SendMoneyTest">
    <failure type="java.lang.NullPointerException">
      <![CDATA[java.lang.NullPointerException
	at UITestFramework.CreateSession.teardown(CreateSession.java:154)
... Removed 25 stack frames]]>
    </failure>
  </testcase> <!-- @AfterMethod teardown -->
  <testcase name="@BeforeMethod createDriver" time="0.0" classname="IntegrationTests.Tests.Payments.SendMoneyTest">
    <skipped/>
  </testcase> <!-- @BeforeMethod createDriver -->
  <testcase name="@BeforeMethod instantiateHelpers" time="0.0" classname="IntegrationTests.Tests.Payments.SendMoneyTest">
    <skipped/>
  </testcase> <!-- @BeforeMethod instantiateHelpers -->
  <testcase name="@AfterMethod teardown" time="0.0" classname="IntegrationTests.Tests.Payments.SendMoneyTest">
    <failure type="java.lang.NullPointerException">
      <![CDATA[java.lang.NullPointerException
	at UITestFramework.CreateSession.teardown(CreateSession.java:154)
... Removed 25 stack frames]]>
    </failure>
  </testcase> <!-- @AfterMethod teardown -->
  <testcase name="@BeforeMethod createDriver" time="0.0" classname="IntegrationTests.Tests.Payments.SendMoneyTest">
    <skipped/>
  </testcase> <!-- @BeforeMethod createDriver -->
  <testcase name="@BeforeMethod instantiateHelpers" time="0.0" classname="IntegrationTests.Tests.Payments.SendMoneyTest">
    <skipped/>
  </testcase> <!-- @BeforeMethod instantiateHelpers -->
  <testcase name="@AfterMethod teardown" time="0.0" classname="IntegrationTests.Tests.Payments.SendMoneyTest">
    <failure type="java.lang.NullPointerException">
      <![CDATA[java.lang.NullPointerException
	at UITestFramework.CreateSession.teardown(CreateSession.java:154)
... Removed 25 stack frames]]>
    </failure>
  </testcase> <!-- @AfterMethod teardown -->
  <testcase name="@BeforeMethod createDriver" time="0.0" classname="IntegrationTests.Tests.Payments.SendMoneyTest">
    <skipped/>
  </testcase> <!-- @BeforeMethod createDriver -->
  <testcase name="@BeforeMethod instantiateHelpers" time="0.0" classname="IntegrationTests.Tests.Payments.SendMoneyTest">
    <skipped/>
  </testcase> <!-- @BeforeMethod instantiateHelpers -->
  <testcase name="@AfterMethod teardown" time="0.0" classname="IntegrationTests.Tests.Payments.SendMoneyTest">
    <failure type="java.lang.NullPointerException">
      <![CDATA[java.lang.NullPointerException
	at UITestFramework.CreateSession.teardown(CreateSession.java:154)
... Removed 25 stack frames]]>
    </failure>
  </testcase> <!-- @AfterMethod teardown -->
  <testcase name="@BeforeMethod createDriver" time="0.0" classname="IntegrationTests.Tests.Payments.SendMoneyTest">
    <skipped/>
  </testcase> <!-- @BeforeMethod createDriver -->
  <testcase name="@BeforeMethod instantiateHelpers" time="0.0" classname="IntegrationTests.Tests.Payments.SendMoneyTest">
    <skipped/>
  </testcase> <!-- @BeforeMethod instantiateHelpers -->
  <testcase name="@AfterMethod teardown" time="0.0" classname="IntegrationTests.Tests.Payments.SendMoneyTest">
    <failure type="java.lang.NullPointerException">
      <![CDATA[java.lang.NullPointerException
	at UITestFramework.CreateSession.teardown(CreateSession.java:154)
... Removed 25 stack frames]]>
    </failure>
  </testcase> <!-- @AfterMethod teardown -->
  <testcase name="@BeforeMethod createDriver" time="0.0" classname="IntegrationTests.Tests.Payments.SendMoneyTest">
    <skipped/>
  </testcase> <!-- @BeforeMethod createDriver -->
  <testcase name="@BeforeMethod instantiateHelpers" time="0.0" classname="IntegrationTests.Tests.Payments.SendMoneyTest">
    <skipped/>
  </testcase> <!-- @BeforeMethod instantiateHelpers -->
  <testcase name="@AfterMethod teardown" time="0.0" classname="IntegrationTests.Tests.Payments.SendMoneyTest">
    <failure type="java.lang.NullPointerException">
      <![CDATA[java.lang.NullPointerException
	at UITestFramework.CreateSession.teardown(CreateSession.java:154)
... Removed 25 stack frames]]>
    </failure>
  </testcase> <!-- @AfterMethod teardown -->
  <testcase name="@BeforeMethod createDriver" time="0.0" classname="IntegrationTests.Tests.Payments.SendMoneyTest">
    <skipped/>
  </testcase> <!-- @BeforeMethod createDriver -->
  <testcase name="@BeforeMethod instantiateHelpers" time="0.0" classname="IntegrationTests.Tests.Payments.SendMoneyTest">
    <skipped/>
  </testcase> <!-- @BeforeMethod instantiateHelpers -->
  <testcase name="@AfterMethod teardown" time="0.0" classname="IntegrationTests.Tests.Payments.SendMoneyTest">
    <failure type="java.lang.NullPointerException">
      <![CDATA[java.lang.NullPointerException
	at UITestFramework.CreateSession.teardown(CreateSession.java:154)
... Removed 25 stack frames]]>
    </failure>
  </testcase> <!-- @AfterMethod teardown -->
  <testcase name="@BeforeMethod createDriver" time="0.0" classname="IntegrationTests.Tests.Payments.SendMoneyTest">
    <skipped/>
  </testcase> <!-- @BeforeMethod createDriver -->
  <testcase name="@BeforeMethod instantiateHelpers" time="0.0" classname="IntegrationTests.Tests.Payments.SendMoneyTest">
    <skipped/>
  </testcase> <!-- @BeforeMethod instantiateHelpers -->
  <testcase name="@AfterMethod teardown" time="0.0" classname="IntegrationTests.Tests.Payments.SendMoneyTest">
    <failure type="java.lang.NullPointerException">
      <![CDATA[java.lang.NullPointerException
	at UITestFramework.CreateSession.teardown(CreateSession.java:154)
... Removed 25 stack frames]]>
    </failure>
  </testcase> <!-- @AfterMethod teardown -->
  <testcase name="@BeforeMethod createDriver" time="0.0" classname="IntegrationTests.Tests.Payments.SendMoneyTest">
    <skipped/>
  </testcase> <!-- @BeforeMethod createDriver -->
  <testcase name="@BeforeMethod instantiateHelpers" time="0.0" classname="IntegrationTests.Tests.Payments.SendMoneyTest">
    <skipped/>
  </testcase> <!-- @BeforeMethod instantiateHelpers -->
  <testcase name="@AfterMethod teardown" time="0.0" classname="IntegrationTests.Tests.Payments.SendMoneyTest">
    <failure type="java.lang.NullPointerException">
      <![CDATA[java.lang.NullPointerException
	at UITestFramework.CreateSession.teardown(CreateSession.java:154)
... Removed 25 stack frames]]>
    </failure>
  </testcase> <!-- @AfterMethod teardown -->
  <testcase name="@BeforeMethod createDriver" time="0.0" classname="IntegrationTests.Tests.Payments.SendMoneyTest">
    <skipped/>
  </testcase> <!-- @BeforeMethod createDriver -->
  <testcase name="@BeforeMethod instantiateHelpers" time="0.0" classname="IntegrationTests.Tests.Payments.SendMoneyTest">
    <skipped/>
  </testcase> <!-- @BeforeMethod instantiateHelpers -->
  <testcase name="@AfterMethod teardown" time="0.0" classname="IntegrationTests.Tests.Payments.SendMoneyTest">
    <failure type="java.lang.NullPointerException">
      <![CDATA[java.lang.NullPointerException
	at UITestFramework.CreateSession.teardown(CreateSession.java:154)
... Removed 25 stack frames]]>
    </failure>
  </testcase> <!-- @AfterMethod teardown -->
  <testcase name="@BeforeMethod createDriver" time="0.0" classname="IntegrationTests.Tests.Payments.SendMoneyTest">
    <skipped/>
  </testcase> <!-- @BeforeMethod createDriver -->
  <testcase name="@BeforeMethod instantiateHelpers" time="0.0" classname="IntegrationTests.Tests.Payments.SendMoneyTest">
    <skipped/>
  </testcase> <!-- @BeforeMethod instantiateHelpers -->
  <testcase name="@AfterMethod teardown" time="0.0" classname="IntegrationTests.Tests.Payments.SendMoneyTest">
    <failure type="java.lang.NullPointerException">
      <![CDATA[java.lang.NullPointerException
	at UITestFramework.CreateSession.teardown(CreateSession.java:154)
... Removed 25 stack frames]]>
    </failure>
  </testcase> <!-- @AfterMethod teardown -->
  <testcase name="@BeforeMethod createDriver" time="0.0" classname="IntegrationTests.Tests.Payments.SendMoneyTest">
    <skipped/>
  </testcase> <!-- @BeforeMethod createDriver -->
  <testcase name="@BeforeMethod instantiateHelpers" time="0.0" classname="IntegrationTests.Tests.Payments.SendMoneyTest">
    <skipped/>
  </testcase> <!-- @BeforeMethod instantiateHelpers -->
  <testcase name="@AfterMethod teardown" time="0.0" classname="IntegrationTests.Tests.Payments.SendMoneyTest">
    <failure type="java.lang.NullPointerException">
      <![CDATA[java.lang.NullPointerException
	at UITestFramework.CreateSession.teardown(CreateSession.java:154)
... Removed 25 stack frames]]>
    </failure>
  </testcase> <!-- @AfterMethod teardown -->
  <testcase name="@BeforeMethod createDriver" time="0.0" classname="IntegrationTests.Tests.Payments.SendMoneyTest">
    <skipped/>
  </testcase> <!-- @BeforeMethod createDriver -->
  <testcase name="@BeforeMethod instantiateHelpers" time="0.0" classname="IntegrationTests.Tests.Payments.SendMoneyTest">
    <skipped/>
  </testcase> <!-- @BeforeMethod instantiateHelpers -->
  <testcase name="@AfterMethod teardown" time="0.0" classname="IntegrationTests.Tests.Payments.SendMoneyTest">
    <failure type="java.lang.NullPointerException">
      <![CDATA[java.lang.NullPointerException
	at UITestFramework.CreateSession.teardown(CreateSession.java:154)
... Removed 25 stack frames]]>
    </failure>
  </testcase> <!-- @AfterMethod teardown -->
  <testcase name="@BeforeMethod createDriver" time="0.0" classname="IntegrationTests.Tests.Payments.SendMoneyTest">
    <skipped/>
  </testcase> <!-- @BeforeMethod createDriver -->
  <testcase name="@BeforeMethod instantiateHelpers" time="0.0" classname="IntegrationTests.Tests.Payments.SendMoneyTest">
    <skipped/>
  </testcase> <!-- @BeforeMethod instantiateHelpers -->
  <testcase name="@AfterMethod teardown" time="0.0" classname="IntegrationTests.Tests.Payments.SendMoneyTest">
    <failure type="java.lang.NullPointerException">
      <![CDATA[java.lang.NullPointerException
	at UITestFramework.CreateSession.teardown(CreateSession.java:154)
... Removed 25 stack frames]]>
    </failure>
  </testcase> <!-- @AfterMethod teardown -->
  <testcase name="@BeforeMethod createDriver" time="0.0" classname="IntegrationTests.Tests.Payments.SendMoneyTest">
    <skipped/>
  </testcase> <!-- @BeforeMethod createDriver -->
  <testcase name="@BeforeMethod instantiateHelpers" time="0.0" classname="IntegrationTests.Tests.Payments.SendMoneyTest">
    <skipped/>
  </testcase> <!-- @BeforeMethod instantiateHelpers -->
  <testcase name="@AfterMethod teardown" time="0.0" classname="IntegrationTests.Tests.Payments.SendMoneyTest">
    <failure type="java.lang.NullPointerException">
      <![CDATA[java.lang.NullPointerException
	at UITestFramework.CreateSession.teardown(CreateSession.java:154)
... Removed 25 stack frames]]>
    </failure>
  </testcase> <!-- @AfterMethod teardown -->
  <testcase name="@BeforeMethod createDriver" time="0.0" classname="IntegrationTests.Tests.Payments.MiscellaneousTest">
    <skipped/>
  </testcase> <!-- @BeforeMethod createDriver -->
  <testcase name="@BeforeMethod instantiateHelpers" time="0.0" classname="IntegrationTests.Tests.Payments.MiscellaneousTest">
    <skipped/>
  </testcase> <!-- @BeforeMethod instantiateHelpers -->
  <testcase name="@AfterMethod teardown" time="0.0" classname="IntegrationTests.Tests.Payments.MiscellaneousTest">
    <failure type="java.lang.NullPointerException">
      <![CDATA[java.lang.NullPointerException
	at UITestFramework.CreateSession.teardown(CreateSession.java:154)
... Removed 25 stack frames]]>
    </failure>
  </testcase> <!-- @AfterMethod teardown -->
  <testcase name="@BeforeMethod createDriver" time="0.0" classname="IntegrationTests.Tests.Payments.MiscellaneousTest">
    <skipped/>
  </testcase> <!-- @BeforeMethod createDriver -->
  <testcase name="@BeforeMethod instantiateHelpers" time="0.0" classname="IntegrationTests.Tests.Payments.MiscellaneousTest">
    <skipped/>
  </testcase> <!-- @BeforeMethod instantiateHelpers -->
  <testcase name="@AfterMethod teardown" time="0.0" classname="IntegrationTests.Tests.Payments.MiscellaneousTest">
    <failure type="java.lang.NullPointerException">
      <![CDATA[java.lang.NullPointerException
	at UITestFramework.CreateSession.teardown(CreateSession.java:154)
... Removed 25 stack frames]]>
    </failure>
  </testcase> <!-- @AfterMethod teardown -->
  <testcase name="@BeforeMethod createDriver" time="0.0" classname="IntegrationTests.Tests.Payments.SavedConnectionsTest">
    <skipped/>
  </testcase> <!-- @BeforeMethod createDriver -->
  <testcase name="@BeforeMethod instantiateHelpers" time="0.0" classname="IntegrationTests.Tests.Payments.SavedConnectionsTest">
    <skipped/>
  </testcase> <!-- @BeforeMethod instantiateHelpers -->
  <testcase name="@AfterMethod teardown" time="0.0" classname="IntegrationTests.Tests.Payments.SavedConnectionsTest">
    <failure type="java.lang.NullPointerException">
      <![CDATA[java.lang.NullPointerException
	at UITestFramework.CreateSession.teardown(CreateSession.java:154)
... Removed 25 stack frames]]>
    </failure>
  </testcase> <!-- @AfterMethod teardown -->
  <testcase name="@BeforeMethod createDriver" time="0.0" classname="IntegrationTests.Tests.Payments.HelpTest">
    <skipped/>
  </testcase> <!-- @BeforeMethod createDriver -->
  <testcase name="@BeforeMethod instantiateHelpers" time="0.0" classname="IntegrationTests.Tests.Payments.HelpTest">
    <skipped/>
  </testcase> <!-- @BeforeMethod instantiateHelpers -->
  <testcase name="@AfterMethod teardown" time="0.0" classname="IntegrationTests.Tests.Payments.HelpTest">
    <failure type="java.lang.NullPointerException">
      <![CDATA[java.lang.NullPointerException
	at UITestFramework.CreateSession.teardown(CreateSession.java:154)
... Removed 25 stack frames]]>
    </failure>
  </testcase> <!-- @AfterMethod teardown -->
  <testcase name="@BeforeMethod createDriver" time="0.0" classname="IntegrationTests.Tests.Payments.HelpTest">
    <skipped/>
  </testcase> <!-- @BeforeMethod createDriver -->
  <testcase name="@BeforeMethod instantiateHelpers" time="0.0" classname="IntegrationTests.Tests.Payments.HelpTest">
    <skipped/>
  </testcase> <!-- @BeforeMethod instantiateHelpers -->
  <testcase name="@AfterMethod teardown" time="0.0" classname="IntegrationTests.Tests.Payments.HelpTest">
    <failure type="java.lang.NullPointerException">
      <![CDATA[java.lang.NullPointerException
	at UITestFramework.CreateSession.teardown(CreateSession.java:154)
... Removed 25 stack frames]]>
    </failure>
  </testcase> <!-- @AfterMethod teardown -->
  <testcase name="@BeforeMethod createDriver" time="0.0" classname="IntegrationTests.Tests.Payments.HelpTest">
    <skipped/>
  </testcase> <!-- @BeforeMethod createDriver -->
  <testcase name="@BeforeMethod instantiateHelpers" time="0.0" classname="IntegrationTests.Tests.Payments.HelpTest">
    <skipped/>
  </testcase> <!-- @BeforeMethod instantiateHelpers -->
  <testcase name="@AfterMethod teardown" time="0.0" classname="IntegrationTests.Tests.Payments.HelpTest">
    <failure type="java.lang.NullPointerException">
      <![CDATA[java.lang.NullPointerException
	at UITestFramework.CreateSession.teardown(CreateSession.java:154)
... Removed 25 stack frames]]>
    </failure>
  </testcase> <!-- @AfterMethod teardown -->
  <testcase name="@BeforeMethod createDriver" time="0.0" classname="IntegrationTests.Tests.Payments.HelpTest">
    <skipped/>
  </testcase> <!-- @BeforeMethod createDriver -->
  <testcase name="@BeforeMethod instantiateHelpers" time="0.0" classname="IntegrationTests.Tests.Payments.HelpTest">
    <skipped/>
  </testcase> <!-- @BeforeMethod instantiateHelpers -->
  <testcase name="@AfterMethod teardown" time="0.0" classname="IntegrationTests.Tests.Payments.HelpTest">
    <failure type="java.lang.NullPointerException">
      <![CDATA[java.lang.NullPointerException
	at UITestFramework.CreateSession.teardown(CreateSession.java:154)
... Removed 25 stack frames]]>
    </failure>
  </testcase> <!-- @AfterMethod teardown -->
  <testcase name="@BeforeMethod createDriver" time="0.0" classname="IntegrationTests.Tests.Payments.HelpTest">
    <skipped/>
  </testcase> <!-- @BeforeMethod createDriver -->
  <testcase name="@BeforeMethod instantiateHelpers" time="0.0" classname="IntegrationTests.Tests.Payments.HelpTest">
    <skipped/>
  </testcase> <!-- @BeforeMethod instantiateHelpers -->
  <testcase name="@AfterMethod teardown" time="0.0" classname="IntegrationTests.Tests.Payments.HelpTest">
    <failure type="java.lang.NullPointerException">
      <![CDATA[java.lang.NullPointerException
	at UITestFramework.CreateSession.teardown(CreateSession.java:154)
... Removed 25 stack frames]]>
    </failure>
  </testcase> <!-- @AfterMethod teardown -->
  <testcase name="@BeforeMethod createDriver" time="0.0" classname="IntegrationTests.Tests.Payments.HelpTest">
    <skipped/>
  </testcase> <!-- @BeforeMethod createDriver -->
  <testcase name="@BeforeMethod instantiateHelpers" time="0.0" classname="IntegrationTests.Tests.Payments.HelpTest">
    <skipped/>
  </testcase> <!-- @BeforeMethod instantiateHelpers -->
  <testcase name="@AfterMethod teardown" time="0.0" classname="IntegrationTests.Tests.Payments.HelpTest">
    <failure type="java.lang.NullPointerException">
      <![CDATA[java.lang.NullPointerException
	at UITestFramework.CreateSession.teardown(CreateSession.java:154)
... Removed 25 stack frames]]>
    </failure>
  </testcase> <!-- @AfterMethod teardown -->
  <testcase name="@BeforeMethod createDriver" time="0.0" classname="IntegrationTests.Tests.Payments.HelpTest">
    <skipped/>
  </testcase> <!-- @BeforeMethod createDriver -->
  <testcase name="@BeforeMethod instantiateHelpers" time="0.0" classname="IntegrationTests.Tests.Payments.HelpTest">
    <skipped/>
  </testcase> <!-- @BeforeMethod instantiateHelpers -->
  <testcase name="@AfterMethod teardown" time="0.0" classname="IntegrationTests.Tests.Payments.HelpTest">
    <failure type="java.lang.NullPointerException">
      <![CDATA[java.lang.NullPointerException
	at UITestFramework.CreateSession.teardown(CreateSession.java:154)
... Removed 25 stack frames]]>
    </failure>
  </testcase> <!-- @AfterMethod teardown -->
  <testcase name="@BeforeMethod createDriver" time="0.0" classname="IntegrationTests.Tests.Payments.HelpTest">
    <skipped/>
  </testcase> <!-- @BeforeMethod createDriver -->
  <testcase name="@BeforeMethod instantiateHelpers" time="0.0" classname="IntegrationTests.Tests.Payments.HelpTest">
    <skipped/>
  </testcase> <!-- @BeforeMethod instantiateHelpers -->
  <testcase name="@AfterMethod teardown" time="0.0" classname="IntegrationTests.Tests.Payments.HelpTest">
    <failure type="java.lang.NullPointerException">
      <![CDATA[java.lang.NullPointerException
	at UITestFramework.CreateSession.teardown(CreateSession.java:154)
... Removed 25 stack frames]]>
    </failure>
  </testcase> <!-- @AfterMethod teardown -->
  <testcase name="@BeforeMethod createDriver" time="0.0" classname="IntegrationTests.Tests.Payments.HelpTest">
    <skipped/>
  </testcase> <!-- @BeforeMethod createDriver -->
  <testcase name="@BeforeMethod instantiateHelpers" time="0.0" classname="IntegrationTests.Tests.Payments.HelpTest">
    <skipped/>
  </testcase> <!-- @BeforeMethod instantiateHelpers -->
  <testcase name="@AfterMethod teardown" time="0.0" classname="IntegrationTests.Tests.Payments.HelpTest">
    <failure type="java.lang.NullPointerException">
      <![CDATA[java.lang.NullPointerException
	at UITestFramework.CreateSession.teardown(CreateSession.java:154)
... Removed 25 stack frames]]>
    </failure>
  </testcase> <!-- @AfterMethod teardown -->
  <testcase name="@BeforeMethod createDriver" time="0.0" classname="IntegrationTests.Tests.Payments.HelpTest">
    <skipped/>
  </testcase> <!-- @BeforeMethod createDriver -->
  <testcase name="@BeforeMethod instantiateHelpers" time="0.0" classname="IntegrationTests.Tests.Payments.HelpTest">
    <skipped/>
  </testcase> <!-- @BeforeMethod instantiateHelpers -->
  <testcase name="@AfterMethod teardown" time="0.0" classname="IntegrationTests.Tests.Payments.HelpTest">
    <failure type="java.lang.NullPointerException">
      <![CDATA[java.lang.NullPointerException
	at UITestFramework.CreateSession.teardown(CreateSession.java:154)
... Removed 25 stack frames]]>
    </failure>
  </testcase> <!-- @AfterMethod teardown -->
  <testcase name="@BeforeMethod createDriver" time="0.0" classname="IntegrationTests.Tests.Payments.HelpTest">
    <skipped/>
  </testcase> <!-- @BeforeMethod createDriver -->
  <testcase name="@BeforeMethod instantiateHelpers" time="0.0" classname="IntegrationTests.Tests.Payments.HelpTest">
    <skipped/>
  </testcase> <!-- @BeforeMethod instantiateHelpers -->
  <testcase name="@AfterMethod teardown" time="0.0" classname="IntegrationTests.Tests.Payments.HelpTest">
    <failure type="java.lang.NullPointerException">
      <![CDATA[java.lang.NullPointerException
	at UITestFramework.CreateSession.teardown(CreateSession.java:154)
... Removed 25 stack frames]]>
    </failure>
  </testcase> <!-- @AfterMethod teardown -->
  <testcase name="@BeforeMethod createDriver" time="0.0" classname="IntegrationTests.Tests.Payments.HelpTest">
    <skipped/>
  </testcase> <!-- @BeforeMethod createDriver -->
  <testcase name="@BeforeMethod instantiateHelpers" time="0.0" classname="IntegrationTests.Tests.Payments.HelpTest">
    <skipped/>
  </testcase> <!-- @BeforeMethod instantiateHelpers -->
  <testcase name="@AfterMethod teardown" time="0.0" classname="IntegrationTests.Tests.Payments.HelpTest">
    <failure type="java.lang.NullPointerException">
      <![CDATA[java.lang.NullPointerException
	at UITestFramework.CreateSession.teardown(CreateSession.java:154)
... Removed 25 stack frames]]>
    </failure>
  </testcase> <!-- @AfterMethod teardown -->
  <testcase name="@BeforeMethod createDriver" time="0.0" classname="IntegrationTests.Tests.Payments.MyaccountTest">
    <skipped/>
  </testcase> <!-- @BeforeMethod createDriver -->
  <testcase name="@BeforeMethod instantiateHelpers" time="0.0" classname="IntegrationTests.Tests.Payments.MyaccountTest">
    <skipped/>
  </testcase> <!-- @BeforeMethod instantiateHelpers -->
  <testcase name="@AfterMethod teardown" time="0.0" classname="IntegrationTests.Tests.Payments.MyaccountTest">
    <failure type="java.lang.NullPointerException">
      <![CDATA[java.lang.NullPointerException
	at UITestFramework.CreateSession.teardown(CreateSession.java:154)
... Removed 25 stack frames]]>
    </failure>
  </testcase> <!-- @AfterMethod teardown -->
  <testcase name="@BeforeMethod createDriver" time="0.0" classname="IntegrationTests.Tests.Payments.MyaccountTest">
    <skipped/>
  </testcase> <!-- @BeforeMethod createDriver -->
  <testcase name="@BeforeMethod instantiateHelpers" time="0.0" classname="IntegrationTests.Tests.Payments.MyaccountTest">
    <skipped/>
  </testcase> <!-- @BeforeMethod instantiateHelpers -->
  <testcase name="@AfterMethod teardown" time="0.0" classname="IntegrationTests.Tests.Payments.MyaccountTest">
    <failure type="java.lang.NullPointerException">
      <![CDATA[java.lang.NullPointerException
	at UITestFramework.CreateSession.teardown(CreateSession.java:154)
... Removed 25 stack frames]]>
    </failure>
  </testcase> <!-- @AfterMethod teardown -->
  <testcase name="@BeforeMethod createDriver" time="0.0" classname="IntegrationTests.Tests.Payments.AddMoneyTest">
    <skipped/>
  </testcase> <!-- @BeforeMethod createDriver -->
  <testcase name="@BeforeMethod instantiateHelpers" time="0.0" classname="IntegrationTests.Tests.Payments.AddMoneyTest">
    <skipped/>
  </testcase> <!-- @BeforeMethod instantiateHelpers -->
  <testcase name="@AfterMethod teardown" time="0.0" classname="IntegrationTests.Tests.Payments.AddMoneyTest">
    <failure type="java.lang.NullPointerException">
      <![CDATA[java.lang.NullPointerException
	at UITestFramework.CreateSession.teardown(CreateSession.java:154)
... Removed 25 stack frames]]>
    </failure>
  </testcase> <!-- @AfterMethod teardown -->
  <testcase name="@BeforeMethod createDriver" time="0.0" classname="IntegrationTests.Tests.Payments.AddMoneyTest">
    <skipped/>
  </testcase> <!-- @BeforeMethod createDriver -->
  <testcase name="@BeforeMethod instantiateHelpers" time="0.0" classname="IntegrationTests.Tests.Payments.AddMoneyTest">
    <skipped/>
  </testcase> <!-- @BeforeMethod instantiateHelpers -->
  <testcase name="@AfterMethod teardown" time="0.0" classname="IntegrationTests.Tests.Payments.AddMoneyTest">
    <failure type="java.lang.NullPointerException">
      <![CDATA[java.lang.NullPointerException
	at UITestFramework.CreateSession.teardown(CreateSession.java:154)
... Removed 25 stack frames]]>
    </failure>
  </testcase> <!-- @AfterMethod teardown -->
  <testcase name="@BeforeMethod createDriver" time="0.0" classname="IntegrationTests.Tests.Payments.AddMoneyTest">
    <skipped/>
  </testcase> <!-- @BeforeMethod createDriver -->
  <testcase name="@BeforeMethod instantiateHelpers" time="0.0" classname="IntegrationTests.Tests.Payments.AddMoneyTest">
    <skipped/>
  </testcase> <!-- @BeforeMethod instantiateHelpers -->
  <testcase name="@AfterMethod teardown" time="0.0" classname="IntegrationTests.Tests.Payments.AddMoneyTest">
    <failure type="java.lang.NullPointerException">
      <![CDATA[java.lang.NullPointerException
	at UITestFramework.CreateSession.teardown(CreateSession.java:154)
... Removed 25 stack frames]]>
    </failure>
  </testcase> <!-- @AfterMethod teardown -->
  <testcase name="@BeforeMethod createDriver" time="0.0" classname="IntegrationTests.Tests.Payments.AddMoneyTest">
    <skipped/>
  </testcase> <!-- @BeforeMethod createDriver -->
  <testcase name="@BeforeMethod instantiateHelpers" time="0.0" classname="IntegrationTests.Tests.Payments.AddMoneyTest">
    <skipped/>
  </testcase> <!-- @BeforeMethod instantiateHelpers -->
  <testcase name="@AfterMethod teardown" time="0.0" classname="IntegrationTests.Tests.Payments.AddMoneyTest">
    <failure type="java.lang.NullPointerException">
      <![CDATA[java.lang.NullPointerException
	at UITestFramework.CreateSession.teardown(CreateSession.java:154)
... Removed 25 stack frames]]>
    </failure>
  </testcase> <!-- @AfterMethod teardown -->
  <testcase name="@BeforeMethod createDriver" time="0.0" classname="IntegrationTests.Tests.Payments.AddMoneyTest">
    <skipped/>
  </testcase> <!-- @BeforeMethod createDriver -->
  <testcase name="@BeforeMethod instantiateHelpers" time="0.0" classname="IntegrationTests.Tests.Payments.AddMoneyTest">
    <skipped/>
  </testcase> <!-- @BeforeMethod instantiateHelpers -->
  <testcase name="@AfterMethod teardown" time="0.0" classname="IntegrationTests.Tests.Payments.AddMoneyTest">
    <failure type="java.lang.NullPointerException">
      <![CDATA[java.lang.NullPointerException
	at UITestFramework.CreateSession.teardown(CreateSession.java:154)
... Removed 25 stack frames]]>
    </failure>
  </testcase> <!-- @AfterMethod teardown -->
  <testcase name="@BeforeMethod createDriver" time="0.0" classname="IntegrationTests.Tests.Payments.AddMoneyTest">
    <skipped/>
  </testcase> <!-- @BeforeMethod createDriver -->
  <testcase name="@BeforeMethod instantiateHelpers" time="0.0" classname="IntegrationTests.Tests.Payments.AddMoneyTest">
    <skipped/>
  </testcase> <!-- @BeforeMethod instantiateHelpers -->
  <testcase name="@AfterMethod teardown" time="0.0" classname="IntegrationTests.Tests.Payments.AddMoneyTest">
    <failure type="java.lang.NullPointerException">
      <![CDATA[java.lang.NullPointerException
	at UITestFramework.CreateSession.teardown(CreateSession.java:154)
... Removed 25 stack frames]]>
    </failure>
  </testcase> <!-- @AfterMethod teardown -->
  <testcase name="@BeforeMethod createDriver" time="0.0" classname="IntegrationTests.Tests.Payments.AddMoneyTest">
    <skipped/>
  </testcase> <!-- @BeforeMethod createDriver -->
  <testcase name="@BeforeMethod instantiateHelpers" time="0.0" classname="IntegrationTests.Tests.Payments.AddMoneyTest">
    <skipped/>
  </testcase> <!-- @BeforeMethod instantiateHelpers -->
  <testcase name="@AfterMethod teardown" time="0.0" classname="IntegrationTests.Tests.Payments.AddMoneyTest">
    <failure type="java.lang.NullPointerException">
      <![CDATA[java.lang.NullPointerException
	at UITestFramework.CreateSession.teardown(CreateSession.java:154)
... Removed 25 stack frames]]>
    </failure>
  </testcase> <!-- @AfterMethod teardown -->
  <testcase name="@BeforeMethod createDriver" time="0.0" classname="IntegrationTests.Tests.Payments.AddMoneyTest">
    <skipped/>
  </testcase> <!-- @BeforeMethod createDriver -->
  <testcase name="@BeforeMethod instantiateHelpers" time="0.0" classname="IntegrationTests.Tests.Payments.AddMoneyTest">
    <skipped/>
  </testcase> <!-- @BeforeMethod instantiateHelpers -->
  <testcase name="@AfterMethod teardown" time="0.0" classname="IntegrationTests.Tests.Payments.AddMoneyTest">
    <failure type="java.lang.NullPointerException">
      <![CDATA[java.lang.NullPointerException
	at UITestFramework.CreateSession.teardown(CreateSession.java:154)
... Removed 25 stack frames]]>
    </failure>
  </testcase> <!-- @AfterMethod teardown -->
  <testcase name="@BeforeMethod createDriver" time="0.0" classname="IntegrationTests.Tests.Payments.AddMoneyTest">
    <skipped/>
  </testcase> <!-- @BeforeMethod createDriver -->
  <testcase name="@BeforeMethod instantiateHelpers" time="0.0" classname="IntegrationTests.Tests.Payments.AddMoneyTest">
    <skipped/>
  </testcase> <!-- @BeforeMethod instantiateHelpers -->
  <testcase name="@AfterMethod teardown" time="0.0" classname="IntegrationTests.Tests.Payments.AddMoneyTest">
    <failure type="java.lang.NullPointerException">
      <![CDATA[java.lang.NullPointerException
	at UITestFramework.CreateSession.teardown(CreateSession.java:154)
... Removed 25 stack frames]]>
    </failure>
  </testcase> <!-- @AfterMethod teardown -->
  <testcase name="@BeforeMethod createDriver" time="0.0" classname="IntegrationTests.Tests.Payments.AddMoneyTest">
    <skipped/>
  </testcase> <!-- @BeforeMethod createDriver -->
  <testcase name="@BeforeMethod instantiateHelpers" time="0.0" classname="IntegrationTests.Tests.Payments.AddMoneyTest">
    <skipped/>
  </testcase> <!-- @BeforeMethod instantiateHelpers -->
  <testcase name="@AfterMethod teardown" time="0.0" classname="IntegrationTests.Tests.Payments.AddMoneyTest">
    <failure type="java.lang.NullPointerException">
      <![CDATA[java.lang.NullPointerException
	at UITestFramework.CreateSession.teardown(CreateSession.java:154)
... Removed 25 stack frames]]>
    </failure>
  </testcase> <!-- @AfterMethod teardown -->
  <testcase name="@BeforeMethod createDriver" time="0.0" classname="IntegrationTests.Tests.Payments.AddMoneyTest">
    <skipped/>
  </testcase> <!-- @BeforeMethod createDriver -->
  <testcase name="@BeforeMethod instantiateHelpers" time="0.0" classname="IntegrationTests.Tests.Payments.AddMoneyTest">
    <skipped/>
  </testcase> <!-- @BeforeMethod instantiateHelpers -->
  <testcase name="@AfterMethod teardown" time="0.0" classname="IntegrationTests.Tests.Payments.AddMoneyTest">
    <failure type="java.lang.NullPointerException">
      <![CDATA[java.lang.NullPointerException
	at UITestFramework.CreateSession.teardown(CreateSession.java:154)
... Removed 25 stack frames]]>
    </failure>
  </testcase> <!-- @AfterMethod teardown -->
  <testcase name="@BeforeMethod createDriver" time="0.0" classname="IntegrationTests.Tests.Payments.AddMoneyTest">
    <skipped/>
  </testcase> <!-- @BeforeMethod createDriver -->
  <testcase name="@BeforeMethod instantiateHelpers" time="0.0" classname="IntegrationTests.Tests.Payments.AddMoneyTest">
    <skipped/>
  </testcase> <!-- @BeforeMethod instantiateHelpers -->
  <testcase name="@AfterMethod teardown" time="0.0" classname="IntegrationTests.Tests.Payments.AddMoneyTest">
    <failure type="java.lang.NullPointerException">
      <![CDATA[java.lang.NullPointerException
	at UITestFramework.CreateSession.teardown(CreateSession.java:154)
... Removed 25 stack frames]]>
    </failure>
  </testcase> <!-- @AfterMethod teardown -->
  <testcase name="@BeforeMethod createDriver" time="0.0" classname="IntegrationTests.Tests.Payments.AddMoneyTest">
    <skipped/>
  </testcase> <!-- @BeforeMethod createDriver -->
  <testcase name="@BeforeMethod instantiateHelpers" time="0.0" classname="IntegrationTests.Tests.Payments.AddMoneyTest">
    <skipped/>
  </testcase> <!-- @BeforeMethod instantiateHelpers -->
  <testcase name="@AfterMethod teardown" time="0.0" classname="IntegrationTests.Tests.Payments.AddMoneyTest">
    <failure type="java.lang.NullPointerException">
      <![CDATA[java.lang.NullPointerException
	at UITestFramework.CreateSession.teardown(CreateSession.java:154)
... Removed 25 stack frames]]>
    </failure>
  </testcase> <!-- @AfterMethod teardown -->
  <testcase name="@BeforeMethod createDriver" time="0.0" classname="IntegrationTests.Tests.Payments.AddMoneyTest">
    <skipped/>
  </testcase> <!-- @BeforeMethod createDriver -->
  <testcase name="@BeforeMethod instantiateHelpers" time="0.0" classname="IntegrationTests.Tests.Payments.AddMoneyTest">
    <skipped/>
  </testcase> <!-- @BeforeMethod instantiateHelpers -->
  <testcase name="@AfterMethod teardown" time="0.0" classname="IntegrationTests.Tests.Payments.AddMoneyTest">
    <failure type="java.lang.NullPointerException">
      <![CDATA[java.lang.NullPointerException
	at UITestFramework.CreateSession.teardown(CreateSession.java:154)
... Removed 25 stack frames]]>
    </failure>
  </testcase> <!-- @AfterMethod teardown -->
  <testcase name="@BeforeMethod createDriver" time="0.0" classname="IntegrationTests.Tests.Payments.AddMoneyTest">
    <skipped/>
  </testcase> <!-- @BeforeMethod createDriver -->
  <testcase name="@BeforeMethod instantiateHelpers" time="0.0" classname="IntegrationTests.Tests.Payments.AddMoneyTest">
    <skipped/>
  </testcase> <!-- @BeforeMethod instantiateHelpers -->
  <testcase name="@AfterMethod teardown" time="0.0" classname="IntegrationTests.Tests.Payments.AddMoneyTest">
    <failure type="java.lang.NullPointerException">
      <![CDATA[java.lang.NullPointerException
	at UITestFramework.CreateSession.teardown(CreateSession.java:154)
... Removed 25 stack frames]]>
    </failure>
  </testcase> <!-- @AfterMethod teardown -->
  <testcase name="@BeforeMethod createDriver" time="0.0" classname="IntegrationTests.Tests.Payments.AddMoneyTest">
    <skipped/>
  </testcase> <!-- @BeforeMethod createDriver -->
  <testcase name="@BeforeMethod instantiateHelpers" time="0.0" classname="IntegrationTests.Tests.Payments.AddMoneyTest">
    <skipped/>
  </testcase> <!-- @BeforeMethod instantiateHelpers -->
  <testcase name="@AfterMethod teardown" time="0.0" classname="IntegrationTests.Tests.Payments.AddMoneyTest">
    <failure type="java.lang.NullPointerException">
      <![CDATA[java.lang.NullPointerException
	at UITestFramework.CreateSession.teardown(CreateSession.java:154)
... Removed 25 stack frames]]>
    </failure>
  </testcase> <!-- @AfterMethod teardown -->
  <testcase name="@BeforeMethod createDriver" time="0.0" classname="IntegrationTests.Tests.Payments.AddMoneyTest">
    <skipped/>
  </testcase> <!-- @BeforeMethod createDriver -->
  <testcase name="@BeforeMethod instantiateHelpers" time="0.0" classname="IntegrationTests.Tests.Payments.AddMoneyTest">
    <skipped/>
  </testcase> <!-- @BeforeMethod instantiateHelpers -->
  <testcase name="@AfterMethod teardown" time="0.0" classname="IntegrationTests.Tests.Payments.AddMoneyTest">
    <failure type="java.lang.NullPointerException">
      <![CDATA[java.lang.NullPointerException
	at UITestFramework.CreateSession.teardown(CreateSession.java:154)
... Removed 25 stack frames]]>
    </failure>
  </testcase> <!-- @AfterMethod teardown -->
  <testcase name="@BeforeMethod createDriver" time="0.0" classname="IntegrationTests.Tests.Payments.AddMoneyTest">
    <skipped/>
  </testcase> <!-- @BeforeMethod createDriver -->
  <testcase name="@BeforeMethod instantiateHelpers" time="0.0" classname="IntegrationTests.Tests.Payments.AddMoneyTest">
    <skipped/>
  </testcase> <!-- @BeforeMethod instantiateHelpers -->
  <testcase name="@AfterMethod teardown" time="0.0" classname="IntegrationTests.Tests.Payments.AddMoneyTest">
    <failure type="java.lang.NullPointerException">
      <![CDATA[java.lang.NullPointerException
	at UITestFramework.CreateSession.teardown(CreateSession.java:154)
... Removed 25 stack frames]]>
    </failure>
  </testcase> <!-- @AfterMethod teardown -->
  <testcase name="@BeforeMethod createDriver" time="0.0" classname="IntegrationTests.Tests.Payments.LoginTest">
    <skipped/>
  </testcase> <!-- @BeforeMethod createDriver -->
  <testcase name="@BeforeMethod instantiateHelpers" time="0.0" classname="IntegrationTests.Tests.Payments.LoginTest">
    <skipped/>
  </testcase> <!-- @BeforeMethod instantiateHelpers -->
  <testcase name="@AfterMethod teardown" time="0.0" classname="IntegrationTests.Tests.Payments.LoginTest">
    <failure type="java.lang.NullPointerException">
      <![CDATA[java.lang.NullPointerException
	at UITestFramework.CreateSession.teardown(CreateSession.java:154)
... Removed 25 stack frames]]>
    </failure>
  </testcase> <!-- @AfterMethod teardown -->
  <testcase name="@BeforeMethod createDriver" time="0.0" classname="IntegrationTests.Tests.Payments.LoginTest">
    <skipped/>
  </testcase> <!-- @BeforeMethod createDriver -->
  <testcase name="@BeforeMethod instantiateHelpers" time="0.0" classname="IntegrationTests.Tests.Payments.LoginTest">
    <skipped/>
  </testcase> <!-- @BeforeMethod instantiateHelpers -->
  <testcase name="@AfterMethod teardown" time="0.0" classname="IntegrationTests.Tests.Payments.LoginTest">
    <failure type="java.lang.NullPointerException">
      <![CDATA[java.lang.NullPointerException
	at UITestFramework.CreateSession.teardown(CreateSession.java:154)
... Removed 25 stack frames]]>
    </failure>
  </testcase> <!-- @AfterMethod teardown -->
  <testcase name="@BeforeMethod createDriver" time="0.0" classname="IntegrationTests.Tests.Payments.LoginTest">
    <skipped/>
  </testcase> <!-- @BeforeMethod createDriver -->
  <testcase name="@BeforeMethod instantiateHelpers" time="0.0" classname="IntegrationTests.Tests.Payments.LoginTest">
    <skipped/>
  </testcase> <!-- @BeforeMethod instantiateHelpers -->
  <testcase name="@AfterMethod teardown" time="0.0" classname="IntegrationTests.Tests.Payments.LoginTest">
    <failure type="java.lang.NullPointerException">
      <![CDATA[java.lang.NullPointerException
	at UITestFramework.CreateSession.teardown(CreateSession.java:154)
... Removed 25 stack frames]]>
    </failure>
  </testcase> <!-- @AfterMethod teardown -->
  <testcase name="@BeforeMethod createDriver" time="0.0" classname="IntegrationTests.Tests.Payments.CashPayTest">
    <skipped/>
  </testcase> <!-- @BeforeMethod createDriver -->
  <testcase name="@BeforeMethod instantiateHelpers" time="0.0" classname="IntegrationTests.Tests.Payments.CashPayTest">
    <skipped/>
  </testcase> <!-- @BeforeMethod instantiateHelpers -->
  <testcase name="@AfterMethod teardown" time="0.0" classname="IntegrationTests.Tests.Payments.CashPayTest">
    <failure type="java.lang.NullPointerException">
      <![CDATA[java.lang.NullPointerException
	at UITestFramework.CreateSession.teardown(CreateSession.java:154)
... Removed 25 stack frames]]>
    </failure>
  </testcase> <!-- @AfterMethod teardown -->
  <testcase name="@BeforeMethod createDriver" time="0.0" classname="IntegrationTests.Tests.Payments.CashPayTest">
    <skipped/>
  </testcase> <!-- @BeforeMethod createDriver -->
  <testcase name="@BeforeMethod instantiateHelpers" time="0.0" classname="IntegrationTests.Tests.Payments.CashPayTest">
    <skipped/>
  </testcase> <!-- @BeforeMethod instantiateHelpers -->
  <testcase name="@AfterMethod teardown" time="0.0" classname="IntegrationTests.Tests.Payments.CashPayTest">
    <failure type="java.lang.NullPointerException">
      <![CDATA[java.lang.NullPointerException
	at UITestFramework.CreateSession.teardown(CreateSession.java:154)
... Removed 25 stack frames]]>
    </failure>
  </testcase> <!-- @AfterMethod teardown -->
  <testcase name="@BeforeMethod createDriver" time="0.0" classname="IntegrationTests.Tests.Payments.CashPayTest">
    <skipped/>
  </testcase> <!-- @BeforeMethod createDriver -->
  <testcase name="@BeforeMethod instantiateHelpers" time="0.0" classname="IntegrationTests.Tests.Payments.CashPayTest">
    <skipped/>
  </testcase> <!-- @BeforeMethod instantiateHelpers -->
  <testcase name="@AfterMethod teardown" time="0.0" classname="IntegrationTests.Tests.Payments.CashPayTest">
    <failure type="java.lang.NullPointerException">
      <![CDATA[java.lang.NullPointerException
	at UITestFramework.CreateSession.teardown(CreateSession.java:154)
... Removed 25 stack frames]]>
    </failure>
  </testcase> <!-- @AfterMethod teardown -->
  <testcase name="@BeforeMethod createDriver" time="0.0" classname="IntegrationTests.Tests.Payments.CashPayTest">
    <skipped/>
  </testcase> <!-- @BeforeMethod createDriver -->
  <testcase name="@BeforeMethod instantiateHelpers" time="0.0" classname="IntegrationTests.Tests.Payments.CashPayTest">
    <skipped/>
  </testcase> <!-- @BeforeMethod instantiateHelpers -->
  <testcase name="@AfterMethod teardown" time="0.0" classname="IntegrationTests.Tests.Payments.CashPayTest">
    <failure type="java.lang.NullPointerException">
      <![CDATA[java.lang.NullPointerException
	at UITestFramework.CreateSession.teardown(CreateSession.java:154)
... Removed 25 stack frames]]>
    </failure>
  </testcase> <!-- @AfterMethod teardown -->
  <testcase name="@BeforeMethod createDriver" time="0.0" classname="IntegrationTests.Tests.Payments.CashPayTest">
    <skipped/>
  </testcase> <!-- @BeforeMethod createDriver -->
  <testcase name="@BeforeMethod instantiateHelpers" time="0.0" classname="IntegrationTests.Tests.Payments.CashPayTest">
    <skipped/>
  </testcase> <!-- @BeforeMethod instantiateHelpers -->
  <testcase name="@AfterMethod teardown" time="0.0" classname="IntegrationTests.Tests.Payments.CashPayTest">
    <failure type="java.lang.NullPointerException">
      <![CDATA[java.lang.NullPointerException
	at UITestFramework.CreateSession.teardown(CreateSession.java:154)
... Removed 25 stack frames]]>
    </failure>
  </testcase> <!-- @AfterMethod teardown -->
  <testcase name="@BeforeMethod createDriver" time="0.0" classname="IntegrationTests.Tests.Payments.CashPayTest">
    <skipped/>
  </testcase> <!-- @BeforeMethod createDriver -->
  <testcase name="@BeforeMethod instantiateHelpers" time="0.0" classname="IntegrationTests.Tests.Payments.CashPayTest">
    <skipped/>
  </testcase> <!-- @BeforeMethod instantiateHelpers -->
  <testcase name="@AfterMethod teardown" time="0.0" classname="IntegrationTests.Tests.Payments.CashPayTest">
    <failure type="java.lang.NullPointerException">
      <![CDATA[java.lang.NullPointerException
	at UITestFramework.CreateSession.teardown(CreateSession.java:154)
... Removed 25 stack frames]]>
    </failure>
  </testcase> <!-- @AfterMethod teardown -->
  <testcase name="@BeforeMethod createDriver" time="0.0" classname="IntegrationTests.Tests.Payments.CashpickupTest">
    <skipped/>
  </testcase> <!-- @BeforeMethod createDriver -->
  <testcase name="@BeforeMethod instantiateHelpers" time="0.0" classname="IntegrationTests.Tests.Payments.CashpickupTest">
    <skipped/>
  </testcase> <!-- @BeforeMethod instantiateHelpers -->
  <testcase name="@AfterMethod teardown" time="0.0" classname="IntegrationTests.Tests.Payments.CashpickupTest">
    <failure type="java.lang.NullPointerException">
      <![CDATA[java.lang.NullPointerException
	at UITestFramework.CreateSession.teardown(CreateSession.java:154)
... Removed 25 stack frames]]>
    </failure>
  </testcase> <!-- @AfterMethod teardown -->
  <testcase name="@BeforeMethod createDriver" time="0.0" classname="IntegrationTests.Tests.Payments.CashpickupTest">
    <skipped/>
  </testcase> <!-- @BeforeMethod createDriver -->
  <testcase name="@BeforeMethod instantiateHelpers" time="0.0" classname="IntegrationTests.Tests.Payments.CashpickupTest">
    <skipped/>
  </testcase> <!-- @BeforeMethod instantiateHelpers -->
  <testcase name="@AfterMethod teardown" time="0.0" classname="IntegrationTests.Tests.Payments.CashpickupTest">
    <failure type="java.lang.NullPointerException">
      <![CDATA[java.lang.NullPointerException
	at UITestFramework.CreateSession.teardown(CreateSession.java:154)
... Removed 25 stack frames]]>
    </failure>
  </testcase> <!-- @AfterMethod teardown -->
  <testcase name="@BeforeMethod createDriver" time="0.0" classname="IntegrationTests.Tests.Payments.CashpickupTest">
    <skipped/>
  </testcase> <!-- @BeforeMethod createDriver -->
  <testcase name="@BeforeMethod instantiateHelpers" time="0.0" classname="IntegrationTests.Tests.Payments.CashpickupTest">
    <skipped/>
  </testcase> <!-- @BeforeMethod instantiateHelpers -->
  <testcase name="@AfterMethod teardown" time="0.0" classname="IntegrationTests.Tests.Payments.CashpickupTest">
    <failure type="java.lang.NullPointerException">
      <![CDATA[java.lang.NullPointerException
	at UITestFramework.CreateSession.teardown(CreateSession.java:154)
... Removed 25 stack frames]]>
    </failure>
  </testcase> <!-- @AfterMethod teardown -->
  <testcase name="@BeforeMethod createDriver" time="0.0" classname="IntegrationTests.Tests.Payments.CashpickupTest">
    <skipped/>
  </testcase> <!-- @BeforeMethod createDriver -->
  <testcase name="@BeforeMethod instantiateHelpers" time="0.0" classname="IntegrationTests.Tests.Payments.CashpickupTest">
    <skipped/>
  </testcase> <!-- @BeforeMethod instantiateHelpers -->
  <testcase name="@AfterMethod teardown" time="0.0" classname="IntegrationTests.Tests.Payments.CashpickupTest">
    <failure type="java.lang.NullPointerException">
      <![CDATA[java.lang.NullPointerException
	at UITestFramework.CreateSession.teardown(CreateSession.java:154)
... Removed 25 stack frames]]>
    </failure>
  </testcase> <!-- @AfterMethod teardown -->
  <testcase name="@BeforeMethod createDriver" time="0.0" classname="IntegrationTests.Tests.Payments.RequestMoneyTest">
    <skipped/>
  </testcase> <!-- @BeforeMethod createDriver -->
  <testcase name="@BeforeMethod instantiateHelpers" time="0.0" classname="IntegrationTests.Tests.Payments.RequestMoneyTest">
    <skipped/>
  </testcase> <!-- @BeforeMethod instantiateHelpers -->
  <testcase name="@AfterMethod teardown" time="0.0" classname="IntegrationTests.Tests.Payments.RequestMoneyTest">
    <failure type="java.lang.NullPointerException">
      <![CDATA[java.lang.NullPointerException
	at UITestFramework.CreateSession.teardown(CreateSession.java:154)
... Removed 25 stack frames]]>
    </failure>
  </testcase> <!-- @AfterMethod teardown -->
  <testcase name="@BeforeMethod createDriver" time="0.0" classname="IntegrationTests.Tests.Payments.RequestMoneyTest">
    <skipped/>
  </testcase> <!-- @BeforeMethod createDriver -->
  <testcase name="@BeforeMethod instantiateHelpers" time="0.0" classname="IntegrationTests.Tests.Payments.RequestMoneyTest">
    <skipped/>
  </testcase> <!-- @BeforeMethod instantiateHelpers -->
  <testcase name="@AfterMethod teardown" time="0.0" classname="IntegrationTests.Tests.Payments.RequestMoneyTest">
    <failure type="java.lang.NullPointerException">
      <![CDATA[java.lang.NullPointerException
	at UITestFramework.CreateSession.teardown(CreateSession.java:154)
... Removed 25 stack frames]]>
    </failure>
  </testcase> <!-- @AfterMethod teardown -->
  <testcase name="@BeforeMethod createDriver" time="0.0" classname="IntegrationTests.Tests.Payments.RequestMoneyTest">
    <skipped/>
  </testcase> <!-- @BeforeMethod createDriver -->
  <testcase name="@BeforeMethod instantiateHelpers" time="0.0" classname="IntegrationTests.Tests.Payments.RequestMoneyTest">
    <skipped/>
  </testcase> <!-- @BeforeMethod instantiateHelpers -->
  <testcase name="@AfterMethod teardown" time="0.0" classname="IntegrationTests.Tests.Payments.RequestMoneyTest">
    <failure type="java.lang.NullPointerException">
      <![CDATA[java.lang.NullPointerException
	at UITestFramework.CreateSession.teardown(CreateSession.java:154)
... Removed 25 stack frames]]>
    </failure>
  </testcase> <!-- @AfterMethod teardown -->
  <testcase name="@BeforeMethod createDriver" time="0.0" classname="IntegrationTests.Tests.Payments.RequestMoneyTest">
    <skipped/>
  </testcase> <!-- @BeforeMethod createDriver -->
  <testcase name="@BeforeMethod instantiateHelpers" time="0.0" classname="IntegrationTests.Tests.Payments.RequestMoneyTest">
    <skipped/>
  </testcase> <!-- @BeforeMethod instantiateHelpers -->
  <testcase name="@AfterMethod teardown" time="0.0" classname="IntegrationTests.Tests.Payments.RequestMoneyTest">
    <failure type="java.lang.NullPointerException">
      <![CDATA[java.lang.NullPointerException
	at UITestFramework.CreateSession.teardown(CreateSession.java:154)
... Removed 25 stack frames]]>
    </failure>
  </testcase> <!-- @AfterMethod teardown -->
  <testcase name="@BeforeMethod createDriver" time="0.0" classname="IntegrationTests.Tests.Payments.RequestMoneyTest">
    <skipped/>
  </testcase> <!-- @BeforeMethod createDriver -->
  <testcase name="@BeforeMethod instantiateHelpers" time="0.0" classname="IntegrationTests.Tests.Payments.RequestMoneyTest">
    <skipped/>
  </testcase> <!-- @BeforeMethod instantiateHelpers -->
  <testcase name="@AfterMethod teardown" time="0.0" classname="IntegrationTests.Tests.Payments.RequestMoneyTest">
    <failure type="java.lang.NullPointerException">
      <![CDATA[java.lang.NullPointerException
	at UITestFramework.CreateSession.teardown(CreateSession.java:154)
... Removed 25 stack frames]]>
    </failure>
  </testcase> <!-- @AfterMethod teardown -->
  <testcase name="@BeforeMethod createDriver" time="0.0" classname="IntegrationTests.Tests.Payments.RequestMoneyTest">
    <skipped/>
  </testcase> <!-- @BeforeMethod createDriver -->
  <testcase name="@BeforeMethod instantiateHelpers" time="0.0" classname="IntegrationTests.Tests.Payments.RequestMoneyTest">
    <skipped/>
  </testcase> <!-- @BeforeMethod instantiateHelpers -->
  <testcase name="@AfterMethod teardown" time="0.0" classname="IntegrationTests.Tests.Payments.RequestMoneyTest">
    <failure type="java.lang.NullPointerException">
      <![CDATA[java.lang.NullPointerException
	at UITestFramework.CreateSession.teardown(CreateSession.java:154)
... Removed 25 stack frames]]>
    </failure>
  </testcase> <!-- @AfterMethod teardown -->
  <testcase name="@BeforeMethod createDriver" time="0.0" classname="IntegrationTests.Tests.Payments.RequestMoneyTest">
    <skipped/>
  </testcase> <!-- @BeforeMethod createDriver -->
  <testcase name="@BeforeMethod instantiateHelpers" time="0.0" classname="IntegrationTests.Tests.Payments.RequestMoneyTest">
    <skipped/>
  </testcase> <!-- @BeforeMethod instantiateHelpers -->
  <testcase name="@AfterMethod teardown" time="0.0" classname="IntegrationTests.Tests.Payments.RequestMoneyTest">
    <failure type="java.lang.NullPointerException">
      <![CDATA[java.lang.NullPointerException
	at UITestFramework.CreateSession.teardown(CreateSession.java:154)
... Removed 25 stack frames]]>
    </failure>
  </testcase> <!-- @AfterMethod teardown -->
  <testcase name="@BeforeMethod createDriver" time="0.0" classname="IntegrationTests.Tests.Payments.RequestMoneyTest">
    <skipped/>
  </testcase> <!-- @BeforeMethod createDriver -->
  <testcase name="@BeforeMethod instantiateHelpers" time="0.0" classname="IntegrationTests.Tests.Payments.RequestMoneyTest">
    <skipped/>
  </testcase> <!-- @BeforeMethod instantiateHelpers -->
  <testcase name="@AfterMethod teardown" time="0.0" classname="IntegrationTests.Tests.Payments.RequestMoneyTest">
    <failure type="java.lang.NullPointerException">
      <![CDATA[java.lang.NullPointerException
	at UITestFramework.CreateSession.teardown(CreateSession.java:154)
... Removed 25 stack frames]]>
    </failure>
  </testcase> <!-- @AfterMethod teardown -->
  <testcase name="@BeforeMethod createDriver" time="0.0" classname="IntegrationTests.Tests.Payments.RequestMoneyTest">
    <skipped/>
  </testcase> <!-- @BeforeMethod createDriver -->
  <testcase name="@BeforeMethod instantiateHelpers" time="0.0" classname="IntegrationTests.Tests.Payments.RequestMoneyTest">
    <skipped/>
  </testcase> <!-- @BeforeMethod instantiateHelpers -->
  <testcase name="@AfterMethod teardown" time="0.0" classname="IntegrationTests.Tests.Payments.RequestMoneyTest">
    <failure type="java.lang.NullPointerException">
      <![CDATA[java.lang.NullPointerException
	at UITestFramework.CreateSession.teardown(CreateSession.java:154)
... Removed 25 stack frames]]>
    </failure>
  </testcase> <!-- @AfterMethod teardown -->
  <testcase name="@BeforeMethod createDriver" time="0.0" classname="IntegrationTests.Tests.Payments.RequestMoneyTest">
    <skipped/>
  </testcase> <!-- @BeforeMethod createDriver -->
  <testcase name="@BeforeMethod instantiateHelpers" time="0.0" classname="IntegrationTests.Tests.Payments.RequestMoneyTest">
    <skipped/>
  </testcase> <!-- @BeforeMethod instantiateHelpers -->
  <testcase name="@AfterMethod teardown" time="0.0" classname="IntegrationTests.Tests.Payments.RequestMoneyTest">
    <failure type="java.lang.NullPointerException">
      <![CDATA[java.lang.NullPointerException
	at UITestFramework.CreateSession.teardown(CreateSession.java:154)
... Removed 25 stack frames]]>
    </failure>
  </testcase> <!-- @AfterMethod teardown -->
  <testcase name="@BeforeMethod createDriver" time="0.0" classname="IntegrationTests.Tests.Payments.RequestMoneyTest">
    <skipped/>
  </testcase> <!-- @BeforeMethod createDriver -->
  <testcase name="@BeforeMethod instantiateHelpers" time="0.0" classname="IntegrationTests.Tests.Payments.RequestMoneyTest">
    <skipped/>
  </testcase> <!-- @BeforeMethod instantiateHelpers -->
  <testcase name="@AfterMethod teardown" time="0.0" classname="IntegrationTests.Tests.Payments.RequestMoneyTest">
    <failure type="java.lang.NullPointerException">
      <![CDATA[java.lang.NullPointerException
	at UITestFramework.CreateSession.teardown(CreateSession.java:154)
... Removed 25 stack frames]]>
    </failure>
  </testcase> <!-- @AfterMethod teardown -->
  <testcase name="@BeforeMethod createDriver" time="0.0" classname="IntegrationTests.Tests.Payments.RequestMoneyTest">
    <skipped/>
  </testcase> <!-- @BeforeMethod createDriver -->
  <testcase name="@BeforeMethod instantiateHelpers" time="0.0" classname="IntegrationTests.Tests.Payments.RequestMoneyTest">
    <skipped/>
  </testcase> <!-- @BeforeMethod instantiateHelpers -->
  <testcase name="@AfterMethod teardown" time="0.0" classname="IntegrationTests.Tests.Payments.RequestMoneyTest">
    <failure type="java.lang.NullPointerException">
      <![CDATA[java.lang.NullPointerException
	at UITestFramework.CreateSession.teardown(CreateSession.java:154)
... Removed 25 stack frames]]>
    </failure>
  </testcase> <!-- @AfterMethod teardown -->
  <testcase name="@BeforeMethod createDriver" time="0.0" classname="IntegrationTests.Tests.Payments.RequestMoneyTest">
    <skipped/>
  </testcase> <!-- @BeforeMethod createDriver -->
  <testcase name="@BeforeMethod instantiateHelpers" time="0.0" classname="IntegrationTests.Tests.Payments.RequestMoneyTest">
    <skipped/>
  </testcase> <!-- @BeforeMethod instantiateHelpers -->
  <testcase name="@AfterMethod teardown" time="0.0" classname="IntegrationTests.Tests.Payments.RequestMoneyTest">
    <failure type="java.lang.NullPointerException">
      <![CDATA[java.lang.NullPointerException
	at UITestFramework.CreateSession.teardown(CreateSession.java:154)
... Removed 25 stack frames]]>
    </failure>
  </testcase> <!-- @AfterMethod teardown -->
  <testcase name="@BeforeMethod createDriver" time="0.0" classname="IntegrationTests.Tests.Payments.RequestMoneyTest">
    <skipped/>
  </testcase> <!-- @BeforeMethod createDriver -->
  <testcase name="@BeforeMethod instantiateHelpers" time="0.0" classname="IntegrationTests.Tests.Payments.RequestMoneyTest">
    <skipped/>
  </testcase> <!-- @BeforeMethod instantiateHelpers -->
  <testcase name="@AfterMethod teardown" time="0.0" classname="IntegrationTests.Tests.Payments.RequestMoneyTest">
    <failure type="java.lang.NullPointerException">
      <![CDATA[java.lang.NullPointerException
	at UITestFramework.CreateSession.teardown(CreateSession.java:154)
... Removed 25 stack frames]]>
    </failure>
  </testcase> <!-- @AfterMethod teardown -->
  <testcase name="@BeforeMethod createDriver" time="0.0" classname="IntegrationTests.Tests.Payments.RequestMoneyTest">
    <skipped/>
  </testcase> <!-- @BeforeMethod createDriver -->
  <testcase name="@BeforeMethod instantiateHelpers" time="0.0" classname="IntegrationTests.Tests.Payments.RequestMoneyTest">
    <skipped/>
  </testcase> <!-- @BeforeMethod instantiateHelpers -->
  <testcase name="@AfterMethod teardown" time="0.0" classname="IntegrationTests.Tests.Payments.RequestMoneyTest">
    <failure type="java.lang.NullPointerException">
      <![CDATA[java.lang.NullPointerException
	at UITestFramework.CreateSession.teardown(CreateSession.java:154)
... Removed 25 stack frames]]>
    </failure>
  </testcase> <!-- @AfterMethod teardown -->
  <testcase name="@BeforeMethod createDriver" time="0.0" classname="IntegrationTests.Tests.Payments.RequestMoneyTest">
    <skipped/>
  </testcase> <!-- @BeforeMethod createDriver -->
  <testcase name="@BeforeMethod instantiateHelpers" time="0.0" classname="IntegrationTests.Tests.Payments.RequestMoneyTest">
    <skipped/>
  </testcase> <!-- @BeforeMethod instantiateHelpers -->
  <testcase name="@AfterMethod teardown" time="0.0" classname="IntegrationTests.Tests.Payments.RequestMoneyTest">
    <failure type="java.lang.NullPointerException">
      <![CDATA[java.lang.NullPointerException
	at UITestFramework.CreateSession.teardown(CreateSession.java:154)
... Removed 25 stack frames]]>
    </failure>
  </testcase> <!-- @AfterMethod teardown -->
  <testcase name="@BeforeMethod createDriver" time="0.0" classname="IntegrationTests.Tests.Payments.RequestMoneyTest">
    <skipped/>
  </testcase> <!-- @BeforeMethod createDriver -->
  <testcase name="@BeforeMethod instantiateHelpers" time="0.0" classname="IntegrationTests.Tests.Payments.RequestMoneyTest">
    <skipped/>
  </testcase> <!-- @BeforeMethod instantiateHelpers -->
  <testcase name="@AfterMethod teardown" time="0.0" classname="IntegrationTests.Tests.Payments.RequestMoneyTest">
    <failure type="java.lang.NullPointerException">
      <![CDATA[java.lang.NullPointerException
	at UITestFramework.CreateSession.teardown(CreateSession.java:154)
... Removed 25 stack frames]]>
    </failure>
  </testcase> <!-- @AfterMethod teardown -->
  <testcase name="@BeforeMethod createDriver" time="0.0" classname="IntegrationTests.Tests.Payments.RequestMoneyTest">
    <skipped/>
  </testcase> <!-- @BeforeMethod createDriver -->
  <testcase name="@BeforeMethod instantiateHelpers" time="0.0" classname="IntegrationTests.Tests.Payments.RequestMoneyTest">
    <skipped/>
  </testcase> <!-- @BeforeMethod instantiateHelpers -->
  <testcase name="@AfterMethod teardown" time="0.0" classname="IntegrationTests.Tests.Payments.RequestMoneyTest">
    <failure type="java.lang.NullPointerException">
      <![CDATA[java.lang.NullPointerException
	at UITestFramework.CreateSession.teardown(CreateSession.java:154)
... Removed 25 stack frames]]>
    </failure>
  </testcase> <!-- @AfterMethod teardown -->
  <testcase name="@BeforeMethod createDriver" time="0.0" classname="IntegrationTests.Tests.Payments.RequestMoneyTest">
    <skipped/>
  </testcase> <!-- @BeforeMethod createDriver -->
  <testcase name="@BeforeMethod instantiateHelpers" time="0.0" classname="IntegrationTests.Tests.Payments.RequestMoneyTest">
    <skipped/>
  </testcase> <!-- @BeforeMethod instantiateHelpers -->
  <testcase name="@AfterMethod teardown" time="0.0" classname="IntegrationTests.Tests.Payments.RequestMoneyTest">
    <failure type="java.lang.NullPointerException">
      <![CDATA[java.lang.NullPointerException
	at UITestFramework.CreateSession.teardown(CreateSession.java:154)
... Removed 25 stack frames]]>
    </failure>
  </testcase> <!-- @AfterMethod teardown -->
  <testcase name="@BeforeMethod createDriver" time="0.0" classname="IntegrationTests.Tests.Payments.RequestMoneyTest">
    <skipped/>
  </testcase> <!-- @BeforeMethod createDriver -->
  <testcase name="@BeforeMethod instantiateHelpers" time="0.0" classname="IntegrationTests.Tests.Payments.RequestMoneyTest">
    <skipped/>
  </testcase> <!-- @BeforeMethod instantiateHelpers -->
  <testcase name="@AfterMethod teardown" time="0.0" classname="IntegrationTests.Tests.Payments.RequestMoneyTest">
    <failure type="java.lang.NullPointerException">
      <![CDATA[java.lang.NullPointerException
	at UITestFramework.CreateSession.teardown(CreateSession.java:154)
... Removed 25 stack frames]]>
    </failure>
  </testcase> <!-- @AfterMethod teardown -->
  <testcase name="@BeforeMethod createDriver" time="0.0" classname="IntegrationTests.Tests.Payments.RequestMoneyTest">
    <skipped/>
  </testcase> <!-- @BeforeMethod createDriver -->
  <testcase name="@BeforeMethod instantiateHelpers" time="0.0" classname="IntegrationTests.Tests.Payments.RequestMoneyTest">
    <skipped/>
  </testcase> <!-- @BeforeMethod instantiateHelpers -->
  <testcase name="@AfterMethod teardown" time="0.0" classname="IntegrationTests.Tests.Payments.RequestMoneyTest">
    <failure type="java.lang.NullPointerException">
      <![CDATA[java.lang.NullPointerException
	at UITestFramework.CreateSession.teardown(CreateSession.java:154)
... Removed 25 stack frames]]>
    </failure>
  </testcase> <!-- @AfterMethod teardown -->
  <testcase name="@BeforeMethod createDriver" time="0.0" classname="IntegrationTests.Tests.Payments.RequestMoneyTest">
    <skipped/>
  </testcase> <!-- @BeforeMethod createDriver -->
  <testcase name="@BeforeMethod instantiateHelpers" time="0.0" classname="IntegrationTests.Tests.Payments.RequestMoneyTest">
    <skipped/>
  </testcase> <!-- @BeforeMethod instantiateHelpers -->
  <testcase name="@AfterMethod teardown" time="0.0" classname="IntegrationTests.Tests.Payments.RequestMoneyTest">
    <failure type="java.lang.NullPointerException">
      <![CDATA[java.lang.NullPointerException
	at UITestFramework.CreateSession.teardown(CreateSession.java:154)
... Removed 25 stack frames]]>
    </failure>
  </testcase> <!-- @AfterMethod teardown -->
  <testcase name="@BeforeMethod createDriver" time="0.0" classname="IntegrationTests.Tests.Payments.RequestMoneyTest">
    <skipped/>
  </testcase> <!-- @BeforeMethod createDriver -->
  <testcase name="@BeforeMethod instantiateHelpers" time="0.0" classname="IntegrationTests.Tests.Payments.RequestMoneyTest">
    <skipped/>
  </testcase> <!-- @BeforeMethod instantiateHelpers -->
  <testcase name="@AfterMethod teardown" time="0.0" classname="IntegrationTests.Tests.Payments.RequestMoneyTest">
    <failure type="java.lang.NullPointerException">
      <![CDATA[java.lang.NullPointerException
	at UITestFramework.CreateSession.teardown(CreateSession.java:154)
... Removed 25 stack frames]]>
    </failure>
  </testcase> <!-- @AfterMethod teardown -->
  <testcase name="@BeforeMethod createDriver" time="0.0" classname="IntegrationTests.Tests.Payments.RequestMoneyTest">
    <skipped/>
  </testcase> <!-- @BeforeMethod createDriver -->
  <testcase name="@BeforeMethod instantiateHelpers" time="0.0" classname="IntegrationTests.Tests.Payments.RequestMoneyTest">
    <skipped/>
  </testcase> <!-- @BeforeMethod instantiateHelpers -->
  <testcase name="@AfterMethod teardown" time="0.0" classname="IntegrationTests.Tests.Payments.RequestMoneyTest">
    <failure type="java.lang.NullPointerException">
      <![CDATA[java.lang.NullPointerException
	at UITestFramework.CreateSession.teardown(CreateSession.java:154)
... Removed 25 stack frames]]>
    </failure>
  </testcase> <!-- @AfterMethod teardown -->
  <testcase name="@BeforeMethod createDriver" time="0.0" classname="IntegrationTests.Tests.Payments.RequestMoneyTest">
    <skipped/>
  </testcase> <!-- @BeforeMethod createDriver -->
  <testcase name="@BeforeMethod instantiateHelpers" time="0.0" classname="IntegrationTests.Tests.Payments.RequestMoneyTest">
    <skipped/>
  </testcase> <!-- @BeforeMethod instantiateHelpers -->
  <testcase name="@AfterMethod teardown" time="0.0" classname="IntegrationTests.Tests.Payments.RequestMoneyTest">
    <failure type="java.lang.NullPointerException">
      <![CDATA[java.lang.NullPointerException
	at UITestFramework.CreateSession.teardown(CreateSession.java:154)
... Removed 25 stack frames]]>
    </failure>
  </testcase> <!-- @AfterMethod teardown -->
  <testcase name="@BeforeMethod createDriver" time="0.0" classname="IntegrationTests.Tests.Payments.ImpsTest">
    <skipped/>
  </testcase> <!-- @BeforeMethod createDriver -->
  <testcase name="@BeforeMethod instantiateHelpers" time="0.0" classname="IntegrationTests.Tests.Payments.ImpsTest">
    <skipped/>
  </testcase> <!-- @BeforeMethod instantiateHelpers -->
  <testcase name="@AfterMethod teardown" time="0.0" classname="IntegrationTests.Tests.Payments.ImpsTest">
    <failure type="java.lang.NullPointerException">
      <![CDATA[java.lang.NullPointerException
	at UITestFramework.CreateSession.teardown(CreateSession.java:154)
... Removed 25 stack frames]]>
    </failure>
  </testcase> <!-- @AfterMethod teardown -->
  <testcase name="@BeforeMethod createDriver" time="0.0" classname="IntegrationTests.Tests.Payments.ImpsTest">
    <skipped/>
  </testcase> <!-- @BeforeMethod createDriver -->
  <testcase name="@BeforeMethod instantiateHelpers" time="0.0" classname="IntegrationTests.Tests.Payments.ImpsTest">
    <skipped/>
  </testcase> <!-- @BeforeMethod instantiateHelpers -->
  <testcase name="@AfterMethod teardown" time="0.0" classname="IntegrationTests.Tests.Payments.ImpsTest">
    <failure type="java.lang.NullPointerException">
      <![CDATA[java.lang.NullPointerException
	at UITestFramework.CreateSession.teardown(CreateSession.java:154)
... Removed 25 stack frames]]>
    </failure>
  </testcase> <!-- @AfterMethod teardown -->
  <testcase name="payback_RedeemAllPoints" time="0.034" classname="IntegrationTests.Tests.Payments.PaybackTest">
    <skipped/>
  </testcase> <!-- payback_RedeemAllPoints -->
  <testcase name="payback_RedeemLimitedPoints" time="0.0" classname="IntegrationTests.Tests.Payments.PaybackTest">
    <skipped/>
  </testcase> <!-- payback_RedeemLimitedPoints -->
  <testcase name="payback_RedeemZeroPoints" time="0.0" classname="IntegrationTests.Tests.Payments.PaybackTest">
    <skipped/>
  </testcase> <!-- payback_RedeemZeroPoints -->
  <testcase name="payback_checkNotification" time="0.001" classname="IntegrationTests.Tests.Payments.PaybackTest">
    <skipped/>
  </testcase> <!-- payback_checkNotification -->
  <testcase name="payback_checkNotificationLoggedOut" time="0.0" classname="IntegrationTests.Tests.Payments.PaybackTest">
    <skipped/>
  </testcase> <!-- payback_checkNotificationLoggedOut -->
  <testcase name="refer_earnAmount" time="0.0" classname="IntegrationTests.Tests.Payments.Refer_EarnTest">
    <skipped/>
  </testcase> <!-- refer_earnAmount -->
  <testcase name="verify_refer_earnSendMoneyAccept" time="0.0" classname="IntegrationTests.Tests.Payments.Refer_EarnTest">
    <skipped/>
  </testcase> <!-- verify_refer_earnSendMoneyAccept -->
  <testcase name="verify_refer_earnSendMoneyCancel" time="0.001" classname="IntegrationTests.Tests.Payments.Refer_EarnTest">
    <skipped/>
  </testcase> <!-- verify_refer_earnSendMoneyCancel -->
  <testcase name="verify_refer_earnSendMoney_multipleUsers" time="0.0" classname="IntegrationTests.Tests.Payments.Refer_EarnTest">
    <skipped/>
  </testcase> <!-- verify_refer_earnSendMoney_multipleUsers -->
  <testcase name="verify_refer_earnInVisibility" time="0.0" classname="IntegrationTests.Tests.Payments.Refer_EarnTest">
    <skipped/>
  </testcase> <!-- verify_refer_earnInVisibility -->
  <testcase name="verify_refer_earnVisibility" time="0.0" classname="IntegrationTests.Tests.Payments.Refer_EarnTest">
    <skipped/>
  </testcase> <!-- verify_refer_earnVisibility -->
  <testcase name="verify_refer_earnInVisibilityLoggedOut" time="0.001" classname="IntegrationTests.Tests.Payments.Refer_EarnTest">
    <skipped/>
  </testcase> <!-- verify_refer_earnInVisibilityLoggedOut -->
  <testcase name="condition_LoggedIn" time="0.0" classname="IntegrationTests.Tests.Payments.HomeScreenTest">
    <skipped/>
  </testcase> <!-- condition_LoggedIn -->
  <testcase name="condition_NonLoggedIn" time="0.0" classname="IntegrationTests.Tests.Payments.HomeScreenTest">
    <skipped/>
  </testcase> <!-- condition_NonLoggedIn -->
  <testcase name="verifyWalletOffers_HomeScreen" time="0.0" classname="IntegrationTests.Tests.Payments.HomeScreenTest">
    <skipped/>
  </testcase> <!-- verifyWalletOffers_HomeScreen -->
  <testcase name="changing_PIN" time="0.0" classname="IntegrationTests.Tests.Payments.SecurityTest">
    <skipped/>
  </testcase> <!-- changing_PIN -->
  <testcase name="enablePIN" time="0.0" classname="IntegrationTests.Tests.Payments.SecurityTest">
    <skipped/>
  </testcase> <!-- enablePIN -->
  <testcase name="forgot_Pin" time="0.002" classname="IntegrationTests.Tests.Payments.SecurityTest">
    <skipped/>
  </testcase> <!-- forgot_Pin -->
  <testcase name="invalid_incorrectPIN" time="0.0" classname="IntegrationTests.Tests.Payments.SecurityTest">
    <skipped/>
  </testcase> <!-- invalid_incorrectPIN -->
  <testcase name="verifyRemoteWipe" time="0.0" classname="IntegrationTests.Tests.Payments.SecurityTest">
    <skipped/>
  </testcase> <!-- verifyRemoteWipe -->
  <testcase name="verify_disablePinPayment" time="0.001" classname="IntegrationTests.Tests.Payments.SecurityTest">
    <skipped/>
  </testcase> <!-- verify_disablePinPayment -->
  <testcase name="verify_enablePinPayment" time="0.0" classname="IntegrationTests.Tests.Payments.SecurityTest">
    <skipped/>
  </testcase> <!-- verify_enablePinPayment -->
  <testcase name="verify_forgotPassword_Recharges" time="0.0" classname="IntegrationTests.Tests.Payments.SecurityTest">
    <skipped/>
  </testcase> <!-- verify_forgotPassword_Recharges -->
  <testcase name="verify_invalidPin" time="0.0" classname="IntegrationTests.Tests.Payments.SecurityTest">
    <skipped/>
  </testcase> <!-- verify_invalidPin -->
  <testcase name="disablePIN" time="0.0" classname="IntegrationTests.Tests.Payments.SecurityTest">
    <skipped/>
  </testcase> <!-- disablePIN -->
  <testcase name="enablePIN_contacts" time="0.001" classname="IntegrationTests.Tests.Payments.SecurityTest">
    <skipped/>
  </testcase> <!-- enablePIN_contacts -->
  <testcase name="verifySendMoneyCases_equalsZero_viaContacts" time="0.0" classname="IntegrationTests.Tests.Payments.SendMoneyTest">
    <skipped/>
  </testcase> <!-- verifySendMoneyCases_equalsZero_viaContacts -->
  <testcase name="verifySendMoneyCases_equalsZero_viaEmail" time="0.001" classname="IntegrationTests.Tests.Payments.SendMoneyTest">
    <skipped/>
  </testcase> <!-- verifySendMoneyCases_equalsZero_viaEmail -->
  <testcase name="verifySendMoneyCases_equalsZero_viaMobile" time="0.0" classname="IntegrationTests.Tests.Payments.SendMoneyTest">
    <skipped/>
  </testcase> <!-- verifySendMoneyCases_equalsZero_viaMobile -->
  <testcase name="verifySendMoneyCases_insufficientWalletAmount_viaContacts" time="0.0" classname="IntegrationTests.Tests.Payments.SendMoneyTest">
    <skipped/>
  </testcase> <!-- verifySendMoneyCases_insufficientWalletAmount_viaContacts -->
  <testcase name="verifySendMoneyCases_insufficientWalletAmount_viaEmail" time="0.001" classname="IntegrationTests.Tests.Payments.SendMoneyTest">
    <skipped/>
  </testcase> <!-- verifySendMoneyCases_insufficientWalletAmount_viaEmail -->
  <testcase name="verifySendMoneyCases_insufficientWalletAmount_viaMobile" time="0.001" classname="IntegrationTests.Tests.Payments.SendMoneyTest">
    <skipped/>
  </testcase> <!-- verifySendMoneyCases_insufficientWalletAmount_viaMobile -->
  <testcase name="verifySendMoneyCases_invalidAmount_viaContacts" time="0.0" classname="IntegrationTests.Tests.Payments.SendMoneyTest">
    <skipped/>
  </testcase> <!-- verifySendMoneyCases_invalidAmount_viaContacts -->
  <testcase name="verifySendMoneyCases_invalidAmount_viaEmail" time="0.0" classname="IntegrationTests.Tests.Payments.SendMoneyTest">
    <skipped/>
  </testcase> <!-- verifySendMoneyCases_invalidAmount_viaEmail -->
  <testcase name="verifySendMoneyCases_invalidAmount_viaMobile" time="0.0" classname="IntegrationTests.Tests.Payments.SendMoneyTest">
    <skipped/>
  </testcase> <!-- verifySendMoneyCases_invalidAmount_viaMobile -->
  <testcase name="verifySendMoneyCases_userLoggedout" time="0.0" classname="IntegrationTests.Tests.Payments.SendMoneyTest">
    <skipped/>
  </testcase> <!-- verifySendMoneyCases_userLoggedout -->
  <testcase name="verifySendMoneyCases_validAmount_viaContacts" time="0.0" classname="IntegrationTests.Tests.Payments.SendMoneyTest">
    <skipped/>
  </testcase> <!-- verifySendMoneyCases_validAmount_viaContacts -->
  <testcase name="verifySendMoneyCases_validAmount_viaEmail" time="0.0" classname="IntegrationTests.Tests.Payments.SendMoneyTest">
    <skipped/>
  </testcase> <!-- verifySendMoneyCases_validAmount_viaEmail -->
  <testcase name="verifySendMoneyCases_validAmount_viaMobile" time="0.0" classname="IntegrationTests.Tests.Payments.SendMoneyTest">
    <skipped/>
  </testcase> <!-- verifySendMoneyCases_validAmount_viaMobile -->
  <testcase name="verifySendMoneyCases_viaInvalidEmail" time="0.0" classname="IntegrationTests.Tests.Payments.SendMoneyTest">
    <skipped/>
  </testcase> <!-- verifySendMoneyCases_viaInvalidEmail -->
  <testcase name="verifySendMoneyCases_viaInvalidMobile" time="0.0" classname="IntegrationTests.Tests.Payments.SendMoneyTest">
    <skipped/>
  </testcase> <!-- verifySendMoneyCases_viaInvalidMobile -->
  <testcase name="verifySendMoneyCases_viaMobile_Accepts" time="0.0" classname="IntegrationTests.Tests.Payments.SendMoneyTest">
    <skipped/>
  </testcase> <!-- verifySendMoneyCases_viaMobile_Accepts -->
  <testcase name="verifySendMoneyCases_viaMobile_Declines" time="0.0" classname="IntegrationTests.Tests.Payments.SendMoneyTest">
    <skipped/>
  </testcase> <!-- verifySendMoneyCases_viaMobile_Declines -->
  <testcase name="verifySendMoneyCases_viaNon_existingEmail" time="0.0" classname="IntegrationTests.Tests.Payments.SendMoneyTest">
    <skipped/>
  </testcase> <!-- verifySendMoneyCases_viaNon_existingEmail -->
  <testcase name="verifySendMoneyCases_viaNon_existingMobile" time="0.0" classname="IntegrationTests.Tests.Payments.SendMoneyTest">
    <skipped/>
  </testcase> <!-- verifySendMoneyCases_viaNon_existingMobile -->
  <testcase name="verifySendMoneyCases_viaSelfEmail" time="0.0" classname="IntegrationTests.Tests.Payments.SendMoneyTest">
    <skipped/>
  </testcase> <!-- verifySendMoneyCases_viaSelfEmail -->
  <testcase name="verifySendMoneyCases_viaSelfMobile" time="0.0" classname="IntegrationTests.Tests.Payments.SendMoneyTest">
    <skipped/>
  </testcase> <!-- verifySendMoneyCases_viaSelfMobile -->
  <testcase name="verifySendMoneyCases_viaMobile_Cancels" time="0.0" classname="IntegrationTests.Tests.Payments.SendMoneyTest">
    <skipped/>
  </testcase> <!-- verifySendMoneyCases_viaMobile_Cancels -->
  <testcase name="verifySendMoneyCases_viaContacts_Accepts" time="0.0" classname="IntegrationTests.Tests.Payments.SendMoneyTest">
    <skipped/>
  </testcase> <!-- verifySendMoneyCases_viaContacts_Accepts -->
  <testcase name="verifySendMoneyCases_viaContacts_Cancels" time="0.001" classname="IntegrationTests.Tests.Payments.SendMoneyTest">
    <skipped/>
  </testcase> <!-- verifySendMoneyCases_viaContacts_Cancels -->
  <testcase name="verifySendMoneyCases_viaEmail_Accepts" time="0.0" classname="IntegrationTests.Tests.Payments.SendMoneyTest">
    <skipped/>
  </testcase> <!-- verifySendMoneyCases_viaEmail_Accepts -->
  <testcase name="verifySendMoneyCases_viaEmail_Cancels" time="0.0" classname="IntegrationTests.Tests.Payments.SendMoneyTest">
    <skipped/>
  </testcase> <!-- verifySendMoneyCases_viaEmail_Cancels -->
  <testcase name="verifyNotification" time="0.001" classname="IntegrationTests.Tests.Payments.MiscellaneousTest">
    <skipped/>
  </testcase> <!-- verifyNotification -->
  <testcase name="verify_AboutUs" time="0.001" classname="IntegrationTests.Tests.Payments.MiscellaneousTest">
    <skipped/>
  </testcase> <!-- verify_AboutUs -->
  <testcase name="verifySavedConnectionsFeatures" time="0.0" classname="IntegrationTests.Tests.Payments.SavedConnectionsTest">
    <skipped/>
  </testcase> <!-- verifySavedConnectionsFeatures -->
  <testcase name="checkFeatures" time="0.0" classname="IntegrationTests.Tests.Payments.HelpTest">
    <skipped/>
  </testcase> <!-- checkFeatures -->
  <testcase name="check_ReolvedQuery" time="0.0" classname="IntegrationTests.Tests.Payments.HelpTest">
    <skipped/>
  </testcase> <!-- check_ReolvedQuery -->
  <testcase name="check_UserLoggedout_ReolvedQuery" time="0.0" classname="IntegrationTests.Tests.Payments.HelpTest">
    <skipped/>
  </testcase> <!-- check_UserLoggedout_ReolvedQuery -->
  <testcase name="check_otherfeature" time="0.0" classname="IntegrationTests.Tests.Payments.HelpTest">
    <skipped/>
  </testcase> <!-- check_otherfeature -->
  <testcase name="check_resolvedtopquestions" time="0.0" classname="IntegrationTests.Tests.Payments.HelpTest">
    <skipped/>
  </testcase> <!-- check_resolvedtopquestions -->
  <testcase name="check_unresolvedtopquestions" time="0.0" classname="IntegrationTests.Tests.Payments.HelpTest">
    <skipped/>
  </testcase> <!-- check_unresolvedtopquestions -->
  <testcase name="check_userLoggedOut" time="0.0" classname="IntegrationTests.Tests.Payments.HelpTest">
    <skipped/>
  </testcase> <!-- check_userLoggedOut -->
  <testcase name="check_viewtopsolutions" time="0.0" classname="IntegrationTests.Tests.Payments.HelpTest">
    <skipped/>
  </testcase> <!-- check_viewtopsolutions -->
  <testcase name="verifying_CategoryResolved" time="0.0" classname="IntegrationTests.Tests.Payments.HelpTest">
    <skipped/>
  </testcase> <!-- verifying_CategoryResolved -->
  <testcase name="verifying_CategoryResolved_userLoggedOut" time="0.0" classname="IntegrationTests.Tests.Payments.HelpTest">
    <skipped/>
  </testcase> <!-- verifying_CategoryResolved_userLoggedOut -->
  <testcase name="verifying_CategoryUnresolved" time="0.001" classname="IntegrationTests.Tests.Payments.HelpTest">
    <skipped/>
  </testcase> <!-- verifying_CategoryUnresolved -->
  <testcase name="verifying_FAQ_Categories" time="0.0" classname="IntegrationTests.Tests.Payments.HelpTest">
    <skipped/>
  </testcase> <!-- verifying_FAQ_Categories -->
  <testcase name="checkMyaccount" time="0.001" classname="IntegrationTests.Tests.Payments.MyaccountTest">
    <skipped/>
  </testcase> <!-- checkMyaccount -->
  <testcase name="checkFeatures" time="0.0" classname="IntegrationTests.Tests.Payments.MyaccountTest">
    <skipped/>
  </testcase> <!-- checkFeatures -->
  <testcase name="verifyAddMoney_creditCard" time="0.0" classname="IntegrationTests.Tests.Payments.AddMoneyTest">
    <skipped/>
  </testcase> <!-- verifyAddMoney_creditCard -->
  <testcase name="verifyAddMoney_creditCard2" time="0.0" classname="IntegrationTests.Tests.Payments.AddMoneyTest">
    <skipped/>
  </testcase> <!-- verifyAddMoney_creditCard2 -->
  <testcase name="verifyAddMoney_creditCard3" time="0.0" classname="IntegrationTests.Tests.Payments.AddMoneyTest">
    <skipped/>
  </testcase> <!-- verifyAddMoney_creditCard3 -->
  <testcase name="verifyAddMoney_maxLimitPromo" time="0.0" classname="IntegrationTests.Tests.Payments.AddMoneyTest">
    <skipped/>
  </testcase> <!-- verifyAddMoney_maxLimitPromo -->
  <testcase name="verifyAddMoney_netBanking" time="0.0" classname="IntegrationTests.Tests.Payments.AddMoneyTest">
    <skipped/>
  </testcase> <!-- verifyAddMoney_netBanking -->
  <testcase name="verifyAddMoney_netBanking2" time="0.001" classname="IntegrationTests.Tests.Payments.AddMoneyTest">
    <skipped/>
  </testcase> <!-- verifyAddMoney_netBanking2 -->
  <testcase name="verifyAddMoney_netBanking3" time="0.0" classname="IntegrationTests.Tests.Payments.AddMoneyTest">
    <skipped/>
  </testcase> <!-- verifyAddMoney_netBanking3 -->
  <testcase name="verifyAddMoneywithPromo_creditCard" time="0.0" classname="IntegrationTests.Tests.Payments.AddMoneyTest">
    <skipped/>
  </testcase> <!-- verifyAddMoneywithPromo_creditCard -->
  <testcase name="verifyAddMoneywithPromo_savedCard" time="0.0" classname="IntegrationTests.Tests.Payments.AddMoneyTest">
    <skipped/>
  </testcase> <!-- verifyAddMoneywithPromo_savedCard -->
  <testcase name="verifyEmpty_AddMoney" time="0.0" classname="IntegrationTests.Tests.Payments.AddMoneyTest">
    <skipped/>
  </testcase> <!-- verifyEmpty_AddMoney -->
  <testcase name="verifyless_AddMoney" time="0.0" classname="IntegrationTests.Tests.Payments.AddMoneyTest">
    <skipped/>
  </testcase> <!-- verifyless_AddMoney -->
  <testcase name="verifymore_AddMoney" time="0.0" classname="IntegrationTests.Tests.Payments.AddMoneyTest">
    <skipped/>
  </testcase> <!-- verifymore_AddMoney -->
  <testcase name="verifyAddMoney_debitCard" time="0.0" classname="IntegrationTests.Tests.Payments.AddMoneyTest">
    <skipped/>
  </testcase> <!-- verifyAddMoney_debitCard -->
  <testcase name="verifyAddMoney_debitCard2" time="0.0" classname="IntegrationTests.Tests.Payments.AddMoneyTest">
    <skipped/>
  </testcase> <!-- verifyAddMoney_debitCard2 -->
  <testcase name="verifyAddMoney_debitCard3" time="0.0" classname="IntegrationTests.Tests.Payments.AddMoneyTest">
    <skipped/>
  </testcase> <!-- verifyAddMoney_debitCard3 -->
  <testcase name="verifyAddMoney_savedCard" time="0.0" classname="IntegrationTests.Tests.Payments.AddMoneyTest">
    <skipped/>
  </testcase> <!-- verifyAddMoney_savedCard -->
  <testcase name="verifyAddMoney_deleteCard" time="0.0" classname="IntegrationTests.Tests.Payments.AddMoneyTest">
    <skipped/>
  </testcase> <!-- verifyAddMoney_deleteCard -->
  <testcase name="verifyAddMoneywithPromo_debitCard" time="0.0" classname="IntegrationTests.Tests.Payments.AddMoneyTest">
    <skipped/>
  </testcase> <!-- verifyAddMoneywithPromo_debitCard -->
  <testcase name="verifyLoginLogoutTest" time="0.0" classname="IntegrationTests.Tests.Payments.LoginTest">
    <skipped/>
  </testcase> <!-- verifyLoginLogoutTest -->
  <testcase name="verifyForgotPasswordTest" time="0.001" classname="IntegrationTests.Tests.Payments.LoginTest">
    <skipped/>
  </testcase> <!-- verifyForgotPasswordTest -->
  <testcase name="verifyInvalidLoginTest" time="0.0" classname="IntegrationTests.Tests.Payments.LoginTest">
    <skipped/>
  </testcase> <!-- verifyInvalidLoginTest -->
  <testcase name="cashPay_LoggedOut" time="0.0" classname="IntegrationTests.Tests.Payments.CashPayTest">
    <skipped/>
  </testcase> <!-- cashPay_LoggedOut -->
  <testcase name="cashPay_UserLoggedOut" time="0.0" classname="IntegrationTests.Tests.Payments.CashPayTest">
    <skipped/>
  </testcase> <!-- cashPay_UserLoggedOut -->
  <testcase name="cashPay_ZeroAmount" time="0.001" classname="IntegrationTests.Tests.Payments.CashPayTest">
    <skipped/>
  </testcase> <!-- cashPay_ZeroAmount -->
  <testcase name="cashPay_exceedAmount" time="0.0" classname="IntegrationTests.Tests.Payments.CashPayTest">
    <skipped/>
  </testcase> <!-- cashPay_exceedAmount -->
  <testcase name="cashPay_CashPayAmount_PendingTransaction" time="0.0" classname="IntegrationTests.Tests.Payments.CashPayTest">
    <skipped/>
  </testcase> <!-- cashPay_CashPayAmount_PendingTransaction -->
  <testcase name="cashPay_CashPayAmount_maxOrders" time="0.0" classname="IntegrationTests.Tests.Payments.CashPayTest">
    <skipped/>
  </testcase> <!-- cashPay_CashPayAmount_maxOrders -->
  <testcase name="getCashpickup" time="0.0" classname="IntegrationTests.Tests.Payments.CashpickupTest">
    <skipped/>
  </testcase> <!-- getCashpickup -->
  <testcase name="locationserviceDisabled" time="0.0" classname="IntegrationTests.Tests.Payments.CashpickupTest">
    <skipped/>
  </testcase> <!-- locationserviceDisabled -->
  <testcase name="locationserviceEnable" time="0.0" classname="IntegrationTests.Tests.Payments.CashpickupTest">
    <skipped/>
  </testcase> <!-- locationserviceEnable -->
  <testcase name="loggedoutCashpickup" time="0.0" classname="IntegrationTests.Tests.Payments.CashpickupTest">
    <skipped/>
  </testcase> <!-- loggedoutCashpickup -->
  <testcase name="verifyRequestMoneyCases_equalsZero_viaContacts" time="0.0" classname="IntegrationTests.Tests.Payments.RequestMoneyTest">
    <skipped/>
  </testcase> <!-- verifyRequestMoneyCases_equalsZero_viaContacts -->
  <testcase name="verifyRequestMoneyCases_equalsZero_viaEmail" time="0.0" classname="IntegrationTests.Tests.Payments.RequestMoneyTest">
    <skipped/>
  </testcase> <!-- verifyRequestMoneyCases_equalsZero_viaEmail -->
  <testcase name="verifyRequestMoneyCases_equalsZero_viaMobile" time="0.001" classname="IntegrationTests.Tests.Payments.RequestMoneyTest">
    <skipped/>
  </testcase> <!-- verifyRequestMoneyCases_equalsZero_viaMobile -->
  <testcase name="verifyRequestMoneyCases_invalidAmount_viaContacts" time="0.0" classname="IntegrationTests.Tests.Payments.RequestMoneyTest">
    <skipped/>
  </testcase> <!-- verifyRequestMoneyCases_invalidAmount_viaContacts -->
  <testcase name="verifyRequestMoneyCases_invalidAmount_viaEmail" time="0.0" classname="IntegrationTests.Tests.Payments.RequestMoneyTest">
    <skipped/>
  </testcase> <!-- verifyRequestMoneyCases_invalidAmount_viaEmail -->
  <testcase name="verifyRequestMoneyCases_invalidAmount_viaMobile" time="0.001" classname="IntegrationTests.Tests.Payments.RequestMoneyTest">
    <skipped/>
  </testcase> <!-- verifyRequestMoneyCases_invalidAmount_viaMobile -->
  <testcase name="verifyRequestMoneyCases_topupLimitReached_viaContacts" time="0.0" classname="IntegrationTests.Tests.Payments.RequestMoneyTest">
    <skipped/>
  </testcase> <!-- verifyRequestMoneyCases_topupLimitReached_viaContacts -->
  <testcase name="verifyRequestMoneyCases_topupLimitReached_viaMobile" time="0.0" classname="IntegrationTests.Tests.Payments.RequestMoneyTest">
    <skipped/>
  </testcase> <!-- verifyRequestMoneyCases_topupLimitReached_viaMobile -->
  <testcase name="verifyRequestMoneyCases_userLoggedout" time="0.0" classname="IntegrationTests.Tests.Payments.RequestMoneyTest">
    <skipped/>
  </testcase> <!-- verifyRequestMoneyCases_userLoggedout -->
  <testcase name="verifyRequestMoneyCases_validAmount_viaContacts" time="0.0" classname="IntegrationTests.Tests.Payments.RequestMoneyTest">
    <skipped/>
  </testcase> <!-- verifyRequestMoneyCases_validAmount_viaContacts -->
  <testcase name="verifyRequestMoneyCases_validAmount_viaEmail" time="0.0" classname="IntegrationTests.Tests.Payments.RequestMoneyTest">
    <skipped/>
  </testcase> <!-- verifyRequestMoneyCases_validAmount_viaEmail -->
  <testcase name="verifyRequestMoneyCases_validAmount_viaMobile" time="0.0" classname="IntegrationTests.Tests.Payments.RequestMoneyTest">
    <skipped/>
  </testcase> <!-- verifyRequestMoneyCases_validAmount_viaMobile -->
  <testcase name="verifyRequestMoneyCases_viaInvalidEmail" time="0.0" classname="IntegrationTests.Tests.Payments.RequestMoneyTest">
    <skipped/>
  </testcase> <!-- verifyRequestMoneyCases_viaInvalidEmail -->
  <testcase name="verifyRequestMoneyCases_viaInvalidMobile" time="0.0" classname="IntegrationTests.Tests.Payments.RequestMoneyTest">
    <skipped/>
  </testcase> <!-- verifyRequestMoneyCases_viaInvalidMobile -->
  <testcase name="verifyRequestMoneyCases_viaMobile_Accepts" time="0.0" classname="IntegrationTests.Tests.Payments.RequestMoneyTest">
    <skipped/>
  </testcase> <!-- verifyRequestMoneyCases_viaMobile_Accepts -->
  <testcase name="verifyRequestMoneyCases_viaNon_existingEmail" time="0.0" classname="IntegrationTests.Tests.Payments.RequestMoneyTest">
    <skipped/>
  </testcase> <!-- verifyRequestMoneyCases_viaNon_existingEmail -->
  <testcase name="verifyRequestMoneyCases_viaNon_existingMobile" time="0.0" classname="IntegrationTests.Tests.Payments.RequestMoneyTest">
    <skipped/>
  </testcase> <!-- verifyRequestMoneyCases_viaNon_existingMobile -->
  <testcase name="verifyRequestMoneyCases_viaSelfEmail" time="0.0" classname="IntegrationTests.Tests.Payments.RequestMoneyTest">
    <skipped/>
  </testcase> <!-- verifyRequestMoneyCases_viaSelfEmail -->
  <testcase name="verifyRequestMoneyCases_viaSelfMobile" time="0.0" classname="IntegrationTests.Tests.Payments.RequestMoneyTest">
    <skipped/>
  </testcase> <!-- verifyRequestMoneyCases_viaSelfMobile -->
  <testcase name="verifySendMoneyCases_topupLimitReached_viaEmail" time="0.0" classname="IntegrationTests.Tests.Payments.RequestMoneyTest">
    <skipped/>
  </testcase> <!-- verifySendMoneyCases_topupLimitReached_viaEmail -->
  <testcase name="verifyRequestMoneyCases_viaMobile_Cancels" time="0.0" classname="IntegrationTests.Tests.Payments.RequestMoneyTest">
    <skipped/>
  </testcase> <!-- verifyRequestMoneyCases_viaMobile_Cancels -->
  <testcase name="verifyRequestMoneyCases_viaContacts_Accepts" time="0.0" classname="IntegrationTests.Tests.Payments.RequestMoneyTest">
    <skipped/>
  </testcase> <!-- verifyRequestMoneyCases_viaContacts_Accepts -->
  <testcase name="verifyRequestMoneyCases_viaContacts_Cancels" time="0.0" classname="IntegrationTests.Tests.Payments.RequestMoneyTest">
    <skipped/>
  </testcase> <!-- verifyRequestMoneyCases_viaContacts_Cancels -->
  <testcase name="verifyRequestMoneyCases_viaEmail_Accepts" time="0.001" classname="IntegrationTests.Tests.Payments.RequestMoneyTest">
    <skipped/>
  </testcase> <!-- verifyRequestMoneyCases_viaEmail_Accepts -->
  <testcase name="verifyRequestMoneyCases_viaEmail_Cancels" time="0.0" classname="IntegrationTests.Tests.Payments.RequestMoneyTest">
    <skipped/>
  </testcase> <!-- verifyRequestMoneyCases_viaEmail_Cancels -->
  <testcase name="checkImps" time="0.0" classname="IntegrationTests.Tests.Payments.ImpsTest">
    <skipped/>
  </testcase> <!-- checkImps -->
  <testcase name="checkImpsFields" time="0.0" classname="IntegrationTests.Tests.Payments.ImpsTest">
    <skipped/>
  </testcase> <!-- checkImpsFields -->
</testsuite> <!-- Mobikwik Automation Tests -->
