<?xml version="1.0" encoding="UTF-8"?>
<!-- Generated by org.testng.reporters.JUnitXMLReporter -->
<testsuite hostname="Sanjit-pc" name="Mobikwik Automation Tests" tests="4" failures="3" timestamp="24 Apr 2015 06:52:12 GMT" time="299.531" errors="0">
  <testcase name="@AfterMethod teardown" time="0.0" classname="IntegrationTests.tests.payments.LoginTest">
    <failure type="org.openqa.selenium.remote.SessionNotFoundException" message="
Command duration or timeout: 532 milliseconds
Build info: version: &amp;apos;2.43.1&amp;apos;, revision: &amp;apos;5163bce&amp;apos;, time: &amp;apos;2014-09-10 16:27:58&amp;apos;
System info: host: &amp;apos;Sanjit-pc&amp;apos;, ip: &amp;apos;192.168.56.1&amp;apos;, os.name: &amp;apos;Windows 8.1&amp;apos;, os.arch: &amp;apos;amd64&amp;apos;, os.version: &amp;apos;6.3&amp;apos;, java.version: &amp;apos;1.8.0_40&amp;apos;
Driver info: io.appium.java_client.android.AndroidDriver
Capabilities [{app=D:\Automation\AutomationTests\UIAutomation\src\app\Mobikwik_stag.apk, networkConnectionEnabled=true, warnings={}, app-package=com.mobikwik_new, app-activity=.MobikwikMain, databaseEnabled=false, deviceName=Android Emulator, platform=LINUX, app-wait-activity=.MobikwikMain, desired={app=D:\Automation\AutomationTests\UIAutomation\src\app\Mobikwik_stag.apk, app-wait-activity=.MobikwikMain, app-package=com.mobikwik_new, app-activity=.MobikwikMain, platformName=Android, deviceName=Android Emulator}, platformVersion=4.1, webStorageEnabled=false, locationContextEnabled=false, browserName=Android, takesScreenshot=true, javascriptEnabled=true, platformName=Android}]
Session ID: fb866c4c-d9b0-4313-ae85-a53ceea4688d">
      <![CDATA[org.openqa.selenium.remote.SessionNotFoundException: 
Command duration or timeout: 532 milliseconds
Build info: version: '2.43.1', revision: '5163bce', time: '2014-09-10 16:27:58'
System info: host: 'Sanjit-pc', ip: '192.168.56.1', os.name: 'Windows 8.1', os.arch: 'amd64', os.version: '6.3', java.version: '1.8.0_40'
Driver info: io.appium.java_client.android.AndroidDriver
Capabilities [{app=D:\Automation\AutomationTests\UIAutomation\src\app\Mobikwik_stag.apk, networkConnectionEnabled=true, warnings={}, app-package=com.mobikwik_new, app-activity=.MobikwikMain, databaseEnabled=false, deviceName=Android Emulator, platform=LINUX, app-wait-activity=.MobikwikMain, desired={app=D:\Automation\AutomationTests\UIAutomation\src\app\Mobikwik_stag.apk, app-wait-activity=.MobikwikMain, app-package=com.mobikwik_new, app-activity=.MobikwikMain, platformName=Android, deviceName=Android Emulator}, platformVersion=4.1, webStorageEnabled=false, locationContextEnabled=false, browserName=Android, takesScreenshot=true, javascriptEnabled=true, platformName=Android}]
Session ID: fb866c4c-d9b0-4313-ae85-a53ceea4688d
	at org.openqa.selenium.remote.ErrorHandler.createThrowable(ErrorHandler.java:204)
	at org.openqa.selenium.remote.ErrorHandler.throwIfResponseFailed(ErrorHandler.java:162)
	at org.openqa.selenium.remote.RemoteWebDriver.execute(RemoteWebDriver.java:599)
	at io.appium.java_client.AppiumDriver.execute(AppiumDriver.java:180)
	at io.appium.java_client.AppiumDriver.execute(AppiumDriver.java:185)
	at org.openqa.selenium.remote.RemoteWebDriver.quit(RemoteWebDriver.java:468)
	at UITestFramework.CreateSession.teardown(Unknown Source)
... Removed 29 stack frames]]>
    </failure>
  </testcase> <!-- @AfterMethod teardown -->
  <testcase name="@BeforeMethod createDriver" time="0.0" classname="IntegrationTests.tests.payments.SavedConnectionsTest">
    <skipped/>
  </testcase> <!-- @BeforeMethod createDriver -->
  <testcase name="@BeforeMethod instantiateHelpers" time="0.0" classname="IntegrationTests.tests.payments.SavedConnectionsTest">
    <skipped/>
  </testcase> <!-- @BeforeMethod instantiateHelpers -->
  <testcase name="@AfterMethod teardown" time="0.0" classname="IntegrationTests.tests.payments.SavedConnectionsTest">
    <failure type="java.lang.NullPointerException">
      <![CDATA[java.lang.NullPointerException
	at UITestFramework.CreateSession.teardown(Unknown Source)
... Removed 25 stack frames]]>
    </failure>
  </testcase> <!-- @AfterMethod teardown -->
  <testcase name="verifyAddMoney" time="72.196" classname="IntegrationTests.tests.payments.AddMoneyTest">
    <failure type="org.openqa.selenium.TimeoutException" message="Build info: version: &amp;apos;2.43.1&amp;apos;, revision: &amp;apos;5163bce&amp;apos;, time: &amp;apos;2014-09-10 16:27:58&amp;apos;
System info: host: &amp;apos;Sanjit-pc&amp;apos;, ip: &amp;apos;192.168.56.1&amp;apos;, os.name: &amp;apos;Windows 8.1&amp;apos;, os.arch: &amp;apos;amd64&amp;apos;, os.version: &amp;apos;6.3&amp;apos;, java.version: &amp;apos;1.8.0_40&amp;apos;
Driver info: driver.version: unknown">
      <![CDATA[org.openqa.selenium.TimeoutException: Build info: version: '2.43.1', revision: '5163bce', time: '2014-09-10 16:27:58'
System info: host: 'Sanjit-pc', ip: '192.168.56.1', os.name: 'Windows 8.1', os.arch: 'amd64', os.version: '6.3', java.version: '1.8.0_40'
Driver info: driver.version: unknown
	at UITestFramework.MobiKwikScreen.waitForVisibility(Unknown Source)
	at IntegrationTests.helpers.android.payments.AndroidLoginHelper.mbLoginScreen(Unknown Source)
	at IntegrationTests.helpers.android.payments.AndroidLoginHelper.mbLoginPart(Unknown Source)
	at IntegrationTests.tests.payments.AddMoneyTest.verifyAddMoney(Unknown Source)
... Removed 23 stack frames]]>
    </failure>
  </testcase> <!-- verifyAddMoney -->
  <testcase name="verifyLoginLogoutTest" time="72.163" classname="IntegrationTests.tests.payments.LoginTest">
    <failure type="org.openqa.selenium.TimeoutException" message="Build info: version: &amp;apos;2.43.1&amp;apos;, revision: &amp;apos;5163bce&amp;apos;, time: &amp;apos;2014-09-10 16:27:58&amp;apos;
System info: host: &amp;apos;Sanjit-pc&amp;apos;, ip: &amp;apos;192.168.56.1&amp;apos;, os.name: &amp;apos;Windows 8.1&amp;apos;, os.arch: &amp;apos;amd64&amp;apos;, os.version: &amp;apos;6.3&amp;apos;, java.version: &amp;apos;1.8.0_40&amp;apos;
Driver info: driver.version: unknown">
      <![CDATA[org.openqa.selenium.TimeoutException: Build info: version: '2.43.1', revision: '5163bce', time: '2014-09-10 16:27:58'
System info: host: 'Sanjit-pc', ip: '192.168.56.1', os.name: 'Windows 8.1', os.arch: 'amd64', os.version: '6.3', java.version: '1.8.0_40'
Driver info: driver.version: unknown
	at UITestFramework.MobiKwikScreen.waitForVisibility(Unknown Source)
	at IntegrationTests.helpers.android.payments.AndroidLoginHelper.mbLoginScreen(Unknown Source)
	at IntegrationTests.tests.payments.LoginTest.verifyLoginLogoutTest(Unknown Source)
... Removed 23 stack frames]]>
    </failure>
  </testcase> <!-- verifyLoginLogoutTest -->
  <testcase name="verifyInvalidLoginTest" time="32.192" classname="IntegrationTests.tests.payments.LoginTest">
    <failure type="org.openqa.selenium.remote.UnreachableBrowserException" message="Error communicating with the remote browser. It may have died.
Build info: version: &amp;apos;2.43.1&amp;apos;, revision: &amp;apos;5163bce&amp;apos;, time: &amp;apos;2014-09-10 16:27:58&amp;apos;
System info: host: &amp;apos;Sanjit-pc&amp;apos;, ip: &amp;apos;192.168.56.1&amp;apos;, os.name: &amp;apos;Windows 8.1&amp;apos;, os.arch: &amp;apos;amd64&amp;apos;, os.version: &amp;apos;6.3&amp;apos;, java.version: &amp;apos;1.8.0_40&amp;apos;
Driver info: driver.version: RemoteWebDriver">
      <![CDATA[org.openqa.selenium.remote.UnreachableBrowserException: Error communicating with the remote browser. It may have died.
Build info: version: '2.43.1', revision: '5163bce', time: '2014-09-10 16:27:58'
System info: host: 'Sanjit-pc', ip: '192.168.56.1', os.name: 'Windows 8.1', os.arch: 'amd64', os.version: '6.3', java.version: '1.8.0_40'
Driver info: driver.version: RemoteWebDriver
	at org.openqa.selenium.remote.RemoteWebDriver.execute(RemoteWebDriver.java:593)
	at io.appium.java_client.AppiumDriver.execute(AppiumDriver.java:180)
	at org.openqa.selenium.remote.RemoteWebDriver.findElement(RemoteWebDriver.java:352)
	at org.openqa.selenium.remote.RemoteWebDriver.findElementByXPath(RemoteWebDriver.java:449)
	at org.openqa.selenium.By$ByXPath.findElement(By.java:357)
	at org.openqa.selenium.remote.RemoteWebDriver.findElement(RemoteWebDriver.java:344)
	at org.openqa.selenium.support.ui.ExpectedConditions.findElement(ExpectedConditions.java:730)
	at org.openqa.selenium.support.ui.ExpectedConditions.access$0(ExpectedConditions.java:728)
	at org.openqa.selenium.support.ui.ExpectedConditions$4.apply(ExpectedConditions.java:130)
	at org.openqa.selenium.support.ui.ExpectedConditions$4.apply(ExpectedConditions.java:1)
	at org.openqa.selenium.support.ui.FluentWait.until(FluentWait.java:208)
	at UITestFramework.MobiKwikScreen.waitForVisibility(Unknown Source)
	at IntegrationTests.helpers.android.payments.AndroidLoginHelper.mbLoginScreen(Unknown Source)
	at IntegrationTests.tests.payments.LoginTest.verifyInvalidLoginTest(Unknown Source)
Caused by: org.apache.http.conn.HttpHostConnectException: Connect to localhost:4723 [localhost/127.0.0.1, localhost/0:0:0:0:0:0:0:1] failed: Connection refused: connect
	at org.apache.http.impl.conn.HttpClientConnectionOperator.connect(HttpClientConnectionOperator.java:140)
	at org.apache.http.impl.conn.PoolingHttpClientConnectionManager.connect(PoolingHttpClientConnectionManager.java:314)
	at org.apache.http.impl.execchain.MainClientExec.establishRoute(MainClientExec.java:363)
	at org.apache.http.impl.execchain.MainClientExec.execute(MainClientExec.java:219)
	at org.apache.http.impl.execchain.ProtocolExec.execute(ProtocolExec.java:195)
	at org.apache.http.impl.execchain.RetryExec.execute(RetryExec.java:86)
	at org.apache.http.impl.execchain.RedirectExec.execute(RedirectExec.java:108)
	at org.apache.http.impl.client.InternalHttpClient.doExecute(InternalHttpClient.java:186)
	at org.apache.http.impl.client.CloseableHttpClient.execute(CloseableHttpClient.java:72)
	at org.apache.http.impl.client.CloseableHttpClient.execute(CloseableHttpClient.java:57)
	at org.openqa.selenium.remote.HttpCommandExecutor.fallBackExecute(HttpCommandExecutor.java:215)
	at org.openqa.selenium.remote.HttpCommandExecutor.execute(HttpCommandExecutor.java:184)
	at org.openqa.selenium.remote.RemoteWebDriver.execute(RemoteWebDriver.java:572)
	... 36 more
Caused by: java.net.ConnectException: Connection refused: connect
	at java.net.DualStackPlainSocketImpl.waitForConnect(Native Method)
	at java.net.DualStackPlainSocketImpl.socketConnect(Unknown Source)
	at java.net.AbstractPlainSocketImpl.doConnect(Unknown Source)
	at java.net.AbstractPlainSocketImpl.connectToAddress(Unknown Source)
	at java.net.AbstractPlainSocketImpl.connect(Unknown Source)
	at java.net.PlainSocketImpl.connect(Unknown Source)
	at java.net.SocksSocketImpl.connect(Unknown Source)
	at java.net.Socket.connect(Unknown Source)
	at org.apache.http.conn.socket.PlainConnectionSocketFactory.connectSocket(PlainConnectionSocketFactory.java:72)
	at org.apache.http.impl.conn.HttpClientConnectionOperator.connect(HttpClientConnectionOperator.java:117)
	... 48 more
... Removed 23 stack frames]]>
    </failure>
  </testcase> <!-- verifyInvalidLoginTest -->
  <testcase name="verifySavedConnectionsFeatures" time="0.0" classname="IntegrationTests.tests.payments.SavedConnectionsTest">
    <skipped/>
  </testcase> <!-- verifySavedConnectionsFeatures -->
</testsuite> <!-- Mobikwik Automation Tests -->
