<?xml version="1.0" encoding="UTF-8"?>
<!-- Generated by org.testng.reporters.JUnitXMLReporter -->
<testsuite ignored="0" hostname="TYSS-Amaya" failures="0" tests="1" name="Test2" time="0.011" errors="0" timestamp="2022-07-18T18:01:42 IST">
  <testcase classname="UITestFramework.CreateSession" name="@BeforeMethod createDriver" time="-1.65814750263E9">
    <failure type="org.testng.TestNGException" message="
Parameter &amp;apos;os&amp;apos; is required by BeforeMethod on method createDriver but has not been marked @Optional or defined
in C:\Users\User\git\ToTestMobileAutomationFramework\testngos.xml">
      <![CDATA[org.testng.TestNGException: 
Parameter 'os' is required by BeforeMethod on method createDriver but has not been marked @Optional or defined
in C:\Users\User\git\ToTestMobileAutomationFramework\testngos.xml
at java.base/java.util.ArrayList.forEach(ArrayList.java:1511)
... Removed 28 stack frames]]>
    </failure>
  </testcase> <!-- @BeforeMethod createDriver -->
  <testcase classname="UITestFramework.CreateSession" name="@AfterMethod teardown" time="-1.658147502639E9">
    <skipped/>
  </testcase> <!-- @AfterMethod teardown -->
  <testcase classname="TestScript.VerifyPages" name="test1" time="0.0">
    <skipped/>
  </testcase> <!-- test1 -->
</testsuite> <!-- Test2 -->
