<?xml version="1.0" encoding="UTF-8"?>
<!-- Generated by org.testng.reporters.JUnitXMLReporter -->
<testsuite hostname="shanky-Lenovo-B40-70" name="Mobikwik Automation Tests" tests="3" failures="0" timestamp="18 Apr 2015 05:37:54 GMT" time="0.493" errors="0">
  <testcase name="@BeforeMethod createDriver" time="0.0" classname="IntegrationTests.tests.payments.SavedConnectionsTest">
    <failure type="org.openqa.selenium.remote.UnreachableBrowserException" message="Could not start a new session. Possible causes are invalid address of the remote server or browser start-up failure.
Build info: version: &amp;apos;2.43.1&amp;apos;, revision: &amp;apos;5163bce&amp;apos;, time: &amp;apos;2014-09-10 16:27:58&amp;apos;
System info: host: &amp;apos;shanky-Lenovo-B40-70&amp;apos;, ip: &amp;apos;127.0.1.1&amp;apos;, os.name: &amp;apos;Linux&amp;apos;, os.arch: &amp;apos;amd64&amp;apos;, os.version: &amp;apos;3.11.0-26-generic&amp;apos;, java.version: &amp;apos;1.8.0_45&amp;apos;
Driver info: driver.version: AndroidDriver">
      <![CDATA[org.openqa.selenium.remote.UnreachableBrowserException: Could not start a new session. Possible causes are invalid address of the remote server or browser start-up failure.
Build info: version: '2.43.1', revision: '5163bce', time: '2014-09-10 16:27:58'
System info: host: 'shanky-Lenovo-B40-70', ip: '127.0.1.1', os.name: 'Linux', os.arch: 'amd64', os.version: '3.11.0-26-generic', java.version: '1.8.0_45'
Driver info: driver.version: AndroidDriver
	at org.openqa.selenium.remote.RemoteWebDriver.execute(RemoteWebDriver.java:593)
	at io.appium.java_client.AppiumDriver.execute(AppiumDriver.java:180)
	at org.openqa.selenium.remote.RemoteWebDriver.startSession(RemoteWebDriver.java:240)
	at org.openqa.selenium.remote.RemoteWebDriver.<init>(RemoteWebDriver.java:126)
	at org.openqa.selenium.remote.RemoteWebDriver.<init>(RemoteWebDriver.java:153)
	at io.appium.java_client.AppiumDriver.<init>(AppiumDriver.java:109)
	at io.appium.java_client.android.AndroidDriver.<init>(AndroidDriver.java:39)
	at UITestFramework.CreateSession.androidDriver(Unknown Source)
	at UITestFramework.CreateSession.createDriver(Unknown Source)
Caused by: org.apache.http.conn.HttpHostConnectException: Connect to localhost:4723 [localhost/127.0.0.1] failed: Connection refused
	at org.apache.http.impl.conn.HttpClientConnectionOperator.connect(HttpClientConnectionOperator.java:140)
	at org.apache.http.impl.conn.PoolingHttpClientConnectionManager.connect(PoolingHttpClientConnectionManager.java:314)
	at org.apache.http.impl.execchain.MainClientExec.establishRoute(MainClientExec.java:363)
	at org.apache.http.impl.execchain.MainClientExec.execute(MainClientExec.java:219)
	at org.apache.http.impl.execchain.ProtocolExec.execute(ProtocolExec.java:195)
	at org.apache.http.impl.execchain.RetryExec.execute(RetryExec.java:86)
	at org.apache.http.impl.execchain.RedirectExec.execute(RedirectExec.java:108)
	at org.apache.http.impl.client.InternalHttpClient.doExecute(InternalHttpClient.java:186)
	at org.apache.http.impl.client.CloseableHttpClient.execute(CloseableHttpClient.java:72)
	at org.apache.http.impl.client.CloseableHttpClient.execute(CloseableHttpClient.java:57)
	at org.openqa.selenium.remote.HttpCommandExecutor.fallBackExecute(HttpCommandExecutor.java:215)
	at org.openqa.selenium.remote.HttpCommandExecutor.execute(HttpCommandExecutor.java:184)
	at org.openqa.selenium.remote.RemoteWebDriver.execute(RemoteWebDriver.java:572)
	... 33 more
Caused by: java.net.ConnectException: Connection refused
	at java.net.PlainSocketImpl.socketConnect(Native Method)
	at java.net.AbstractPlainSocketImpl.doConnect(AbstractPlainSocketImpl.java:345)
	at java.net.AbstractPlainSocketImpl.connectToAddress(AbstractPlainSocketImpl.java:206)
	at java.net.AbstractPlainSocketImpl.connect(AbstractPlainSocketImpl.java:188)
	at java.net.SocksSocketImpl.connect(SocksSocketImpl.java:392)
	at java.net.Socket.connect(Socket.java:589)
	at org.apache.http.conn.socket.PlainConnectionSocketFactory.connectSocket(PlainConnectionSocketFactory.java:72)
	at org.apache.http.impl.conn.HttpClientConnectionOperator.connect(HttpClientConnectionOperator.java:117)
	... 45 more
... Removed 25 stack frames]]>
    </failure>
  </testcase> <!-- @BeforeMethod createDriver -->
  <testcase name="@BeforeMethod instantiateHelpers" time="0.0" classname="IntegrationTests.tests.payments.SavedConnectionsTest">
    <skipped/>
  </testcase> <!-- @BeforeMethod instantiateHelpers -->
  <testcase name="@AfterMethod teardown" time="0.0" classname="IntegrationTests.tests.payments.SavedConnectionsTest">
    <failure type="java.lang.NullPointerException">
      <![CDATA[java.lang.NullPointerException
	at UITestFramework.CreateSession.teardown(Unknown Source)
... Removed 25 stack frames]]>
    </failure>
  </testcase> <!-- @AfterMethod teardown -->
  <testcase name="@BeforeMethod createDriver" time="0.0" classname="IntegrationTests.tests.payments.LoginTest">
    <skipped/>
  </testcase> <!-- @BeforeMethod createDriver -->
  <testcase name="@BeforeMethod instantiateHelpers" time="0.0" classname="IntegrationTests.tests.payments.LoginTest">
    <skipped/>
  </testcase> <!-- @BeforeMethod instantiateHelpers -->
  <testcase name="@AfterMethod teardown" time="0.0" classname="IntegrationTests.tests.payments.LoginTest">
    <failure type="java.lang.NullPointerException">
      <![CDATA[java.lang.NullPointerException
	at UITestFramework.CreateSession.teardown(Unknown Source)
... Removed 25 stack frames]]>
    </failure>
  </testcase> <!-- @AfterMethod teardown -->
  <testcase name="@BeforeMethod createDriver" time="0.0" classname="IntegrationTests.tests.payments.InvalidLoginTest">
    <skipped/>
  </testcase> <!-- @BeforeMethod createDriver -->
  <testcase name="@BeforeMethod instantiateHelpers" time="0.0" classname="IntegrationTests.tests.payments.InvalidLoginTest">
    <skipped/>
  </testcase> <!-- @BeforeMethod instantiateHelpers -->
  <testcase name="@AfterMethod teardown" time="0.0" classname="IntegrationTests.tests.payments.InvalidLoginTest">
    <failure type="java.lang.NullPointerException">
      <![CDATA[java.lang.NullPointerException
	at UITestFramework.CreateSession.teardown(Unknown Source)
... Removed 25 stack frames]]>
    </failure>
  </testcase> <!-- @AfterMethod teardown -->
  <testcase name="verifySavedConnectionsFeatures" time="0.0" classname="IntegrationTests.tests.payments.SavedConnectionsTest">
    <skipped/>
  </testcase> <!-- verifySavedConnectionsFeatures -->
  <testcase name="verifyLoginLogoutTest" time="0.0" classname="IntegrationTests.tests.payments.LoginTest">
    <skipped/>
  </testcase> <!-- verifyLoginLogoutTest -->
  <testcase name="verifyInvalidLoginTest" time="0.0" classname="IntegrationTests.tests.payments.InvalidLoginTest">
    <skipped/>
  </testcase> <!-- verifyInvalidLoginTest -->
</testsuite> <!-- Mobikwik Automation Tests -->
