<html>
<head>
<title>TestNG:  Test_15</title>
<link href="../testng.css" rel="stylesheet" type="text/css" />
<link href="../my-testng.css" rel="stylesheet" type="text/css" />

<style type="text/css">
.log { display: none;} 
.stack-trace { display: none;} 
</style>
<script type="text/javascript">
<!--
function flip(e) {
  current = e.style.display;
  if (current == 'block') {
    e.style.display = 'none';
    return 0;
  }
  else {
    e.style.display = 'block';
    return 1;
  }
}

function toggleBox(szDivId, elem, msg1, msg2)
{
  var res = -1;  if (document.getElementById) {
    res = flip(document.getElementById(szDivId));
  }
  else if (document.all) {
    // this is the way old msie versions work
    res = flip(document.all[szDivId]);
  }
  if(elem) {
    if(res == 0) elem.innerHTML = msg1; else elem.innerHTML = msg2;
  }

}

function toggleAllBoxes() {
  if (document.getElementsByTagName) {
    d = document.getElementsByTagName('div');
    for (i = 0; i < d.length; i++) {
      if (d[i].className == 'log') {
        flip(d[i]);
      }
    }
  }
}

// -->
</script>

</head>
<body>
<h2 align='center'>Test_15</h2><table border='1' align="center">
<tr>
<td>Tests passed/Failed/Skipped:</td><td>0/8/0</td>
</tr><tr>
<td>Started on:</td><td>Wed Jul 15 09:55:49 IST 2015</td>
</tr>
<tr><td>Total time:</td><td>2047 seconds (2047483 ms)</td>
</tr><tr>
<td>Included groups:</td><td>prod_sanity </td>
</tr><tr>
<td>Excluded groups:</td><td></td>
</tr>
</table><p/>
<small><i>(Hover the method name to see the test class name)</i></small><p/>
<table width='100%' border='1' class='invocation-failed'>
<tr><td colspan='4' align='center'><b>FAILED TESTS</b></td></tr>
<tr><td><b>Test method</b></td>
<td width="30%"><b>Exception</b></td>
<td width="10%"><b>Time (seconds)</b></td>
<td><b>Instance</b></td>
</tr>
<tr>
<td title='IntegrationTests.Tests.Recharges.Prepaid_PostpaidTest.postpaid_Recharge()'><b>postpaid_Recharge</b><br>Test class: IntegrationTests.Tests.Recharges.Prepaid_PostpaidTest<br/>
<a href="#Output-377594110" onClick='toggleBox("Output-377594110", this, "Show output", "Hide output");'>Show output</a>

<a href="#Output-377594110" onClick="toggleAllBoxes();">Show all outputs</a>
<div class='log' id="Output-377594110">
<br><br/>
<Font Color=#008000> PASS </Font>Login verification<br/>
<br><br/>
<Font Color=red> FAIL </Font> Default wallet balance is not Zero<br/>
<br><br/>
Exiting this function as exitOnFail flag is set to True. Will move to next test.<br/>
</div>
</td>
<td><div><pre>java.lang.AssertionError: Default wallet balance is not Zero expected [true] but found [false]
	at UITestFramework.MBReporter.verifyTrue(MBReporter.java:136)
	at IntegrationTests.Recharges.helpers.android.AndroidPrepaid_PostpaidHelper.Recharges(AndroidPrepaid_PostpaidHelper.java:40)
	at IntegrationTests.Tests.Recharges.Prepaid_PostpaidTest.postpaid_Recharge(Prepaid_PostpaidTest.java:63)
	at java.util.concurrent.FutureTask.run(FutureTask.java:266)
	at java.util.concurrent.ThreadPoolExecutor.runWorker(ThreadPoolExecutor.java:1142)
	at java.util.concurrent.ThreadPoolExecutor$Worker.run(ThreadPoolExecutor.java:617)
	at java.lang.Thread.run(Thread.java:745)
... Removed 19 stack frames</pre></div><a href='#' onClick='toggleBox("stack-trace377594110", this, "Click to show all stack frames", "Click to hide stack frames")'>Click to show all stack frames</a>
<div class='stack-trace' id='stack-trace377594110'><pre>java.lang.AssertionError: Default wallet balance is not Zero expected [true] but found [false]
	at org.testng.Assert.fail(Assert.java:94)
	at org.testng.Assert.failNotEquals(Assert.java:494)
	at org.testng.Assert.assertTrue(Assert.java:42)
	at UITestFramework.MBReporter.verifyTrue(MBReporter.java:136)
	at IntegrationTests.Recharges.helpers.android.AndroidPrepaid_PostpaidHelper.Recharges(AndroidPrepaid_PostpaidHelper.java:40)
	at IntegrationTests.Tests.Recharges.Prepaid_PostpaidTest.postpaid_Recharge(Prepaid_PostpaidTest.java:63)
	at sun.reflect.NativeMethodAccessorImpl.invoke0(Native Method)
	at sun.reflect.NativeMethodAccessorImpl.invoke(NativeMethodAccessorImpl.java:62)
	at sun.reflect.DelegatingMethodAccessorImpl.invoke(DelegatingMethodAccessorImpl.java:43)
	at java.lang.reflect.Method.invoke(Method.java:497)
	at org.testng.internal.MethodInvocationHelper.invokeMethod(MethodInvocationHelper.java:84)
	at org.testng.internal.Invoker.invokeMethod(Invoker.java:714)
	at org.testng.internal.Invoker.invokeTestMethod(Invoker.java:901)
	at org.testng.internal.Invoker.invokeTestMethods(Invoker.java:1231)
	at org.testng.internal.TestMethodWorker.invokeTestMethods(TestMethodWorker.java:127)
	at org.testng.internal.TestMethodWorker.run(TestMethodWorker.java:111)
	at org.testng.TestRunner.privateRun(TestRunner.java:767)
	at org.testng.TestRunner.run(TestRunner.java:617)
	at org.testng.SuiteRunner.runTest(SuiteRunner.java:334)
	at org.testng.SuiteRunner.access$000(SuiteRunner.java:37)
	at org.testng.SuiteRunner$SuiteWorker.run(SuiteRunner.java:368)
	at org.testng.internal.thread.ThreadUtil$2.call(ThreadUtil.java:64)
	at java.util.concurrent.FutureTask.run(FutureTask.java:266)
	at java.util.concurrent.ThreadPoolExecutor.runWorker(ThreadPoolExecutor.java:1142)
	at java.util.concurrent.ThreadPoolExecutor$Worker.run(ThreadPoolExecutor.java:617)
	at java.lang.Thread.run(Thread.java:745)
</pre></div></td>
<td>200</td>
<td>IntegrationTests.Tests.Recharges.Prepaid_PostpaidTest@59f99ea</td></tr>
<tr>
<td title='IntegrationTests.Tests.Recharges.Prepaid_PostpaidTest.postpaid_Recharge()'><b>postpaid_Recharge</b><br>Test class: IntegrationTests.Tests.Recharges.Prepaid_PostpaidTest<br/>
<a href="#Output-1169589768" onClick='toggleBox("Output-1169589768", this, "Show output", "Hide output");'>Show output</a>

<a href="#Output-1169589768" onClick="toggleAllBoxes();">Show all outputs</a>
<div class='log' id="Output-1169589768">
<br><br/>
<Font Color=#008000> PASS </Font>Login verification<br/>
<br><br/>
<Font Color=red> FAIL </Font> Default wallet balance is not Zero<br/>
<br><br/>
Exiting this function as exitOnFail flag is set to True. Will move to next test.<br/>
</div>
</td>
<td><div><pre>java.lang.AssertionError: Default wallet balance is not Zero expected [true] but found [false]
	at UITestFramework.MBReporter.verifyTrue(MBReporter.java:136)
	at IntegrationTests.Recharges.helpers.android.AndroidPrepaid_PostpaidHelper.Recharges(AndroidPrepaid_PostpaidHelper.java:40)
	at IntegrationTests.Tests.Recharges.Prepaid_PostpaidTest.postpaid_Recharge(Prepaid_PostpaidTest.java:63)
	at java.util.concurrent.FutureTask.run(FutureTask.java:266)
	at java.util.concurrent.ThreadPoolExecutor.runWorker(ThreadPoolExecutor.java:1142)
	at java.util.concurrent.ThreadPoolExecutor$Worker.run(ThreadPoolExecutor.java:617)
	at java.lang.Thread.run(Thread.java:745)
... Removed 19 stack frames</pre></div><a href='#' onClick='toggleBox("stack-trace1169589768", this, "Click to show all stack frames", "Click to hide stack frames")'>Click to show all stack frames</a>
<div class='stack-trace' id='stack-trace1169589768'><pre>java.lang.AssertionError: Default wallet balance is not Zero expected [true] but found [false]
	at org.testng.Assert.fail(Assert.java:94)
	at org.testng.Assert.failNotEquals(Assert.java:494)
	at org.testng.Assert.assertTrue(Assert.java:42)
	at UITestFramework.MBReporter.verifyTrue(MBReporter.java:136)
	at IntegrationTests.Recharges.helpers.android.AndroidPrepaid_PostpaidHelper.Recharges(AndroidPrepaid_PostpaidHelper.java:40)
	at IntegrationTests.Tests.Recharges.Prepaid_PostpaidTest.postpaid_Recharge(Prepaid_PostpaidTest.java:63)
	at sun.reflect.NativeMethodAccessorImpl.invoke0(Native Method)
	at sun.reflect.NativeMethodAccessorImpl.invoke(NativeMethodAccessorImpl.java:62)
	at sun.reflect.DelegatingMethodAccessorImpl.invoke(DelegatingMethodAccessorImpl.java:43)
	at java.lang.reflect.Method.invoke(Method.java:497)
	at org.testng.internal.MethodInvocationHelper.invokeMethod(MethodInvocationHelper.java:84)
	at org.testng.internal.Invoker.invokeMethod(Invoker.java:714)
	at org.testng.internal.Invoker.retryFailed(Invoker.java:1049)
	at org.testng.internal.Invoker.invokeTestMethods(Invoker.java:1254)
	at org.testng.internal.TestMethodWorker.invokeTestMethods(TestMethodWorker.java:127)
	at org.testng.internal.TestMethodWorker.run(TestMethodWorker.java:111)
	at org.testng.TestRunner.privateRun(TestRunner.java:767)
	at org.testng.TestRunner.run(TestRunner.java:617)
	at org.testng.SuiteRunner.runTest(SuiteRunner.java:334)
	at org.testng.SuiteRunner.access$000(SuiteRunner.java:37)
	at org.testng.SuiteRunner$SuiteWorker.run(SuiteRunner.java:368)
	at org.testng.internal.thread.ThreadUtil$2.call(ThreadUtil.java:64)
	at java.util.concurrent.FutureTask.run(FutureTask.java:266)
	at java.util.concurrent.ThreadPoolExecutor.runWorker(ThreadPoolExecutor.java:1142)
	at java.util.concurrent.ThreadPoolExecutor$Worker.run(ThreadPoolExecutor.java:617)
	at java.lang.Thread.run(Thread.java:745)
</pre></div></td>
<td>295</td>
<td>IntegrationTests.Tests.Recharges.Prepaid_PostpaidTest@59f99ea</td></tr>
<tr>
<td title='IntegrationTests.Tests.Recharges.Prepaid_PostpaidTest.postpaid_RechargeSavedConnection()'><b>postpaid_RechargeSavedConnection</b><br>Test class: IntegrationTests.Tests.Recharges.Prepaid_PostpaidTest<br/>
<a href="#Output-2117116979" onClick='toggleBox("Output-2117116979", this, "Show output", "Hide output");'>Show output</a>

<a href="#Output-2117116979" onClick="toggleAllBoxes();">Show all outputs</a>
<div class='log' id="Output-2117116979">
<br><br/>
<Font Color=#008000> PASS </Font>Login verification<br/>
<br><br/>
<Font Color=red> FAIL </Font> Default wallet balance is not Zero<br/>
<br><br/>
Exiting this function as exitOnFail flag is set to True. Will move to next test.<br/>
</div>
</td>
<td><div><pre>java.lang.AssertionError: Default wallet balance is not Zero expected [true] but found [false]
	at UITestFramework.MBReporter.verifyTrue(MBReporter.java:136)
	at IntegrationTests.Recharges.helpers.android.AndroidPrepaid_PostpaidHelper.savedConnectionRecharge(AndroidPrepaid_PostpaidHelper.java:95)
	at IntegrationTests.Tests.Recharges.Prepaid_PostpaidTest.postpaid_RechargeSavedConnection(Prepaid_PostpaidTest.java:71)
	at java.util.concurrent.FutureTask.run(FutureTask.java:266)
	at java.util.concurrent.ThreadPoolExecutor.runWorker(ThreadPoolExecutor.java:1142)
	at java.util.concurrent.ThreadPoolExecutor$Worker.run(ThreadPoolExecutor.java:617)
	at java.lang.Thread.run(Thread.java:745)
... Removed 19 stack frames</pre></div><a href='#' onClick='toggleBox("stack-trace2117116979", this, "Click to show all stack frames", "Click to hide stack frames")'>Click to show all stack frames</a>
<div class='stack-trace' id='stack-trace2117116979'><pre>java.lang.AssertionError: Default wallet balance is not Zero expected [true] but found [false]
	at org.testng.Assert.fail(Assert.java:94)
	at org.testng.Assert.failNotEquals(Assert.java:494)
	at org.testng.Assert.assertTrue(Assert.java:42)
	at UITestFramework.MBReporter.verifyTrue(MBReporter.java:136)
	at IntegrationTests.Recharges.helpers.android.AndroidPrepaid_PostpaidHelper.savedConnectionRecharge(AndroidPrepaid_PostpaidHelper.java:95)
	at IntegrationTests.Tests.Recharges.Prepaid_PostpaidTest.postpaid_RechargeSavedConnection(Prepaid_PostpaidTest.java:71)
	at sun.reflect.NativeMethodAccessorImpl.invoke0(Native Method)
	at sun.reflect.NativeMethodAccessorImpl.invoke(NativeMethodAccessorImpl.java:62)
	at sun.reflect.DelegatingMethodAccessorImpl.invoke(DelegatingMethodAccessorImpl.java:43)
	at java.lang.reflect.Method.invoke(Method.java:497)
	at org.testng.internal.MethodInvocationHelper.invokeMethod(MethodInvocationHelper.java:84)
	at org.testng.internal.Invoker.invokeMethod(Invoker.java:714)
	at org.testng.internal.Invoker.invokeTestMethod(Invoker.java:901)
	at org.testng.internal.Invoker.invokeTestMethods(Invoker.java:1231)
	at org.testng.internal.TestMethodWorker.invokeTestMethods(TestMethodWorker.java:127)
	at org.testng.internal.TestMethodWorker.run(TestMethodWorker.java:111)
	at org.testng.TestRunner.privateRun(TestRunner.java:767)
	at org.testng.TestRunner.run(TestRunner.java:617)
	at org.testng.SuiteRunner.runTest(SuiteRunner.java:334)
	at org.testng.SuiteRunner.access$000(SuiteRunner.java:37)
	at org.testng.SuiteRunner$SuiteWorker.run(SuiteRunner.java:368)
	at org.testng.internal.thread.ThreadUtil$2.call(ThreadUtil.java:64)
	at java.util.concurrent.FutureTask.run(FutureTask.java:266)
	at java.util.concurrent.ThreadPoolExecutor.runWorker(ThreadPoolExecutor.java:1142)
	at java.util.concurrent.ThreadPoolExecutor$Worker.run(ThreadPoolExecutor.java:617)
	at java.lang.Thread.run(Thread.java:745)
</pre></div></td>
<td>214</td>
<td>IntegrationTests.Tests.Recharges.Prepaid_PostpaidTest@59f99ea</td></tr>
<tr>
<td title='IntegrationTests.Tests.Recharges.Prepaid_PostpaidTest.postpaid_RechargeSavedConnection()'><b>postpaid_RechargeSavedConnection</b><br>Test class: IntegrationTests.Tests.Recharges.Prepaid_PostpaidTest<br/>
<a href="#Output-1872881574" onClick='toggleBox("Output-1872881574", this, "Show output", "Hide output");'>Show output</a>

<a href="#Output-1872881574" onClick="toggleAllBoxes();">Show all outputs</a>
<div class='log' id="Output-1872881574">
<br><br/>
<Font Color=#008000> PASS </Font>Login verification<br/>
<br><br/>
<Font Color=red> FAIL </Font> Default wallet balance is not Zero<br/>
<br><br/>
Exiting this function as exitOnFail flag is set to True. Will move to next test.<br/>
</div>
</td>
<td><div><pre>java.lang.AssertionError: Default wallet balance is not Zero expected [true] but found [false]
	at UITestFramework.MBReporter.verifyTrue(MBReporter.java:136)
	at IntegrationTests.Recharges.helpers.android.AndroidPrepaid_PostpaidHelper.savedConnectionRecharge(AndroidPrepaid_PostpaidHelper.java:95)
	at IntegrationTests.Tests.Recharges.Prepaid_PostpaidTest.postpaid_RechargeSavedConnection(Prepaid_PostpaidTest.java:71)
	at java.util.concurrent.FutureTask.run(FutureTask.java:266)
	at java.util.concurrent.ThreadPoolExecutor.runWorker(ThreadPoolExecutor.java:1142)
	at java.util.concurrent.ThreadPoolExecutor$Worker.run(ThreadPoolExecutor.java:617)
	at java.lang.Thread.run(Thread.java:745)
... Removed 19 stack frames</pre></div><a href='#' onClick='toggleBox("stack-trace1872881574", this, "Click to show all stack frames", "Click to hide stack frames")'>Click to show all stack frames</a>
<div class='stack-trace' id='stack-trace1872881574'><pre>java.lang.AssertionError: Default wallet balance is not Zero expected [true] but found [false]
	at org.testng.Assert.fail(Assert.java:94)
	at org.testng.Assert.failNotEquals(Assert.java:494)
	at org.testng.Assert.assertTrue(Assert.java:42)
	at UITestFramework.MBReporter.verifyTrue(MBReporter.java:136)
	at IntegrationTests.Recharges.helpers.android.AndroidPrepaid_PostpaidHelper.savedConnectionRecharge(AndroidPrepaid_PostpaidHelper.java:95)
	at IntegrationTests.Tests.Recharges.Prepaid_PostpaidTest.postpaid_RechargeSavedConnection(Prepaid_PostpaidTest.java:71)
	at sun.reflect.NativeMethodAccessorImpl.invoke0(Native Method)
	at sun.reflect.NativeMethodAccessorImpl.invoke(NativeMethodAccessorImpl.java:62)
	at sun.reflect.DelegatingMethodAccessorImpl.invoke(DelegatingMethodAccessorImpl.java:43)
	at java.lang.reflect.Method.invoke(Method.java:497)
	at org.testng.internal.MethodInvocationHelper.invokeMethod(MethodInvocationHelper.java:84)
	at org.testng.internal.Invoker.invokeMethod(Invoker.java:714)
	at org.testng.internal.Invoker.retryFailed(Invoker.java:1049)
	at org.testng.internal.Invoker.invokeTestMethods(Invoker.java:1254)
	at org.testng.internal.TestMethodWorker.invokeTestMethods(TestMethodWorker.java:127)
	at org.testng.internal.TestMethodWorker.run(TestMethodWorker.java:111)
	at org.testng.TestRunner.privateRun(TestRunner.java:767)
	at org.testng.TestRunner.run(TestRunner.java:617)
	at org.testng.SuiteRunner.runTest(SuiteRunner.java:334)
	at org.testng.SuiteRunner.access$000(SuiteRunner.java:37)
	at org.testng.SuiteRunner$SuiteWorker.run(SuiteRunner.java:368)
	at org.testng.internal.thread.ThreadUtil$2.call(ThreadUtil.java:64)
	at java.util.concurrent.FutureTask.run(FutureTask.java:266)
	at java.util.concurrent.ThreadPoolExecutor.runWorker(ThreadPoolExecutor.java:1142)
	at java.util.concurrent.ThreadPoolExecutor$Worker.run(ThreadPoolExecutor.java:617)
	at java.lang.Thread.run(Thread.java:745)
</pre></div></td>
<td>114</td>
<td>IntegrationTests.Tests.Recharges.Prepaid_PostpaidTest@59f99ea</td></tr>
<tr>
<td title='IntegrationTests.Tests.Recharges.Prepaid_PostpaidTest.prepaid_FailRecharge()'><b>prepaid_FailRecharge</b><br>Test class: IntegrationTests.Tests.Recharges.Prepaid_PostpaidTest<br/>
<a href="#Output-245236595" onClick='toggleBox("Output-245236595", this, "Show output", "Hide output");'>Show output</a>

<a href="#Output-245236595" onClick="toggleAllBoxes();">Show all outputs</a>
<div class='log' id="Output-245236595">
<br><br/>
<Font Color=#008000> PASS </Font>Login verification<br/>
<br><br/>
<Font Color=red> FAIL </Font> Default wallet balance is not Zero<br/>
<br><br/>
Exiting this function as exitOnFail flag is set to True. Will move to next test.<br/>
</div>
</td>
<td><div><pre>java.lang.AssertionError: Default wallet balance is not Zero expected [true] but found [false]
	at UITestFramework.MBReporter.verifyTrue(MBReporter.java:136)
	at IntegrationTests.Recharges.helpers.android.AndroidPrepaid_PostpaidHelper.Recharges(AndroidPrepaid_PostpaidHelper.java:40)
	at IntegrationTests.Tests.Recharges.Prepaid_PostpaidTest.prepaid_FailRecharge(Prepaid_PostpaidTest.java:79)
	at java.util.concurrent.FutureTask.run(FutureTask.java:266)
	at java.util.concurrent.ThreadPoolExecutor.runWorker(ThreadPoolExecutor.java:1142)
	at java.util.concurrent.ThreadPoolExecutor$Worker.run(ThreadPoolExecutor.java:617)
	at java.lang.Thread.run(Thread.java:745)
... Removed 19 stack frames</pre></div><a href='#' onClick='toggleBox("stack-trace245236595", this, "Click to show all stack frames", "Click to hide stack frames")'>Click to show all stack frames</a>
<div class='stack-trace' id='stack-trace245236595'><pre>java.lang.AssertionError: Default wallet balance is not Zero expected [true] but found [false]
	at org.testng.Assert.fail(Assert.java:94)
	at org.testng.Assert.failNotEquals(Assert.java:494)
	at org.testng.Assert.assertTrue(Assert.java:42)
	at UITestFramework.MBReporter.verifyTrue(MBReporter.java:136)
	at IntegrationTests.Recharges.helpers.android.AndroidPrepaid_PostpaidHelper.Recharges(AndroidPrepaid_PostpaidHelper.java:40)
	at IntegrationTests.Tests.Recharges.Prepaid_PostpaidTest.prepaid_FailRecharge(Prepaid_PostpaidTest.java:79)
	at sun.reflect.NativeMethodAccessorImpl.invoke0(Native Method)
	at sun.reflect.NativeMethodAccessorImpl.invoke(NativeMethodAccessorImpl.java:62)
	at sun.reflect.DelegatingMethodAccessorImpl.invoke(DelegatingMethodAccessorImpl.java:43)
	at java.lang.reflect.Method.invoke(Method.java:497)
	at org.testng.internal.MethodInvocationHelper.invokeMethod(MethodInvocationHelper.java:84)
	at org.testng.internal.Invoker.invokeMethod(Invoker.java:714)
	at org.testng.internal.Invoker.invokeTestMethod(Invoker.java:901)
	at org.testng.internal.Invoker.invokeTestMethods(Invoker.java:1231)
	at org.testng.internal.TestMethodWorker.invokeTestMethods(TestMethodWorker.java:127)
	at org.testng.internal.TestMethodWorker.run(TestMethodWorker.java:111)
	at org.testng.TestRunner.privateRun(TestRunner.java:767)
	at org.testng.TestRunner.run(TestRunner.java:617)
	at org.testng.SuiteRunner.runTest(SuiteRunner.java:334)
	at org.testng.SuiteRunner.access$000(SuiteRunner.java:37)
	at org.testng.SuiteRunner$SuiteWorker.run(SuiteRunner.java:368)
	at org.testng.internal.thread.ThreadUtil$2.call(ThreadUtil.java:64)
	at java.util.concurrent.FutureTask.run(FutureTask.java:266)
	at java.util.concurrent.ThreadPoolExecutor.runWorker(ThreadPoolExecutor.java:1142)
	at java.util.concurrent.ThreadPoolExecutor$Worker.run(ThreadPoolExecutor.java:617)
	at java.lang.Thread.run(Thread.java:745)
</pre></div></td>
<td>225</td>
<td>IntegrationTests.Tests.Recharges.Prepaid_PostpaidTest@59f99ea</td></tr>
<tr>
<td title='IntegrationTests.Tests.Recharges.Prepaid_PostpaidTest.prepaid_FailRecharge()'><b>prepaid_FailRecharge</b><br>Test class: IntegrationTests.Tests.Recharges.Prepaid_PostpaidTest<br/>
<a href="#Output-529636207" onClick='toggleBox("Output-529636207", this, "Show output", "Hide output");'>Show output</a>

<a href="#Output-529636207" onClick="toggleAllBoxes();">Show all outputs</a>
<div class='log' id="Output-529636207">
<br><br/>
<Font Color=#008000> PASS </Font>Login verification<br/>
<br><br/>
<Font Color=red> FAIL </Font> Default wallet balance is not Zero<br/>
<br><br/>
Exiting this function as exitOnFail flag is set to True. Will move to next test.<br/>
</div>
</td>
<td><div><pre>java.lang.AssertionError: Default wallet balance is not Zero expected [true] but found [false]
	at UITestFramework.MBReporter.verifyTrue(MBReporter.java:136)
	at IntegrationTests.Recharges.helpers.android.AndroidPrepaid_PostpaidHelper.Recharges(AndroidPrepaid_PostpaidHelper.java:40)
	at IntegrationTests.Tests.Recharges.Prepaid_PostpaidTest.prepaid_FailRecharge(Prepaid_PostpaidTest.java:79)
	at java.util.concurrent.FutureTask.run(FutureTask.java:266)
	at java.util.concurrent.ThreadPoolExecutor.runWorker(ThreadPoolExecutor.java:1142)
	at java.util.concurrent.ThreadPoolExecutor$Worker.run(ThreadPoolExecutor.java:617)
	at java.lang.Thread.run(Thread.java:745)
... Removed 19 stack frames</pre></div><a href='#' onClick='toggleBox("stack-trace529636207", this, "Click to show all stack frames", "Click to hide stack frames")'>Click to show all stack frames</a>
<div class='stack-trace' id='stack-trace529636207'><pre>java.lang.AssertionError: Default wallet balance is not Zero expected [true] but found [false]
	at org.testng.Assert.fail(Assert.java:94)
	at org.testng.Assert.failNotEquals(Assert.java:494)
	at org.testng.Assert.assertTrue(Assert.java:42)
	at UITestFramework.MBReporter.verifyTrue(MBReporter.java:136)
	at IntegrationTests.Recharges.helpers.android.AndroidPrepaid_PostpaidHelper.Recharges(AndroidPrepaid_PostpaidHelper.java:40)
	at IntegrationTests.Tests.Recharges.Prepaid_PostpaidTest.prepaid_FailRecharge(Prepaid_PostpaidTest.java:79)
	at sun.reflect.NativeMethodAccessorImpl.invoke0(Native Method)
	at sun.reflect.NativeMethodAccessorImpl.invoke(NativeMethodAccessorImpl.java:62)
	at sun.reflect.DelegatingMethodAccessorImpl.invoke(DelegatingMethodAccessorImpl.java:43)
	at java.lang.reflect.Method.invoke(Method.java:497)
	at org.testng.internal.MethodInvocationHelper.invokeMethod(MethodInvocationHelper.java:84)
	at org.testng.internal.Invoker.invokeMethod(Invoker.java:714)
	at org.testng.internal.Invoker.retryFailed(Invoker.java:1049)
	at org.testng.internal.Invoker.invokeTestMethods(Invoker.java:1254)
	at org.testng.internal.TestMethodWorker.invokeTestMethods(TestMethodWorker.java:127)
	at org.testng.internal.TestMethodWorker.run(TestMethodWorker.java:111)
	at org.testng.TestRunner.privateRun(TestRunner.java:767)
	at org.testng.TestRunner.run(TestRunner.java:617)
	at org.testng.SuiteRunner.runTest(SuiteRunner.java:334)
	at org.testng.SuiteRunner.access$000(SuiteRunner.java:37)
	at org.testng.SuiteRunner$SuiteWorker.run(SuiteRunner.java:368)
	at org.testng.internal.thread.ThreadUtil$2.call(ThreadUtil.java:64)
	at java.util.concurrent.FutureTask.run(FutureTask.java:266)
	at java.util.concurrent.ThreadPoolExecutor.runWorker(ThreadPoolExecutor.java:1142)
	at java.util.concurrent.ThreadPoolExecutor$Worker.run(ThreadPoolExecutor.java:617)
	at java.lang.Thread.run(Thread.java:745)
</pre></div></td>
<td>406</td>
<td>IntegrationTests.Tests.Recharges.Prepaid_PostpaidTest@59f99ea</td></tr>
<tr>
<td title='IntegrationTests.Tests.Recharges.Prepaid_PostpaidTest.prepaid_Recharge()'><b>prepaid_Recharge</b><br>Test class: IntegrationTests.Tests.Recharges.Prepaid_PostpaidTest<br/>
<a href="#Output-1294938203" onClick='toggleBox("Output-1294938203", this, "Show output", "Hide output");'>Show output</a>

<a href="#Output-1294938203" onClick="toggleAllBoxes();">Show all outputs</a>
<div class='log' id="Output-1294938203">
<br><br/>
<Font Color=#008000> PASS </Font>Login verification<br/>
<br><br/>
<Font Color=red> FAIL </Font> Default wallet balance is not Zero<br/>
<br><br/>
Exiting this function as exitOnFail flag is set to True. Will move to next test.<br/>
</div>
</td>
<td><div><pre>java.lang.AssertionError: Default wallet balance is not Zero expected [true] but found [false]
	at UITestFramework.MBReporter.verifyTrue(MBReporter.java:136)
	at IntegrationTests.Recharges.helpers.android.AndroidPrepaid_PostpaidHelper.Recharges(AndroidPrepaid_PostpaidHelper.java:40)
	at IntegrationTests.Tests.Recharges.Prepaid_PostpaidTest.prepaid_Recharge(Prepaid_PostpaidTest.java:55)
	at java.util.concurrent.FutureTask.run(FutureTask.java:266)
	at java.util.concurrent.ThreadPoolExecutor.runWorker(ThreadPoolExecutor.java:1142)
	at java.util.concurrent.ThreadPoolExecutor$Worker.run(ThreadPoolExecutor.java:617)
	at java.lang.Thread.run(Thread.java:745)
... Removed 19 stack frames</pre></div><a href='#' onClick='toggleBox("stack-trace1294938203", this, "Click to show all stack frames", "Click to hide stack frames")'>Click to show all stack frames</a>
<div class='stack-trace' id='stack-trace1294938203'><pre>java.lang.AssertionError: Default wallet balance is not Zero expected [true] but found [false]
	at org.testng.Assert.fail(Assert.java:94)
	at org.testng.Assert.failNotEquals(Assert.java:494)
	at org.testng.Assert.assertTrue(Assert.java:42)
	at UITestFramework.MBReporter.verifyTrue(MBReporter.java:136)
	at IntegrationTests.Recharges.helpers.android.AndroidPrepaid_PostpaidHelper.Recharges(AndroidPrepaid_PostpaidHelper.java:40)
	at IntegrationTests.Tests.Recharges.Prepaid_PostpaidTest.prepaid_Recharge(Prepaid_PostpaidTest.java:55)
	at sun.reflect.NativeMethodAccessorImpl.invoke0(Native Method)
	at sun.reflect.NativeMethodAccessorImpl.invoke(NativeMethodAccessorImpl.java:62)
	at sun.reflect.DelegatingMethodAccessorImpl.invoke(DelegatingMethodAccessorImpl.java:43)
	at java.lang.reflect.Method.invoke(Method.java:497)
	at org.testng.internal.MethodInvocationHelper.invokeMethod(MethodInvocationHelper.java:84)
	at org.testng.internal.Invoker.invokeMethod(Invoker.java:714)
	at org.testng.internal.Invoker.invokeTestMethod(Invoker.java:901)
	at org.testng.internal.Invoker.invokeTestMethods(Invoker.java:1231)
	at org.testng.internal.TestMethodWorker.invokeTestMethods(TestMethodWorker.java:127)
	at org.testng.internal.TestMethodWorker.run(TestMethodWorker.java:111)
	at org.testng.TestRunner.privateRun(TestRunner.java:767)
	at org.testng.TestRunner.run(TestRunner.java:617)
	at org.testng.SuiteRunner.runTest(SuiteRunner.java:334)
	at org.testng.SuiteRunner.access$000(SuiteRunner.java:37)
	at org.testng.SuiteRunner$SuiteWorker.run(SuiteRunner.java:368)
	at org.testng.internal.thread.ThreadUtil$2.call(ThreadUtil.java:64)
	at java.util.concurrent.FutureTask.run(FutureTask.java:266)
	at java.util.concurrent.ThreadPoolExecutor.runWorker(ThreadPoolExecutor.java:1142)
	at java.util.concurrent.ThreadPoolExecutor$Worker.run(ThreadPoolExecutor.java:617)
	at java.lang.Thread.run(Thread.java:745)
</pre></div></td>
<td>65</td>
<td>IntegrationTests.Tests.Recharges.Prepaid_PostpaidTest@59f99ea</td></tr>
<tr>
<td title='IntegrationTests.Tests.Recharges.Prepaid_PostpaidTest.prepaid_Recharge()'><b>prepaid_Recharge</b><br>Test class: IntegrationTests.Tests.Recharges.Prepaid_PostpaidTest</td>
<td><div><pre>org.openqa.selenium.TimeoutException: Build info: version: &apos;2.45.0&apos;, revision: &apos;32a636c&apos;, time: &apos;2015-03-05 22:01:35&apos;
System info: host: &apos;shanky-Lenovo-B40-70&apos;, ip: &apos;127.0.1.1&apos;, os.name: &apos;Linux&apos;, os.arch: &apos;amd64&apos;, os.version: &apos;3.13.0-55-generic&apos;, java.version: &apos;1.8.0_45&apos;
Driver info: driver.version: unknown
	at UITestFramework.MobiKwikScreen.waitForVisibility(MobiKwikScreen.java:83)
	at IntegrationTests.Payments.helpers.android.AndroidLoginHelper.mbLoginSuccessful(AndroidLoginHelper.java:127)
	at IntegrationTests.Tests.Recharges.Prepaid_PostpaidTest.Login(Prepaid_PostpaidTest.java:88)
	at IntegrationTests.Tests.Recharges.Prepaid_PostpaidTest.prepaid_Recharge(Prepaid_PostpaidTest.java:54)
	at java.util.concurrent.FutureTask.run(FutureTask.java:266)
	at java.util.concurrent.ThreadPoolExecutor.runWorker(ThreadPoolExecutor.java:1142)
	at java.util.concurrent.ThreadPoolExecutor$Worker.run(ThreadPoolExecutor.java:617)
	at java.lang.Thread.run(Thread.java:745)
... Removed 16 stack frames</pre></div><a href='#' onClick='toggleBox("stack-trace2105942611", this, "Click to show all stack frames", "Click to hide stack frames")'>Click to show all stack frames</a>
<div class='stack-trace' id='stack-trace2105942611'><pre>org.openqa.selenium.TimeoutException: Build info: version: &apos;2.45.0&apos;, revision: &apos;32a636c&apos;, time: &apos;2015-03-05 22:01:35&apos;
System info: host: &apos;shanky-Lenovo-B40-70&apos;, ip: &apos;127.0.1.1&apos;, os.name: &apos;Linux&apos;, os.arch: &apos;amd64&apos;, os.version: &apos;3.13.0-55-generic&apos;, java.version: &apos;1.8.0_45&apos;
Driver info: driver.version: unknown
	at UITestFramework.MobiKwikScreen.waitForVisibility(MobiKwikScreen.java:83)
	at IntegrationTests.Payments.helpers.android.AndroidLoginHelper.mbLoginSuccessful(AndroidLoginHelper.java:127)
	at IntegrationTests.Tests.Recharges.Prepaid_PostpaidTest.Login(Prepaid_PostpaidTest.java:88)
	at IntegrationTests.Tests.Recharges.Prepaid_PostpaidTest.prepaid_Recharge(Prepaid_PostpaidTest.java:54)
	at sun.reflect.NativeMethodAccessorImpl.invoke0(Native Method)
	at sun.reflect.NativeMethodAccessorImpl.invoke(NativeMethodAccessorImpl.java:62)
	at sun.reflect.DelegatingMethodAccessorImpl.invoke(DelegatingMethodAccessorImpl.java:43)
	at java.lang.reflect.Method.invoke(Method.java:497)
	at org.testng.internal.MethodInvocationHelper.invokeMethod(MethodInvocationHelper.java:84)
	at org.testng.internal.Invoker.invokeMethod(Invoker.java:714)
	at org.testng.internal.Invoker.retryFailed(Invoker.java:1049)
	at org.testng.internal.Invoker.invokeTestMethods(Invoker.java:1254)
	at org.testng.internal.TestMethodWorker.invokeTestMethods(TestMethodWorker.java:127)
	at org.testng.internal.TestMethodWorker.run(TestMethodWorker.java:111)
	at org.testng.TestRunner.privateRun(TestRunner.java:767)
	at org.testng.TestRunner.run(TestRunner.java:617)
	at org.testng.SuiteRunner.runTest(SuiteRunner.java:334)
	at org.testng.SuiteRunner.access$000(SuiteRunner.java:37)
	at org.testng.SuiteRunner$SuiteWorker.run(SuiteRunner.java:368)
	at org.testng.internal.thread.ThreadUtil$2.call(ThreadUtil.java:64)
	at java.util.concurrent.FutureTask.run(FutureTask.java:266)
	at java.util.concurrent.ThreadPoolExecutor.runWorker(ThreadPoolExecutor.java:1142)
	at java.util.concurrent.ThreadPoolExecutor$Worker.run(ThreadPoolExecutor.java:617)
	at java.lang.Thread.run(Thread.java:745)
</pre></div></td>
<td>130</td>
<td>IntegrationTests.Tests.Recharges.Prepaid_PostpaidTest@59f99ea</td></tr>
</table><p>
</body>
</html>