<html>
<head>
<title>TestNG:  Test_2</title>
<link href="../testng.css" rel="stylesheet" type="text/css" />
<link href="../my-testng.css" rel="stylesheet" type="text/css" />

<style type="text/css">
.log { display: none;} 
.stack-trace { display: none;} 
</style>
<script type="text/javascript">
<!--
function flip(e) {
  current = e.style.display;
  if (current == 'block') {
    e.style.display = 'none';
    return 0;
  }
  else {
    e.style.display = 'block';
    return 1;
  }
}

function toggleBox(szDivId, elem, msg1, msg2)
{
  var res = -1;  if (document.getElementById) {
    res = flip(document.getElementById(szDivId));
  }
  else if (document.all) {
    // this is the way old msie versions work
    res = flip(document.all[szDivId]);
  }
  if(elem) {
    if(res == 0) elem.innerHTML = msg1; else elem.innerHTML = msg2;
  }

}

function toggleAllBoxes() {
  if (document.getElementsByTagName) {
    d = document.getElementsByTagName('div');
    for (i = 0; i < d.length; i++) {
      if (d[i].className == 'log') {
        flip(d[i]);
      }
    }
  }
}

// -->
</script>

</head>
<body>
<h2 align='center'>Test_2</h2><table border='1' align="center">
<tr>
<td>Tests passed/Failed/Skipped:</td><td>1/1/0</td>
</tr><tr>
<td>Started on:</td><td>Wed Jul 15 09:53:46 IST 2015</td>
</tr>
<tr><td>Total time:</td><td>1594 seconds (1594035 ms)</td>
</tr><tr>
<td>Included groups:</td><td>prod_sanity </td>
</tr><tr>
<td>Excluded groups:</td><td></td>
</tr>
</table><p/>
<small><i>(Hover the method name to see the test class name)</i></small><p/>
<table width='100%' border='1' class='invocation-failed'>
<tr><td colspan='4' align='center'><b>FAILED TESTS</b></td></tr>
<tr><td><b>Test method</b></td>
<td width="30%"><b>Exception</b></td>
<td width="10%"><b>Time (seconds)</b></td>
<td><b>Instance</b></td>
</tr>
<tr>
<td title='IntegrationTests.Tests.Payments.CashPayTest.cashPay_StaticText()'><b>cashPay_StaticText</b><br>Test class: IntegrationTests.Tests.Payments.CashPayTest<br/>
<a href="#Output-801940378" onClick='toggleBox("Output-801940378", this, "Show output", "Hide output");'>Show output</a>

<a href="#Output-801940378" onClick="toggleAllBoxes();">Show all outputs</a>
<div class='log' id="Output-801940378">
<br><br/>
<Font Color=#008000> PASS </Font>Verify title text displayed on alert<br/>
<br><br/>
<Font Color=#008000> PASS </Font>Verify message text displayed on alert<br/>
<br><br/>
<Font Color=#008000> PASS </Font>Verify button text displayed on alert<br/>
<br><br/>
<Font Color=#008000> PASS </Font>Verify button text displayed on alert<br/>
<br><br/>
<Font Color=#008000> PASS </Font>Login verification<br/>
<br><br/>
<Font Color=#008000> PASS </Font>Title Verified<br/>
<br><br/>
<Font Color=#008000> PASS </Font>Image verified<br/>
<br><br/>
<Font Color=#008000> PASS </Font>Message Verified<br/>
<br><br/>
<Font Color=red> FAIL </Font> Image verified<br/>
</div>
</td>
<td><div><pre>org.openqa.selenium.NoSuchElementException: An element could not be located on the page using the given search parameters. (WARNING: The server did not provide any stacktrace information)
Command duration or timeout: 1.21 seconds
For documentation on this error, please visit: http://seleniumhq.org/exceptions/no_such_element.html
Build info: version: &apos;2.45.0&apos;, revision: &apos;32a636c&apos;, time: &apos;2015-03-05 22:01:35&apos;
System info: host: &apos;shanky-Lenovo-B40-70&apos;, ip: &apos;127.0.1.1&apos;, os.name: &apos;Linux&apos;, os.arch: &apos;amd64&apos;, os.version: &apos;3.13.0-55-generic&apos;, java.version: &apos;1.8.0_45&apos;
Driver info: io.appium.java_client.android.AndroidDriver
Capabilities [{networkConnectionEnabled=true, warnings={}, webdriver.remote.quietExceptions=true, app-package=com.mobikwik_new, app-activity=.MobikwikMain, hasMetadata=true, databaseEnabled=false, deviceName=Android Emulator, platform=LINUX, proxy={proxyAutoconfigUrl=http://127.0.0.1:19876/pac.js, proxyType=PAC}, app-wait-activity=.MobikwikMain, desired={proxy={proxyAutoconfigUrl=http://127.0.0.1:19876/pac.js, proxyType=PAC}, app-wait-activity=.MobikwikMain, platformVersion=4.4, webdriver.remote.quietExceptions=true, app-package=com.mobikwik_new, app-activity=.MobikwikMain, platformName=Android, deviceName=Android Emulator}, webdriver.remote.sessionid=bfb5bbeac5824b96973ef98509f769bb, platformVersion=4.4, webStorageEnabled=false, locationContextEnabled=false, takesScreenshot=true, browserName=Android, javascriptEnabled=true, platformName=Android}]
Session ID: bfb5bbeac5824b96973ef98509f769bb
*** Element info: {Using=id, value=com.mobikwik_new:id/tvDesc}
For documentation on this error, please visit: http://seleniumhq.org/exceptions/no_such_element.html
Build info: version: &apos;2.45.0&apos;, revision: &apos;32a636c&apos;, time: &apos;2015-03-05 22:01:35&apos;
System info: host: &apos;shanky-Lenovo-B40-70&apos;, ip: &apos;127.0.1.1&apos;, os.name: &apos;Linux&apos;, os.arch: &apos;amd64&apos;, os.version: &apos;3.13.0-55-generic&apos;, java.version: &apos;1.8.0_45&apos;
Driver info: driver.version: unknown
	at UITestFramework.MobiKwikScreen.findElement(MobiKwikScreen.java:134)
	at IntegrationTests.Payments.helpers.android.AndroidCashPayHelper.cashPayStaticScreens(AndroidCashPayHelper.java:61)
	at IntegrationTests.Tests.Payments.CashPayTest.cashPay_StaticText(CashPayTest.java:71)
	at java.util.concurrent.FutureTask.run(FutureTask.java:266)
	at java.util.concurrent.ThreadPoolExecutor.runWorker(ThreadPoolExecutor.java:1142)
	at java.util.concurrent.ThreadPoolExecutor$Worker.run(ThreadPoolExecutor.java:617)
	at java.lang.Thread.run(Thread.java:745)
... Removed 16 stack frames</pre></div><a href='#' onClick='toggleBox("stack-trace801940378", this, "Click to show all stack frames", "Click to hide stack frames")'>Click to show all stack frames</a>
<div class='stack-trace' id='stack-trace801940378'><pre>org.openqa.selenium.NoSuchElementException: An element could not be located on the page using the given search parameters. (WARNING: The server did not provide any stacktrace information)
Command duration or timeout: 1.21 seconds
For documentation on this error, please visit: http://seleniumhq.org/exceptions/no_such_element.html
Build info: version: &apos;2.45.0&apos;, revision: &apos;32a636c&apos;, time: &apos;2015-03-05 22:01:35&apos;
System info: host: &apos;shanky-Lenovo-B40-70&apos;, ip: &apos;127.0.1.1&apos;, os.name: &apos;Linux&apos;, os.arch: &apos;amd64&apos;, os.version: &apos;3.13.0-55-generic&apos;, java.version: &apos;1.8.0_45&apos;
Driver info: io.appium.java_client.android.AndroidDriver
Capabilities [{networkConnectionEnabled=true, warnings={}, webdriver.remote.quietExceptions=true, app-package=com.mobikwik_new, app-activity=.MobikwikMain, hasMetadata=true, databaseEnabled=false, deviceName=Android Emulator, platform=LINUX, proxy={proxyAutoconfigUrl=http://127.0.0.1:19876/pac.js, proxyType=PAC}, app-wait-activity=.MobikwikMain, desired={proxy={proxyAutoconfigUrl=http://127.0.0.1:19876/pac.js, proxyType=PAC}, app-wait-activity=.MobikwikMain, platformVersion=4.4, webdriver.remote.quietExceptions=true, app-package=com.mobikwik_new, app-activity=.MobikwikMain, platformName=Android, deviceName=Android Emulator}, webdriver.remote.sessionid=bfb5bbeac5824b96973ef98509f769bb, platformVersion=4.4, webStorageEnabled=false, locationContextEnabled=false, takesScreenshot=true, browserName=Android, javascriptEnabled=true, platformName=Android}]
Session ID: bfb5bbeac5824b96973ef98509f769bb
*** Element info: {Using=id, value=com.mobikwik_new:id/tvDesc}
For documentation on this error, please visit: http://seleniumhq.org/exceptions/no_such_element.html
Build info: version: &apos;2.45.0&apos;, revision: &apos;32a636c&apos;, time: &apos;2015-03-05 22:01:35&apos;
System info: host: &apos;shanky-Lenovo-B40-70&apos;, ip: &apos;127.0.1.1&apos;, os.name: &apos;Linux&apos;, os.arch: &apos;amd64&apos;, os.version: &apos;3.13.0-55-generic&apos;, java.version: &apos;1.8.0_45&apos;
Driver info: driver.version: unknown
	at UITestFramework.MobiKwikScreen.findElement(MobiKwikScreen.java:134)
	at IntegrationTests.Payments.helpers.android.AndroidCashPayHelper.cashPayStaticScreens(AndroidCashPayHelper.java:61)
	at IntegrationTests.Tests.Payments.CashPayTest.cashPay_StaticText(CashPayTest.java:71)
	at sun.reflect.NativeMethodAccessorImpl.invoke0(Native Method)
	at sun.reflect.NativeMethodAccessorImpl.invoke(NativeMethodAccessorImpl.java:62)
	at sun.reflect.DelegatingMethodAccessorImpl.invoke(DelegatingMethodAccessorImpl.java:43)
	at java.lang.reflect.Method.invoke(Method.java:497)
	at org.testng.internal.MethodInvocationHelper.invokeMethod(MethodInvocationHelper.java:84)
	at org.testng.internal.Invoker.invokeMethod(Invoker.java:714)
	at org.testng.internal.Invoker.invokeTestMethod(Invoker.java:901)
	at org.testng.internal.Invoker.invokeTestMethods(Invoker.java:1231)
	at org.testng.internal.TestMethodWorker.invokeTestMethods(TestMethodWorker.java:127)
	at org.testng.internal.TestMethodWorker.run(TestMethodWorker.java:111)
	at org.testng.TestRunner.privateRun(TestRunner.java:767)
	at org.testng.TestRunner.run(TestRunner.java:617)
	at org.testng.SuiteRunner.runTest(SuiteRunner.java:334)
	at org.testng.SuiteRunner.access$000(SuiteRunner.java:37)
	at org.testng.SuiteRunner$SuiteWorker.run(SuiteRunner.java:368)
	at org.testng.internal.thread.ThreadUtil$2.call(ThreadUtil.java:64)
	at java.util.concurrent.FutureTask.run(FutureTask.java:266)
	at java.util.concurrent.ThreadPoolExecutor.runWorker(ThreadPoolExecutor.java:1142)
	at java.util.concurrent.ThreadPoolExecutor$Worker.run(ThreadPoolExecutor.java:617)
	at java.lang.Thread.run(Thread.java:745)
</pre></div></td>
<td>596</td>
<td>IntegrationTests.Tests.Payments.CashPayTest@26f67b76</td></tr>
</table><p>
<table width='100%' border='1' class='invocation-passed'>
<tr><td colspan='4' align='center'><b>PASSED TESTS</b></td></tr>
<tr><td><b>Test method</b></td>
<td width="30%"><b>Exception</b></td>
<td width="10%"><b>Time (seconds)</b></td>
<td><b>Instance</b></td>
</tr>
<tr>
<td title='IntegrationTests.Tests.Payments.CashPayTest.cashPay_StaticText()'><b>cashPay_StaticText</b><br>Test class: IntegrationTests.Tests.Payments.CashPayTest<br/>
<a href="#Output-371758807" onClick='toggleBox("Output-371758807", this, "Show output", "Hide output");'>Show output</a>

<a href="#Output-371758807" onClick="toggleAllBoxes();">Show all outputs</a>
<div class='log' id="Output-371758807">
<br><br/>
<Font Color=#008000> PASS </Font>Login verification<br/>
<br><br/>
<Font Color=#008000> PASS </Font>Title Verified<br/>
<br><br/>
<Font Color=#008000> PASS </Font>Image verified<br/>
<br><br/>
<Font Color=#008000> PASS </Font>Message Verified<br/>
<br><br/>
<Font Color=#008000> PASS </Font>Image verified<br/>
<br><br/>
<Font Color=#008000> PASS </Font>Message Verified<br/>
<br><br/>
<Font Color=#008000> PASS </Font>Image verified<br/>
<br><br/>
<Font Color=#008000> PASS </Font>Message Verified<br/>
<br><br/>
<Font Color=#008000> PASS </Font>Image verified<br/>
<br><br/>
<Font Color=#008000> PASS </Font>Message Verified<br/>
<br><br/>
<Font Color=#008000> PASS </Font>Default Amount Verified<br/>
<br><br/>
<Font Color=#008000> PASS </Font>Account name Verified on CashPay Screen<br/>
<br><br/>
<Font Color=#008000> PASS </Font>Number of created orders verified on Dashboard<br/>
<br><br/>
<Font Color=#008000> PASS </Font>Transaction verified under cashPay<br/>
<br><br/>
<Font Color=#008000> PASS </Font>Title Verified<br/>
<br><br/>
<Font Color=#008000> PASS </Font>Static Title Verified Under cash Deposit Details<br/>
<br><br/>
<Font Color=#008000> PASS </Font>Validity Under cash Deposit Details<br/>
<br><br/>
<Font Color=#008000> PASS </Font>Amount Verified<br/>
<br><br/>
<Font Color=#008000> PASS </Font>Name Verified<br/>
<br><br/>
<Font Color=#008000> PASS </Font>How to fill deposit slip verified Under cash Deposit Details<br/>
<br><br/>
<Font Color=#008000> PASS </Font>Title Verified<br/>
<br><br/>
<Font Color=#008000> PASS </Font>Image under How to fill Cash Deposit Slip<br/>
<br><br/>
<Font Color=#008000> PASS </Font>Swipe to view more present<br/>
<br><br/>
<Font Color=#008000> PASS </Font>Number of created orders verified on Dashboard<br/>
<br><br/>
<Font Color=#008000> PASS </Font>Created At date is visible<br/>
<br><br/>
<Font Color=#008000> PASS </Font>Created At date is visible<br/>
<br><br/>
<Font Color=#008000> PASS </Font>Order ID verified under pending Transaction Screen<br/>
<br><br/>
<Font Color=#008000> PASS </Font>Verified Validity is +5 days from Created Date<br/>
<br><br/>
<Font Color=#008000> PASS </Font>Verify title text displayed on alert<br/>
<br><br/>
<Font Color=#008000> PASS </Font>Verify message text displayed on alert<br/>
<br><br/>
<Font Color=#008000> PASS </Font>Verify button text displayed on alert<br/>
<br><br/>
<Font Color=#008000> PASS </Font>Verify button text displayed on alert<br/>
</div>
</td>
<td></td>
<td>903</td>
<td>IntegrationTests.Tests.Payments.CashPayTest@26f67b76</td></tr>
</table><p>
</body>
</html>