<?xml version="1.0" encoding="UTF-8"?>
<!-- Generated by org.testng.reporters.JUnitXMLReporter -->
<testsuite hostname="shanky-Lenovo-B40-70" name="Mobikwik Automation Tests" tests="19" failures="0" timestamp="7 Jul 2015 16:34:58 GMT" time="0.121" errors="0">
  <testcase name="@BeforeMethod createDriver" time="0.0" classname="IntegrationTests.Tests.Payments.PaybackTest">
    <failure type="org.testng.TestNGException" message="
Parameter &amp;apos;browserName&amp;apos; is required by @Configuration on method createDriver but has not been marked @Optional or defined
in /home/shanky/tests/AutomationTests/UIAutomation/TestNg/Payments/testng_android_payments_prod.xml">
      <![CDATA[org.testng.TestNGException: 
Parameter 'browserName' is required by @Configuration on method createDriver but has not been marked @Optional or defined
in /home/shanky/tests/AutomationTests/UIAutomation/TestNg/Payments/testng_android_payments_prod.xml
... Removed 22 stack frames]]>
    </failure>
  </testcase> <!-- @BeforeMethod createDriver -->
  <testcase name="@BeforeMethod instantiateHelpers" time="0.0" classname="IntegrationTests.Tests.Payments.PaybackTest">
    <skipped/>
  </testcase> <!-- @BeforeMethod instantiateHelpers -->
  <testcase name="@AfterMethod teardown" time="0.0" classname="IntegrationTests.Tests.Payments.PaybackTest">
    <failure type="java.lang.NullPointerException">
      <![CDATA[java.lang.NullPointerException
	at UITestFramework.CreateSession.teardown(Unknown Source)
... Removed 25 stack frames]]>
    </failure>
  </testcase> <!-- @AfterMethod teardown -->
  <testcase name="@BeforeMethod createDriver" time="0.0" classname="IntegrationTests.Tests.Payments.SendMoneyTest">
    <skipped/>
  </testcase> <!-- @BeforeMethod createDriver -->
  <testcase name="@BeforeMethod instantiateHelpers" time="0.0" classname="IntegrationTests.Tests.Payments.SendMoneyTest">
    <skipped/>
  </testcase> <!-- @BeforeMethod instantiateHelpers -->
  <testcase name="@AfterMethod teardown" time="0.0" classname="IntegrationTests.Tests.Payments.SendMoneyTest">
    <failure type="java.lang.NullPointerException">
      <![CDATA[java.lang.NullPointerException
	at UITestFramework.CreateSession.teardown(Unknown Source)
... Removed 25 stack frames]]>
    </failure>
  </testcase> <!-- @AfterMethod teardown -->
  <testcase name="@BeforeMethod createDriver" time="0.0" classname="IntegrationTests.Tests.Payments.SendMoneyTest">
    <skipped/>
  </testcase> <!-- @BeforeMethod createDriver -->
  <testcase name="@BeforeMethod instantiateHelpers" time="0.0" classname="IntegrationTests.Tests.Payments.SendMoneyTest">
    <skipped/>
  </testcase> <!-- @BeforeMethod instantiateHelpers -->
  <testcase name="@AfterMethod teardown" time="0.0" classname="IntegrationTests.Tests.Payments.SendMoneyTest">
    <failure type="java.lang.NullPointerException">
      <![CDATA[java.lang.NullPointerException
	at UITestFramework.CreateSession.teardown(Unknown Source)
... Removed 25 stack frames]]>
    </failure>
  </testcase> <!-- @AfterMethod teardown -->
  <testcase name="@BeforeMethod createDriver" time="0.0" classname="IntegrationTests.Tests.Payments.SendMoneyTest">
    <skipped/>
  </testcase> <!-- @BeforeMethod createDriver -->
  <testcase name="@BeforeMethod instantiateHelpers" time="0.0" classname="IntegrationTests.Tests.Payments.SendMoneyTest">
    <skipped/>
  </testcase> <!-- @BeforeMethod instantiateHelpers -->
  <testcase name="@AfterMethod teardown" time="0.0" classname="IntegrationTests.Tests.Payments.SendMoneyTest">
    <failure type="java.lang.NullPointerException">
      <![CDATA[java.lang.NullPointerException
	at UITestFramework.CreateSession.teardown(Unknown Source)
... Removed 25 stack frames]]>
    </failure>
  </testcase> <!-- @AfterMethod teardown -->
  <testcase name="@BeforeMethod createDriver" time="0.0" classname="IntegrationTests.Tests.Payments.SavedConnectionsTest">
    <skipped/>
  </testcase> <!-- @BeforeMethod createDriver -->
  <testcase name="@BeforeMethod instantiateHelpers" time="0.0" classname="IntegrationTests.Tests.Payments.SavedConnectionsTest">
    <skipped/>
  </testcase> <!-- @BeforeMethod instantiateHelpers -->
  <testcase name="@AfterMethod teardown" time="0.0" classname="IntegrationTests.Tests.Payments.SavedConnectionsTest">
    <failure type="java.lang.NullPointerException">
      <![CDATA[java.lang.NullPointerException
	at UITestFramework.CreateSession.teardown(Unknown Source)
... Removed 25 stack frames]]>
    </failure>
  </testcase> <!-- @AfterMethod teardown -->
  <testcase name="@BeforeMethod createDriver" time="0.0" classname="IntegrationTests.Tests.Payments.AddMoneyTest">
    <skipped/>
  </testcase> <!-- @BeforeMethod createDriver -->
  <testcase name="@BeforeMethod instantiateHelpers" time="0.0" classname="IntegrationTests.Tests.Payments.AddMoneyTest">
    <skipped/>
  </testcase> <!-- @BeforeMethod instantiateHelpers -->
  <testcase name="@AfterMethod teardown" time="0.0" classname="IntegrationTests.Tests.Payments.AddMoneyTest">
    <failure type="java.lang.NullPointerException">
      <![CDATA[java.lang.NullPointerException
	at UITestFramework.CreateSession.teardown(Unknown Source)
... Removed 25 stack frames]]>
    </failure>
  </testcase> <!-- @AfterMethod teardown -->
  <testcase name="@BeforeMethod createDriver" time="0.0" classname="IntegrationTests.Tests.Payments.RequestMoneyTest">
    <skipped/>
  </testcase> <!-- @BeforeMethod createDriver -->
  <testcase name="@BeforeMethod instantiateHelpers" time="0.0" classname="IntegrationTests.Tests.Payments.RequestMoneyTest">
    <skipped/>
  </testcase> <!-- @BeforeMethod instantiateHelpers -->
  <testcase name="@AfterMethod teardown" time="0.0" classname="IntegrationTests.Tests.Payments.RequestMoneyTest">
    <failure type="java.lang.NullPointerException">
      <![CDATA[java.lang.NullPointerException
	at UITestFramework.CreateSession.teardown(Unknown Source)
... Removed 25 stack frames]]>
    </failure>
  </testcase> <!-- @AfterMethod teardown -->
  <testcase name="@BeforeMethod createDriver" time="0.0" classname="IntegrationTests.Tests.Payments.RequestMoneyTest">
    <skipped/>
  </testcase> <!-- @BeforeMethod createDriver -->
  <testcase name="@BeforeMethod instantiateHelpers" time="0.0" classname="IntegrationTests.Tests.Payments.RequestMoneyTest">
    <skipped/>
  </testcase> <!-- @BeforeMethod instantiateHelpers -->
  <testcase name="@AfterMethod teardown" time="0.0" classname="IntegrationTests.Tests.Payments.RequestMoneyTest">
    <failure type="java.lang.NullPointerException">
      <![CDATA[java.lang.NullPointerException
	at UITestFramework.CreateSession.teardown(Unknown Source)
... Removed 25 stack frames]]>
    </failure>
  </testcase> <!-- @AfterMethod teardown -->
  <testcase name="@BeforeMethod createDriver" time="0.0" classname="IntegrationTests.Tests.Payments.RequestMoneyTest">
    <skipped/>
  </testcase> <!-- @BeforeMethod createDriver -->
  <testcase name="@BeforeMethod instantiateHelpers" time="0.0" classname="IntegrationTests.Tests.Payments.RequestMoneyTest">
    <skipped/>
  </testcase> <!-- @BeforeMethod instantiateHelpers -->
  <testcase name="@AfterMethod teardown" time="0.0" classname="IntegrationTests.Tests.Payments.RequestMoneyTest">
    <failure type="java.lang.NullPointerException">
      <![CDATA[java.lang.NullPointerException
	at UITestFramework.CreateSession.teardown(Unknown Source)
... Removed 25 stack frames]]>
    </failure>
  </testcase> <!-- @AfterMethod teardown -->
  <testcase name="@BeforeMethod createDriver" time="0.0" classname="IntegrationTests.Tests.Payments.AddMoneyTest">
    <skipped/>
  </testcase> <!-- @BeforeMethod createDriver -->
  <testcase name="@BeforeMethod instantiateHelpers" time="0.0" classname="IntegrationTests.Tests.Payments.AddMoneyTest">
    <skipped/>
  </testcase> <!-- @BeforeMethod instantiateHelpers -->
  <testcase name="@AfterMethod teardown" time="0.0" classname="IntegrationTests.Tests.Payments.AddMoneyTest">
    <failure type="java.lang.NullPointerException">
      <![CDATA[java.lang.NullPointerException
	at UITestFramework.CreateSession.teardown(Unknown Source)
... Removed 25 stack frames]]>
    </failure>
  </testcase> <!-- @AfterMethod teardown -->
  <testcase name="@BeforeMethod createDriver" time="0.0" classname="IntegrationTests.Tests.Payments.AddMoneyTest">
    <skipped/>
  </testcase> <!-- @BeforeMethod createDriver -->
  <testcase name="@BeforeMethod instantiateHelpers" time="0.0" classname="IntegrationTests.Tests.Payments.AddMoneyTest">
    <skipped/>
  </testcase> <!-- @BeforeMethod instantiateHelpers -->
  <testcase name="@AfterMethod teardown" time="0.0" classname="IntegrationTests.Tests.Payments.AddMoneyTest">
    <failure type="java.lang.NullPointerException">
      <![CDATA[java.lang.NullPointerException
	at UITestFramework.CreateSession.teardown(Unknown Source)
... Removed 25 stack frames]]>
    </failure>
  </testcase> <!-- @AfterMethod teardown -->
  <testcase name="@BeforeMethod createDriver" time="0.0" classname="IntegrationTests.Tests.Payments.AddMoneyTest">
    <skipped/>
  </testcase> <!-- @BeforeMethod createDriver -->
  <testcase name="@BeforeMethod instantiateHelpers" time="0.0" classname="IntegrationTests.Tests.Payments.AddMoneyTest">
    <skipped/>
  </testcase> <!-- @BeforeMethod instantiateHelpers -->
  <testcase name="@AfterMethod teardown" time="0.0" classname="IntegrationTests.Tests.Payments.AddMoneyTest">
    <failure type="java.lang.NullPointerException">
      <![CDATA[java.lang.NullPointerException
	at UITestFramework.CreateSession.teardown(Unknown Source)
... Removed 25 stack frames]]>
    </failure>
  </testcase> <!-- @AfterMethod teardown -->
  <testcase name="@BeforeMethod createDriver" time="0.0" classname="IntegrationTests.Tests.Payments.AddMoneyTest">
    <skipped/>
  </testcase> <!-- @BeforeMethod createDriver -->
  <testcase name="@BeforeMethod instantiateHelpers" time="0.0" classname="IntegrationTests.Tests.Payments.AddMoneyTest">
    <skipped/>
  </testcase> <!-- @BeforeMethod instantiateHelpers -->
  <testcase name="@AfterMethod teardown" time="0.0" classname="IntegrationTests.Tests.Payments.AddMoneyTest">
    <failure type="java.lang.NullPointerException">
      <![CDATA[java.lang.NullPointerException
	at UITestFramework.CreateSession.teardown(Unknown Source)
... Removed 25 stack frames]]>
    </failure>
  </testcase> <!-- @AfterMethod teardown -->
  <testcase name="@BeforeMethod createDriver" time="0.0" classname="IntegrationTests.Tests.Payments.AddMoneyTest">
    <skipped/>
  </testcase> <!-- @BeforeMethod createDriver -->
  <testcase name="@BeforeMethod instantiateHelpers" time="0.0" classname="IntegrationTests.Tests.Payments.AddMoneyTest">
    <skipped/>
  </testcase> <!-- @BeforeMethod instantiateHelpers -->
  <testcase name="@AfterMethod teardown" time="0.0" classname="IntegrationTests.Tests.Payments.AddMoneyTest">
    <failure type="java.lang.NullPointerException">
      <![CDATA[java.lang.NullPointerException
	at UITestFramework.CreateSession.teardown(Unknown Source)
... Removed 25 stack frames]]>
    </failure>
  </testcase> <!-- @AfterMethod teardown -->
  <testcase name="@BeforeMethod createDriver" time="0.0" classname="IntegrationTests.Tests.Payments.Refer_EarnTest">
    <skipped/>
  </testcase> <!-- @BeforeMethod createDriver -->
  <testcase name="@BeforeMethod instantiateHelpers" time="0.0" classname="IntegrationTests.Tests.Payments.Refer_EarnTest">
    <skipped/>
  </testcase> <!-- @BeforeMethod instantiateHelpers -->
  <testcase name="@AfterMethod teardown" time="0.0" classname="IntegrationTests.Tests.Payments.Refer_EarnTest">
    <failure type="java.lang.NullPointerException">
      <![CDATA[java.lang.NullPointerException
	at UITestFramework.CreateSession.teardown(Unknown Source)
... Removed 25 stack frames]]>
    </failure>
  </testcase> <!-- @AfterMethod teardown -->
  <testcase name="@BeforeMethod createDriver" time="0.0" classname="IntegrationTests.Tests.Payments.LoginTest">
    <skipped/>
  </testcase> <!-- @BeforeMethod createDriver -->
  <testcase name="@BeforeMethod instantiateHelpers" time="0.0" classname="IntegrationTests.Tests.Payments.LoginTest">
    <skipped/>
  </testcase> <!-- @BeforeMethod instantiateHelpers -->
  <testcase name="@AfterMethod teardown" time="0.0" classname="IntegrationTests.Tests.Payments.LoginTest">
    <failure type="java.lang.NullPointerException">
      <![CDATA[java.lang.NullPointerException
	at UITestFramework.CreateSession.teardown(Unknown Source)
... Removed 25 stack frames]]>
    </failure>
  </testcase> <!-- @AfterMethod teardown -->
  <testcase name="@BeforeMethod createDriver" time="0.0" classname="IntegrationTests.Tests.Payments.LoginTest">
    <skipped/>
  </testcase> <!-- @BeforeMethod createDriver -->
  <testcase name="@BeforeMethod instantiateHelpers" time="0.0" classname="IntegrationTests.Tests.Payments.LoginTest">
    <skipped/>
  </testcase> <!-- @BeforeMethod instantiateHelpers -->
  <testcase name="@AfterMethod teardown" time="0.0" classname="IntegrationTests.Tests.Payments.LoginTest">
    <failure type="java.lang.NullPointerException">
      <![CDATA[java.lang.NullPointerException
	at UITestFramework.CreateSession.teardown(Unknown Source)
... Removed 24 stack frames]]>
    </failure>
  </testcase> <!-- @AfterMethod teardown -->
  <testcase name="@BeforeMethod createDriver" time="0.0" classname="IntegrationTests.Tests.Payments.HomeScreenTest">
    <skipped/>
  </testcase> <!-- @BeforeMethod createDriver -->
  <testcase name="@BeforeMethod instantiateHelpers" time="0.0" classname="IntegrationTests.Tests.Payments.HomeScreenTest">
    <skipped/>
  </testcase> <!-- @BeforeMethod instantiateHelpers -->
  <testcase name="@AfterMethod teardown" time="0.0" classname="IntegrationTests.Tests.Payments.HomeScreenTest">
    <failure type="java.lang.NullPointerException">
      <![CDATA[java.lang.NullPointerException
	at UITestFramework.CreateSession.teardown(Unknown Source)
... Removed 24 stack frames]]>
    </failure>
  </testcase> <!-- @AfterMethod teardown -->
  <testcase name="@BeforeMethod createDriver" time="0.0" classname="IntegrationTests.Tests.Payments.CashPayTest">
    <skipped/>
  </testcase> <!-- @BeforeMethod createDriver -->
  <testcase name="@BeforeMethod instantiateHelpers" time="0.0" classname="IntegrationTests.Tests.Payments.CashPayTest">
    <skipped/>
  </testcase> <!-- @BeforeMethod instantiateHelpers -->
  <testcase name="@AfterMethod teardown" time="0.0" classname="IntegrationTests.Tests.Payments.CashPayTest">
    <failure type="java.lang.NullPointerException">
      <![CDATA[java.lang.NullPointerException
	at UITestFramework.CreateSession.teardown(Unknown Source)
... Removed 24 stack frames]]>
    </failure>
  </testcase> <!-- @AfterMethod teardown -->
  <testcase name="payback_RedeemZeroPoints" time="0.022" classname="IntegrationTests.Tests.Payments.PaybackTest">
    <skipped/>
  </testcase> <!-- payback_RedeemZeroPoints -->
  <testcase name="verifySendMoneyCases_validAmount_viaContacts" time="0.0" classname="IntegrationTests.Tests.Payments.SendMoneyTest">
    <skipped/>
  </testcase> <!-- verifySendMoneyCases_validAmount_viaContacts -->
  <testcase name="verifySendMoneyCases_validAmount_viaMobile" time="0.0" classname="IntegrationTests.Tests.Payments.SendMoneyTest">
    <skipped/>
  </testcase> <!-- verifySendMoneyCases_validAmount_viaMobile -->
  <testcase name="verifySendMoneyCases_viaMobile_Accepts" time="0.0" classname="IntegrationTests.Tests.Payments.SendMoneyTest">
    <skipped/>
  </testcase> <!-- verifySendMoneyCases_viaMobile_Accepts -->
  <testcase name="verifySavedConnectionsFeatures" time="0.001" classname="IntegrationTests.Tests.Payments.SavedConnectionsTest">
    <skipped/>
  </testcase> <!-- verifySavedConnectionsFeatures -->
  <testcase name="verifyAddMoney_netBanking3" time="0.0" classname="IntegrationTests.Tests.Payments.AddMoneyTest">
    <skipped/>
  </testcase> <!-- verifyAddMoney_netBanking3 -->
  <testcase name="verifyRequestMoneyCases_validAmount_viaMobile" time="0.0" classname="IntegrationTests.Tests.Payments.RequestMoneyTest">
    <skipped/>
  </testcase> <!-- verifyRequestMoneyCases_validAmount_viaMobile -->
  <testcase name="verifyRequestMoneyCases_viaMobile_Accepts" time="0.0" classname="IntegrationTests.Tests.Payments.RequestMoneyTest">
    <skipped/>
  </testcase> <!-- verifyRequestMoneyCases_viaMobile_Accepts -->
  <testcase name="verifyRequestMoneyCases_viaMobile_Cancels" time="0.0" classname="IntegrationTests.Tests.Payments.RequestMoneyTest">
    <skipped/>
  </testcase> <!-- verifyRequestMoneyCases_viaMobile_Cancels -->
  <testcase name="verifyAddMoney_debitCard" time="0.0" classname="IntegrationTests.Tests.Payments.AddMoneyTest">
    <skipped/>
  </testcase> <!-- verifyAddMoney_debitCard -->
  <testcase name="verifyAddMoney_debitCard2" time="0.0" classname="IntegrationTests.Tests.Payments.AddMoneyTest">
    <skipped/>
  </testcase> <!-- verifyAddMoney_debitCard2 -->
  <testcase name="verifyAddMoney_savedCard" time="0.001" classname="IntegrationTests.Tests.Payments.AddMoneyTest">
    <skipped/>
  </testcase> <!-- verifyAddMoney_savedCard -->
  <testcase name="verifyAddMoney_deleteCard" time="0.0" classname="IntegrationTests.Tests.Payments.AddMoneyTest">
    <skipped/>
  </testcase> <!-- verifyAddMoney_deleteCard -->
  <testcase name="verifyAddMoneywithPromo_debitCard" time="0.0" classname="IntegrationTests.Tests.Payments.AddMoneyTest">
    <skipped/>
  </testcase> <!-- verifyAddMoneywithPromo_debitCard -->
  <testcase name="refer_earnAmount" time="0.0" classname="IntegrationTests.Tests.Payments.Refer_EarnTest">
    <skipped/>
  </testcase> <!-- refer_earnAmount -->
  <testcase name="verifyLoginLogoutTest" time="0.0" classname="IntegrationTests.Tests.Payments.LoginTest">
    <skipped/>
  </testcase> <!-- verifyLoginLogoutTest -->
  <testcase name="verifyForgotPasswordTest" time="0.0" classname="IntegrationTests.Tests.Payments.LoginTest">
    <skipped/>
  </testcase> <!-- verifyForgotPasswordTest -->
  <testcase name="verifyWalletOffers_HomeScreen" time="0.0" classname="IntegrationTests.Tests.Payments.HomeScreenTest">
    <skipped/>
  </testcase> <!-- verifyWalletOffers_HomeScreen -->
  <testcase name="cashPay_StaticText" time="0.0" classname="IntegrationTests.Tests.Payments.CashPayTest">
    <skipped/>
  </testcase> <!-- cashPay_StaticText -->
</testsuite> <!-- Mobikwik Automation Tests -->
