<html>
<head>
<title>TestNG:  Mobikwik Automation Tests</title>
<link href="../testng.css" rel="stylesheet" type="text/css" />
<link href="../my-testng.css" rel="stylesheet" type="text/css" />

<style type="text/css">
.log { display: none;} 
.stack-trace { display: none;} 
</style>
<script type="text/javascript">
<!--
function flip(e) {
  current = e.style.display;
  if (current == 'block') {
    e.style.display = 'none';
    return 0;
  }
  else {
    e.style.display = 'block';
    return 1;
  }
}

function toggleBox(szDivId, elem, msg1, msg2)
{
  var res = -1;  if (document.getElementById) {
    res = flip(document.getElementById(szDivId));
  }
  else if (document.all) {
    // this is the way old msie versions work
    res = flip(document.all[szDivId]);
  }
  if(elem) {
    if(res == 0) elem.innerHTML = msg1; else elem.innerHTML = msg2;
  }

}

function toggleAllBoxes() {
  if (document.getElementsByTagName) {
    d = document.getElementsByTagName('div');
    for (i = 0; i < d.length; i++) {
      if (d[i].className == 'log') {
        flip(d[i]);
      }
    }
  }
}

// -->
</script>

</head>
<body>
<h2 align='center'>Mobikwik Automation Tests</h2><table border='1' align="center">
<tr>
<td>Tests passed/Failed/Skipped:</td><td>0/0/19</td>
</tr><tr>
<td>Started on:</td><td>Tue Jul 07 22:04:58 IST 2015</td>
</tr>
<tr><td>Total time:</td><td>0 seconds (121 ms)</td>
</tr><tr>
<td>Included groups:</td><td>appiumStart appiumStop setUp prod_sanity instantiateHelpers tearDown </td>
</tr><tr>
<td>Excluded groups:</td><td></td>
</tr>
</table><p/>
<small><i>(Hover the method name to see the test class name)</i></small><p/>
<table width='100%' border='1' class='invocation-failed'>
<tr><td colspan='4' align='center'><b>FAILED CONFIGURATIONS</b></td></tr>
<tr><td><b>Test method</b></td>
<td width="30%"><b>Exception</b></td>
<td width="10%"><b>Time (seconds)</b></td>
<td><b>Instance</b></td>
</tr>
<tr>
<td title='IntegrationTests.Tests.Payments.PaybackTest.createDriver()'><b>createDriver</b><br>Test class: IntegrationTests.Tests.Payments.PaybackTest</td>
<td><div><pre>org.testng.TestNGException: 
Parameter &apos;browserName&apos; is required by @Configuration on method createDriver but has not been marked @Optional or defined
in /home/shanky/tests/AutomationTests/UIAutomation/TestNg/Payments/testng_android_payments_prod.xml
... Removed 22 stack frames</pre></div><a href='#' onClick='toggleBox("stack-trace787867107", this, "Click to show all stack frames", "Click to hide stack frames")'>Click to show all stack frames</a>
<div class='stack-trace' id='stack-trace787867107'><pre>org.testng.TestNGException: 
Parameter &apos;browserName&apos; is required by @Configuration on method createDriver but has not been marked @Optional or defined
in /home/shanky/tests/AutomationTests/UIAutomation/TestNg/Payments/testng_android_payments_prod.xml
	at org.testng.internal.Parameters.createParameters(Parameters.java:155)
	at org.testng.internal.Parameters.createParameters(Parameters.java:358)
	at org.testng.internal.Parameters.createConfigurationParameters(Parameters.java:86)
	at org.testng.internal.Invoker.invokeConfigurations(Invoker.java:199)
	at org.testng.internal.Invoker.invokeMethod(Invoker.java:653)
	at org.testng.internal.Invoker.invokeTestMethod(Invoker.java:901)
	at org.testng.internal.Invoker.invokeTestMethods(Invoker.java:1231)
	at org.testng.internal.TestMethodWorker.invokeTestMethods(TestMethodWorker.java:127)
	at org.testng.internal.TestMethodWorker.run(TestMethodWorker.java:111)
	at org.testng.TestRunner.privateRun(TestRunner.java:767)
	at org.testng.TestRunner.run(TestRunner.java:617)
	at org.testng.SuiteRunner.runTest(SuiteRunner.java:334)
	at org.testng.SuiteRunner.runSequentially(SuiteRunner.java:329)
	at org.testng.SuiteRunner.privateRun(SuiteRunner.java:291)
	at org.testng.SuiteRunner.run(SuiteRunner.java:240)
	at org.testng.SuiteRunnerWorker.runSuite(SuiteRunnerWorker.java:52)
	at org.testng.SuiteRunnerWorker.run(SuiteRunnerWorker.java:86)
	at org.testng.TestNG.runSuitesSequentially(TestNG.java:1224)
	at org.testng.TestNG.runSuitesLocally(TestNG.java:1149)
	at org.testng.TestNG.run(TestNG.java:1057)
	at org.testng.TestNG.privateMain(TestNG.java:1364)
	at org.testng.TestNG.main(TestNG.java:1333)
</pre></div></td>
<td>0</td>
<td>IntegrationTests.Tests.Payments.PaybackTest@2d3fcdbd</td></tr>
<tr>
<td title='IntegrationTests.Tests.Payments.PaybackTest.teardown()'><b>teardown</b><br>Test class: IntegrationTests.Tests.Payments.PaybackTest</td>
<td><div><pre>java.lang.NullPointerException
	at UITestFramework.CreateSession.teardown(Unknown Source)
... Removed 25 stack frames</pre></div><a href='#' onClick='toggleBox("stack-trace1445157774", this, "Click to show all stack frames", "Click to hide stack frames")'>Click to show all stack frames</a>
<div class='stack-trace' id='stack-trace1445157774'><pre>java.lang.NullPointerException
	at UITestFramework.CreateSession.teardown(Unknown Source)
	at sun.reflect.NativeMethodAccessorImpl.invoke0(Native Method)
	at sun.reflect.NativeMethodAccessorImpl.invoke(NativeMethodAccessorImpl.java:62)
	at sun.reflect.DelegatingMethodAccessorImpl.invoke(DelegatingMethodAccessorImpl.java:43)
	at java.lang.reflect.Method.invoke(Method.java:497)
	at org.testng.internal.MethodInvocationHelper.invokeMethod(MethodInvocationHelper.java:84)
	at org.testng.internal.Invoker.invokeConfigurationMethod(Invoker.java:564)
	at org.testng.internal.Invoker.invokeConfigurations(Invoker.java:213)
	at org.testng.internal.Invoker.invokeMethod(Invoker.java:786)
	at org.testng.internal.Invoker.invokeTestMethod(Invoker.java:901)
	at org.testng.internal.Invoker.invokeTestMethods(Invoker.java:1231)
	at org.testng.internal.TestMethodWorker.invokeTestMethods(TestMethodWorker.java:127)
	at org.testng.internal.TestMethodWorker.run(TestMethodWorker.java:111)
	at org.testng.TestRunner.privateRun(TestRunner.java:767)
	at org.testng.TestRunner.run(TestRunner.java:617)
	at org.testng.SuiteRunner.runTest(SuiteRunner.java:334)
	at org.testng.SuiteRunner.runSequentially(SuiteRunner.java:329)
	at org.testng.SuiteRunner.privateRun(SuiteRunner.java:291)
	at org.testng.SuiteRunner.run(SuiteRunner.java:240)
	at org.testng.SuiteRunnerWorker.runSuite(SuiteRunnerWorker.java:52)
	at org.testng.SuiteRunnerWorker.run(SuiteRunnerWorker.java:86)
	at org.testng.TestNG.runSuitesSequentially(TestNG.java:1224)
	at org.testng.TestNG.runSuitesLocally(TestNG.java:1149)
	at org.testng.TestNG.run(TestNG.java:1057)
	at org.testng.TestNG.privateMain(TestNG.java:1364)
	at org.testng.TestNG.main(TestNG.java:1333)
</pre></div></td>
<td>0</td>
<td>IntegrationTests.Tests.Payments.PaybackTest@2d3fcdbd</td></tr>
<tr>
<td title='IntegrationTests.Tests.Payments.SendMoneyTest.teardown()'><b>teardown</b><br>Test class: IntegrationTests.Tests.Payments.SendMoneyTest</td>
<td><div><pre>java.lang.NullPointerException
	at UITestFramework.CreateSession.teardown(Unknown Source)
... Removed 25 stack frames</pre></div><a href='#' onClick='toggleBox("stack-trace1318822808", this, "Click to show all stack frames", "Click to hide stack frames")'>Click to show all stack frames</a>
<div class='stack-trace' id='stack-trace1318822808'><pre>java.lang.NullPointerException
	at UITestFramework.CreateSession.teardown(Unknown Source)
	at sun.reflect.NativeMethodAccessorImpl.invoke0(Native Method)
	at sun.reflect.NativeMethodAccessorImpl.invoke(NativeMethodAccessorImpl.java:62)
	at sun.reflect.DelegatingMethodAccessorImpl.invoke(DelegatingMethodAccessorImpl.java:43)
	at java.lang.reflect.Method.invoke(Method.java:497)
	at org.testng.internal.MethodInvocationHelper.invokeMethod(MethodInvocationHelper.java:84)
	at org.testng.internal.Invoker.invokeConfigurationMethod(Invoker.java:564)
	at org.testng.internal.Invoker.invokeConfigurations(Invoker.java:213)
	at org.testng.internal.Invoker.invokeMethod(Invoker.java:786)
	at org.testng.internal.Invoker.invokeTestMethod(Invoker.java:901)
	at org.testng.internal.Invoker.invokeTestMethods(Invoker.java:1231)
	at org.testng.internal.TestMethodWorker.invokeTestMethods(TestMethodWorker.java:127)
	at org.testng.internal.TestMethodWorker.run(TestMethodWorker.java:111)
	at org.testng.TestRunner.privateRun(TestRunner.java:767)
	at org.testng.TestRunner.run(TestRunner.java:617)
	at org.testng.SuiteRunner.runTest(SuiteRunner.java:334)
	at org.testng.SuiteRunner.runSequentially(SuiteRunner.java:329)
	at org.testng.SuiteRunner.privateRun(SuiteRunner.java:291)
	at org.testng.SuiteRunner.run(SuiteRunner.java:240)
	at org.testng.SuiteRunnerWorker.runSuite(SuiteRunnerWorker.java:52)
	at org.testng.SuiteRunnerWorker.run(SuiteRunnerWorker.java:86)
	at org.testng.TestNG.runSuitesSequentially(TestNG.java:1224)
	at org.testng.TestNG.runSuitesLocally(TestNG.java:1149)
	at org.testng.TestNG.run(TestNG.java:1057)
	at org.testng.TestNG.privateMain(TestNG.java:1364)
	at org.testng.TestNG.main(TestNG.java:1333)
</pre></div></td>
<td>0</td>
<td>IntegrationTests.Tests.Payments.SendMoneyTest@180bc464</td></tr>
<tr>
<td title='IntegrationTests.Tests.Payments.SendMoneyTest.teardown()'><b>teardown</b><br>Test class: IntegrationTests.Tests.Payments.SendMoneyTest</td>
<td><div><pre>java.lang.NullPointerException
	at UITestFramework.CreateSession.teardown(Unknown Source)
... Removed 25 stack frames</pre></div><a href='#' onClick='toggleBox("stack-trace3213500", this, "Click to show all stack frames", "Click to hide stack frames")'>Click to show all stack frames</a>
<div class='stack-trace' id='stack-trace3213500'><pre>java.lang.NullPointerException
	at UITestFramework.CreateSession.teardown(Unknown Source)
	at sun.reflect.NativeMethodAccessorImpl.invoke0(Native Method)
	at sun.reflect.NativeMethodAccessorImpl.invoke(NativeMethodAccessorImpl.java:62)
	at sun.reflect.DelegatingMethodAccessorImpl.invoke(DelegatingMethodAccessorImpl.java:43)
	at java.lang.reflect.Method.invoke(Method.java:497)
	at org.testng.internal.MethodInvocationHelper.invokeMethod(MethodInvocationHelper.java:84)
	at org.testng.internal.Invoker.invokeConfigurationMethod(Invoker.java:564)
	at org.testng.internal.Invoker.invokeConfigurations(Invoker.java:213)
	at org.testng.internal.Invoker.invokeMethod(Invoker.java:786)
	at org.testng.internal.Invoker.invokeTestMethod(Invoker.java:901)
	at org.testng.internal.Invoker.invokeTestMethods(Invoker.java:1231)
	at org.testng.internal.TestMethodWorker.invokeTestMethods(TestMethodWorker.java:127)
	at org.testng.internal.TestMethodWorker.run(TestMethodWorker.java:111)
	at org.testng.TestRunner.privateRun(TestRunner.java:767)
	at org.testng.TestRunner.run(TestRunner.java:617)
	at org.testng.SuiteRunner.runTest(SuiteRunner.java:334)
	at org.testng.SuiteRunner.runSequentially(SuiteRunner.java:329)
	at org.testng.SuiteRunner.privateRun(SuiteRunner.java:291)
	at org.testng.SuiteRunner.run(SuiteRunner.java:240)
	at org.testng.SuiteRunnerWorker.runSuite(SuiteRunnerWorker.java:52)
	at org.testng.SuiteRunnerWorker.run(SuiteRunnerWorker.java:86)
	at org.testng.TestNG.runSuitesSequentially(TestNG.java:1224)
	at org.testng.TestNG.runSuitesLocally(TestNG.java:1149)
	at org.testng.TestNG.run(TestNG.java:1057)
	at org.testng.TestNG.privateMain(TestNG.java:1364)
	at org.testng.TestNG.main(TestNG.java:1333)
</pre></div></td>
<td>0</td>
<td>IntegrationTests.Tests.Payments.SendMoneyTest@180bc464</td></tr>
<tr>
<td title='IntegrationTests.Tests.Payments.SendMoneyTest.teardown()'><b>teardown</b><br>Test class: IntegrationTests.Tests.Payments.SendMoneyTest</td>
<td><div><pre>java.lang.NullPointerException
	at UITestFramework.CreateSession.teardown(Unknown Source)
... Removed 25 stack frames</pre></div><a href='#' onClick='toggleBox("stack-trace1795799895", this, "Click to show all stack frames", "Click to hide stack frames")'>Click to show all stack frames</a>
<div class='stack-trace' id='stack-trace1795799895'><pre>java.lang.NullPointerException
	at UITestFramework.CreateSession.teardown(Unknown Source)
	at sun.reflect.NativeMethodAccessorImpl.invoke0(Native Method)
	at sun.reflect.NativeMethodAccessorImpl.invoke(NativeMethodAccessorImpl.java:62)
	at sun.reflect.DelegatingMethodAccessorImpl.invoke(DelegatingMethodAccessorImpl.java:43)
	at java.lang.reflect.Method.invoke(Method.java:497)
	at org.testng.internal.MethodInvocationHelper.invokeMethod(MethodInvocationHelper.java:84)
	at org.testng.internal.Invoker.invokeConfigurationMethod(Invoker.java:564)
	at org.testng.internal.Invoker.invokeConfigurations(Invoker.java:213)
	at org.testng.internal.Invoker.invokeMethod(Invoker.java:786)
	at org.testng.internal.Invoker.invokeTestMethod(Invoker.java:901)
	at org.testng.internal.Invoker.invokeTestMethods(Invoker.java:1231)
	at org.testng.internal.TestMethodWorker.invokeTestMethods(TestMethodWorker.java:127)
	at org.testng.internal.TestMethodWorker.run(TestMethodWorker.java:111)
	at org.testng.TestRunner.privateRun(TestRunner.java:767)
	at org.testng.TestRunner.run(TestRunner.java:617)
	at org.testng.SuiteRunner.runTest(SuiteRunner.java:334)
	at org.testng.SuiteRunner.runSequentially(SuiteRunner.java:329)
	at org.testng.SuiteRunner.privateRun(SuiteRunner.java:291)
	at org.testng.SuiteRunner.run(SuiteRunner.java:240)
	at org.testng.SuiteRunnerWorker.runSuite(SuiteRunnerWorker.java:52)
	at org.testng.SuiteRunnerWorker.run(SuiteRunnerWorker.java:86)
	at org.testng.TestNG.runSuitesSequentially(TestNG.java:1224)
	at org.testng.TestNG.runSuitesLocally(TestNG.java:1149)
	at org.testng.TestNG.run(TestNG.java:1057)
	at org.testng.TestNG.privateMain(TestNG.java:1364)
	at org.testng.TestNG.main(TestNG.java:1333)
</pre></div></td>
<td>0</td>
<td>IntegrationTests.Tests.Payments.SendMoneyTest@180bc464</td></tr>
<tr>
<td title='IntegrationTests.Tests.Payments.SavedConnectionsTest.teardown()'><b>teardown</b><br>Test class: IntegrationTests.Tests.Payments.SavedConnectionsTest</td>
<td><div><pre>java.lang.NullPointerException
	at UITestFramework.CreateSession.teardown(Unknown Source)
... Removed 25 stack frames</pre></div><a href='#' onClick='toggleBox("stack-trace1050349584", this, "Click to show all stack frames", "Click to hide stack frames")'>Click to show all stack frames</a>
<div class='stack-trace' id='stack-trace1050349584'><pre>java.lang.NullPointerException
	at UITestFramework.CreateSession.teardown(Unknown Source)
	at sun.reflect.NativeMethodAccessorImpl.invoke0(Native Method)
	at sun.reflect.NativeMethodAccessorImpl.invoke(NativeMethodAccessorImpl.java:62)
	at sun.reflect.DelegatingMethodAccessorImpl.invoke(DelegatingMethodAccessorImpl.java:43)
	at java.lang.reflect.Method.invoke(Method.java:497)
	at org.testng.internal.MethodInvocationHelper.invokeMethod(MethodInvocationHelper.java:84)
	at org.testng.internal.Invoker.invokeConfigurationMethod(Invoker.java:564)
	at org.testng.internal.Invoker.invokeConfigurations(Invoker.java:213)
	at org.testng.internal.Invoker.invokeMethod(Invoker.java:786)
	at org.testng.internal.Invoker.invokeTestMethod(Invoker.java:901)
	at org.testng.internal.Invoker.invokeTestMethods(Invoker.java:1231)
	at org.testng.internal.TestMethodWorker.invokeTestMethods(TestMethodWorker.java:127)
	at org.testng.internal.TestMethodWorker.run(TestMethodWorker.java:111)
	at org.testng.TestRunner.privateRun(TestRunner.java:767)
	at org.testng.TestRunner.run(TestRunner.java:617)
	at org.testng.SuiteRunner.runTest(SuiteRunner.java:334)
	at org.testng.SuiteRunner.runSequentially(SuiteRunner.java:329)
	at org.testng.SuiteRunner.privateRun(SuiteRunner.java:291)
	at org.testng.SuiteRunner.run(SuiteRunner.java:240)
	at org.testng.SuiteRunnerWorker.runSuite(SuiteRunnerWorker.java:52)
	at org.testng.SuiteRunnerWorker.run(SuiteRunnerWorker.java:86)
	at org.testng.TestNG.runSuitesSequentially(TestNG.java:1224)
	at org.testng.TestNG.runSuitesLocally(TestNG.java:1149)
	at org.testng.TestNG.run(TestNG.java:1057)
	at org.testng.TestNG.privateMain(TestNG.java:1364)
	at org.testng.TestNG.main(TestNG.java:1333)
</pre></div></td>
<td>0</td>
<td>IntegrationTests.Tests.Payments.SavedConnectionsTest@327471b5</td></tr>
<tr>
<td title='IntegrationTests.Tests.Payments.AddMoneyTest.teardown()'><b>teardown</b><br>Test class: IntegrationTests.Tests.Payments.AddMoneyTest</td>
<td><div><pre>java.lang.NullPointerException
	at UITestFramework.CreateSession.teardown(Unknown Source)
... Removed 25 stack frames</pre></div><a href='#' onClick='toggleBox("stack-trace1735934726", this, "Click to show all stack frames", "Click to hide stack frames")'>Click to show all stack frames</a>
<div class='stack-trace' id='stack-trace1735934726'><pre>java.lang.NullPointerException
	at UITestFramework.CreateSession.teardown(Unknown Source)
	at sun.reflect.NativeMethodAccessorImpl.invoke0(Native Method)
	at sun.reflect.NativeMethodAccessorImpl.invoke(NativeMethodAccessorImpl.java:62)
	at sun.reflect.DelegatingMethodAccessorImpl.invoke(DelegatingMethodAccessorImpl.java:43)
	at java.lang.reflect.Method.invoke(Method.java:497)
	at org.testng.internal.MethodInvocationHelper.invokeMethod(MethodInvocationHelper.java:84)
	at org.testng.internal.Invoker.invokeConfigurationMethod(Invoker.java:564)
	at org.testng.internal.Invoker.invokeConfigurations(Invoker.java:213)
	at org.testng.internal.Invoker.invokeMethod(Invoker.java:786)
	at org.testng.internal.Invoker.invokeTestMethod(Invoker.java:901)
	at org.testng.internal.Invoker.invokeTestMethods(Invoker.java:1231)
	at org.testng.internal.TestMethodWorker.invokeTestMethods(TestMethodWorker.java:127)
	at org.testng.internal.TestMethodWorker.run(TestMethodWorker.java:111)
	at org.testng.TestRunner.privateRun(TestRunner.java:767)
	at org.testng.TestRunner.run(TestRunner.java:617)
	at org.testng.SuiteRunner.runTest(SuiteRunner.java:334)
	at org.testng.SuiteRunner.runSequentially(SuiteRunner.java:329)
	at org.testng.SuiteRunner.privateRun(SuiteRunner.java:291)
	at org.testng.SuiteRunner.run(SuiteRunner.java:240)
	at org.testng.SuiteRunnerWorker.runSuite(SuiteRunnerWorker.java:52)
	at org.testng.SuiteRunnerWorker.run(SuiteRunnerWorker.java:86)
	at org.testng.TestNG.runSuitesSequentially(TestNG.java:1224)
	at org.testng.TestNG.runSuitesLocally(TestNG.java:1149)
	at org.testng.TestNG.run(TestNG.java:1057)
	at org.testng.TestNG.privateMain(TestNG.java:1364)
	at org.testng.TestNG.main(TestNG.java:1333)
</pre></div></td>
<td>0</td>
<td>IntegrationTests.Tests.Payments.AddMoneyTest@3567135c</td></tr>
<tr>
<td title='IntegrationTests.Tests.Payments.RequestMoneyTest.teardown()'><b>teardown</b><br>Test class: IntegrationTests.Tests.Payments.RequestMoneyTest</td>
<td><div><pre>java.lang.NullPointerException
	at UITestFramework.CreateSession.teardown(Unknown Source)
... Removed 25 stack frames</pre></div><a href='#' onClick='toggleBox("stack-trace724125922", this, "Click to show all stack frames", "Click to hide stack frames")'>Click to show all stack frames</a>
<div class='stack-trace' id='stack-trace724125922'><pre>java.lang.NullPointerException
	at UITestFramework.CreateSession.teardown(Unknown Source)
	at sun.reflect.NativeMethodAccessorImpl.invoke0(Native Method)
	at sun.reflect.NativeMethodAccessorImpl.invoke(NativeMethodAccessorImpl.java:62)
	at sun.reflect.DelegatingMethodAccessorImpl.invoke(DelegatingMethodAccessorImpl.java:43)
	at java.lang.reflect.Method.invoke(Method.java:497)
	at org.testng.internal.MethodInvocationHelper.invokeMethod(MethodInvocationHelper.java:84)
	at org.testng.internal.Invoker.invokeConfigurationMethod(Invoker.java:564)
	at org.testng.internal.Invoker.invokeConfigurations(Invoker.java:213)
	at org.testng.internal.Invoker.invokeMethod(Invoker.java:786)
	at org.testng.internal.Invoker.invokeTestMethod(Invoker.java:901)
	at org.testng.internal.Invoker.invokeTestMethods(Invoker.java:1231)
	at org.testng.internal.TestMethodWorker.invokeTestMethods(TestMethodWorker.java:127)
	at org.testng.internal.TestMethodWorker.run(TestMethodWorker.java:111)
	at org.testng.TestRunner.privateRun(TestRunner.java:767)
	at org.testng.TestRunner.run(TestRunner.java:617)
	at org.testng.SuiteRunner.runTest(SuiteRunner.java:334)
	at org.testng.SuiteRunner.runSequentially(SuiteRunner.java:329)
	at org.testng.SuiteRunner.privateRun(SuiteRunner.java:291)
	at org.testng.SuiteRunner.run(SuiteRunner.java:240)
	at org.testng.SuiteRunnerWorker.runSuite(SuiteRunnerWorker.java:52)
	at org.testng.SuiteRunnerWorker.run(SuiteRunnerWorker.java:86)
	at org.testng.TestNG.runSuitesSequentially(TestNG.java:1224)
	at org.testng.TestNG.runSuitesLocally(TestNG.java:1149)
	at org.testng.TestNG.run(TestNG.java:1057)
	at org.testng.TestNG.privateMain(TestNG.java:1364)
	at org.testng.TestNG.main(TestNG.java:1333)
</pre></div></td>
<td>0</td>
<td>IntegrationTests.Tests.Payments.RequestMoneyTest@6537cf78</td></tr>
<tr>
<td title='IntegrationTests.Tests.Payments.RequestMoneyTest.teardown()'><b>teardown</b><br>Test class: IntegrationTests.Tests.Payments.RequestMoneyTest</td>
<td><div><pre>java.lang.NullPointerException
	at UITestFramework.CreateSession.teardown(Unknown Source)
... Removed 25 stack frames</pre></div><a href='#' onClick='toggleBox("stack-trace1519280649", this, "Click to show all stack frames", "Click to hide stack frames")'>Click to show all stack frames</a>
<div class='stack-trace' id='stack-trace1519280649'><pre>java.lang.NullPointerException
	at UITestFramework.CreateSession.teardown(Unknown Source)
	at sun.reflect.NativeMethodAccessorImpl.invoke0(Native Method)
	at sun.reflect.NativeMethodAccessorImpl.invoke(NativeMethodAccessorImpl.java:62)
	at sun.reflect.DelegatingMethodAccessorImpl.invoke(DelegatingMethodAccessorImpl.java:43)
	at java.lang.reflect.Method.invoke(Method.java:497)
	at org.testng.internal.MethodInvocationHelper.invokeMethod(MethodInvocationHelper.java:84)
	at org.testng.internal.Invoker.invokeConfigurationMethod(Invoker.java:564)
	at org.testng.internal.Invoker.invokeConfigurations(Invoker.java:213)
	at org.testng.internal.Invoker.invokeMethod(Invoker.java:786)
	at org.testng.internal.Invoker.invokeTestMethod(Invoker.java:901)
	at org.testng.internal.Invoker.invokeTestMethods(Invoker.java:1231)
	at org.testng.internal.TestMethodWorker.invokeTestMethods(TestMethodWorker.java:127)
	at org.testng.internal.TestMethodWorker.run(TestMethodWorker.java:111)
	at org.testng.TestRunner.privateRun(TestRunner.java:767)
	at org.testng.TestRunner.run(TestRunner.java:617)
	at org.testng.SuiteRunner.runTest(SuiteRunner.java:334)
	at org.testng.SuiteRunner.runSequentially(SuiteRunner.java:329)
	at org.testng.SuiteRunner.privateRun(SuiteRunner.java:291)
	at org.testng.SuiteRunner.run(SuiteRunner.java:240)
	at org.testng.SuiteRunnerWorker.runSuite(SuiteRunnerWorker.java:52)
	at org.testng.SuiteRunnerWorker.run(SuiteRunnerWorker.java:86)
	at org.testng.TestNG.runSuitesSequentially(TestNG.java:1224)
	at org.testng.TestNG.runSuitesLocally(TestNG.java:1149)
	at org.testng.TestNG.run(TestNG.java:1057)
	at org.testng.TestNG.privateMain(TestNG.java:1364)
	at org.testng.TestNG.main(TestNG.java:1333)
</pre></div></td>
<td>0</td>
<td>IntegrationTests.Tests.Payments.RequestMoneyTest@6537cf78</td></tr>
<tr>
<td title='IntegrationTests.Tests.Payments.RequestMoneyTest.teardown()'><b>teardown</b><br>Test class: IntegrationTests.Tests.Payments.RequestMoneyTest</td>
<td><div><pre>java.lang.NullPointerException
	at UITestFramework.CreateSession.teardown(Unknown Source)
... Removed 25 stack frames</pre></div><a href='#' onClick='toggleBox("stack-trace522764626", this, "Click to show all stack frames", "Click to hide stack frames")'>Click to show all stack frames</a>
<div class='stack-trace' id='stack-trace522764626'><pre>java.lang.NullPointerException
	at UITestFramework.CreateSession.teardown(Unknown Source)
	at sun.reflect.NativeMethodAccessorImpl.invoke0(Native Method)
	at sun.reflect.NativeMethodAccessorImpl.invoke(NativeMethodAccessorImpl.java:62)
	at sun.reflect.DelegatingMethodAccessorImpl.invoke(DelegatingMethodAccessorImpl.java:43)
	at java.lang.reflect.Method.invoke(Method.java:497)
	at org.testng.internal.MethodInvocationHelper.invokeMethod(MethodInvocationHelper.java:84)
	at org.testng.internal.Invoker.invokeConfigurationMethod(Invoker.java:564)
	at org.testng.internal.Invoker.invokeConfigurations(Invoker.java:213)
	at org.testng.internal.Invoker.invokeMethod(Invoker.java:786)
	at org.testng.internal.Invoker.invokeTestMethod(Invoker.java:901)
	at org.testng.internal.Invoker.invokeTestMethods(Invoker.java:1231)
	at org.testng.internal.TestMethodWorker.invokeTestMethods(TestMethodWorker.java:127)
	at org.testng.internal.TestMethodWorker.run(TestMethodWorker.java:111)
	at org.testng.TestRunner.privateRun(TestRunner.java:767)
	at org.testng.TestRunner.run(TestRunner.java:617)
	at org.testng.SuiteRunner.runTest(SuiteRunner.java:334)
	at org.testng.SuiteRunner.runSequentially(SuiteRunner.java:329)
	at org.testng.SuiteRunner.privateRun(SuiteRunner.java:291)
	at org.testng.SuiteRunner.run(SuiteRunner.java:240)
	at org.testng.SuiteRunnerWorker.runSuite(SuiteRunnerWorker.java:52)
	at org.testng.SuiteRunnerWorker.run(SuiteRunnerWorker.java:86)
	at org.testng.TestNG.runSuitesSequentially(TestNG.java:1224)
	at org.testng.TestNG.runSuitesLocally(TestNG.java:1149)
	at org.testng.TestNG.run(TestNG.java:1057)
	at org.testng.TestNG.privateMain(TestNG.java:1364)
	at org.testng.TestNG.main(TestNG.java:1333)
</pre></div></td>
<td>0</td>
<td>IntegrationTests.Tests.Payments.RequestMoneyTest@6537cf78</td></tr>
<tr>
<td title='IntegrationTests.Tests.Payments.AddMoneyTest.teardown()'><b>teardown</b><br>Test class: IntegrationTests.Tests.Payments.AddMoneyTest</td>
<td><div><pre>java.lang.NullPointerException
	at UITestFramework.CreateSession.teardown(Unknown Source)
... Removed 25 stack frames</pre></div><a href='#' onClick='toggleBox("stack-trace1663411182", this, "Click to show all stack frames", "Click to hide stack frames")'>Click to show all stack frames</a>
<div class='stack-trace' id='stack-trace1663411182'><pre>java.lang.NullPointerException
	at UITestFramework.CreateSession.teardown(Unknown Source)
	at sun.reflect.NativeMethodAccessorImpl.invoke0(Native Method)
	at sun.reflect.NativeMethodAccessorImpl.invoke(NativeMethodAccessorImpl.java:62)
	at sun.reflect.DelegatingMethodAccessorImpl.invoke(DelegatingMethodAccessorImpl.java:43)
	at java.lang.reflect.Method.invoke(Method.java:497)
	at org.testng.internal.MethodInvocationHelper.invokeMethod(MethodInvocationHelper.java:84)
	at org.testng.internal.Invoker.invokeConfigurationMethod(Invoker.java:564)
	at org.testng.internal.Invoker.invokeConfigurations(Invoker.java:213)
	at org.testng.internal.Invoker.invokeMethod(Invoker.java:786)
	at org.testng.internal.Invoker.invokeTestMethod(Invoker.java:901)
	at org.testng.internal.Invoker.invokeTestMethods(Invoker.java:1231)
	at org.testng.internal.TestMethodWorker.invokeTestMethods(TestMethodWorker.java:127)
	at org.testng.internal.TestMethodWorker.run(TestMethodWorker.java:111)
	at org.testng.TestRunner.privateRun(TestRunner.java:767)
	at org.testng.TestRunner.run(TestRunner.java:617)
	at org.testng.SuiteRunner.runTest(SuiteRunner.java:334)
	at org.testng.SuiteRunner.runSequentially(SuiteRunner.java:329)
	at org.testng.SuiteRunner.privateRun(SuiteRunner.java:291)
	at org.testng.SuiteRunner.run(SuiteRunner.java:240)
	at org.testng.SuiteRunnerWorker.runSuite(SuiteRunnerWorker.java:52)
	at org.testng.SuiteRunnerWorker.run(SuiteRunnerWorker.java:86)
	at org.testng.TestNG.runSuitesSequentially(TestNG.java:1224)
	at org.testng.TestNG.runSuitesLocally(TestNG.java:1149)
	at org.testng.TestNG.run(TestNG.java:1057)
	at org.testng.TestNG.privateMain(TestNG.java:1364)
	at org.testng.TestNG.main(TestNG.java:1333)
</pre></div></td>
<td>0</td>
<td>IntegrationTests.Tests.Payments.AddMoneyTest@3567135c</td></tr>
<tr>
<td title='IntegrationTests.Tests.Payments.AddMoneyTest.teardown()'><b>teardown</b><br>Test class: IntegrationTests.Tests.Payments.AddMoneyTest</td>
<td><div><pre>java.lang.NullPointerException
	at UITestFramework.CreateSession.teardown(Unknown Source)
... Removed 25 stack frames</pre></div><a href='#' onClick='toggleBox("stack-trace1709366259", this, "Click to show all stack frames", "Click to hide stack frames")'>Click to show all stack frames</a>
<div class='stack-trace' id='stack-trace1709366259'><pre>java.lang.NullPointerException
	at UITestFramework.CreateSession.teardown(Unknown Source)
	at sun.reflect.NativeMethodAccessorImpl.invoke0(Native Method)
	at sun.reflect.NativeMethodAccessorImpl.invoke(NativeMethodAccessorImpl.java:62)
	at sun.reflect.DelegatingMethodAccessorImpl.invoke(DelegatingMethodAccessorImpl.java:43)
	at java.lang.reflect.Method.invoke(Method.java:497)
	at org.testng.internal.MethodInvocationHelper.invokeMethod(MethodInvocationHelper.java:84)
	at org.testng.internal.Invoker.invokeConfigurationMethod(Invoker.java:564)
	at org.testng.internal.Invoker.invokeConfigurations(Invoker.java:213)
	at org.testng.internal.Invoker.invokeMethod(Invoker.java:786)
	at org.testng.internal.Invoker.invokeTestMethod(Invoker.java:901)
	at org.testng.internal.Invoker.invokeTestMethods(Invoker.java:1231)
	at org.testng.internal.TestMethodWorker.invokeTestMethods(TestMethodWorker.java:127)
	at org.testng.internal.TestMethodWorker.run(TestMethodWorker.java:111)
	at org.testng.TestRunner.privateRun(TestRunner.java:767)
	at org.testng.TestRunner.run(TestRunner.java:617)
	at org.testng.SuiteRunner.runTest(SuiteRunner.java:334)
	at org.testng.SuiteRunner.runSequentially(SuiteRunner.java:329)
	at org.testng.SuiteRunner.privateRun(SuiteRunner.java:291)
	at org.testng.SuiteRunner.run(SuiteRunner.java:240)
	at org.testng.SuiteRunnerWorker.runSuite(SuiteRunnerWorker.java:52)
	at org.testng.SuiteRunnerWorker.run(SuiteRunnerWorker.java:86)
	at org.testng.TestNG.runSuitesSequentially(TestNG.java:1224)
	at org.testng.TestNG.runSuitesLocally(TestNG.java:1149)
	at org.testng.TestNG.run(TestNG.java:1057)
	at org.testng.TestNG.privateMain(TestNG.java:1364)
	at org.testng.TestNG.main(TestNG.java:1333)
</pre></div></td>
<td>0</td>
<td>IntegrationTests.Tests.Payments.AddMoneyTest@3567135c</td></tr>
<tr>
<td title='IntegrationTests.Tests.Payments.AddMoneyTest.teardown()'><b>teardown</b><br>Test class: IntegrationTests.Tests.Payments.AddMoneyTest</td>
<td><div><pre>java.lang.NullPointerException
	at UITestFramework.CreateSession.teardown(Unknown Source)
... Removed 25 stack frames</pre></div><a href='#' onClick='toggleBox("stack-trace143110009", this, "Click to show all stack frames", "Click to hide stack frames")'>Click to show all stack frames</a>
<div class='stack-trace' id='stack-trace143110009'><pre>java.lang.NullPointerException
	at UITestFramework.CreateSession.teardown(Unknown Source)
	at sun.reflect.NativeMethodAccessorImpl.invoke0(Native Method)
	at sun.reflect.NativeMethodAccessorImpl.invoke(NativeMethodAccessorImpl.java:62)
	at sun.reflect.DelegatingMethodAccessorImpl.invoke(DelegatingMethodAccessorImpl.java:43)
	at java.lang.reflect.Method.invoke(Method.java:497)
	at org.testng.internal.MethodInvocationHelper.invokeMethod(MethodInvocationHelper.java:84)
	at org.testng.internal.Invoker.invokeConfigurationMethod(Invoker.java:564)
	at org.testng.internal.Invoker.invokeConfigurations(Invoker.java:213)
	at org.testng.internal.Invoker.invokeMethod(Invoker.java:786)
	at org.testng.internal.Invoker.invokeTestMethod(Invoker.java:901)
	at org.testng.internal.Invoker.invokeTestMethods(Invoker.java:1231)
	at org.testng.internal.TestMethodWorker.invokeTestMethods(TestMethodWorker.java:127)
	at org.testng.internal.TestMethodWorker.run(TestMethodWorker.java:111)
	at org.testng.TestRunner.privateRun(TestRunner.java:767)
	at org.testng.TestRunner.run(TestRunner.java:617)
	at org.testng.SuiteRunner.runTest(SuiteRunner.java:334)
	at org.testng.SuiteRunner.runSequentially(SuiteRunner.java:329)
	at org.testng.SuiteRunner.privateRun(SuiteRunner.java:291)
	at org.testng.SuiteRunner.run(SuiteRunner.java:240)
	at org.testng.SuiteRunnerWorker.runSuite(SuiteRunnerWorker.java:52)
	at org.testng.SuiteRunnerWorker.run(SuiteRunnerWorker.java:86)
	at org.testng.TestNG.runSuitesSequentially(TestNG.java:1224)
	at org.testng.TestNG.runSuitesLocally(TestNG.java:1149)
	at org.testng.TestNG.run(TestNG.java:1057)
	at org.testng.TestNG.privateMain(TestNG.java:1364)
	at org.testng.TestNG.main(TestNG.java:1333)
</pre></div></td>
<td>0</td>
<td>IntegrationTests.Tests.Payments.AddMoneyTest@3567135c</td></tr>
<tr>
<td title='IntegrationTests.Tests.Payments.AddMoneyTest.teardown()'><b>teardown</b><br>Test class: IntegrationTests.Tests.Payments.AddMoneyTest</td>
<td><div><pre>java.lang.NullPointerException
	at UITestFramework.CreateSession.teardown(Unknown Source)
... Removed 25 stack frames</pre></div><a href='#' onClick='toggleBox("stack-trace1539805781", this, "Click to show all stack frames", "Click to hide stack frames")'>Click to show all stack frames</a>
<div class='stack-trace' id='stack-trace1539805781'><pre>java.lang.NullPointerException
	at UITestFramework.CreateSession.teardown(Unknown Source)
	at sun.reflect.NativeMethodAccessorImpl.invoke0(Native Method)
	at sun.reflect.NativeMethodAccessorImpl.invoke(NativeMethodAccessorImpl.java:62)
	at sun.reflect.DelegatingMethodAccessorImpl.invoke(DelegatingMethodAccessorImpl.java:43)
	at java.lang.reflect.Method.invoke(Method.java:497)
	at org.testng.internal.MethodInvocationHelper.invokeMethod(MethodInvocationHelper.java:84)
	at org.testng.internal.Invoker.invokeConfigurationMethod(Invoker.java:564)
	at org.testng.internal.Invoker.invokeConfigurations(Invoker.java:213)
	at org.testng.internal.Invoker.invokeMethod(Invoker.java:786)
	at org.testng.internal.Invoker.invokeTestMethod(Invoker.java:901)
	at org.testng.internal.Invoker.invokeTestMethods(Invoker.java:1231)
	at org.testng.internal.TestMethodWorker.invokeTestMethods(TestMethodWorker.java:127)
	at org.testng.internal.TestMethodWorker.run(TestMethodWorker.java:111)
	at org.testng.TestRunner.privateRun(TestRunner.java:767)
	at org.testng.TestRunner.run(TestRunner.java:617)
	at org.testng.SuiteRunner.runTest(SuiteRunner.java:334)
	at org.testng.SuiteRunner.runSequentially(SuiteRunner.java:329)
	at org.testng.SuiteRunner.privateRun(SuiteRunner.java:291)
	at org.testng.SuiteRunner.run(SuiteRunner.java:240)
	at org.testng.SuiteRunnerWorker.runSuite(SuiteRunnerWorker.java:52)
	at org.testng.SuiteRunnerWorker.run(SuiteRunnerWorker.java:86)
	at org.testng.TestNG.runSuitesSequentially(TestNG.java:1224)
	at org.testng.TestNG.runSuitesLocally(TestNG.java:1149)
	at org.testng.TestNG.run(TestNG.java:1057)
	at org.testng.TestNG.privateMain(TestNG.java:1364)
	at org.testng.TestNG.main(TestNG.java:1333)
</pre></div></td>
<td>0</td>
<td>IntegrationTests.Tests.Payments.AddMoneyTest@3567135c</td></tr>
<tr>
<td title='IntegrationTests.Tests.Payments.AddMoneyTest.teardown()'><b>teardown</b><br>Test class: IntegrationTests.Tests.Payments.AddMoneyTest</td>
<td><div><pre>java.lang.NullPointerException
	at UITestFramework.CreateSession.teardown(Unknown Source)
... Removed 25 stack frames</pre></div><a href='#' onClick='toggleBox("stack-trace1525037790", this, "Click to show all stack frames", "Click to hide stack frames")'>Click to show all stack frames</a>
<div class='stack-trace' id='stack-trace1525037790'><pre>java.lang.NullPointerException
	at UITestFramework.CreateSession.teardown(Unknown Source)
	at sun.reflect.NativeMethodAccessorImpl.invoke0(Native Method)
	at sun.reflect.NativeMethodAccessorImpl.invoke(NativeMethodAccessorImpl.java:62)
	at sun.reflect.DelegatingMethodAccessorImpl.invoke(DelegatingMethodAccessorImpl.java:43)
	at java.lang.reflect.Method.invoke(Method.java:497)
	at org.testng.internal.MethodInvocationHelper.invokeMethod(MethodInvocationHelper.java:84)
	at org.testng.internal.Invoker.invokeConfigurationMethod(Invoker.java:564)
	at org.testng.internal.Invoker.invokeConfigurations(Invoker.java:213)
	at org.testng.internal.Invoker.invokeMethod(Invoker.java:786)
	at org.testng.internal.Invoker.invokeTestMethod(Invoker.java:901)
	at org.testng.internal.Invoker.invokeTestMethods(Invoker.java:1231)
	at org.testng.internal.TestMethodWorker.invokeTestMethods(TestMethodWorker.java:127)
	at org.testng.internal.TestMethodWorker.run(TestMethodWorker.java:111)
	at org.testng.TestRunner.privateRun(TestRunner.java:767)
	at org.testng.TestRunner.run(TestRunner.java:617)
	at org.testng.SuiteRunner.runTest(SuiteRunner.java:334)
	at org.testng.SuiteRunner.runSequentially(SuiteRunner.java:329)
	at org.testng.SuiteRunner.privateRun(SuiteRunner.java:291)
	at org.testng.SuiteRunner.run(SuiteRunner.java:240)
	at org.testng.SuiteRunnerWorker.runSuite(SuiteRunnerWorker.java:52)
	at org.testng.SuiteRunnerWorker.run(SuiteRunnerWorker.java:86)
	at org.testng.TestNG.runSuitesSequentially(TestNG.java:1224)
	at org.testng.TestNG.runSuitesLocally(TestNG.java:1149)
	at org.testng.TestNG.run(TestNG.java:1057)
	at org.testng.TestNG.privateMain(TestNG.java:1364)
	at org.testng.TestNG.main(TestNG.java:1333)
</pre></div></td>
<td>0</td>
<td>IntegrationTests.Tests.Payments.AddMoneyTest@3567135c</td></tr>
<tr>
<td title='IntegrationTests.Tests.Payments.Refer_EarnTest.teardown()'><b>teardown</b><br>Test class: IntegrationTests.Tests.Payments.Refer_EarnTest</td>
<td><div><pre>java.lang.NullPointerException
	at UITestFramework.CreateSession.teardown(Unknown Source)
... Removed 25 stack frames</pre></div><a href='#' onClick='toggleBox("stack-trace523691575", this, "Click to show all stack frames", "Click to hide stack frames")'>Click to show all stack frames</a>
<div class='stack-trace' id='stack-trace523691575'><pre>java.lang.NullPointerException
	at UITestFramework.CreateSession.teardown(Unknown Source)
	at sun.reflect.NativeMethodAccessorImpl.invoke0(Native Method)
	at sun.reflect.NativeMethodAccessorImpl.invoke(NativeMethodAccessorImpl.java:62)
	at sun.reflect.DelegatingMethodAccessorImpl.invoke(DelegatingMethodAccessorImpl.java:43)
	at java.lang.reflect.Method.invoke(Method.java:497)
	at org.testng.internal.MethodInvocationHelper.invokeMethod(MethodInvocationHelper.java:84)
	at org.testng.internal.Invoker.invokeConfigurationMethod(Invoker.java:564)
	at org.testng.internal.Invoker.invokeConfigurations(Invoker.java:213)
	at org.testng.internal.Invoker.invokeMethod(Invoker.java:786)
	at org.testng.internal.Invoker.invokeTestMethod(Invoker.java:901)
	at org.testng.internal.Invoker.invokeTestMethods(Invoker.java:1231)
	at org.testng.internal.TestMethodWorker.invokeTestMethods(TestMethodWorker.java:127)
	at org.testng.internal.TestMethodWorker.run(TestMethodWorker.java:111)
	at org.testng.TestRunner.privateRun(TestRunner.java:767)
	at org.testng.TestRunner.run(TestRunner.java:617)
	at org.testng.SuiteRunner.runTest(SuiteRunner.java:334)
	at org.testng.SuiteRunner.runSequentially(SuiteRunner.java:329)
	at org.testng.SuiteRunner.privateRun(SuiteRunner.java:291)
	at org.testng.SuiteRunner.run(SuiteRunner.java:240)
	at org.testng.SuiteRunnerWorker.runSuite(SuiteRunnerWorker.java:52)
	at org.testng.SuiteRunnerWorker.run(SuiteRunnerWorker.java:86)
	at org.testng.TestNG.runSuitesSequentially(TestNG.java:1224)
	at org.testng.TestNG.runSuitesLocally(TestNG.java:1149)
	at org.testng.TestNG.run(TestNG.java:1057)
	at org.testng.TestNG.privateMain(TestNG.java:1364)
	at org.testng.TestNG.main(TestNG.java:1333)
</pre></div></td>
<td>0</td>
<td>IntegrationTests.Tests.Payments.Refer_EarnTest@1936f0f5</td></tr>
<tr>
<td title='IntegrationTests.Tests.Payments.LoginTest.teardown()'><b>teardown</b><br>Test class: IntegrationTests.Tests.Payments.LoginTest</td>
<td><div><pre>java.lang.NullPointerException
	at UITestFramework.CreateSession.teardown(Unknown Source)
... Removed 25 stack frames</pre></div><a href='#' onClick='toggleBox("stack-trace1857815974", this, "Click to show all stack frames", "Click to hide stack frames")'>Click to show all stack frames</a>
<div class='stack-trace' id='stack-trace1857815974'><pre>java.lang.NullPointerException
	at UITestFramework.CreateSession.teardown(Unknown Source)
	at sun.reflect.NativeMethodAccessorImpl.invoke0(Native Method)
	at sun.reflect.NativeMethodAccessorImpl.invoke(NativeMethodAccessorImpl.java:62)
	at sun.reflect.DelegatingMethodAccessorImpl.invoke(DelegatingMethodAccessorImpl.java:43)
	at java.lang.reflect.Method.invoke(Method.java:497)
	at org.testng.internal.MethodInvocationHelper.invokeMethod(MethodInvocationHelper.java:84)
	at org.testng.internal.Invoker.invokeConfigurationMethod(Invoker.java:564)
	at org.testng.internal.Invoker.invokeConfigurations(Invoker.java:213)
	at org.testng.internal.Invoker.invokeMethod(Invoker.java:786)
	at org.testng.internal.Invoker.invokeTestMethod(Invoker.java:901)
	at org.testng.internal.Invoker.invokeTestMethods(Invoker.java:1231)
	at org.testng.internal.TestMethodWorker.invokeTestMethods(TestMethodWorker.java:127)
	at org.testng.internal.TestMethodWorker.run(TestMethodWorker.java:111)
	at org.testng.TestRunner.privateRun(TestRunner.java:767)
	at org.testng.TestRunner.run(TestRunner.java:617)
	at org.testng.SuiteRunner.runTest(SuiteRunner.java:334)
	at org.testng.SuiteRunner.runSequentially(SuiteRunner.java:329)
	at org.testng.SuiteRunner.privateRun(SuiteRunner.java:291)
	at org.testng.SuiteRunner.run(SuiteRunner.java:240)
	at org.testng.SuiteRunnerWorker.runSuite(SuiteRunnerWorker.java:52)
	at org.testng.SuiteRunnerWorker.run(SuiteRunnerWorker.java:86)
	at org.testng.TestNG.runSuitesSequentially(TestNG.java:1224)
	at org.testng.TestNG.runSuitesLocally(TestNG.java:1149)
	at org.testng.TestNG.run(TestNG.java:1057)
	at org.testng.TestNG.privateMain(TestNG.java:1364)
	at org.testng.TestNG.main(TestNG.java:1333)
</pre></div></td>
<td>0</td>
<td>IntegrationTests.Tests.Payments.LoginTest@2d554825</td></tr>
<tr>
<td title='IntegrationTests.Tests.Payments.LoginTest.teardown()'><b>teardown</b><br>Test class: IntegrationTests.Tests.Payments.LoginTest</td>
<td><div><pre>java.lang.NullPointerException
	at UITestFramework.CreateSession.teardown(Unknown Source)
... Removed 24 stack frames</pre></div><a href='#' onClick='toggleBox("stack-trace846238611", this, "Click to show all stack frames", "Click to hide stack frames")'>Click to show all stack frames</a>
<div class='stack-trace' id='stack-trace846238611'><pre>java.lang.NullPointerException
	at UITestFramework.CreateSession.teardown(Unknown Source)
	at sun.reflect.GeneratedMethodAccessor1.invoke(Unknown Source)
	at sun.reflect.DelegatingMethodAccessorImpl.invoke(DelegatingMethodAccessorImpl.java:43)
	at java.lang.reflect.Method.invoke(Method.java:497)
	at org.testng.internal.MethodInvocationHelper.invokeMethod(MethodInvocationHelper.java:84)
	at org.testng.internal.Invoker.invokeConfigurationMethod(Invoker.java:564)
	at org.testng.internal.Invoker.invokeConfigurations(Invoker.java:213)
	at org.testng.internal.Invoker.invokeMethod(Invoker.java:786)
	at org.testng.internal.Invoker.invokeTestMethod(Invoker.java:901)
	at org.testng.internal.Invoker.invokeTestMethods(Invoker.java:1231)
	at org.testng.internal.TestMethodWorker.invokeTestMethods(TestMethodWorker.java:127)
	at org.testng.internal.TestMethodWorker.run(TestMethodWorker.java:111)
	at org.testng.TestRunner.privateRun(TestRunner.java:767)
	at org.testng.TestRunner.run(TestRunner.java:617)
	at org.testng.SuiteRunner.runTest(SuiteRunner.java:334)
	at org.testng.SuiteRunner.runSequentially(SuiteRunner.java:329)
	at org.testng.SuiteRunner.privateRun(SuiteRunner.java:291)
	at org.testng.SuiteRunner.run(SuiteRunner.java:240)
	at org.testng.SuiteRunnerWorker.runSuite(SuiteRunnerWorker.java:52)
	at org.testng.SuiteRunnerWorker.run(SuiteRunnerWorker.java:86)
	at org.testng.TestNG.runSuitesSequentially(TestNG.java:1224)
	at org.testng.TestNG.runSuitesLocally(TestNG.java:1149)
	at org.testng.TestNG.run(TestNG.java:1057)
	at org.testng.TestNG.privateMain(TestNG.java:1364)
	at org.testng.TestNG.main(TestNG.java:1333)
</pre></div></td>
<td>0</td>
<td>IntegrationTests.Tests.Payments.LoginTest@2d554825</td></tr>
<tr>
<td title='IntegrationTests.Tests.Payments.HomeScreenTest.teardown()'><b>teardown</b><br>Test class: IntegrationTests.Tests.Payments.HomeScreenTest</td>
<td><div><pre>java.lang.NullPointerException
	at UITestFramework.CreateSession.teardown(Unknown Source)
... Removed 24 stack frames</pre></div><a href='#' onClick='toggleBox("stack-trace982007015", this, "Click to show all stack frames", "Click to hide stack frames")'>Click to show all stack frames</a>
<div class='stack-trace' id='stack-trace982007015'><pre>java.lang.NullPointerException
	at UITestFramework.CreateSession.teardown(Unknown Source)
	at sun.reflect.GeneratedMethodAccessor1.invoke(Unknown Source)
	at sun.reflect.DelegatingMethodAccessorImpl.invoke(DelegatingMethodAccessorImpl.java:43)
	at java.lang.reflect.Method.invoke(Method.java:497)
	at org.testng.internal.MethodInvocationHelper.invokeMethod(MethodInvocationHelper.java:84)
	at org.testng.internal.Invoker.invokeConfigurationMethod(Invoker.java:564)
	at org.testng.internal.Invoker.invokeConfigurations(Invoker.java:213)
	at org.testng.internal.Invoker.invokeMethod(Invoker.java:786)
	at org.testng.internal.Invoker.invokeTestMethod(Invoker.java:901)
	at org.testng.internal.Invoker.invokeTestMethods(Invoker.java:1231)
	at org.testng.internal.TestMethodWorker.invokeTestMethods(TestMethodWorker.java:127)
	at org.testng.internal.TestMethodWorker.run(TestMethodWorker.java:111)
	at org.testng.TestRunner.privateRun(TestRunner.java:767)
	at org.testng.TestRunner.run(TestRunner.java:617)
	at org.testng.SuiteRunner.runTest(SuiteRunner.java:334)
	at org.testng.SuiteRunner.runSequentially(SuiteRunner.java:329)
	at org.testng.SuiteRunner.privateRun(SuiteRunner.java:291)
	at org.testng.SuiteRunner.run(SuiteRunner.java:240)
	at org.testng.SuiteRunnerWorker.runSuite(SuiteRunnerWorker.java:52)
	at org.testng.SuiteRunnerWorker.run(SuiteRunnerWorker.java:86)
	at org.testng.TestNG.runSuitesSequentially(TestNG.java:1224)
	at org.testng.TestNG.runSuitesLocally(TestNG.java:1149)
	at org.testng.TestNG.run(TestNG.java:1057)
	at org.testng.TestNG.privateMain(TestNG.java:1364)
	at org.testng.TestNG.main(TestNG.java:1333)
</pre></div></td>
<td>0</td>
<td>IntegrationTests.Tests.Payments.HomeScreenTest@47f6473</td></tr>
<tr>
<td title='IntegrationTests.Tests.Payments.CashPayTest.teardown()'><b>teardown</b><br>Test class: IntegrationTests.Tests.Payments.CashPayTest</td>
<td><div><pre>java.lang.NullPointerException
	at UITestFramework.CreateSession.teardown(Unknown Source)
... Removed 24 stack frames</pre></div><a href='#' onClick='toggleBox("stack-trace36333492", this, "Click to show all stack frames", "Click to hide stack frames")'>Click to show all stack frames</a>
<div class='stack-trace' id='stack-trace36333492'><pre>java.lang.NullPointerException
	at UITestFramework.CreateSession.teardown(Unknown Source)
	at sun.reflect.GeneratedMethodAccessor1.invoke(Unknown Source)
	at sun.reflect.DelegatingMethodAccessorImpl.invoke(DelegatingMethodAccessorImpl.java:43)
	at java.lang.reflect.Method.invoke(Method.java:497)
	at org.testng.internal.MethodInvocationHelper.invokeMethod(MethodInvocationHelper.java:84)
	at org.testng.internal.Invoker.invokeConfigurationMethod(Invoker.java:564)
	at org.testng.internal.Invoker.invokeConfigurations(Invoker.java:213)
	at org.testng.internal.Invoker.invokeMethod(Invoker.java:786)
	at org.testng.internal.Invoker.invokeTestMethod(Invoker.java:901)
	at org.testng.internal.Invoker.invokeTestMethods(Invoker.java:1231)
	at org.testng.internal.TestMethodWorker.invokeTestMethods(TestMethodWorker.java:127)
	at org.testng.internal.TestMethodWorker.run(TestMethodWorker.java:111)
	at org.testng.TestRunner.privateRun(TestRunner.java:767)
	at org.testng.TestRunner.run(TestRunner.java:617)
	at org.testng.SuiteRunner.runTest(SuiteRunner.java:334)
	at org.testng.SuiteRunner.runSequentially(SuiteRunner.java:329)
	at org.testng.SuiteRunner.privateRun(SuiteRunner.java:291)
	at org.testng.SuiteRunner.run(SuiteRunner.java:240)
	at org.testng.SuiteRunnerWorker.runSuite(SuiteRunnerWorker.java:52)
	at org.testng.SuiteRunnerWorker.run(SuiteRunnerWorker.java:86)
	at org.testng.TestNG.runSuitesSequentially(TestNG.java:1224)
	at org.testng.TestNG.runSuitesLocally(TestNG.java:1149)
	at org.testng.TestNG.run(TestNG.java:1057)
	at org.testng.TestNG.privateMain(TestNG.java:1364)
	at org.testng.TestNG.main(TestNG.java:1333)
</pre></div></td>
<td>0</td>
<td>IntegrationTests.Tests.Payments.CashPayTest@6b143ee9</td></tr>
</table><p>
<table width='100%' border='1' class='invocation-skipped'>
<tr><td colspan='4' align='center'><b>SKIPPED CONFIGURATIONS</b></td></tr>
<tr><td><b>Test method</b></td>
<td width="30%"><b>Exception</b></td>
<td width="10%"><b>Time (seconds)</b></td>
<td><b>Instance</b></td>
</tr>
<tr>
<td title='IntegrationTests.Tests.Payments.PaybackTest.instantiateHelpers()'><b>instantiateHelpers</b><br>Test class: IntegrationTests.Tests.Payments.PaybackTest</td>
<td></td>
<td>0</td>
<td>IntegrationTests.Tests.Payments.PaybackTest@2d3fcdbd</td></tr>
<tr>
<td title='IntegrationTests.Tests.Payments.SendMoneyTest.createDriver()'><b>createDriver</b><br>Test class: IntegrationTests.Tests.Payments.SendMoneyTest</td>
<td></td>
<td>0</td>
<td>IntegrationTests.Tests.Payments.SendMoneyTest@180bc464</td></tr>
<tr>
<td title='IntegrationTests.Tests.Payments.SendMoneyTest.instantiateHelpers()'><b>instantiateHelpers</b><br>Test class: IntegrationTests.Tests.Payments.SendMoneyTest</td>
<td></td>
<td>0</td>
<td>IntegrationTests.Tests.Payments.SendMoneyTest@180bc464</td></tr>
<tr>
<td title='IntegrationTests.Tests.Payments.SendMoneyTest.createDriver()'><b>createDriver</b><br>Test class: IntegrationTests.Tests.Payments.SendMoneyTest</td>
<td></td>
<td>0</td>
<td>IntegrationTests.Tests.Payments.SendMoneyTest@180bc464</td></tr>
<tr>
<td title='IntegrationTests.Tests.Payments.SendMoneyTest.instantiateHelpers()'><b>instantiateHelpers</b><br>Test class: IntegrationTests.Tests.Payments.SendMoneyTest</td>
<td></td>
<td>0</td>
<td>IntegrationTests.Tests.Payments.SendMoneyTest@180bc464</td></tr>
<tr>
<td title='IntegrationTests.Tests.Payments.SendMoneyTest.createDriver()'><b>createDriver</b><br>Test class: IntegrationTests.Tests.Payments.SendMoneyTest</td>
<td></td>
<td>0</td>
<td>IntegrationTests.Tests.Payments.SendMoneyTest@180bc464</td></tr>
<tr>
<td title='IntegrationTests.Tests.Payments.SendMoneyTest.instantiateHelpers()'><b>instantiateHelpers</b><br>Test class: IntegrationTests.Tests.Payments.SendMoneyTest</td>
<td></td>
<td>0</td>
<td>IntegrationTests.Tests.Payments.SendMoneyTest@180bc464</td></tr>
<tr>
<td title='IntegrationTests.Tests.Payments.SavedConnectionsTest.createDriver()'><b>createDriver</b><br>Test class: IntegrationTests.Tests.Payments.SavedConnectionsTest</td>
<td></td>
<td>0</td>
<td>IntegrationTests.Tests.Payments.SavedConnectionsTest@327471b5</td></tr>
<tr>
<td title='IntegrationTests.Tests.Payments.SavedConnectionsTest.instantiateHelpers()'><b>instantiateHelpers</b><br>Test class: IntegrationTests.Tests.Payments.SavedConnectionsTest</td>
<td></td>
<td>0</td>
<td>IntegrationTests.Tests.Payments.SavedConnectionsTest@327471b5</td></tr>
<tr>
<td title='IntegrationTests.Tests.Payments.AddMoneyTest.createDriver()'><b>createDriver</b><br>Test class: IntegrationTests.Tests.Payments.AddMoneyTest</td>
<td></td>
<td>0</td>
<td>IntegrationTests.Tests.Payments.AddMoneyTest@3567135c</td></tr>
<tr>
<td title='IntegrationTests.Tests.Payments.AddMoneyTest.instantiateHelpers()'><b>instantiateHelpers</b><br>Test class: IntegrationTests.Tests.Payments.AddMoneyTest</td>
<td></td>
<td>0</td>
<td>IntegrationTests.Tests.Payments.AddMoneyTest@3567135c</td></tr>
<tr>
<td title='IntegrationTests.Tests.Payments.RequestMoneyTest.createDriver()'><b>createDriver</b><br>Test class: IntegrationTests.Tests.Payments.RequestMoneyTest</td>
<td></td>
<td>0</td>
<td>IntegrationTests.Tests.Payments.RequestMoneyTest@6537cf78</td></tr>
<tr>
<td title='IntegrationTests.Tests.Payments.RequestMoneyTest.instantiateHelpers()'><b>instantiateHelpers</b><br>Test class: IntegrationTests.Tests.Payments.RequestMoneyTest</td>
<td></td>
<td>0</td>
<td>IntegrationTests.Tests.Payments.RequestMoneyTest@6537cf78</td></tr>
<tr>
<td title='IntegrationTests.Tests.Payments.RequestMoneyTest.createDriver()'><b>createDriver</b><br>Test class: IntegrationTests.Tests.Payments.RequestMoneyTest</td>
<td></td>
<td>0</td>
<td>IntegrationTests.Tests.Payments.RequestMoneyTest@6537cf78</td></tr>
<tr>
<td title='IntegrationTests.Tests.Payments.RequestMoneyTest.instantiateHelpers()'><b>instantiateHelpers</b><br>Test class: IntegrationTests.Tests.Payments.RequestMoneyTest</td>
<td></td>
<td>0</td>
<td>IntegrationTests.Tests.Payments.RequestMoneyTest@6537cf78</td></tr>
<tr>
<td title='IntegrationTests.Tests.Payments.RequestMoneyTest.createDriver()'><b>createDriver</b><br>Test class: IntegrationTests.Tests.Payments.RequestMoneyTest</td>
<td></td>
<td>0</td>
<td>IntegrationTests.Tests.Payments.RequestMoneyTest@6537cf78</td></tr>
<tr>
<td title='IntegrationTests.Tests.Payments.RequestMoneyTest.instantiateHelpers()'><b>instantiateHelpers</b><br>Test class: IntegrationTests.Tests.Payments.RequestMoneyTest</td>
<td></td>
<td>0</td>
<td>IntegrationTests.Tests.Payments.RequestMoneyTest@6537cf78</td></tr>
<tr>
<td title='IntegrationTests.Tests.Payments.AddMoneyTest.createDriver()'><b>createDriver</b><br>Test class: IntegrationTests.Tests.Payments.AddMoneyTest</td>
<td></td>
<td>0</td>
<td>IntegrationTests.Tests.Payments.AddMoneyTest@3567135c</td></tr>
<tr>
<td title='IntegrationTests.Tests.Payments.AddMoneyTest.instantiateHelpers()'><b>instantiateHelpers</b><br>Test class: IntegrationTests.Tests.Payments.AddMoneyTest</td>
<td></td>
<td>0</td>
<td>IntegrationTests.Tests.Payments.AddMoneyTest@3567135c</td></tr>
<tr>
<td title='IntegrationTests.Tests.Payments.AddMoneyTest.createDriver()'><b>createDriver</b><br>Test class: IntegrationTests.Tests.Payments.AddMoneyTest</td>
<td></td>
<td>0</td>
<td>IntegrationTests.Tests.Payments.AddMoneyTest@3567135c</td></tr>
<tr>
<td title='IntegrationTests.Tests.Payments.AddMoneyTest.instantiateHelpers()'><b>instantiateHelpers</b><br>Test class: IntegrationTests.Tests.Payments.AddMoneyTest</td>
<td></td>
<td>0</td>
<td>IntegrationTests.Tests.Payments.AddMoneyTest@3567135c</td></tr>
<tr>
<td title='IntegrationTests.Tests.Payments.AddMoneyTest.createDriver()'><b>createDriver</b><br>Test class: IntegrationTests.Tests.Payments.AddMoneyTest</td>
<td></td>
<td>0</td>
<td>IntegrationTests.Tests.Payments.AddMoneyTest@3567135c</td></tr>
<tr>
<td title='IntegrationTests.Tests.Payments.AddMoneyTest.instantiateHelpers()'><b>instantiateHelpers</b><br>Test class: IntegrationTests.Tests.Payments.AddMoneyTest</td>
<td></td>
<td>0</td>
<td>IntegrationTests.Tests.Payments.AddMoneyTest@3567135c</td></tr>
<tr>
<td title='IntegrationTests.Tests.Payments.AddMoneyTest.createDriver()'><b>createDriver</b><br>Test class: IntegrationTests.Tests.Payments.AddMoneyTest</td>
<td></td>
<td>0</td>
<td>IntegrationTests.Tests.Payments.AddMoneyTest@3567135c</td></tr>
<tr>
<td title='IntegrationTests.Tests.Payments.AddMoneyTest.instantiateHelpers()'><b>instantiateHelpers</b><br>Test class: IntegrationTests.Tests.Payments.AddMoneyTest</td>
<td></td>
<td>0</td>
<td>IntegrationTests.Tests.Payments.AddMoneyTest@3567135c</td></tr>
<tr>
<td title='IntegrationTests.Tests.Payments.AddMoneyTest.createDriver()'><b>createDriver</b><br>Test class: IntegrationTests.Tests.Payments.AddMoneyTest</td>
<td></td>
<td>0</td>
<td>IntegrationTests.Tests.Payments.AddMoneyTest@3567135c</td></tr>
<tr>
<td title='IntegrationTests.Tests.Payments.AddMoneyTest.instantiateHelpers()'><b>instantiateHelpers</b><br>Test class: IntegrationTests.Tests.Payments.AddMoneyTest</td>
<td></td>
<td>0</td>
<td>IntegrationTests.Tests.Payments.AddMoneyTest@3567135c</td></tr>
<tr>
<td title='IntegrationTests.Tests.Payments.Refer_EarnTest.createDriver()'><b>createDriver</b><br>Test class: IntegrationTests.Tests.Payments.Refer_EarnTest</td>
<td></td>
<td>0</td>
<td>IntegrationTests.Tests.Payments.Refer_EarnTest@1936f0f5</td></tr>
<tr>
<td title='IntegrationTests.Tests.Payments.Refer_EarnTest.instantiateHelpers()'><b>instantiateHelpers</b><br>Test class: IntegrationTests.Tests.Payments.Refer_EarnTest</td>
<td></td>
<td>0</td>
<td>IntegrationTests.Tests.Payments.Refer_EarnTest@1936f0f5</td></tr>
<tr>
<td title='IntegrationTests.Tests.Payments.LoginTest.createDriver()'><b>createDriver</b><br>Test class: IntegrationTests.Tests.Payments.LoginTest</td>
<td></td>
<td>0</td>
<td>IntegrationTests.Tests.Payments.LoginTest@2d554825</td></tr>
<tr>
<td title='IntegrationTests.Tests.Payments.LoginTest.instantiateHelpers()'><b>instantiateHelpers</b><br>Test class: IntegrationTests.Tests.Payments.LoginTest</td>
<td></td>
<td>0</td>
<td>IntegrationTests.Tests.Payments.LoginTest@2d554825</td></tr>
<tr>
<td title='IntegrationTests.Tests.Payments.LoginTest.createDriver()'><b>createDriver</b><br>Test class: IntegrationTests.Tests.Payments.LoginTest</td>
<td></td>
<td>0</td>
<td>IntegrationTests.Tests.Payments.LoginTest@2d554825</td></tr>
<tr>
<td title='IntegrationTests.Tests.Payments.LoginTest.instantiateHelpers()'><b>instantiateHelpers</b><br>Test class: IntegrationTests.Tests.Payments.LoginTest</td>
<td></td>
<td>0</td>
<td>IntegrationTests.Tests.Payments.LoginTest@2d554825</td></tr>
<tr>
<td title='IntegrationTests.Tests.Payments.HomeScreenTest.createDriver()'><b>createDriver</b><br>Test class: IntegrationTests.Tests.Payments.HomeScreenTest</td>
<td></td>
<td>0</td>
<td>IntegrationTests.Tests.Payments.HomeScreenTest@47f6473</td></tr>
<tr>
<td title='IntegrationTests.Tests.Payments.HomeScreenTest.instantiateHelpers()'><b>instantiateHelpers</b><br>Test class: IntegrationTests.Tests.Payments.HomeScreenTest</td>
<td></td>
<td>0</td>
<td>IntegrationTests.Tests.Payments.HomeScreenTest@47f6473</td></tr>
<tr>
<td title='IntegrationTests.Tests.Payments.CashPayTest.createDriver()'><b>createDriver</b><br>Test class: IntegrationTests.Tests.Payments.CashPayTest</td>
<td></td>
<td>0</td>
<td>IntegrationTests.Tests.Payments.CashPayTest@6b143ee9</td></tr>
<tr>
<td title='IntegrationTests.Tests.Payments.CashPayTest.instantiateHelpers()'><b>instantiateHelpers</b><br>Test class: IntegrationTests.Tests.Payments.CashPayTest</td>
<td></td>
<td>0</td>
<td>IntegrationTests.Tests.Payments.CashPayTest@6b143ee9</td></tr>
</table><p>
<table width='100%' border='1' class='invocation-skipped'>
<tr><td colspan='4' align='center'><b>SKIPPED TESTS</b></td></tr>
<tr><td><b>Test method</b></td>
<td width="30%"><b>Exception</b></td>
<td width="10%"><b>Time (seconds)</b></td>
<td><b>Instance</b></td>
</tr>
<tr>
<td title='IntegrationTests.Tests.Payments.CashPayTest.cashPay_StaticText()'><b>cashPay_StaticText</b><br>Test class: IntegrationTests.Tests.Payments.CashPayTest</td>
<td></td>
<td>0</td>
<td>IntegrationTests.Tests.Payments.CashPayTest@6b143ee9</td></tr>
<tr>
<td title='IntegrationTests.Tests.Payments.PaybackTest.payback_RedeemZeroPoints()'><b>payback_RedeemZeroPoints</b><br>Test class: IntegrationTests.Tests.Payments.PaybackTest</td>
<td></td>
<td>0</td>
<td>IntegrationTests.Tests.Payments.PaybackTest@2d3fcdbd</td></tr>
<tr>
<td title='IntegrationTests.Tests.Payments.Refer_EarnTest.refer_earnAmount()'><b>refer_earnAmount</b><br>Test class: IntegrationTests.Tests.Payments.Refer_EarnTest</td>
<td></td>
<td>0</td>
<td>IntegrationTests.Tests.Payments.Refer_EarnTest@1936f0f5</td></tr>
<tr>
<td title='IntegrationTests.Tests.Payments.AddMoneyTest.verifyAddMoney_debitCard()'><b>verifyAddMoney_debitCard</b><br>Test class: IntegrationTests.Tests.Payments.AddMoneyTest</td>
<td></td>
<td>0</td>
<td>IntegrationTests.Tests.Payments.AddMoneyTest@3567135c</td></tr>
<tr>
<td title='IntegrationTests.Tests.Payments.AddMoneyTest.verifyAddMoney_debitCard2()'><b>verifyAddMoney_debitCard2</b><br>Test class: IntegrationTests.Tests.Payments.AddMoneyTest</td>
<td></td>
<td>0</td>
<td>IntegrationTests.Tests.Payments.AddMoneyTest@3567135c</td></tr>
<tr>
<td title='IntegrationTests.Tests.Payments.AddMoneyTest.verifyAddMoney_deleteCard()'><b>verifyAddMoney_deleteCard</b><br>Test class: IntegrationTests.Tests.Payments.AddMoneyTest</td>
<td></td>
<td>0</td>
<td>IntegrationTests.Tests.Payments.AddMoneyTest@3567135c</td></tr>
<tr>
<td title='IntegrationTests.Tests.Payments.AddMoneyTest.verifyAddMoney_netBanking3()'><b>verifyAddMoney_netBanking3</b><br>Test class: IntegrationTests.Tests.Payments.AddMoneyTest</td>
<td></td>
<td>0</td>
<td>IntegrationTests.Tests.Payments.AddMoneyTest@3567135c</td></tr>
<tr>
<td title='IntegrationTests.Tests.Payments.AddMoneyTest.verifyAddMoney_savedCard()'><b>verifyAddMoney_savedCard</b><br>Test class: IntegrationTests.Tests.Payments.AddMoneyTest</td>
<td></td>
<td>0</td>
<td>IntegrationTests.Tests.Payments.AddMoneyTest@3567135c</td></tr>
<tr>
<td title='IntegrationTests.Tests.Payments.AddMoneyTest.verifyAddMoneywithPromo_debitCard()'><b>verifyAddMoneywithPromo_debitCard</b><br>Test class: IntegrationTests.Tests.Payments.AddMoneyTest</td>
<td></td>
<td>0</td>
<td>IntegrationTests.Tests.Payments.AddMoneyTest@3567135c</td></tr>
<tr>
<td title='IntegrationTests.Tests.Payments.LoginTest.verifyForgotPasswordTest()'><b>verifyForgotPasswordTest</b><br>Test class: IntegrationTests.Tests.Payments.LoginTest</td>
<td></td>
<td>0</td>
<td>IntegrationTests.Tests.Payments.LoginTest@2d554825</td></tr>
<tr>
<td title='IntegrationTests.Tests.Payments.LoginTest.verifyLoginLogoutTest()'><b>verifyLoginLogoutTest</b><br>Test class: IntegrationTests.Tests.Payments.LoginTest</td>
<td></td>
<td>0</td>
<td>IntegrationTests.Tests.Payments.LoginTest@2d554825</td></tr>
<tr>
<td title='IntegrationTests.Tests.Payments.RequestMoneyTest.verifyRequestMoneyCases_validAmount_viaMobile()'><b>verifyRequestMoneyCases_validAmount_viaMobile</b><br>Test class: IntegrationTests.Tests.Payments.RequestMoneyTest</td>
<td></td>
<td>0</td>
<td>IntegrationTests.Tests.Payments.RequestMoneyTest@6537cf78</td></tr>
<tr>
<td title='IntegrationTests.Tests.Payments.RequestMoneyTest.verifyRequestMoneyCases_viaMobile_Accepts()'><b>verifyRequestMoneyCases_viaMobile_Accepts</b><br>Test class: IntegrationTests.Tests.Payments.RequestMoneyTest</td>
<td></td>
<td>0</td>
<td>IntegrationTests.Tests.Payments.RequestMoneyTest@6537cf78</td></tr>
<tr>
<td title='IntegrationTests.Tests.Payments.RequestMoneyTest.verifyRequestMoneyCases_viaMobile_Cancels()'><b>verifyRequestMoneyCases_viaMobile_Cancels</b><br>Test class: IntegrationTests.Tests.Payments.RequestMoneyTest</td>
<td></td>
<td>0</td>
<td>IntegrationTests.Tests.Payments.RequestMoneyTest@6537cf78</td></tr>
<tr>
<td title='IntegrationTests.Tests.Payments.SavedConnectionsTest.verifySavedConnectionsFeatures()'><b>verifySavedConnectionsFeatures</b><br>Test class: IntegrationTests.Tests.Payments.SavedConnectionsTest</td>
<td></td>
<td>0</td>
<td>IntegrationTests.Tests.Payments.SavedConnectionsTest@327471b5</td></tr>
<tr>
<td title='IntegrationTests.Tests.Payments.SendMoneyTest.verifySendMoneyCases_validAmount_viaContacts()'><b>verifySendMoneyCases_validAmount_viaContacts</b><br>Test class: IntegrationTests.Tests.Payments.SendMoneyTest</td>
<td></td>
<td>0</td>
<td>IntegrationTests.Tests.Payments.SendMoneyTest@180bc464</td></tr>
<tr>
<td title='IntegrationTests.Tests.Payments.SendMoneyTest.verifySendMoneyCases_validAmount_viaMobile()'><b>verifySendMoneyCases_validAmount_viaMobile</b><br>Test class: IntegrationTests.Tests.Payments.SendMoneyTest</td>
<td></td>
<td>0</td>
<td>IntegrationTests.Tests.Payments.SendMoneyTest@180bc464</td></tr>
<tr>
<td title='IntegrationTests.Tests.Payments.SendMoneyTest.verifySendMoneyCases_viaMobile_Accepts()'><b>verifySendMoneyCases_viaMobile_Accepts</b><br>Test class: IntegrationTests.Tests.Payments.SendMoneyTest</td>
<td></td>
<td>0</td>
<td>IntegrationTests.Tests.Payments.SendMoneyTest@180bc464</td></tr>
<tr>
<td title='IntegrationTests.Tests.Payments.HomeScreenTest.verifyWalletOffers_HomeScreen()'><b>verifyWalletOffers_HomeScreen</b><br>Test class: IntegrationTests.Tests.Payments.HomeScreenTest</td>
<td></td>
<td>0</td>
<td>IntegrationTests.Tests.Payments.HomeScreenTest@47f6473</td></tr>
</table><p>
</body>
</html>