<?xml version="1.0" encoding="UTF-8"?>
<!-- Generated by org.testng.reporters.JUnitXMLReporter -->
<testsuite hostname="Sanjit-pc" name="Mobikwik Automation Tests" tests="1" failures="1" timestamp="29 Apr 2015 04:00:59 GMT" time="151.9" errors="0">
  <testcase name="verifySendMoneyCases" time="113.288" classname="IntegrationTests.tests.payments.SendMoneyTest">
    <failure type="org.openqa.selenium.TimeoutException" message="Build info: version: &amp;apos;2.43.1&amp;apos;, revision: &amp;apos;5163bce&amp;apos;, time: &amp;apos;2014-09-10 16:27:58&amp;apos;
System info: host: &amp;apos;Sanjit-pc&amp;apos;, ip: &amp;apos;192.168.56.1&amp;apos;, os.name: &amp;apos;Windows 8.1&amp;apos;, os.arch: &amp;apos;amd64&amp;apos;, os.version: &amp;apos;6.3&amp;apos;, java.version: &amp;apos;1.8.0_40&amp;apos;
Driver info: driver.version: unknown">
      <![CDATA[org.openqa.selenium.TimeoutException: Build info: version: '2.43.1', revision: '5163bce', time: '2014-09-10 16:27:58'
System info: host: 'Sanjit-pc', ip: '192.168.56.1', os.name: 'Windows 8.1', os.arch: 'amd64', os.version: '6.3', java.version: '1.8.0_40'
Driver info: driver.version: unknown
	at UITestFramework.MobiKwikScreen.waitForVisibility(Unknown Source)
	at IntegrationTests.helpers.android.payments.AndroidSendMoneyHelper.sendMoneyScreen(Unknown Source)
	at IntegrationTests.tests.payments.SendMoneyTest.verifySendMoneyCases(Unknown Source)
... Removed 23 stack frames]]>
    </failure>
  </testcase> <!-- verifySendMoneyCases -->
</testsuite> <!-- Mobikwik Automation Tests -->
