<?xml version="1.0" encoding="UTF-8"?>
<!-- Generated by org.testng.reporters.JUnitXMLReporter -->
<testsuite hostname="RIVLT0117653" name="LoginTest" tests="1" failures="0" timestamp="25 Aug 2017 02:58:11 GMT" time="226.108" errors="0">
  <testcase name="@BeforeMethod createDriver" time="0.0" classname="IntegrationTests.Tests.LoginTest">
    <failure type="org.openqa.selenium.WebDriverException" message="An unknown server-side error occurred while processing the command. Original error: Error occured while starting App. Original error: net.slideshare.mobile/net.slideshare.mobile.ui.SplashActivity or net.slideshare.mobile.net.slideshare.mobile.ui.SplashActivity never started (WARNING: The server did not provide any stacktrace information)
Command duration or timeout: 225.45 seconds
Build info: version: &amp;apos;2.45.0&amp;apos;, revision: &amp;apos;32a636c&amp;apos;, time: &amp;apos;2015-03-05 22:01:35&amp;apos;
System info: host: &amp;apos;RIVLT0117653&amp;apos;, ip: &amp;apos;127.0.1.1&amp;apos;, os.name: &amp;apos;Linux&amp;apos;, os.arch: &amp;apos;amd64&amp;apos;, os.version: &amp;apos;4.4.0-92-generic&amp;apos;, java.version: &amp;apos;1.8.0_121&amp;apos;
Driver info: io.appium.java_client.android.AndroidDriver">
      <![CDATA[org.openqa.selenium.WebDriverException: An unknown server-side error occurred while processing the command. Original error: Error occured while starting App. Original error: net.slideshare.mobile/net.slideshare.mobile.ui.SplashActivity or net.slideshare.mobile.net.slideshare.mobile.ui.SplashActivity never started (WARNING: The server did not provide any stacktrace information)
Command duration or timeout: 225.45 seconds
Build info: version: '2.45.0', revision: '32a636c', time: '2015-03-05 22:01:35'
System info: host: 'RIVLT0117653', ip: '127.0.1.1', os.name: 'Linux', os.arch: 'amd64', os.version: '4.4.0-92-generic', java.version: '1.8.0_121'
Driver info: io.appium.java_client.android.AndroidDriver
	at org.openqa.selenium.remote.ErrorHandler.createThrowable(ErrorHandler.java:204)
	at org.openqa.selenium.remote.ErrorHandler.throwIfResponseFailed(ErrorHandler.java:156)
	at org.openqa.selenium.remote.RemoteWebDriver.execute(RemoteWebDriver.java:599)
	at io.appium.java_client.AppiumDriver.execute(AppiumDriver.java:180)
	at org.openqa.selenium.remote.RemoteWebDriver.startSession(RemoteWebDriver.java:240)
	at org.openqa.selenium.remote.RemoteWebDriver.<init>(RemoteWebDriver.java:126)
	at org.openqa.selenium.remote.RemoteWebDriver.<init>(RemoteWebDriver.java:153)
	at io.appium.java_client.AppiumDriver.<init>(AppiumDriver.java:109)
	at io.appium.java_client.android.AndroidDriver.<init>(AndroidDriver.java:39)
	at UITestFramework.CreateSession.androidDriver(CreateSession.java:147)
	at UITestFramework.CreateSession.createDriver(CreateSession.java:107)
... Removed 30 stack frames]]>
    </failure>
  </testcase> <!-- @BeforeMethod createDriver -->
  <testcase name="@BeforeMethod instantiateHelpers" time="0.0" classname="IntegrationTests.Tests.LoginTest">
    <skipped/>
  </testcase> <!-- @BeforeMethod instantiateHelpers -->
  <testcase name="@AfterMethod teardown" time="0.0" classname="IntegrationTests.Tests.LoginTest">
    <skipped/>
  </testcase> <!-- @AfterMethod teardown -->
  <testcase name="LoginVerification" time="0.002" classname="IntegrationTests.Tests.LoginTest">
    <skipped/>
  </testcase> <!-- LoginVerification -->
</testsuite> <!-- LoginTest -->
