<?xml version="1.0" encoding="UTF-8"?>
<!-- Generated by org.testng.reporters.JUnitXMLReporter -->
<testsuite hostname="shanky-Lenovo-B40-70" name="Mobikwik Automation Tests" tests="19" failures="0" timestamp="8 Jul 2015 16:11:03 GMT" time="1.434" errors="0">
  <testcase name="@BeforeMethod createDriver" time="0.0" classname="IntegrationTests.Tests.Payments.PaybackTest">
    <failure type="org.openqa.selenium.SessionNotCreatedException" message="A new session could not be created. (Original error: Could not get the iOS SDK version because the Xcode version could not be determined.) (WARNING: The server did not provide any stacktrace information)
Command duration or timeout: 757 milliseconds
Build info: version: &amp;apos;2.45.0&amp;apos;, revision: &amp;apos;32a636c&amp;apos;, time: &amp;apos;2015-03-05 22:01:35&amp;apos;
System info: host: &amp;apos;shanky-Lenovo-B40-70&amp;apos;, ip: &amp;apos;127.0.1.1&amp;apos;, os.name: &amp;apos;Linux&amp;apos;, os.arch: &amp;apos;amd64&amp;apos;, os.version: &amp;apos;3.13.0-55-generic&amp;apos;, java.version: &amp;apos;1.8.0_45&amp;apos;
Driver info: io.appium.java_client.ios.IOSDriver">
      <![CDATA[org.openqa.selenium.SessionNotCreatedException: A new session could not be created. (Original error: Could not get the iOS SDK version because the Xcode version could not be determined.) (WARNING: The server did not provide any stacktrace information)
Command duration or timeout: 757 milliseconds
Build info: version: '2.45.0', revision: '32a636c', time: '2015-03-05 22:01:35'
System info: host: 'shanky-Lenovo-B40-70', ip: '127.0.1.1', os.name: 'Linux', os.arch: 'amd64', os.version: '3.13.0-55-generic', java.version: '1.8.0_45'
Driver info: io.appium.java_client.ios.IOSDriver
	at org.openqa.selenium.remote.ErrorHandler.createThrowable(ErrorHandler.java:204)
	at org.openqa.selenium.remote.ErrorHandler.throwIfResponseFailed(ErrorHandler.java:156)
	at org.openqa.selenium.remote.RemoteWebDriver.execute(RemoteWebDriver.java:599)
	at io.appium.java_client.AppiumDriver.execute(AppiumDriver.java:180)
	at org.openqa.selenium.remote.RemoteWebDriver.startSession(RemoteWebDriver.java:240)
	at org.openqa.selenium.remote.RemoteWebDriver.<init>(RemoteWebDriver.java:126)
	at org.openqa.selenium.remote.RemoteWebDriver.<init>(RemoteWebDriver.java:153)
	at io.appium.java_client.AppiumDriver.<init>(AppiumDriver.java:109)
	at io.appium.java_client.ios.IOSDriver.<init>(IOSDriver.java:23)
	at UITestFramework.CreateSession.iOSDriver(CreateSession.java:242)
	at UITestFramework.CreateSession.createDriver(CreateSession.java:147)
... Removed 30 stack frames]]>
    </failure>
  </testcase> <!-- @BeforeMethod createDriver -->
  <testcase name="@BeforeMethod instantiateHelpers" time="0.0" classname="IntegrationTests.Tests.Payments.PaybackTest">
    <skipped/>
  </testcase> <!-- @BeforeMethod instantiateHelpers -->
  <testcase name="@AfterMethod teardown" time="0.0" classname="IntegrationTests.Tests.Payments.PaybackTest">
    <failure type="java.lang.NullPointerException">
      <![CDATA[java.lang.NullPointerException
	at UITestFramework.CreateSession.teardown(CreateSession.java:164)
... Removed 26 stack frames]]>
    </failure>
  </testcase> <!-- @AfterMethod teardown -->
  <testcase name="@BeforeMethod createDriver" time="0.0" classname="IntegrationTests.Tests.Payments.SendMoneyTest">
    <skipped/>
  </testcase> <!-- @BeforeMethod createDriver -->
  <testcase name="@BeforeMethod instantiateHelpers" time="0.0" classname="IntegrationTests.Tests.Payments.SendMoneyTest">
    <skipped/>
  </testcase> <!-- @BeforeMethod instantiateHelpers -->
  <testcase name="@AfterMethod teardown" time="0.0" classname="IntegrationTests.Tests.Payments.SendMoneyTest">
    <failure type="java.lang.NullPointerException">
      <![CDATA[java.lang.NullPointerException
	at UITestFramework.CreateSession.teardown(CreateSession.java:164)
... Removed 26 stack frames]]>
    </failure>
  </testcase> <!-- @AfterMethod teardown -->
  <testcase name="@BeforeMethod createDriver" time="0.0" classname="IntegrationTests.Tests.Payments.SendMoneyTest">
    <skipped/>
  </testcase> <!-- @BeforeMethod createDriver -->
  <testcase name="@BeforeMethod instantiateHelpers" time="0.0" classname="IntegrationTests.Tests.Payments.SendMoneyTest">
    <skipped/>
  </testcase> <!-- @BeforeMethod instantiateHelpers -->
  <testcase name="@AfterMethod teardown" time="0.0" classname="IntegrationTests.Tests.Payments.SendMoneyTest">
    <failure type="java.lang.NullPointerException">
      <![CDATA[java.lang.NullPointerException
	at UITestFramework.CreateSession.teardown(CreateSession.java:164)
... Removed 26 stack frames]]>
    </failure>
  </testcase> <!-- @AfterMethod teardown -->
  <testcase name="@BeforeMethod createDriver" time="0.0" classname="IntegrationTests.Tests.Payments.SendMoneyTest">
    <skipped/>
  </testcase> <!-- @BeforeMethod createDriver -->
  <testcase name="@BeforeMethod instantiateHelpers" time="0.0" classname="IntegrationTests.Tests.Payments.SendMoneyTest">
    <skipped/>
  </testcase> <!-- @BeforeMethod instantiateHelpers -->
  <testcase name="@AfterMethod teardown" time="0.0" classname="IntegrationTests.Tests.Payments.SendMoneyTest">
    <failure type="java.lang.NullPointerException">
      <![CDATA[java.lang.NullPointerException
	at UITestFramework.CreateSession.teardown(CreateSession.java:164)
... Removed 26 stack frames]]>
    </failure>
  </testcase> <!-- @AfterMethod teardown -->
  <testcase name="@BeforeMethod createDriver" time="0.0" classname="IntegrationTests.Tests.Payments.SavedConnectionsTest">
    <skipped/>
  </testcase> <!-- @BeforeMethod createDriver -->
  <testcase name="@BeforeMethod instantiateHelpers" time="0.0" classname="IntegrationTests.Tests.Payments.SavedConnectionsTest">
    <skipped/>
  </testcase> <!-- @BeforeMethod instantiateHelpers -->
  <testcase name="@AfterMethod teardown" time="0.0" classname="IntegrationTests.Tests.Payments.SavedConnectionsTest">
    <failure type="java.lang.NullPointerException">
      <![CDATA[java.lang.NullPointerException
	at UITestFramework.CreateSession.teardown(CreateSession.java:164)
... Removed 26 stack frames]]>
    </failure>
  </testcase> <!-- @AfterMethod teardown -->
  <testcase name="@BeforeMethod createDriver" time="0.0" classname="IntegrationTests.Tests.Payments.AddMoneyTest">
    <skipped/>
  </testcase> <!-- @BeforeMethod createDriver -->
  <testcase name="@BeforeMethod instantiateHelpers" time="0.0" classname="IntegrationTests.Tests.Payments.AddMoneyTest">
    <skipped/>
  </testcase> <!-- @BeforeMethod instantiateHelpers -->
  <testcase name="@AfterMethod teardown" time="0.0" classname="IntegrationTests.Tests.Payments.AddMoneyTest">
    <failure type="java.lang.NullPointerException">
      <![CDATA[java.lang.NullPointerException
	at UITestFramework.CreateSession.teardown(CreateSession.java:164)
... Removed 26 stack frames]]>
    </failure>
  </testcase> <!-- @AfterMethod teardown -->
  <testcase name="@BeforeMethod createDriver" time="0.0" classname="IntegrationTests.Tests.Payments.RequestMoneyTest">
    <skipped/>
  </testcase> <!-- @BeforeMethod createDriver -->
  <testcase name="@BeforeMethod instantiateHelpers" time="0.0" classname="IntegrationTests.Tests.Payments.RequestMoneyTest">
    <skipped/>
  </testcase> <!-- @BeforeMethod instantiateHelpers -->
  <testcase name="@AfterMethod teardown" time="0.0" classname="IntegrationTests.Tests.Payments.RequestMoneyTest">
    <failure type="java.lang.NullPointerException">
      <![CDATA[java.lang.NullPointerException
	at UITestFramework.CreateSession.teardown(CreateSession.java:164)
... Removed 26 stack frames]]>
    </failure>
  </testcase> <!-- @AfterMethod teardown -->
  <testcase name="@BeforeMethod createDriver" time="0.0" classname="IntegrationTests.Tests.Payments.RequestMoneyTest">
    <skipped/>
  </testcase> <!-- @BeforeMethod createDriver -->
  <testcase name="@BeforeMethod instantiateHelpers" time="0.0" classname="IntegrationTests.Tests.Payments.RequestMoneyTest">
    <skipped/>
  </testcase> <!-- @BeforeMethod instantiateHelpers -->
  <testcase name="@AfterMethod teardown" time="0.0" classname="IntegrationTests.Tests.Payments.RequestMoneyTest">
    <failure type="java.lang.NullPointerException">
      <![CDATA[java.lang.NullPointerException
	at UITestFramework.CreateSession.teardown(CreateSession.java:164)
... Removed 26 stack frames]]>
    </failure>
  </testcase> <!-- @AfterMethod teardown -->
  <testcase name="@BeforeMethod createDriver" time="0.0" classname="IntegrationTests.Tests.Payments.RequestMoneyTest">
    <skipped/>
  </testcase> <!-- @BeforeMethod createDriver -->
  <testcase name="@BeforeMethod instantiateHelpers" time="0.0" classname="IntegrationTests.Tests.Payments.RequestMoneyTest">
    <skipped/>
  </testcase> <!-- @BeforeMethod instantiateHelpers -->
  <testcase name="@AfterMethod teardown" time="0.0" classname="IntegrationTests.Tests.Payments.RequestMoneyTest">
    <failure type="java.lang.NullPointerException">
      <![CDATA[java.lang.NullPointerException
	at UITestFramework.CreateSession.teardown(CreateSession.java:164)
... Removed 26 stack frames]]>
    </failure>
  </testcase> <!-- @AfterMethod teardown -->
  <testcase name="@BeforeMethod createDriver" time="0.0" classname="IntegrationTests.Tests.Payments.AddMoneyTest">
    <skipped/>
  </testcase> <!-- @BeforeMethod createDriver -->
  <testcase name="@BeforeMethod instantiateHelpers" time="0.0" classname="IntegrationTests.Tests.Payments.AddMoneyTest">
    <skipped/>
  </testcase> <!-- @BeforeMethod instantiateHelpers -->
  <testcase name="@AfterMethod teardown" time="0.0" classname="IntegrationTests.Tests.Payments.AddMoneyTest">
    <failure type="java.lang.NullPointerException">
      <![CDATA[java.lang.NullPointerException
	at UITestFramework.CreateSession.teardown(CreateSession.java:164)
... Removed 26 stack frames]]>
    </failure>
  </testcase> <!-- @AfterMethod teardown -->
  <testcase name="@BeforeMethod createDriver" time="0.0" classname="IntegrationTests.Tests.Payments.AddMoneyTest">
    <skipped/>
  </testcase> <!-- @BeforeMethod createDriver -->
  <testcase name="@BeforeMethod instantiateHelpers" time="0.0" classname="IntegrationTests.Tests.Payments.AddMoneyTest">
    <skipped/>
  </testcase> <!-- @BeforeMethod instantiateHelpers -->
  <testcase name="@AfterMethod teardown" time="0.0" classname="IntegrationTests.Tests.Payments.AddMoneyTest">
    <failure type="java.lang.NullPointerException">
      <![CDATA[java.lang.NullPointerException
	at UITestFramework.CreateSession.teardown(CreateSession.java:164)
... Removed 26 stack frames]]>
    </failure>
  </testcase> <!-- @AfterMethod teardown -->
  <testcase name="@BeforeMethod createDriver" time="0.0" classname="IntegrationTests.Tests.Payments.AddMoneyTest">
    <skipped/>
  </testcase> <!-- @BeforeMethod createDriver -->
  <testcase name="@BeforeMethod instantiateHelpers" time="0.0" classname="IntegrationTests.Tests.Payments.AddMoneyTest">
    <skipped/>
  </testcase> <!-- @BeforeMethod instantiateHelpers -->
  <testcase name="@AfterMethod teardown" time="0.0" classname="IntegrationTests.Tests.Payments.AddMoneyTest">
    <failure type="java.lang.NullPointerException">
      <![CDATA[java.lang.NullPointerException
	at UITestFramework.CreateSession.teardown(CreateSession.java:164)
... Removed 26 stack frames]]>
    </failure>
  </testcase> <!-- @AfterMethod teardown -->
  <testcase name="@BeforeMethod createDriver" time="0.0" classname="IntegrationTests.Tests.Payments.AddMoneyTest">
    <skipped/>
  </testcase> <!-- @BeforeMethod createDriver -->
  <testcase name="@BeforeMethod instantiateHelpers" time="0.0" classname="IntegrationTests.Tests.Payments.AddMoneyTest">
    <skipped/>
  </testcase> <!-- @BeforeMethod instantiateHelpers -->
  <testcase name="@AfterMethod teardown" time="0.0" classname="IntegrationTests.Tests.Payments.AddMoneyTest">
    <failure type="java.lang.NullPointerException">
      <![CDATA[java.lang.NullPointerException
	at UITestFramework.CreateSession.teardown(CreateSession.java:164)
... Removed 26 stack frames]]>
    </failure>
  </testcase> <!-- @AfterMethod teardown -->
  <testcase name="@BeforeMethod createDriver" time="0.007" classname="IntegrationTests.Tests.Payments.AddMoneyTest">
    <skipped/>
  </testcase> <!-- @BeforeMethod createDriver -->
  <testcase name="@BeforeMethod instantiateHelpers" time="0.0" classname="IntegrationTests.Tests.Payments.AddMoneyTest">
    <skipped/>
  </testcase> <!-- @BeforeMethod instantiateHelpers -->
  <testcase name="@AfterMethod teardown" time="0.0" classname="IntegrationTests.Tests.Payments.AddMoneyTest">
    <failure type="java.lang.NullPointerException">
      <![CDATA[java.lang.NullPointerException
	at UITestFramework.CreateSession.teardown(CreateSession.java:164)
... Removed 26 stack frames]]>
    </failure>
  </testcase> <!-- @AfterMethod teardown -->
  <testcase name="@BeforeMethod createDriver" time="0.0" classname="IntegrationTests.Tests.Payments.Refer_EarnTest">
    <skipped/>
  </testcase> <!-- @BeforeMethod createDriver -->
  <testcase name="@BeforeMethod instantiateHelpers" time="0.0" classname="IntegrationTests.Tests.Payments.Refer_EarnTest">
    <skipped/>
  </testcase> <!-- @BeforeMethod instantiateHelpers -->
  <testcase name="@AfterMethod teardown" time="0.0" classname="IntegrationTests.Tests.Payments.Refer_EarnTest">
    <failure type="java.lang.NullPointerException">
      <![CDATA[java.lang.NullPointerException
	at UITestFramework.CreateSession.teardown(CreateSession.java:164)
... Removed 26 stack frames]]>
    </failure>
  </testcase> <!-- @AfterMethod teardown -->
  <testcase name="@BeforeMethod createDriver" time="0.0" classname="IntegrationTests.Tests.Payments.LoginTest">
    <skipped/>
  </testcase> <!-- @BeforeMethod createDriver -->
  <testcase name="@BeforeMethod instantiateHelpers" time="0.0" classname="IntegrationTests.Tests.Payments.LoginTest">
    <skipped/>
  </testcase> <!-- @BeforeMethod instantiateHelpers -->
  <testcase name="@AfterMethod teardown" time="0.0" classname="IntegrationTests.Tests.Payments.LoginTest">
    <failure type="java.lang.NullPointerException">
      <![CDATA[java.lang.NullPointerException
	at UITestFramework.CreateSession.teardown(CreateSession.java:164)
... Removed 26 stack frames]]>
    </failure>
  </testcase> <!-- @AfterMethod teardown -->
  <testcase name="@BeforeMethod createDriver" time="0.0" classname="IntegrationTests.Tests.Payments.LoginTest">
    <skipped/>
  </testcase> <!-- @BeforeMethod createDriver -->
  <testcase name="@BeforeMethod instantiateHelpers" time="0.0" classname="IntegrationTests.Tests.Payments.LoginTest">
    <skipped/>
  </testcase> <!-- @BeforeMethod instantiateHelpers -->
  <testcase name="@AfterMethod teardown" time="0.0" classname="IntegrationTests.Tests.Payments.LoginTest">
    <failure type="java.lang.NullPointerException">
      <![CDATA[java.lang.NullPointerException
	at UITestFramework.CreateSession.teardown(CreateSession.java:164)
... Removed 25 stack frames]]>
    </failure>
  </testcase> <!-- @AfterMethod teardown -->
  <testcase name="@BeforeMethod createDriver" time="0.0" classname="IntegrationTests.Tests.Payments.HomeScreenTest">
    <skipped/>
  </testcase> <!-- @BeforeMethod createDriver -->
  <testcase name="@BeforeMethod instantiateHelpers" time="0.0" classname="IntegrationTests.Tests.Payments.HomeScreenTest">
    <skipped/>
  </testcase> <!-- @BeforeMethod instantiateHelpers -->
  <testcase name="@AfterMethod teardown" time="0.0" classname="IntegrationTests.Tests.Payments.HomeScreenTest">
    <failure type="java.lang.NullPointerException">
      <![CDATA[java.lang.NullPointerException
	at UITestFramework.CreateSession.teardown(CreateSession.java:164)
... Removed 25 stack frames]]>
    </failure>
  </testcase> <!-- @AfterMethod teardown -->
  <testcase name="@BeforeMethod createDriver" time="0.0" classname="IntegrationTests.Tests.Payments.CashPayTest">
    <skipped/>
  </testcase> <!-- @BeforeMethod createDriver -->
  <testcase name="@BeforeMethod instantiateHelpers" time="0.0" classname="IntegrationTests.Tests.Payments.CashPayTest">
    <skipped/>
  </testcase> <!-- @BeforeMethod instantiateHelpers -->
  <testcase name="@AfterMethod teardown" time="0.0" classname="IntegrationTests.Tests.Payments.CashPayTest">
    <failure type="java.lang.NullPointerException">
      <![CDATA[java.lang.NullPointerException
	at UITestFramework.CreateSession.teardown(CreateSession.java:164)
... Removed 25 stack frames]]>
    </failure>
  </testcase> <!-- @AfterMethod teardown -->
  <testcase name="payback_RedeemZeroPoints" time="0.007" classname="IntegrationTests.Tests.Payments.PaybackTest">
    <skipped/>
  </testcase> <!-- payback_RedeemZeroPoints -->
  <testcase name="verifySendMoneyCases_validAmount_viaContacts" time="0.002" classname="IntegrationTests.Tests.Payments.SendMoneyTest">
    <skipped/>
  </testcase> <!-- verifySendMoneyCases_validAmount_viaContacts -->
  <testcase name="verifySendMoneyCases_validAmount_viaMobile" time="0.0" classname="IntegrationTests.Tests.Payments.SendMoneyTest">
    <skipped/>
  </testcase> <!-- verifySendMoneyCases_validAmount_viaMobile -->
  <testcase name="verifySendMoneyCases_viaMobile_Accepts" time="0.0" classname="IntegrationTests.Tests.Payments.SendMoneyTest">
    <skipped/>
  </testcase> <!-- verifySendMoneyCases_viaMobile_Accepts -->
  <testcase name="verifySavedConnectionsFeatures" time="0.0" classname="IntegrationTests.Tests.Payments.SavedConnectionsTest">
    <skipped/>
  </testcase> <!-- verifySavedConnectionsFeatures -->
  <testcase name="verifyAddMoney_netBanking3" time="0.0" classname="IntegrationTests.Tests.Payments.AddMoneyTest">
    <skipped/>
  </testcase> <!-- verifyAddMoney_netBanking3 -->
  <testcase name="verifyRequestMoneyCases_validAmount_viaMobile" time="0.0" classname="IntegrationTests.Tests.Payments.RequestMoneyTest">
    <skipped/>
  </testcase> <!-- verifyRequestMoneyCases_validAmount_viaMobile -->
  <testcase name="verifyRequestMoneyCases_viaMobile_Accepts" time="0.0" classname="IntegrationTests.Tests.Payments.RequestMoneyTest">
    <skipped/>
  </testcase> <!-- verifyRequestMoneyCases_viaMobile_Accepts -->
  <testcase name="verifyRequestMoneyCases_viaMobile_Cancels" time="0.003" classname="IntegrationTests.Tests.Payments.RequestMoneyTest">
    <skipped/>
  </testcase> <!-- verifyRequestMoneyCases_viaMobile_Cancels -->
  <testcase name="verifyAddMoney_debitCard" time="0.0" classname="IntegrationTests.Tests.Payments.AddMoneyTest">
    <skipped/>
  </testcase> <!-- verifyAddMoney_debitCard -->
  <testcase name="verifyAddMoney_debitCard2" time="0.0" classname="IntegrationTests.Tests.Payments.AddMoneyTest">
    <skipped/>
  </testcase> <!-- verifyAddMoney_debitCard2 -->
  <testcase name="verifyAddMoney_savedCard" time="0.001" classname="IntegrationTests.Tests.Payments.AddMoneyTest">
    <skipped/>
  </testcase> <!-- verifyAddMoney_savedCard -->
  <testcase name="verifyAddMoney_deleteCard" time="0.0" classname="IntegrationTests.Tests.Payments.AddMoneyTest">
    <skipped/>
  </testcase> <!-- verifyAddMoney_deleteCard -->
  <testcase name="verifyAddMoneywithPromo_debitCard" time="0.0" classname="IntegrationTests.Tests.Payments.AddMoneyTest">
    <skipped/>
  </testcase> <!-- verifyAddMoneywithPromo_debitCard -->
  <testcase name="refer_earnAmount" time="0.0" classname="IntegrationTests.Tests.Payments.Refer_EarnTest">
    <skipped/>
  </testcase> <!-- refer_earnAmount -->
  <testcase name="verifyLoginLogoutTest" time="0.0" classname="IntegrationTests.Tests.Payments.LoginTest">
    <skipped/>
  </testcase> <!-- verifyLoginLogoutTest -->
  <testcase name="verifyForgotPasswordTest" time="0.0" classname="IntegrationTests.Tests.Payments.LoginTest">
    <skipped/>
  </testcase> <!-- verifyForgotPasswordTest -->
  <testcase name="verifyWalletOffers_HomeScreen" time="0.0" classname="IntegrationTests.Tests.Payments.HomeScreenTest">
    <skipped/>
  </testcase> <!-- verifyWalletOffers_HomeScreen -->
  <testcase name="cashPay_StaticText" time="0.0" classname="IntegrationTests.Tests.Payments.CashPayTest">
    <skipped/>
  </testcase> <!-- cashPay_StaticText -->
</testsuite> <!-- Mobikwik Automation Tests -->
