<?xml version="1.0" encoding="UTF-8"?>
<!-- Generated by org.testng.reporters.JUnitReportReporter -->
<testsuite hostname="shanky-Lenovo-B40-70" name="IntegrationTests.Tests.Payments.SendMoneyTest" tests="2" failures="2" timestamp="15 Jul 2015 05:01:04 GMT" time="1410.546" errors="0">
  <testcase name="verifySendMoneyCases_validAmount_viaMobile" time="520.337" classname="IntegrationTests.Tests.Payments.SendMoneyTest">
    <failure type="org.openqa.selenium.TimeoutException" message="Build info: version: &#039;2.45.0&#039;, revision: &#039;32a636c&#039;, time: &#039;2015-03-05 22:01:35&#039;
System info: host: &#039;shanky-Lenovo-B40-70&#039;, ip: &#039;127.0.1.1&#039;, os.name: &#039;Linux&#039;, os.arch: &#039;amd64&#039;, os.version: &#039;3.13.0-55-generic&#039;, java.version: &#039;1.8.0_45&#039;
Driver info: driver.version: unknown">
      <![CDATA[org.openqa.selenium.TimeoutException: Build info: version: '2.45.0', revision: '32a636c', time: '2015-03-05 22:01:35'
System info: host: 'shanky-Lenovo-B40-70', ip: '127.0.1.1', os.name: 'Linux', os.arch: 'amd64', os.version: '3.13.0-55-generic', java.version: '1.8.0_45'
Driver info: driver.version: unknown
	at UITestFramework.MobiKwikScreen.waitForVisibility(MobiKwikScreen.java:83)
	at IntegrationTests.Payments.helpers.android.AndroidPendingTransafersHelper.verifySendingTo(AndroidPendingTransafersHelper.java:42)
	at IntegrationTests.Tests.Payments.SendMoneyTest.verifySendMoneyCases_validAmount_viaMobile(SendMoneyTest.java:143)
	at sun.reflect.NativeMethodAccessorImpl.invoke0(Native Method)
	at sun.reflect.NativeMethodAccessorImpl.invoke(NativeMethodAccessorImpl.java:62)
	at sun.reflect.DelegatingMethodAccessorImpl.invoke(DelegatingMethodAccessorImpl.java:43)
	at java.lang.reflect.Method.invoke(Method.java:497)
	at org.testng.internal.MethodInvocationHelper.invokeMethod(MethodInvocationHelper.java:84)
	at org.testng.internal.Invoker.invokeMethod(Invoker.java:714)
	at org.testng.internal.Invoker.retryFailed(Invoker.java:1049)
	at org.testng.internal.Invoker.invokeTestMethods(Invoker.java:1254)
	at org.testng.internal.TestMethodWorker.invokeTestMethods(TestMethodWorker.java:127)
	at org.testng.internal.TestMethodWorker.run(TestMethodWorker.java:111)
	at org.testng.TestRunner.privateRun(TestRunner.java:767)
	at org.testng.TestRunner.run(TestRunner.java:617)
	at org.testng.SuiteRunner.runTest(SuiteRunner.java:334)
	at org.testng.SuiteRunner.access$000(SuiteRunner.java:37)
	at org.testng.SuiteRunner$SuiteWorker.run(SuiteRunner.java:368)
	at org.testng.internal.thread.ThreadUtil$2.call(ThreadUtil.java:64)
	at java.util.concurrent.FutureTask.run(FutureTask.java:266)
	at java.util.concurrent.ThreadPoolExecutor.runWorker(ThreadPoolExecutor.java:1142)
	at java.util.concurrent.ThreadPoolExecutor$Worker.run(ThreadPoolExecutor.java:617)
	at java.lang.Thread.run(Thread.java:745)
]]>
    </failure>
  </testcase> <!-- verifySendMoneyCases_validAmount_viaMobile -->
  <testcase name="verifySendMoneyCases_viaMobile_Accepts" time="890.209" classname="IntegrationTests.Tests.Payments.SendMoneyTest">
    <failure type="org.openqa.selenium.NoSuchElementException" message="An element could not be located on the page using the given search parameters. (WARNING: The server did not provide any stacktrace information)
Command duration or timeout: 12.53 seconds
For documentation on this error, please visit: http://seleniumhq.org/exceptions/no_such_element.html
Build info: version: &#039;2.45.0&#039;, revision: &#039;32a636c&#039;, time: &#039;2015-03-05 22:01:35&#039;
System info: host: &#039;shanky-Lenovo-B40-70&#039;, ip: &#039;127.0.1.1&#039;, os.name: &#039;Linux&#039;, os.arch: &#039;amd64&#039;, os.version: &#039;3.13.0-55-generic&#039;, java.version: &#039;1.8.0_45&#039;
Driver info: io.appium.java_client.android.AndroidDriver
Capabilities [{networkConnectionEnabled=true, warnings={}, webdriver.remote.quietExceptions=true, app-package=com.mobikwik_new, app-activity=.MobikwikMain, hasMetadata=true, databaseEnabled=false, deviceName=Android Emulator, platform=LINUX, proxy={proxyAutoconfigUrl=http://127.0.0.1:19876/pac.js, proxyType=PAC}, app-wait-activity=.MobikwikMain, desired={proxy={proxyAutoconfigUrl=http://127.0.0.1:19876/pac.js, proxyType=PAC}, app-wait-activity=.MobikwikMain, platformVersion=4.4, webdriver.remote.quietExceptions=true, app-package=com.mobikwik_new, app-activity=.MobikwikMain, platformName=Android, deviceName=Android Emulator}, webdriver.remote.sessionid=ee8879801d4246648ca109805bcbeb21, platformVersion=4.4, webStorageEnabled=false, locationContextEnabled=false, takesScreenshot=true, browserName=Android, javascriptEnabled=true, platformName=Android}]
Session ID: ee8879801d4246648ca109805bcbeb21
*** Element info: {Using=name, value=MY ACCOUNT}
For documentation on this error, please visit: http://seleniumhq.org/exceptions/no_such_element.html
Build info: version: &#039;2.45.0&#039;, revision: &#039;32a636c&#039;, time: &#039;2015-03-05 22:01:35&#039;
System info: host: &#039;shanky-Lenovo-B40-70&#039;, ip: &#039;127.0.1.1&#039;, os.name: &#039;Linux&#039;, os.arch: &#039;amd64&#039;, os.version: &#039;3.13.0-55-generic&#039;, java.version: &#039;1.8.0_45&#039;
Driver info: driver.version: unknown">
      <![CDATA[org.openqa.selenium.NoSuchElementException: An element could not be located on the page using the given search parameters. (WARNING: The server did not provide any stacktrace information)
Command duration or timeout: 12.53 seconds
For documentation on this error, please visit: http://seleniumhq.org/exceptions/no_such_element.html
Build info: version: '2.45.0', revision: '32a636c', time: '2015-03-05 22:01:35'
System info: host: 'shanky-Lenovo-B40-70', ip: '127.0.1.1', os.name: 'Linux', os.arch: 'amd64', os.version: '3.13.0-55-generic', java.version: '1.8.0_45'
Driver info: io.appium.java_client.android.AndroidDriver
Capabilities [{networkConnectionEnabled=true, warnings={}, webdriver.remote.quietExceptions=true, app-package=com.mobikwik_new, app-activity=.MobikwikMain, hasMetadata=true, databaseEnabled=false, deviceName=Android Emulator, platform=LINUX, proxy={proxyAutoconfigUrl=http://127.0.0.1:19876/pac.js, proxyType=PAC}, app-wait-activity=.MobikwikMain, desired={proxy={proxyAutoconfigUrl=http://127.0.0.1:19876/pac.js, proxyType=PAC}, app-wait-activity=.MobikwikMain, platformVersion=4.4, webdriver.remote.quietExceptions=true, app-package=com.mobikwik_new, app-activity=.MobikwikMain, platformName=Android, deviceName=Android Emulator}, webdriver.remote.sessionid=ee8879801d4246648ca109805bcbeb21, platformVersion=4.4, webStorageEnabled=false, locationContextEnabled=false, takesScreenshot=true, browserName=Android, javascriptEnabled=true, platformName=Android}]
Session ID: ee8879801d4246648ca109805bcbeb21
*** Element info: {Using=name, value=MY ACCOUNT}
For documentation on this error, please visit: http://seleniumhq.org/exceptions/no_such_element.html
Build info: version: '2.45.0', revision: '32a636c', time: '2015-03-05 22:01:35'
System info: host: 'shanky-Lenovo-B40-70', ip: '127.0.1.1', os.name: 'Linux', os.arch: 'amd64', os.version: '3.13.0-55-generic', java.version: '1.8.0_45'
Driver info: driver.version: unknown
	at UITestFramework.MobiKwikScreen.findElement(MobiKwikScreen.java:134)
	at IntegrationTests.Payments.helpers.android.AndroidLoginHelper.mbLogoutPart(AndroidLoginHelper.java:151)
	at IntegrationTests.Tests.Payments.SendMoneyTest.verifySendMoneyCases_viaMobile_Accepts(SendMoneyTest.java:336)
	at sun.reflect.NativeMethodAccessorImpl.invoke0(Native Method)
	at sun.reflect.NativeMethodAccessorImpl.invoke(NativeMethodAccessorImpl.java:62)
	at sun.reflect.DelegatingMethodAccessorImpl.invoke(DelegatingMethodAccessorImpl.java:43)
	at java.lang.reflect.Method.invoke(Method.java:497)
	at org.testng.internal.MethodInvocationHelper.invokeMethod(MethodInvocationHelper.java:84)
	at org.testng.internal.Invoker.invokeMethod(Invoker.java:714)
	at org.testng.internal.Invoker.invokeTestMethod(Invoker.java:901)
	at org.testng.internal.Invoker.invokeTestMethods(Invoker.java:1231)
	at org.testng.internal.TestMethodWorker.invokeTestMethods(TestMethodWorker.java:127)
	at org.testng.internal.TestMethodWorker.run(TestMethodWorker.java:111)
	at org.testng.TestRunner.privateRun(TestRunner.java:767)
	at org.testng.TestRunner.run(TestRunner.java:617)
	at org.testng.SuiteRunner.runTest(SuiteRunner.java:334)
	at org.testng.SuiteRunner.access$000(SuiteRunner.java:37)
	at org.testng.SuiteRunner$SuiteWorker.run(SuiteRunner.java:368)
	at org.testng.internal.thread.ThreadUtil$2.call(ThreadUtil.java:64)
	at java.util.concurrent.FutureTask.run(FutureTask.java:266)
	at java.util.concurrent.ThreadPoolExecutor.runWorker(ThreadPoolExecutor.java:1142)
	at java.util.concurrent.ThreadPoolExecutor$Worker.run(ThreadPoolExecutor.java:617)
	at java.lang.Thread.run(Thread.java:745)
]]>
    </failure>
  </testcase> <!-- verifySendMoneyCases_viaMobile_Accepts -->
</testsuite> <!-- IntegrationTests.Tests.Payments.SendMoneyTest -->
