<html>
<head>
<title>TestNG:  Mobikwik Automation Tests</title>
<link href="../testng.css" rel="stylesheet" type="text/css" />
<link href="../my-testng.css" rel="stylesheet" type="text/css" />

<style type="text/css">
.log { display: none;} 
.stack-trace { display: none;} 
</style>
<script type="text/javascript">
<!--
function flip(e) {
  current = e.style.display;
  if (current == 'block') {
    e.style.display = 'none';
    return 0;
  }
  else {
    e.style.display = 'block';
    return 1;
  }
}

function toggleBox(szDivId, elem, msg1, msg2)
{
  var res = -1;  if (document.getElementById) {
    res = flip(document.getElementById(szDivId));
  }
  else if (document.all) {
    // this is the way old msie versions work
    res = flip(document.all[szDivId]);
  }
  if(elem) {
    if(res == 0) elem.innerHTML = msg1; else elem.innerHTML = msg2;
  }

}

function toggleAllBoxes() {
  if (document.getElementsByTagName) {
    d = document.getElementsByTagName('div');
    for (i = 0; i < d.length; i++) {
      if (d[i].className == 'log') {
        flip(d[i]);
      }
    }
  }
}

// -->
</script>

</head>
<body>
<h2 align='center'>Mobikwik Automation Tests</h2><table border='1' align="center">
<tr>
<td>Tests passed/Failed/Skipped:</td><td>0/0/12</td>
</tr><tr>
<td>Started on:</td><td>Fri May 08 17:58:24 IST 2015</td>
</tr>
<tr><td>Total time:</td><td>25 seconds (25106 ms)</td>
</tr><tr>
<td>Included groups:</td><td>appiumStart android_payments appiumStop setUp instantiateHelpers tearDown </td>
</tr><tr>
<td>Excluded groups:</td><td></td>
</tr>
</table><p/>
<small><i>(Hover the method name to see the test class name)</i></small><p/>
<table width='100%' border='1' class='invocation-failed'>
<tr><td colspan='4' align='center'><b>FAILED CONFIGURATIONS</b></td></tr>
<tr><td><b>Test method</b></td>
<td width="30%"><b>Exception</b></td>
<td width="10%"><b>Time (seconds)</b></td>
<td><b>Instance</b></td>
</tr>
<tr>
<td title='IntegrationTests.Tests.Payments.AddMoneyTest.createDriver()'><b>createDriver</b><br>Test class: IntegrationTests.Tests.Payments.AddMoneyTest<br>Parameters: android, stag, null</td>
<td><div><pre>org.openqa.selenium.SessionNotCreatedException: A new session could not be created. (Original error: Screen did not unlock) (WARNING: The server did not provide any stacktrace information)
Command duration or timeout: 24.66 seconds
Build info: version: &apos;2.43.1&apos;, revision: &apos;5163bce&apos;, time: &apos;2014-09-10 16:27:58&apos;
System info: host: &apos;shanky-Lenovo-B40-70&apos;, ip: &apos;127.0.1.1&apos;, os.name: &apos;Linux&apos;, os.arch: &apos;amd64&apos;, os.version: &apos;3.11.0-26-generic&apos;, java.version: &apos;1.8.0_45&apos;
Driver info: io.appium.java_client.android.AndroidDriver
	at org.openqa.selenium.remote.ErrorHandler.createThrowable(ErrorHandler.java:204)
	at org.openqa.selenium.remote.ErrorHandler.throwIfResponseFailed(ErrorHandler.java:156)
	at org.openqa.selenium.remote.RemoteWebDriver.execute(RemoteWebDriver.java:599)
	at io.appium.java_client.AppiumDriver.execute(AppiumDriver.java:180)
	at org.openqa.selenium.remote.RemoteWebDriver.startSession(RemoteWebDriver.java:240)
	at org.openqa.selenium.remote.RemoteWebDriver.&lt;init&gt;(RemoteWebDriver.java:126)
	at org.openqa.selenium.remote.RemoteWebDriver.&lt;init&gt;(RemoteWebDriver.java:153)
	at io.appium.java_client.AppiumDriver.&lt;init&gt;(AppiumDriver.java:109)
	at io.appium.java_client.android.AndroidDriver.&lt;init&gt;(AndroidDriver.java:39)
	at UITestFramework.CreateSession.androidDriver(Unknown Source)
	at UITestFramework.CreateSession.createDriver(Unknown Source)
... Removed 29 stack frames</pre></div><a href='#' onClick='toggleBox("stack-trace403147759", this, "Click to show all stack frames", "Click to hide stack frames")'>Click to show all stack frames</a>
<div class='stack-trace' id='stack-trace403147759'><pre>org.openqa.selenium.SessionNotCreatedException: A new session could not be created. (Original error: Screen did not unlock) (WARNING: The server did not provide any stacktrace information)
Command duration or timeout: 24.66 seconds
Build info: version: &apos;2.43.1&apos;, revision: &apos;5163bce&apos;, time: &apos;2014-09-10 16:27:58&apos;
System info: host: &apos;shanky-Lenovo-B40-70&apos;, ip: &apos;127.0.1.1&apos;, os.name: &apos;Linux&apos;, os.arch: &apos;amd64&apos;, os.version: &apos;3.11.0-26-generic&apos;, java.version: &apos;1.8.0_45&apos;
Driver info: io.appium.java_client.android.AndroidDriver
	at sun.reflect.NativeConstructorAccessorImpl.newInstance0(Native Method)
	at sun.reflect.NativeConstructorAccessorImpl.newInstance(NativeConstructorAccessorImpl.java:62)
	at sun.reflect.DelegatingConstructorAccessorImpl.newInstance(DelegatingConstructorAccessorImpl.java:45)
	at java.lang.reflect.Constructor.newInstance(Constructor.java:422)
	at org.openqa.selenium.remote.ErrorHandler.createThrowable(ErrorHandler.java:204)
	at org.openqa.selenium.remote.ErrorHandler.throwIfResponseFailed(ErrorHandler.java:156)
	at org.openqa.selenium.remote.RemoteWebDriver.execute(RemoteWebDriver.java:599)
	at io.appium.java_client.AppiumDriver.execute(AppiumDriver.java:180)
	at org.openqa.selenium.remote.RemoteWebDriver.startSession(RemoteWebDriver.java:240)
	at org.openqa.selenium.remote.RemoteWebDriver.&lt;init&gt;(RemoteWebDriver.java:126)
	at org.openqa.selenium.remote.RemoteWebDriver.&lt;init&gt;(RemoteWebDriver.java:153)
	at io.appium.java_client.AppiumDriver.&lt;init&gt;(AppiumDriver.java:109)
	at io.appium.java_client.android.AndroidDriver.&lt;init&gt;(AndroidDriver.java:39)
	at UITestFramework.CreateSession.androidDriver(Unknown Source)
	at UITestFramework.CreateSession.createDriver(Unknown Source)
	at sun.reflect.NativeMethodAccessorImpl.invoke0(Native Method)
	at sun.reflect.NativeMethodAccessorImpl.invoke(NativeMethodAccessorImpl.java:62)
	at sun.reflect.DelegatingMethodAccessorImpl.invoke(DelegatingMethodAccessorImpl.java:43)
	at java.lang.reflect.Method.invoke(Method.java:497)
	at org.testng.internal.MethodInvocationHelper.invokeMethod(MethodInvocationHelper.java:84)
	at org.testng.internal.Invoker.invokeConfigurationMethod(Invoker.java:564)
	at org.testng.internal.Invoker.invokeConfigurations(Invoker.java:213)
	at org.testng.internal.Invoker.invokeMethod(Invoker.java:653)
	at org.testng.internal.Invoker.invokeTestMethod(Invoker.java:901)
	at org.testng.internal.Invoker.invokeTestMethods(Invoker.java:1231)
	at org.testng.internal.TestMethodWorker.invokeTestMethods(TestMethodWorker.java:127)
	at org.testng.internal.TestMethodWorker.run(TestMethodWorker.java:111)
	at org.testng.TestRunner.privateRun(TestRunner.java:767)
	at org.testng.TestRunner.run(TestRunner.java:617)
	at org.testng.SuiteRunner.runTest(SuiteRunner.java:334)
	at org.testng.SuiteRunner.runSequentially(SuiteRunner.java:329)
	at org.testng.SuiteRunner.privateRun(SuiteRunner.java:291)
	at org.testng.SuiteRunner.run(SuiteRunner.java:240)
	at org.testng.SuiteRunnerWorker.runSuite(SuiteRunnerWorker.java:52)
	at org.testng.SuiteRunnerWorker.run(SuiteRunnerWorker.java:86)
	at org.testng.TestNG.runSuitesSequentially(TestNG.java:1224)
	at org.testng.TestNG.runSuitesLocally(TestNG.java:1149)
	at org.testng.TestNG.run(TestNG.java:1057)
	at org.testng.TestNG.privateMain(TestNG.java:1364)
	at org.testng.TestNG.main(TestNG.java:1333)
</pre></div></td>
<td>0</td>
<td>IntegrationTests.Tests.Payments.AddMoneyTest@2d6e8792</td></tr>
<tr>
<td title='IntegrationTests.Tests.Payments.AddMoneyTest.teardown()'><b>teardown</b><br>Test class: IntegrationTests.Tests.Payments.AddMoneyTest</td>
<td><div><pre>java.lang.NullPointerException
	at UITestFramework.CreateSession.teardown(Unknown Source)
... Removed 25 stack frames</pre></div><a href='#' onClick='toggleBox("stack-trace341796579", this, "Click to show all stack frames", "Click to hide stack frames")'>Click to show all stack frames</a>
<div class='stack-trace' id='stack-trace341796579'><pre>java.lang.NullPointerException
	at UITestFramework.CreateSession.teardown(Unknown Source)
	at sun.reflect.NativeMethodAccessorImpl.invoke0(Native Method)
	at sun.reflect.NativeMethodAccessorImpl.invoke(NativeMethodAccessorImpl.java:62)
	at sun.reflect.DelegatingMethodAccessorImpl.invoke(DelegatingMethodAccessorImpl.java:43)
	at java.lang.reflect.Method.invoke(Method.java:497)
	at org.testng.internal.MethodInvocationHelper.invokeMethod(MethodInvocationHelper.java:84)
	at org.testng.internal.Invoker.invokeConfigurationMethod(Invoker.java:564)
	at org.testng.internal.Invoker.invokeConfigurations(Invoker.java:213)
	at org.testng.internal.Invoker.invokeMethod(Invoker.java:786)
	at org.testng.internal.Invoker.invokeTestMethod(Invoker.java:901)
	at org.testng.internal.Invoker.invokeTestMethods(Invoker.java:1231)
	at org.testng.internal.TestMethodWorker.invokeTestMethods(TestMethodWorker.java:127)
	at org.testng.internal.TestMethodWorker.run(TestMethodWorker.java:111)
	at org.testng.TestRunner.privateRun(TestRunner.java:767)
	at org.testng.TestRunner.run(TestRunner.java:617)
	at org.testng.SuiteRunner.runTest(SuiteRunner.java:334)
	at org.testng.SuiteRunner.runSequentially(SuiteRunner.java:329)
	at org.testng.SuiteRunner.privateRun(SuiteRunner.java:291)
	at org.testng.SuiteRunner.run(SuiteRunner.java:240)
	at org.testng.SuiteRunnerWorker.runSuite(SuiteRunnerWorker.java:52)
	at org.testng.SuiteRunnerWorker.run(SuiteRunnerWorker.java:86)
	at org.testng.TestNG.runSuitesSequentially(TestNG.java:1224)
	at org.testng.TestNG.runSuitesLocally(TestNG.java:1149)
	at org.testng.TestNG.run(TestNG.java:1057)
	at org.testng.TestNG.privateMain(TestNG.java:1364)
	at org.testng.TestNG.main(TestNG.java:1333)
</pre></div></td>
<td>0</td>
<td>IntegrationTests.Tests.Payments.AddMoneyTest@2d6e8792</td></tr>
<tr>
<td title='IntegrationTests.Tests.Payments.AddMoneyTest.teardown()'><b>teardown</b><br>Test class: IntegrationTests.Tests.Payments.AddMoneyTest</td>
<td><div><pre>java.lang.NullPointerException
	at UITestFramework.CreateSession.teardown(Unknown Source)
... Removed 25 stack frames</pre></div><a href='#' onClick='toggleBox("stack-trace711327356", this, "Click to show all stack frames", "Click to hide stack frames")'>Click to show all stack frames</a>
<div class='stack-trace' id='stack-trace711327356'><pre>java.lang.NullPointerException
	at UITestFramework.CreateSession.teardown(Unknown Source)
	at sun.reflect.NativeMethodAccessorImpl.invoke0(Native Method)
	at sun.reflect.NativeMethodAccessorImpl.invoke(NativeMethodAccessorImpl.java:62)
	at sun.reflect.DelegatingMethodAccessorImpl.invoke(DelegatingMethodAccessorImpl.java:43)
	at java.lang.reflect.Method.invoke(Method.java:497)
	at org.testng.internal.MethodInvocationHelper.invokeMethod(MethodInvocationHelper.java:84)
	at org.testng.internal.Invoker.invokeConfigurationMethod(Invoker.java:564)
	at org.testng.internal.Invoker.invokeConfigurations(Invoker.java:213)
	at org.testng.internal.Invoker.invokeMethod(Invoker.java:786)
	at org.testng.internal.Invoker.invokeTestMethod(Invoker.java:901)
	at org.testng.internal.Invoker.invokeTestMethods(Invoker.java:1231)
	at org.testng.internal.TestMethodWorker.invokeTestMethods(TestMethodWorker.java:127)
	at org.testng.internal.TestMethodWorker.run(TestMethodWorker.java:111)
	at org.testng.TestRunner.privateRun(TestRunner.java:767)
	at org.testng.TestRunner.run(TestRunner.java:617)
	at org.testng.SuiteRunner.runTest(SuiteRunner.java:334)
	at org.testng.SuiteRunner.runSequentially(SuiteRunner.java:329)
	at org.testng.SuiteRunner.privateRun(SuiteRunner.java:291)
	at org.testng.SuiteRunner.run(SuiteRunner.java:240)
	at org.testng.SuiteRunnerWorker.runSuite(SuiteRunnerWorker.java:52)
	at org.testng.SuiteRunnerWorker.run(SuiteRunnerWorker.java:86)
	at org.testng.TestNG.runSuitesSequentially(TestNG.java:1224)
	at org.testng.TestNG.runSuitesLocally(TestNG.java:1149)
	at org.testng.TestNG.run(TestNG.java:1057)
	at org.testng.TestNG.privateMain(TestNG.java:1364)
	at org.testng.TestNG.main(TestNG.java:1333)
</pre></div></td>
<td>0</td>
<td>IntegrationTests.Tests.Payments.AddMoneyTest@2d6e8792</td></tr>
<tr>
<td title='IntegrationTests.Tests.Payments.AddMoneyTest.teardown()'><b>teardown</b><br>Test class: IntegrationTests.Tests.Payments.AddMoneyTest</td>
<td><div><pre>java.lang.NullPointerException
	at UITestFramework.CreateSession.teardown(Unknown Source)
... Removed 25 stack frames</pre></div><a href='#' onClick='toggleBox("stack-trace883151184", this, "Click to show all stack frames", "Click to hide stack frames")'>Click to show all stack frames</a>
<div class='stack-trace' id='stack-trace883151184'><pre>java.lang.NullPointerException
	at UITestFramework.CreateSession.teardown(Unknown Source)
	at sun.reflect.NativeMethodAccessorImpl.invoke0(Native Method)
	at sun.reflect.NativeMethodAccessorImpl.invoke(NativeMethodAccessorImpl.java:62)
	at sun.reflect.DelegatingMethodAccessorImpl.invoke(DelegatingMethodAccessorImpl.java:43)
	at java.lang.reflect.Method.invoke(Method.java:497)
	at org.testng.internal.MethodInvocationHelper.invokeMethod(MethodInvocationHelper.java:84)
	at org.testng.internal.Invoker.invokeConfigurationMethod(Invoker.java:564)
	at org.testng.internal.Invoker.invokeConfigurations(Invoker.java:213)
	at org.testng.internal.Invoker.invokeMethod(Invoker.java:786)
	at org.testng.internal.Invoker.invokeTestMethod(Invoker.java:901)
	at org.testng.internal.Invoker.invokeTestMethods(Invoker.java:1231)
	at org.testng.internal.TestMethodWorker.invokeTestMethods(TestMethodWorker.java:127)
	at org.testng.internal.TestMethodWorker.run(TestMethodWorker.java:111)
	at org.testng.TestRunner.privateRun(TestRunner.java:767)
	at org.testng.TestRunner.run(TestRunner.java:617)
	at org.testng.SuiteRunner.runTest(SuiteRunner.java:334)
	at org.testng.SuiteRunner.runSequentially(SuiteRunner.java:329)
	at org.testng.SuiteRunner.privateRun(SuiteRunner.java:291)
	at org.testng.SuiteRunner.run(SuiteRunner.java:240)
	at org.testng.SuiteRunnerWorker.runSuite(SuiteRunnerWorker.java:52)
	at org.testng.SuiteRunnerWorker.run(SuiteRunnerWorker.java:86)
	at org.testng.TestNG.runSuitesSequentially(TestNG.java:1224)
	at org.testng.TestNG.runSuitesLocally(TestNG.java:1149)
	at org.testng.TestNG.run(TestNG.java:1057)
	at org.testng.TestNG.privateMain(TestNG.java:1364)
	at org.testng.TestNG.main(TestNG.java:1333)
</pre></div></td>
<td>0</td>
<td>IntegrationTests.Tests.Payments.AddMoneyTest@2d6e8792</td></tr>
<tr>
<td title='IntegrationTests.Tests.Payments.AddMoneyTest.teardown()'><b>teardown</b><br>Test class: IntegrationTests.Tests.Payments.AddMoneyTest</td>
<td><div><pre>java.lang.NullPointerException
	at UITestFramework.CreateSession.teardown(Unknown Source)
... Removed 25 stack frames</pre></div><a href='#' onClick='toggleBox("stack-trace1168019749", this, "Click to show all stack frames", "Click to hide stack frames")'>Click to show all stack frames</a>
<div class='stack-trace' id='stack-trace1168019749'><pre>java.lang.NullPointerException
	at UITestFramework.CreateSession.teardown(Unknown Source)
	at sun.reflect.NativeMethodAccessorImpl.invoke0(Native Method)
	at sun.reflect.NativeMethodAccessorImpl.invoke(NativeMethodAccessorImpl.java:62)
	at sun.reflect.DelegatingMethodAccessorImpl.invoke(DelegatingMethodAccessorImpl.java:43)
	at java.lang.reflect.Method.invoke(Method.java:497)
	at org.testng.internal.MethodInvocationHelper.invokeMethod(MethodInvocationHelper.java:84)
	at org.testng.internal.Invoker.invokeConfigurationMethod(Invoker.java:564)
	at org.testng.internal.Invoker.invokeConfigurations(Invoker.java:213)
	at org.testng.internal.Invoker.invokeMethod(Invoker.java:786)
	at org.testng.internal.Invoker.invokeTestMethod(Invoker.java:901)
	at org.testng.internal.Invoker.invokeTestMethods(Invoker.java:1231)
	at org.testng.internal.TestMethodWorker.invokeTestMethods(TestMethodWorker.java:127)
	at org.testng.internal.TestMethodWorker.run(TestMethodWorker.java:111)
	at org.testng.TestRunner.privateRun(TestRunner.java:767)
	at org.testng.TestRunner.run(TestRunner.java:617)
	at org.testng.SuiteRunner.runTest(SuiteRunner.java:334)
	at org.testng.SuiteRunner.runSequentially(SuiteRunner.java:329)
	at org.testng.SuiteRunner.privateRun(SuiteRunner.java:291)
	at org.testng.SuiteRunner.run(SuiteRunner.java:240)
	at org.testng.SuiteRunnerWorker.runSuite(SuiteRunnerWorker.java:52)
	at org.testng.SuiteRunnerWorker.run(SuiteRunnerWorker.java:86)
	at org.testng.TestNG.runSuitesSequentially(TestNG.java:1224)
	at org.testng.TestNG.runSuitesLocally(TestNG.java:1149)
	at org.testng.TestNG.run(TestNG.java:1057)
	at org.testng.TestNG.privateMain(TestNG.java:1364)
	at org.testng.TestNG.main(TestNG.java:1333)
</pre></div></td>
<td>0</td>
<td>IntegrationTests.Tests.Payments.AddMoneyTest@2d6e8792</td></tr>
<tr>
<td title='IntegrationTests.Tests.Payments.AddMoneyTest.teardown()'><b>teardown</b><br>Test class: IntegrationTests.Tests.Payments.AddMoneyTest</td>
<td><div><pre>java.lang.NullPointerException
	at UITestFramework.CreateSession.teardown(Unknown Source)
... Removed 25 stack frames</pre></div><a href='#' onClick='toggleBox("stack-trace1297978429", this, "Click to show all stack frames", "Click to hide stack frames")'>Click to show all stack frames</a>
<div class='stack-trace' id='stack-trace1297978429'><pre>java.lang.NullPointerException
	at UITestFramework.CreateSession.teardown(Unknown Source)
	at sun.reflect.NativeMethodAccessorImpl.invoke0(Native Method)
	at sun.reflect.NativeMethodAccessorImpl.invoke(NativeMethodAccessorImpl.java:62)
	at sun.reflect.DelegatingMethodAccessorImpl.invoke(DelegatingMethodAccessorImpl.java:43)
	at java.lang.reflect.Method.invoke(Method.java:497)
	at org.testng.internal.MethodInvocationHelper.invokeMethod(MethodInvocationHelper.java:84)
	at org.testng.internal.Invoker.invokeConfigurationMethod(Invoker.java:564)
	at org.testng.internal.Invoker.invokeConfigurations(Invoker.java:213)
	at org.testng.internal.Invoker.invokeMethod(Invoker.java:786)
	at org.testng.internal.Invoker.invokeTestMethod(Invoker.java:901)
	at org.testng.internal.Invoker.invokeTestMethods(Invoker.java:1231)
	at org.testng.internal.TestMethodWorker.invokeTestMethods(TestMethodWorker.java:127)
	at org.testng.internal.TestMethodWorker.run(TestMethodWorker.java:111)
	at org.testng.TestRunner.privateRun(TestRunner.java:767)
	at org.testng.TestRunner.run(TestRunner.java:617)
	at org.testng.SuiteRunner.runTest(SuiteRunner.java:334)
	at org.testng.SuiteRunner.runSequentially(SuiteRunner.java:329)
	at org.testng.SuiteRunner.privateRun(SuiteRunner.java:291)
	at org.testng.SuiteRunner.run(SuiteRunner.java:240)
	at org.testng.SuiteRunnerWorker.runSuite(SuiteRunnerWorker.java:52)
	at org.testng.SuiteRunnerWorker.run(SuiteRunnerWorker.java:86)
	at org.testng.TestNG.runSuitesSequentially(TestNG.java:1224)
	at org.testng.TestNG.runSuitesLocally(TestNG.java:1149)
	at org.testng.TestNG.run(TestNG.java:1057)
	at org.testng.TestNG.privateMain(TestNG.java:1364)
	at org.testng.TestNG.main(TestNG.java:1333)
</pre></div></td>
<td>0</td>
<td>IntegrationTests.Tests.Payments.AddMoneyTest@2d6e8792</td></tr>
<tr>
<td title='IntegrationTests.Tests.Payments.AddMoneyTest.teardown()'><b>teardown</b><br>Test class: IntegrationTests.Tests.Payments.AddMoneyTest</td>
<td><div><pre>java.lang.NullPointerException
	at UITestFramework.CreateSession.teardown(Unknown Source)
... Removed 25 stack frames</pre></div><a href='#' onClick='toggleBox("stack-trace1223867739", this, "Click to show all stack frames", "Click to hide stack frames")'>Click to show all stack frames</a>
<div class='stack-trace' id='stack-trace1223867739'><pre>java.lang.NullPointerException
	at UITestFramework.CreateSession.teardown(Unknown Source)
	at sun.reflect.NativeMethodAccessorImpl.invoke0(Native Method)
	at sun.reflect.NativeMethodAccessorImpl.invoke(NativeMethodAccessorImpl.java:62)
	at sun.reflect.DelegatingMethodAccessorImpl.invoke(DelegatingMethodAccessorImpl.java:43)
	at java.lang.reflect.Method.invoke(Method.java:497)
	at org.testng.internal.MethodInvocationHelper.invokeMethod(MethodInvocationHelper.java:84)
	at org.testng.internal.Invoker.invokeConfigurationMethod(Invoker.java:564)
	at org.testng.internal.Invoker.invokeConfigurations(Invoker.java:213)
	at org.testng.internal.Invoker.invokeMethod(Invoker.java:786)
	at org.testng.internal.Invoker.invokeTestMethod(Invoker.java:901)
	at org.testng.internal.Invoker.invokeTestMethods(Invoker.java:1231)
	at org.testng.internal.TestMethodWorker.invokeTestMethods(TestMethodWorker.java:127)
	at org.testng.internal.TestMethodWorker.run(TestMethodWorker.java:111)
	at org.testng.TestRunner.privateRun(TestRunner.java:767)
	at org.testng.TestRunner.run(TestRunner.java:617)
	at org.testng.SuiteRunner.runTest(SuiteRunner.java:334)
	at org.testng.SuiteRunner.runSequentially(SuiteRunner.java:329)
	at org.testng.SuiteRunner.privateRun(SuiteRunner.java:291)
	at org.testng.SuiteRunner.run(SuiteRunner.java:240)
	at org.testng.SuiteRunnerWorker.runSuite(SuiteRunnerWorker.java:52)
	at org.testng.SuiteRunnerWorker.run(SuiteRunnerWorker.java:86)
	at org.testng.TestNG.runSuitesSequentially(TestNG.java:1224)
	at org.testng.TestNG.runSuitesLocally(TestNG.java:1149)
	at org.testng.TestNG.run(TestNG.java:1057)
	at org.testng.TestNG.privateMain(TestNG.java:1364)
	at org.testng.TestNG.main(TestNG.java:1333)
</pre></div></td>
<td>0</td>
<td>IntegrationTests.Tests.Payments.AddMoneyTest@2d6e8792</td></tr>
<tr>
<td title='IntegrationTests.Tests.Payments.AddMoneyTest.teardown()'><b>teardown</b><br>Test class: IntegrationTests.Tests.Payments.AddMoneyTest</td>
<td><div><pre>java.lang.NullPointerException
	at UITestFramework.CreateSession.teardown(Unknown Source)
... Removed 25 stack frames</pre></div><a href='#' onClick='toggleBox("stack-trace1206569586", this, "Click to show all stack frames", "Click to hide stack frames")'>Click to show all stack frames</a>
<div class='stack-trace' id='stack-trace1206569586'><pre>java.lang.NullPointerException
	at UITestFramework.CreateSession.teardown(Unknown Source)
	at sun.reflect.NativeMethodAccessorImpl.invoke0(Native Method)
	at sun.reflect.NativeMethodAccessorImpl.invoke(NativeMethodAccessorImpl.java:62)
	at sun.reflect.DelegatingMethodAccessorImpl.invoke(DelegatingMethodAccessorImpl.java:43)
	at java.lang.reflect.Method.invoke(Method.java:497)
	at org.testng.internal.MethodInvocationHelper.invokeMethod(MethodInvocationHelper.java:84)
	at org.testng.internal.Invoker.invokeConfigurationMethod(Invoker.java:564)
	at org.testng.internal.Invoker.invokeConfigurations(Invoker.java:213)
	at org.testng.internal.Invoker.invokeMethod(Invoker.java:786)
	at org.testng.internal.Invoker.invokeTestMethod(Invoker.java:901)
	at org.testng.internal.Invoker.invokeTestMethods(Invoker.java:1231)
	at org.testng.internal.TestMethodWorker.invokeTestMethods(TestMethodWorker.java:127)
	at org.testng.internal.TestMethodWorker.run(TestMethodWorker.java:111)
	at org.testng.TestRunner.privateRun(TestRunner.java:767)
	at org.testng.TestRunner.run(TestRunner.java:617)
	at org.testng.SuiteRunner.runTest(SuiteRunner.java:334)
	at org.testng.SuiteRunner.runSequentially(SuiteRunner.java:329)
	at org.testng.SuiteRunner.privateRun(SuiteRunner.java:291)
	at org.testng.SuiteRunner.run(SuiteRunner.java:240)
	at org.testng.SuiteRunnerWorker.runSuite(SuiteRunnerWorker.java:52)
	at org.testng.SuiteRunnerWorker.run(SuiteRunnerWorker.java:86)
	at org.testng.TestNG.runSuitesSequentially(TestNG.java:1224)
	at org.testng.TestNG.runSuitesLocally(TestNG.java:1149)
	at org.testng.TestNG.run(TestNG.java:1057)
	at org.testng.TestNG.privateMain(TestNG.java:1364)
	at org.testng.TestNG.main(TestNG.java:1333)
</pre></div></td>
<td>0</td>
<td>IntegrationTests.Tests.Payments.AddMoneyTest@2d6e8792</td></tr>
<tr>
<td title='IntegrationTests.Tests.Payments.AddMoneyTest.teardown()'><b>teardown</b><br>Test class: IntegrationTests.Tests.Payments.AddMoneyTest</td>
<td><div><pre>java.lang.NullPointerException
	at UITestFramework.CreateSession.teardown(Unknown Source)
... Removed 25 stack frames</pre></div><a href='#' onClick='toggleBox("stack-trace592983282", this, "Click to show all stack frames", "Click to hide stack frames")'>Click to show all stack frames</a>
<div class='stack-trace' id='stack-trace592983282'><pre>java.lang.NullPointerException
	at UITestFramework.CreateSession.teardown(Unknown Source)
	at sun.reflect.NativeMethodAccessorImpl.invoke0(Native Method)
	at sun.reflect.NativeMethodAccessorImpl.invoke(NativeMethodAccessorImpl.java:62)
	at sun.reflect.DelegatingMethodAccessorImpl.invoke(DelegatingMethodAccessorImpl.java:43)
	at java.lang.reflect.Method.invoke(Method.java:497)
	at org.testng.internal.MethodInvocationHelper.invokeMethod(MethodInvocationHelper.java:84)
	at org.testng.internal.Invoker.invokeConfigurationMethod(Invoker.java:564)
	at org.testng.internal.Invoker.invokeConfigurations(Invoker.java:213)
	at org.testng.internal.Invoker.invokeMethod(Invoker.java:786)
	at org.testng.internal.Invoker.invokeTestMethod(Invoker.java:901)
	at org.testng.internal.Invoker.invokeTestMethods(Invoker.java:1231)
	at org.testng.internal.TestMethodWorker.invokeTestMethods(TestMethodWorker.java:127)
	at org.testng.internal.TestMethodWorker.run(TestMethodWorker.java:111)
	at org.testng.TestRunner.privateRun(TestRunner.java:767)
	at org.testng.TestRunner.run(TestRunner.java:617)
	at org.testng.SuiteRunner.runTest(SuiteRunner.java:334)
	at org.testng.SuiteRunner.runSequentially(SuiteRunner.java:329)
	at org.testng.SuiteRunner.privateRun(SuiteRunner.java:291)
	at org.testng.SuiteRunner.run(SuiteRunner.java:240)
	at org.testng.SuiteRunnerWorker.runSuite(SuiteRunnerWorker.java:52)
	at org.testng.SuiteRunnerWorker.run(SuiteRunnerWorker.java:86)
	at org.testng.TestNG.runSuitesSequentially(TestNG.java:1224)
	at org.testng.TestNG.runSuitesLocally(TestNG.java:1149)
	at org.testng.TestNG.run(TestNG.java:1057)
	at org.testng.TestNG.privateMain(TestNG.java:1364)
	at org.testng.TestNG.main(TestNG.java:1333)
</pre></div></td>
<td>0</td>
<td>IntegrationTests.Tests.Payments.AddMoneyTest@2d6e8792</td></tr>
<tr>
<td title='IntegrationTests.Tests.Payments.AddMoneyTest.teardown()'><b>teardown</b><br>Test class: IntegrationTests.Tests.Payments.AddMoneyTest</td>
<td><div><pre>java.lang.NullPointerException
	at UITestFramework.CreateSession.teardown(Unknown Source)
... Removed 25 stack frames</pre></div><a href='#' onClick='toggleBox("stack-trace348984985", this, "Click to show all stack frames", "Click to hide stack frames")'>Click to show all stack frames</a>
<div class='stack-trace' id='stack-trace348984985'><pre>java.lang.NullPointerException
	at UITestFramework.CreateSession.teardown(Unknown Source)
	at sun.reflect.NativeMethodAccessorImpl.invoke0(Native Method)
	at sun.reflect.NativeMethodAccessorImpl.invoke(NativeMethodAccessorImpl.java:62)
	at sun.reflect.DelegatingMethodAccessorImpl.invoke(DelegatingMethodAccessorImpl.java:43)
	at java.lang.reflect.Method.invoke(Method.java:497)
	at org.testng.internal.MethodInvocationHelper.invokeMethod(MethodInvocationHelper.java:84)
	at org.testng.internal.Invoker.invokeConfigurationMethod(Invoker.java:564)
	at org.testng.internal.Invoker.invokeConfigurations(Invoker.java:213)
	at org.testng.internal.Invoker.invokeMethod(Invoker.java:786)
	at org.testng.internal.Invoker.invokeTestMethod(Invoker.java:901)
	at org.testng.internal.Invoker.invokeTestMethods(Invoker.java:1231)
	at org.testng.internal.TestMethodWorker.invokeTestMethods(TestMethodWorker.java:127)
	at org.testng.internal.TestMethodWorker.run(TestMethodWorker.java:111)
	at org.testng.TestRunner.privateRun(TestRunner.java:767)
	at org.testng.TestRunner.run(TestRunner.java:617)
	at org.testng.SuiteRunner.runTest(SuiteRunner.java:334)
	at org.testng.SuiteRunner.runSequentially(SuiteRunner.java:329)
	at org.testng.SuiteRunner.privateRun(SuiteRunner.java:291)
	at org.testng.SuiteRunner.run(SuiteRunner.java:240)
	at org.testng.SuiteRunnerWorker.runSuite(SuiteRunnerWorker.java:52)
	at org.testng.SuiteRunnerWorker.run(SuiteRunnerWorker.java:86)
	at org.testng.TestNG.runSuitesSequentially(TestNG.java:1224)
	at org.testng.TestNG.runSuitesLocally(TestNG.java:1149)
	at org.testng.TestNG.run(TestNG.java:1057)
	at org.testng.TestNG.privateMain(TestNG.java:1364)
	at org.testng.TestNG.main(TestNG.java:1333)
</pre></div></td>
<td>0</td>
<td>IntegrationTests.Tests.Payments.AddMoneyTest@2d6e8792</td></tr>
<tr>
<td title='IntegrationTests.Tests.Payments.AddMoneyTest.teardown()'><b>teardown</b><br>Test class: IntegrationTests.Tests.Payments.AddMoneyTest</td>
<td><div><pre>java.lang.NullPointerException
	at UITestFramework.CreateSession.teardown(Unknown Source)
... Removed 25 stack frames</pre></div><a href='#' onClick='toggleBox("stack-trace2073621255", this, "Click to show all stack frames", "Click to hide stack frames")'>Click to show all stack frames</a>
<div class='stack-trace' id='stack-trace2073621255'><pre>java.lang.NullPointerException
	at UITestFramework.CreateSession.teardown(Unknown Source)
	at sun.reflect.NativeMethodAccessorImpl.invoke0(Native Method)
	at sun.reflect.NativeMethodAccessorImpl.invoke(NativeMethodAccessorImpl.java:62)
	at sun.reflect.DelegatingMethodAccessorImpl.invoke(DelegatingMethodAccessorImpl.java:43)
	at java.lang.reflect.Method.invoke(Method.java:497)
	at org.testng.internal.MethodInvocationHelper.invokeMethod(MethodInvocationHelper.java:84)
	at org.testng.internal.Invoker.invokeConfigurationMethod(Invoker.java:564)
	at org.testng.internal.Invoker.invokeConfigurations(Invoker.java:213)
	at org.testng.internal.Invoker.invokeMethod(Invoker.java:786)
	at org.testng.internal.Invoker.invokeTestMethod(Invoker.java:901)
	at org.testng.internal.Invoker.invokeTestMethods(Invoker.java:1231)
	at org.testng.internal.TestMethodWorker.invokeTestMethods(TestMethodWorker.java:127)
	at org.testng.internal.TestMethodWorker.run(TestMethodWorker.java:111)
	at org.testng.TestRunner.privateRun(TestRunner.java:767)
	at org.testng.TestRunner.run(TestRunner.java:617)
	at org.testng.SuiteRunner.runTest(SuiteRunner.java:334)
	at org.testng.SuiteRunner.runSequentially(SuiteRunner.java:329)
	at org.testng.SuiteRunner.privateRun(SuiteRunner.java:291)
	at org.testng.SuiteRunner.run(SuiteRunner.java:240)
	at org.testng.SuiteRunnerWorker.runSuite(SuiteRunnerWorker.java:52)
	at org.testng.SuiteRunnerWorker.run(SuiteRunnerWorker.java:86)
	at org.testng.TestNG.runSuitesSequentially(TestNG.java:1224)
	at org.testng.TestNG.runSuitesLocally(TestNG.java:1149)
	at org.testng.TestNG.run(TestNG.java:1057)
	at org.testng.TestNG.privateMain(TestNG.java:1364)
	at org.testng.TestNG.main(TestNG.java:1333)
</pre></div></td>
<td>0</td>
<td>IntegrationTests.Tests.Payments.AddMoneyTest@2d6e8792</td></tr>
<tr>
<td title='IntegrationTests.Tests.Payments.AddMoneyTest.teardown()'><b>teardown</b><br>Test class: IntegrationTests.Tests.Payments.AddMoneyTest</td>
<td><div><pre>java.lang.NullPointerException
	at UITestFramework.CreateSession.teardown(Unknown Source)
... Removed 25 stack frames</pre></div><a href='#' onClick='toggleBox("stack-trace1710989308", this, "Click to show all stack frames", "Click to hide stack frames")'>Click to show all stack frames</a>
<div class='stack-trace' id='stack-trace1710989308'><pre>java.lang.NullPointerException
	at UITestFramework.CreateSession.teardown(Unknown Source)
	at sun.reflect.NativeMethodAccessorImpl.invoke0(Native Method)
	at sun.reflect.NativeMethodAccessorImpl.invoke(NativeMethodAccessorImpl.java:62)
	at sun.reflect.DelegatingMethodAccessorImpl.invoke(DelegatingMethodAccessorImpl.java:43)
	at java.lang.reflect.Method.invoke(Method.java:497)
	at org.testng.internal.MethodInvocationHelper.invokeMethod(MethodInvocationHelper.java:84)
	at org.testng.internal.Invoker.invokeConfigurationMethod(Invoker.java:564)
	at org.testng.internal.Invoker.invokeConfigurations(Invoker.java:213)
	at org.testng.internal.Invoker.invokeMethod(Invoker.java:786)
	at org.testng.internal.Invoker.invokeTestMethod(Invoker.java:901)
	at org.testng.internal.Invoker.invokeTestMethods(Invoker.java:1231)
	at org.testng.internal.TestMethodWorker.invokeTestMethods(TestMethodWorker.java:127)
	at org.testng.internal.TestMethodWorker.run(TestMethodWorker.java:111)
	at org.testng.TestRunner.privateRun(TestRunner.java:767)
	at org.testng.TestRunner.run(TestRunner.java:617)
	at org.testng.SuiteRunner.runTest(SuiteRunner.java:334)
	at org.testng.SuiteRunner.runSequentially(SuiteRunner.java:329)
	at org.testng.SuiteRunner.privateRun(SuiteRunner.java:291)
	at org.testng.SuiteRunner.run(SuiteRunner.java:240)
	at org.testng.SuiteRunnerWorker.runSuite(SuiteRunnerWorker.java:52)
	at org.testng.SuiteRunnerWorker.run(SuiteRunnerWorker.java:86)
	at org.testng.TestNG.runSuitesSequentially(TestNG.java:1224)
	at org.testng.TestNG.runSuitesLocally(TestNG.java:1149)
	at org.testng.TestNG.run(TestNG.java:1057)
	at org.testng.TestNG.privateMain(TestNG.java:1364)
	at org.testng.TestNG.main(TestNG.java:1333)
</pre></div></td>
<td>0</td>
<td>IntegrationTests.Tests.Payments.AddMoneyTest@2d6e8792</td></tr>
<tr>
<td title='IntegrationTests.Tests.Payments.AddMoneyTest.teardown()'><b>teardown</b><br>Test class: IntegrationTests.Tests.Payments.AddMoneyTest</td>
<td><div><pre>java.lang.NullPointerException
	at UITestFramework.CreateSession.teardown(Unknown Source)
... Removed 25 stack frames</pre></div><a href='#' onClick='toggleBox("stack-trace1104443373", this, "Click to show all stack frames", "Click to hide stack frames")'>Click to show all stack frames</a>
<div class='stack-trace' id='stack-trace1104443373'><pre>java.lang.NullPointerException
	at UITestFramework.CreateSession.teardown(Unknown Source)
	at sun.reflect.NativeMethodAccessorImpl.invoke0(Native Method)
	at sun.reflect.NativeMethodAccessorImpl.invoke(NativeMethodAccessorImpl.java:62)
	at sun.reflect.DelegatingMethodAccessorImpl.invoke(DelegatingMethodAccessorImpl.java:43)
	at java.lang.reflect.Method.invoke(Method.java:497)
	at org.testng.internal.MethodInvocationHelper.invokeMethod(MethodInvocationHelper.java:84)
	at org.testng.internal.Invoker.invokeConfigurationMethod(Invoker.java:564)
	at org.testng.internal.Invoker.invokeConfigurations(Invoker.java:213)
	at org.testng.internal.Invoker.invokeMethod(Invoker.java:786)
	at org.testng.internal.Invoker.invokeTestMethod(Invoker.java:901)
	at org.testng.internal.Invoker.invokeTestMethods(Invoker.java:1231)
	at org.testng.internal.TestMethodWorker.invokeTestMethods(TestMethodWorker.java:127)
	at org.testng.internal.TestMethodWorker.run(TestMethodWorker.java:111)
	at org.testng.TestRunner.privateRun(TestRunner.java:767)
	at org.testng.TestRunner.run(TestRunner.java:617)
	at org.testng.SuiteRunner.runTest(SuiteRunner.java:334)
	at org.testng.SuiteRunner.runSequentially(SuiteRunner.java:329)
	at org.testng.SuiteRunner.privateRun(SuiteRunner.java:291)
	at org.testng.SuiteRunner.run(SuiteRunner.java:240)
	at org.testng.SuiteRunnerWorker.runSuite(SuiteRunnerWorker.java:52)
	at org.testng.SuiteRunnerWorker.run(SuiteRunnerWorker.java:86)
	at org.testng.TestNG.runSuitesSequentially(TestNG.java:1224)
	at org.testng.TestNG.runSuitesLocally(TestNG.java:1149)
	at org.testng.TestNG.run(TestNG.java:1057)
	at org.testng.TestNG.privateMain(TestNG.java:1364)
	at org.testng.TestNG.main(TestNG.java:1333)
</pre></div></td>
<td>0</td>
<td>IntegrationTests.Tests.Payments.AddMoneyTest@2d6e8792</td></tr>
</table><p>
<table width='100%' border='1' class='invocation-skipped'>
<tr><td colspan='4' align='center'><b>SKIPPED CONFIGURATIONS</b></td></tr>
<tr><td><b>Test method</b></td>
<td width="30%"><b>Exception</b></td>
<td width="10%"><b>Time (seconds)</b></td>
<td><b>Instance</b></td>
</tr>
<tr>
<td title='IntegrationTests.Tests.Payments.AddMoneyTest.instantiateHelpers()'><b>instantiateHelpers</b><br>Test class: IntegrationTests.Tests.Payments.AddMoneyTest</td>
<td></td>
<td>0</td>
<td>IntegrationTests.Tests.Payments.AddMoneyTest@2d6e8792</td></tr>
<tr>
<td title='IntegrationTests.Tests.Payments.AddMoneyTest.createDriver()'><b>createDriver</b><br>Test class: IntegrationTests.Tests.Payments.AddMoneyTest</td>
<td></td>
<td>0</td>
<td>IntegrationTests.Tests.Payments.AddMoneyTest@2d6e8792</td></tr>
<tr>
<td title='IntegrationTests.Tests.Payments.AddMoneyTest.instantiateHelpers()'><b>instantiateHelpers</b><br>Test class: IntegrationTests.Tests.Payments.AddMoneyTest</td>
<td></td>
<td>0</td>
<td>IntegrationTests.Tests.Payments.AddMoneyTest@2d6e8792</td></tr>
<tr>
<td title='IntegrationTests.Tests.Payments.AddMoneyTest.createDriver()'><b>createDriver</b><br>Test class: IntegrationTests.Tests.Payments.AddMoneyTest</td>
<td></td>
<td>0</td>
<td>IntegrationTests.Tests.Payments.AddMoneyTest@2d6e8792</td></tr>
<tr>
<td title='IntegrationTests.Tests.Payments.AddMoneyTest.instantiateHelpers()'><b>instantiateHelpers</b><br>Test class: IntegrationTests.Tests.Payments.AddMoneyTest</td>
<td></td>
<td>0</td>
<td>IntegrationTests.Tests.Payments.AddMoneyTest@2d6e8792</td></tr>
<tr>
<td title='IntegrationTests.Tests.Payments.AddMoneyTest.createDriver()'><b>createDriver</b><br>Test class: IntegrationTests.Tests.Payments.AddMoneyTest</td>
<td></td>
<td>0</td>
<td>IntegrationTests.Tests.Payments.AddMoneyTest@2d6e8792</td></tr>
<tr>
<td title='IntegrationTests.Tests.Payments.AddMoneyTest.instantiateHelpers()'><b>instantiateHelpers</b><br>Test class: IntegrationTests.Tests.Payments.AddMoneyTest</td>
<td></td>
<td>0</td>
<td>IntegrationTests.Tests.Payments.AddMoneyTest@2d6e8792</td></tr>
<tr>
<td title='IntegrationTests.Tests.Payments.AddMoneyTest.createDriver()'><b>createDriver</b><br>Test class: IntegrationTests.Tests.Payments.AddMoneyTest</td>
<td></td>
<td>0</td>
<td>IntegrationTests.Tests.Payments.AddMoneyTest@2d6e8792</td></tr>
<tr>
<td title='IntegrationTests.Tests.Payments.AddMoneyTest.instantiateHelpers()'><b>instantiateHelpers</b><br>Test class: IntegrationTests.Tests.Payments.AddMoneyTest</td>
<td></td>
<td>0</td>
<td>IntegrationTests.Tests.Payments.AddMoneyTest@2d6e8792</td></tr>
<tr>
<td title='IntegrationTests.Tests.Payments.AddMoneyTest.createDriver()'><b>createDriver</b><br>Test class: IntegrationTests.Tests.Payments.AddMoneyTest</td>
<td></td>
<td>0</td>
<td>IntegrationTests.Tests.Payments.AddMoneyTest@2d6e8792</td></tr>
<tr>
<td title='IntegrationTests.Tests.Payments.AddMoneyTest.instantiateHelpers()'><b>instantiateHelpers</b><br>Test class: IntegrationTests.Tests.Payments.AddMoneyTest</td>
<td></td>
<td>0</td>
<td>IntegrationTests.Tests.Payments.AddMoneyTest@2d6e8792</td></tr>
<tr>
<td title='IntegrationTests.Tests.Payments.AddMoneyTest.createDriver()'><b>createDriver</b><br>Test class: IntegrationTests.Tests.Payments.AddMoneyTest</td>
<td></td>
<td>0</td>
<td>IntegrationTests.Tests.Payments.AddMoneyTest@2d6e8792</td></tr>
<tr>
<td title='IntegrationTests.Tests.Payments.AddMoneyTest.instantiateHelpers()'><b>instantiateHelpers</b><br>Test class: IntegrationTests.Tests.Payments.AddMoneyTest</td>
<td></td>
<td>0</td>
<td>IntegrationTests.Tests.Payments.AddMoneyTest@2d6e8792</td></tr>
<tr>
<td title='IntegrationTests.Tests.Payments.AddMoneyTest.createDriver()'><b>createDriver</b><br>Test class: IntegrationTests.Tests.Payments.AddMoneyTest</td>
<td></td>
<td>0</td>
<td>IntegrationTests.Tests.Payments.AddMoneyTest@2d6e8792</td></tr>
<tr>
<td title='IntegrationTests.Tests.Payments.AddMoneyTest.instantiateHelpers()'><b>instantiateHelpers</b><br>Test class: IntegrationTests.Tests.Payments.AddMoneyTest</td>
<td></td>
<td>0</td>
<td>IntegrationTests.Tests.Payments.AddMoneyTest@2d6e8792</td></tr>
<tr>
<td title='IntegrationTests.Tests.Payments.AddMoneyTest.createDriver()'><b>createDriver</b><br>Test class: IntegrationTests.Tests.Payments.AddMoneyTest</td>
<td></td>
<td>0</td>
<td>IntegrationTests.Tests.Payments.AddMoneyTest@2d6e8792</td></tr>
<tr>
<td title='IntegrationTests.Tests.Payments.AddMoneyTest.instantiateHelpers()'><b>instantiateHelpers</b><br>Test class: IntegrationTests.Tests.Payments.AddMoneyTest</td>
<td></td>
<td>0</td>
<td>IntegrationTests.Tests.Payments.AddMoneyTest@2d6e8792</td></tr>
<tr>
<td title='IntegrationTests.Tests.Payments.AddMoneyTest.createDriver()'><b>createDriver</b><br>Test class: IntegrationTests.Tests.Payments.AddMoneyTest</td>
<td></td>
<td>0</td>
<td>IntegrationTests.Tests.Payments.AddMoneyTest@2d6e8792</td></tr>
<tr>
<td title='IntegrationTests.Tests.Payments.AddMoneyTest.instantiateHelpers()'><b>instantiateHelpers</b><br>Test class: IntegrationTests.Tests.Payments.AddMoneyTest</td>
<td></td>
<td>0</td>
<td>IntegrationTests.Tests.Payments.AddMoneyTest@2d6e8792</td></tr>
<tr>
<td title='IntegrationTests.Tests.Payments.AddMoneyTest.createDriver()'><b>createDriver</b><br>Test class: IntegrationTests.Tests.Payments.AddMoneyTest</td>
<td></td>
<td>0</td>
<td>IntegrationTests.Tests.Payments.AddMoneyTest@2d6e8792</td></tr>
<tr>
<td title='IntegrationTests.Tests.Payments.AddMoneyTest.instantiateHelpers()'><b>instantiateHelpers</b><br>Test class: IntegrationTests.Tests.Payments.AddMoneyTest</td>
<td></td>
<td>0</td>
<td>IntegrationTests.Tests.Payments.AddMoneyTest@2d6e8792</td></tr>
<tr>
<td title='IntegrationTests.Tests.Payments.AddMoneyTest.createDriver()'><b>createDriver</b><br>Test class: IntegrationTests.Tests.Payments.AddMoneyTest</td>
<td></td>
<td>0</td>
<td>IntegrationTests.Tests.Payments.AddMoneyTest@2d6e8792</td></tr>
<tr>
<td title='IntegrationTests.Tests.Payments.AddMoneyTest.instantiateHelpers()'><b>instantiateHelpers</b><br>Test class: IntegrationTests.Tests.Payments.AddMoneyTest</td>
<td></td>
<td>0</td>
<td>IntegrationTests.Tests.Payments.AddMoneyTest@2d6e8792</td></tr>
</table><p>
<table width='100%' border='1' class='invocation-skipped'>
<tr><td colspan='4' align='center'><b>SKIPPED TESTS</b></td></tr>
<tr><td><b>Test method</b></td>
<td width="30%"><b>Exception</b></td>
<td width="10%"><b>Time (seconds)</b></td>
<td><b>Instance</b></td>
</tr>
<tr>
<td title='IntegrationTests.Tests.Payments.AddMoneyTest.verifyAddMoney_creditCard()'><b>verifyAddMoney_creditCard</b><br>Test class: IntegrationTests.Tests.Payments.AddMoneyTest</td>
<td></td>
<td>0</td>
<td>IntegrationTests.Tests.Payments.AddMoneyTest@2d6e8792</td></tr>
<tr>
<td title='IntegrationTests.Tests.Payments.AddMoneyTest.verifyAddMoney_debitCard()'><b>verifyAddMoney_debitCard</b><br>Test class: IntegrationTests.Tests.Payments.AddMoneyTest</td>
<td></td>
<td>0</td>
<td>IntegrationTests.Tests.Payments.AddMoneyTest@2d6e8792</td></tr>
<tr>
<td title='IntegrationTests.Tests.Payments.AddMoneyTest.verifyAddMoney_deleteCard()'><b>verifyAddMoney_deleteCard</b><br>Test class: IntegrationTests.Tests.Payments.AddMoneyTest</td>
<td></td>
<td>0</td>
<td>IntegrationTests.Tests.Payments.AddMoneyTest@2d6e8792</td></tr>
<tr>
<td title='IntegrationTests.Tests.Payments.AddMoneyTest.verifyAddMoney_maxLimitPromo()'><b>verifyAddMoney_maxLimitPromo</b><br>Test class: IntegrationTests.Tests.Payments.AddMoneyTest</td>
<td></td>
<td>0</td>
<td>IntegrationTests.Tests.Payments.AddMoneyTest@2d6e8792</td></tr>
<tr>
<td title='IntegrationTests.Tests.Payments.AddMoneyTest.verifyAddMoney_netBanking()'><b>verifyAddMoney_netBanking</b><br>Test class: IntegrationTests.Tests.Payments.AddMoneyTest</td>
<td></td>
<td>0</td>
<td>IntegrationTests.Tests.Payments.AddMoneyTest@2d6e8792</td></tr>
<tr>
<td title='IntegrationTests.Tests.Payments.AddMoneyTest.verifyAddMoney_savedCard()'><b>verifyAddMoney_savedCard</b><br>Test class: IntegrationTests.Tests.Payments.AddMoneyTest</td>
<td></td>
<td>0</td>
<td>IntegrationTests.Tests.Payments.AddMoneyTest@2d6e8792</td></tr>
<tr>
<td title='IntegrationTests.Tests.Payments.AddMoneyTest.verifyAddMoneywithPromo_creditCard()'><b>verifyAddMoneywithPromo_creditCard</b><br>Test class: IntegrationTests.Tests.Payments.AddMoneyTest</td>
<td></td>
<td>0</td>
<td>IntegrationTests.Tests.Payments.AddMoneyTest@2d6e8792</td></tr>
<tr>
<td title='IntegrationTests.Tests.Payments.AddMoneyTest.verifyAddMoneywithPromo_debitCard()'><b>verifyAddMoneywithPromo_debitCard</b><br>Test class: IntegrationTests.Tests.Payments.AddMoneyTest</td>
<td></td>
<td>0</td>
<td>IntegrationTests.Tests.Payments.AddMoneyTest@2d6e8792</td></tr>
<tr>
<td title='IntegrationTests.Tests.Payments.AddMoneyTest.verifyAddMoneywithPromo_savedCard()'><b>verifyAddMoneywithPromo_savedCard</b><br>Test class: IntegrationTests.Tests.Payments.AddMoneyTest</td>
<td></td>
<td>0</td>
<td>IntegrationTests.Tests.Payments.AddMoneyTest@2d6e8792</td></tr>
<tr>
<td title='IntegrationTests.Tests.Payments.AddMoneyTest.verifyEmpty_AddMoney()'><b>verifyEmpty_AddMoney</b><br>Test class: IntegrationTests.Tests.Payments.AddMoneyTest</td>
<td></td>
<td>0</td>
<td>IntegrationTests.Tests.Payments.AddMoneyTest@2d6e8792</td></tr>
<tr>
<td title='IntegrationTests.Tests.Payments.AddMoneyTest.verifyless_AddMoney()'><b>verifyless_AddMoney</b><br>Test class: IntegrationTests.Tests.Payments.AddMoneyTest</td>
<td></td>
<td>0</td>
<td>IntegrationTests.Tests.Payments.AddMoneyTest@2d6e8792</td></tr>
<tr>
<td title='IntegrationTests.Tests.Payments.AddMoneyTest.verifymore_AddMoney()'><b>verifymore_AddMoney</b><br>Test class: IntegrationTests.Tests.Payments.AddMoneyTest</td>
<td></td>
<td>0</td>
<td>IntegrationTests.Tests.Payments.AddMoneyTest@2d6e8792</td></tr>
</table><p>
</body>
</html>