<?xml version="1.0" encoding="UTF-8"?>
<!-- Generated by org.testng.reporters.JUnitXMLReporter -->
<testsuite hostname="shanky-Lenovo-B40-70" name="Mobikwik Automation Tests" tests="3" failures="1" timestamp="10 Apr 2015 05:20:54 GMT" time="360.632" errors="0">
  <testcase name="verifySavedConnectionsFeatures" time="133.582" classname="IntegrationTests.tests.SavedConnectionsTest"/>
  <testcase name="verifyLoginLogoutTest" time="64.66" classname="IntegrationTests.tests.LoginTest"/>
  <testcase name="verifyInvalidLoginTest" time="115.322" classname="IntegrationTests.tests.InvalidLoginTest">
    <failure type="org.openqa.selenium.TimeoutException" message="Build info: version: &amp;apos;2.43.1&amp;apos;, revision: &amp;apos;5163bce&amp;apos;, time: &amp;apos;2014-09-10 16:27:58&amp;apos;
System info: host: &amp;apos;shanky-Lenovo-B40-70&amp;apos;, ip: &amp;apos;127.0.1.1&amp;apos;, os.name: &amp;apos;Linux&amp;apos;, os.arch: &amp;apos;amd64&amp;apos;, os.version: &amp;apos;3.11.0-26-generic&amp;apos;, java.version: &amp;apos;1.8.0_40&amp;apos;
Driver info: driver.version: unknown">
      <![CDATA[org.openqa.selenium.TimeoutException: Build info: version: '2.43.1', revision: '5163bce', time: '2014-09-10 16:27:58'
System info: host: 'shanky-Lenovo-B40-70', ip: '127.0.1.1', os.name: 'Linux', os.arch: 'amd64', os.version: '3.11.0-26-generic', java.version: '1.8.0_40'
Driver info: driver.version: unknown
	at UITestFramework.MobiKwikScreen.waitForVisibility(Unknown Source)
	at IntegrationTests.helpers.phone.android.AndroidInvalidLoginHelper.mbLoginScreen(Unknown Source)
	at IntegrationTests.tests.InvalidLoginTest.verifyInvalidLoginTest(Unknown Source)
... Removed 23 stack frames]]>
    </failure>
  </testcase> <!-- verifyInvalidLoginTest -->
</testsuite> <!-- Mobikwik Automation Tests -->
